5.2861
This round: 48,0
0, 0: 1, 1.0
This round: 48,0
0, 1: 1, 1.0
This round: 48,3
0, 2: 0, 0.9375
This round: 48,0
0, 3: 1, 1.0
5.2771
This round: 55,2
1, 0: 1, 1.9636363636363636
This round: 55,2
1, 1: 1, 1.9636363636363636
This round: 55,11
1, 2: 0, 1.7375
This round: 55,2
1, 3: 1, 1.9636363636363636
5.643400000000001
5.478000000000001
5.3577
This round: 55,1
2, 0: 1, 2.9454545454545453
This round: 55,6
2, 1: 1, 2.8545454545454545
This round: 55,6
2, 2: 0, 2.628409090909091
This round: 55,1
2, 3: 1, 2.9454545454545453
5.250300000000001
This round: 32,0
3, 0: 2, 3.9454545454545453
This round: 32,0
3, 1: 2, 3.8545454545454545
This round: 32,3
3, 2: 0, 3.534659090909091
This round: 32,0
3, 3: 2, 3.9454545454545453
5.288499999999999
This round: 95,2
4, 0: 2, 4.924401913875598
This round: 95,40
4, 1: 2, 4.433492822966507
This round: 95,3
4, 2: 0, 4.50308014354067
This round: 95,0
4, 3: 3, 4.945454545454545
5.7864
5.469199999999999
This round: 160,31
5, 0: 2, 5.730651913875598
This round: 160,32
5, 1: 2, 5.2334928229665065
This round: 160,41
5, 2: 0, 5.24683014354067
This round: 160,33
5, 3: 3, 5.7392045454545455
5.232399999999999
This round: 47,0
6, 0: 3, 6.730651913875598
This round: 47,1
6, 1: 2, 6.212216227221826
This round: 47,1
6, 2: 0, 6.22555354779599
This round: 47,3
6, 3: 3, 6.675374758220503
5.255000000000001
5.1967
This round: 96,1
7, 0: 3, 7.720235247208931
This round: 96,1
7, 1: 2, 7.201799560555159
This round: 96,22
7, 2: 0, 6.996386881129323
This round: 96,5
7, 3: 3, 7.62329142488717
5.362
5.7148
5.2170000000000005
This round: 211,2
8, 0: 3, 8.710756574223149
This round: 211,2
8, 1: 2, 8.192320887569377
This round: 211,3
8, 2: 0, 7.98216887165065
This round: 211,3
8, 3: 3, 8.609073415408497
5.518299999999999
5.2146
This round: 63,4
9, 0: 3, 9.647264510731086
This round: 63,4
9, 1: 2, 9.128828824077313
This round: 63,4
9, 2: 0, 8.918676808158587
This round: 63,4
9, 3: 3, 9.545581351916434
5.5897
5.4335
This round: 47,1
10, 0: 3, 10.625987914986405
This round: 47,1
10, 1: 2, 10.107552228332633
This round: 47,7
10, 2: 0, 9.769740637945821
This round: 47,1
10, 3: 3, 10.524304756171754
5.290700000000001
This round: 28,2
11, 0: 3, 11.554559343557834
This round: 28,3
11, 1: 2, 11.000409371189775
This round: 28,3
11, 2: 0, 10.662597780802963
This round: 28,2
11, 3: 3, 11.452876184743182
5.464700000000001
5.5361
5.397799999999999
5.491599999999999
5.2862
This round: 40,1
12, 0: 3, 12.529559343557834
This round: 40,2
12, 1: 2, 11.950409371189775
This round: 40,3
12, 2: 0, 11.587597780802964
This round: 40,1
12, 3: 3, 12.427876184743182
5.1923
This round: 85,0
13, 0: 4, 13.529559343557834
This round: 85,2
13, 1: 2, 12.926879959425069
This round: 85,3
13, 2: 0, 12.552303663155906
This round: 85,0
13, 3: 4, 13.427876184743182
5.438000000000001
5.431500000000001
This round: 56,3
14, 0: 4, 14.475987914986405
This round: 56,5
14, 1: 2, 13.837594245139355
This round: 56,8
14, 2: 0, 13.409446520298763
This round: 56,3
14, 3: 4, 14.374304756171753
5.500500000000001
This round: 113,3
15, 0: 4, 15.449439242420032
This round: 113,3
15, 1: 2, 14.811045572572983
This round: 113,30
15, 2: 0, 14.143959794635046
This round: 113,7
15, 3: 4, 15.312357853516886
5.7148
This round: 34,0
16, 0: 5, 16.449439242420034
This round: 34,0
16, 1: 3, 15.811045572572983
This round: 34,7
16, 2: 0, 14.93807744169387
This round: 34,2
16, 3: 4, 16.25353432410512
5.286300000000001
This round: 35,1
17, 0: 5, 17.420867813848606
This round: 35,2
17, 1: 3, 16.753902715430126
This round: 35,2
17, 2: 0, 15.880934584551014
This round: 35,1
17, 3: 4, 17.224962895533693
5.393300000000001
5.2871999999999995
This round: 60,1
18, 0: 5, 18.40420114718194
This round: 60,3
18, 1: 3, 17.703902715430125
This round: 60,5
18, 2: 0, 16.79760125121768
This round: 60,4
18, 3: 4, 18.158296228867027
5.643400000000001
This round: 66,0
19, 0: 6, 19.40420114718194
This round: 66,3
19, 1: 3, 18.65844816997558
This round: 66,7
19, 2: 0, 17.691540645157076
This round: 66,5
19, 3: 4, 19.082538653109452
5.2711
5.188000000000001
5.357599999999999
This round: 29,1
20, 0: 6, 20.36971838856125
This round: 29,1
20, 1: 3, 19.623965411354888
This round: 29,1
20, 2: 0, 18.657057886536386
This round: 29,1
20, 3: 4, 20.048055894488762
5.1991000000000005
This round: 30,2
21, 0: 6, 21.303051721894583
This round: 30,2
21, 1: 3, 20.55729874468822
This round: 30,2
21, 2: 0, 19.59039121986972
This round: 30,3
21, 3: 4, 20.94805589448876
5.3683000000000005
5.5718
5.1689
This round: 41,2
22, 0: 6, 22.254271234089707
This round: 41,14
22, 1: 3, 21.215835330054077
This round: 41,13
22, 2: 0, 20.273318049138012
This round: 41,3
22, 3: 4, 21.874885162781442
5.4111
This round: 31,2
23, 0: 6, 23.189755105057447
This round: 31,4
23, 1: 3, 22.08680307198956
This round: 31,4
23, 2: 0, 21.144285791073496
This round: 31,4
23, 3: 4, 22.745852904716926
5.357499999999999
This round: 128,0
24, 0: 7, 24.189755105057447
This round: 128,2
24, 1: 3, 23.07117807198956
This round: 128,1
24, 2: 0, 22.136473291073496
This round: 128,0
24, 3: 5, 23.745852904716926
5.331
5.3576
5.5093000000000005
This round: 209,0
25, 0: 8, 25.189755105057447
This round: 209,52
25, 1: 3, 23.822374244238365
This round: 209,143
25, 2: 0, 22.452262764757705
This round: 209,20
25, 3: 5, 24.65015912481262
5.3218
This round: 71,3
26, 0: 8, 26.147501583930687
This round: 71,10
26, 1: 3, 24.68152917381583
This round: 71,11
26, 2: 0, 23.297333187292917
This round: 71,3
26, 3: 5, 25.60790560368586
5.330699999999999
This round: 32,0
27, 0: 9, 27.147501583930687
This round: 32,0
27, 1: 4, 25.68152917381583
This round: 32,0
27, 2: 1, 24.297333187292917
This round: 32,0
27, 3: 6, 26.60790560368586
5.2862
This round: 54,7
28, 0: 9, 28.017871954301057
This round: 54,2
28, 1: 4, 26.64449213677879
This round: 54,6
28, 2: 1, 25.186222076181807
This round: 54,2
28, 3: 6, 27.570868566648823
5.0784
This round: 105,18
29, 0: 9, 28.846443382872486
This round: 105,0
29, 1: 5, 27.64449213677879
This round: 105,22
29, 2: 1, 25.976698266657998
This round: 105,19
29, 3: 6, 28.389916185696443
5.4649
5.5186
5.7505999999999995
5.5544
This round: 34,10
30, 0: 9, 29.552325735813664
This round: 34,10
30, 1: 5, 28.350374489719968
This round: 34,9
30, 2: 1, 26.711992384305056
This round: 34,9
30, 3: 6, 29.1252103033435
5.4289
This round: 103,0
31, 0: 10, 30.552325735813664
This round: 103,3
31, 1: 5, 29.321248276127736
This round: 103,25
31, 2: 1, 27.469273937703115
This round: 103,25
31, 3: 6, 29.88249185674156
5.0941
This round: 45,1
32, 0: 10, 31.530103513591442
This round: 45,5
32, 1: 5, 30.210137165016626
This round: 45,5
32, 2: 1, 28.358162826592004
This round: 45,3
32, 3: 6, 30.815825190074893
5.2638
This round: 37,0
33, 0: 11, 32.53010351359144
This round: 37,0
33, 1: 6, 31.210137165016626
This round: 37,1
33, 2: 1, 29.331135799564976
This round: 37,2
33, 3: 6, 31.76177113602084
5.18
This round: 13,0
34, 0: 12, 33.53010351359144
This round: 13,1
34, 1: 6, 32.133214088093546
This round: 13,2
34, 2: 1, 30.177289645718822
This round: 13,1
34, 3: 6, 32.68484805909776
5.393300000000001
This round: 39,4
35, 0: 12, 34.42753941102734
This round: 39,4
35, 1: 6, 33.03064998552944
This round: 39,10
35, 2: 1, 30.920879389308567
This round: 39,5
35, 3: 6, 33.55664293089263
5.402299999999999
5.393199999999999
This round: 36,1
36, 0: 12, 35.39976163324956
This round: 36,1
36, 1: 6, 34.002872207751665
This round: 36,2
36, 2: 1, 31.86532383375301
This round: 36,2
36, 3: 6, 34.50108737533707
5.303999999999999
This round: 64,0
37, 0: 13, 36.39976163324956
This round: 64,0
37, 1: 7, 35.002872207751665
This round: 64,0
37, 2: 2, 32.86532383375301
This round: 64,1
37, 3: 6, 35.48546237533707
5.3934
5.3932
This round: 85,0
38, 0: 14, 37.39976163324956
This round: 85,17
38, 1: 7, 35.80287220775166
This round: 85,17
38, 2: 2, 33.66532383375301
This round: 85,17
38, 3: 6, 36.28546237533707
5.1968
This round: 32,2
39, 0: 14, 38.33726163324956
This round: 32,3
39, 1: 7, 36.70912220775166
This round: 32,5
39, 2: 2, 34.50907383375301
This round: 32,2
39, 3: 6, 37.22296237533707
5.435200000000001
5.2547
This round: 44,5
40, 0: 14, 39.223625269613194
This round: 44,3
40, 1: 7, 37.64094038956984
This round: 44,12
40, 2: 2, 35.236346561025734
This round: 44,6
40, 3: 6, 38.086598738973436
5.2369
This round: 23,1
41, 0: 14, 40.18014700874363
This round: 23,2
41, 1: 7, 38.55398386783071
This round: 23,4
41, 2: 2, 36.062433517547476
This round: 23,1
41, 3: 6, 39.04312047810387
5.545
This round: 33,1
42, 0: 14, 41.1498439784406
This round: 33,1
42, 1: 7, 39.52368083752768
This round: 33,6
42, 2: 2, 36.880615335729296
This round: 33,2
42, 3: 6, 39.98251441749781
5.412299999999999
This round: 67,0
43, 0: 15, 42.1498439784406
This round: 67,1
43, 1: 7, 40.50875546439335
This round: 67,2
43, 2: 2, 37.85076458946064
This round: 67,2
43, 3: 6, 40.95266367122915
5.4692
5.589899999999999
5.3754
This round: 53,12
44, 0: 15, 42.92342888410098
This round: 53,8
44, 1: 7, 41.357812068166936
This round: 53,10
44, 2: 2, 38.66208534417762
This round: 53,10
44, 3: 6, 41.763984425946134
5.536099999999999
This round: 48,3
45, 0: 15, 43.86092888410098
This round: 48,0
45, 1: 8, 42.357812068166936
This round: 48,2
45, 2: 2, 39.620418677510955
This round: 48,1
45, 3: 6, 42.7431510926128
5.5187
5.250299999999999
This round: 66,7
46, 0: 15, 44.75486827804037
This round: 66,13
46, 1: 8, 43.16084237119724
This round: 66,25
46, 2: 2, 40.24163079872308
This round: 66,4
46, 3: 6, 43.682545032006736
5.3598
This round: 153,2
47, 0: 15, 45.74179638261553
This round: 153,5
47, 1: 8, 44.128162632635146
This round: 153,49
47, 2: 2, 40.92136936081458
This round: 153,65
47, 3: 6, 44.257708430699545
5.366500000000001
5.357600000000001
This round: 52,0
48, 0: 16, 46.74179638261553
This round: 52,1
48, 1: 8, 45.10893186340438
This round: 52,4
48, 2: 2, 41.8444462838915
This round: 52,2
48, 3: 6, 45.219246892238004
5.3216
This round: 60,0
49, 0: 17, 47.74179638261553
This round: 60,0
49, 1: 9, 46.10893186340438
This round: 60,3
49, 2: 2, 42.7944462838915
This round: 60,0
49, 3: 7, 46.219246892238004
5.6078
5.411300000000001
This round: 39,0
50, 0: 18, 48.74179638261553
This round: 39,0
50, 1: 10, 47.10893186340438
This round: 39,3
50, 2: 2, 43.71752320696842
This round: 39,1
50, 3: 7, 47.193605866596975
5.5405999999999995
This round: 106,0
51, 0: 19, 49.74179638261553
This round: 106,7
51, 1: 10, 48.04289412755532
This round: 106,22
51, 2: 2, 44.5099760371571
This round: 106,22
51, 3: 7, 47.986058696785655
5.286200000000001
5.4201
This round: 85,0
52, 0: 20, 50.74179638261553
This round: 85,1
52, 1: 10, 49.03112942167297
This round: 85,8
52, 2: 2, 45.41585839009828
This round: 85,1
52, 3: 7, 48.974293990903305
5.428999999999999
5.4625
5.5362
5.5003
This round: 32,1
53, 0: 20, 51.71054638261553
This round: 32,1
53, 1: 10, 49.99987942167297
This round: 32,3
53, 2: 2, 46.32210839009828
This round: 32,1
53, 3: 7, 49.943043990903305
5.4111
5.5004
5.3755
This round: 28,0
54, 0: 21, 52.71054638261553
This round: 28,1
54, 1: 10, 50.96416513595869
This round: 28,1
54, 2: 2, 47.286394104383994
This round: 28,1
54, 3: 7, 50.90732970518902
5.339799999999999
This round: 33,0
55, 0: 22, 53.71054638261553
This round: 33,0
55, 1: 11, 51.96416513595869
This round: 33,5
55, 2: 2, 48.134878952868846
This round: 33,3
55, 3: 7, 51.81642061427993
5.241499999999999
This round: 30,3
56, 0: 22, 54.61054638261553
This round: 30,3
56, 1: 11, 52.864165135958686
This round: 30,6
56, 2: 2, 48.93487895286884
This round: 30,3
56, 3: 7, 52.716420614279926
5.272900000000001
5.4646
This round: 78,8
57, 0: 22, 55.50798228005143
This round: 78,10
57, 1: 11, 53.735960007753555
This round: 78,8
57, 2: 2, 49.83231485030474
This round: 78,8
57, 3: 7, 53.613856511715824
5.6433
5.5093
This round: 40,1
58, 0: 22, 56.48298228005143
This round: 40,1
58, 1: 11, 54.710960007753556
This round: 40,3
58, 2: 2, 50.75731485030474
This round: 40,2
58, 3: 7, 54.56385651171583
5.1789
This round: 50,1
59, 0: 22, 57.46298228005143
This round: 50,0
59, 1: 12, 55.710960007753556
This round: 50,1
59, 2: 2, 51.737314850304735
This round: 50,1
59, 3: 7, 55.54385651171582
5.3933
This round: 80,2
60, 0: 22, 58.43798228005143
This round: 80,5
60, 1: 12, 56.648460007753556
This round: 80,2
60, 2: 2, 52.712314850304736
This round: 80,2
60, 3: 7, 56.518856511715825
5.5008
This round: 30,0
61, 0: 23, 59.43798228005143
This round: 30,1
61, 1: 12, 57.615126674420225
This round: 30,8
61, 2: 2, 53.44564818363807
This round: 30,1
61, 3: 7, 57.48552317838249
5.5907
5.357600000000001
This round: 35,2
62, 0: 23, 60.38083942290857
This round: 35,6
62, 1: 12, 58.443698102991654
This round: 35,6
62, 2: 2, 54.2742196122095
This round: 35,6
62, 3: 7, 58.31409460695392
5.4559
5.562900000000001
5.3131
This round: 77,7
63, 0: 23, 61.28993033199948
This round: 77,2
63, 1: 12, 59.41772407701763
This round: 77,16
63, 2: 2, 55.06642740441729
This round: 77,16
63, 3: 7, 59.10630239916171
5.679000000000001
5.500500000000001
This round: 60,1
64, 0: 23, 62.27326366533281
This round: 60,3
64, 1: 12, 60.367724077017634
This round: 60,11
64, 2: 2, 55.88309407108396
This round: 60,3
64, 3: 7, 60.056302399161716
5.1254
This round: 67,1
65, 0: 23, 63.25833829219849
This round: 67,2
65, 1: 12, 61.33787333074898
This round: 67,2
65, 2: 2, 56.8532433248153
This round: 67,2
65, 3: 7, 61.02645165289306
5.5722
5.3219
This round: 78,1
66, 0: 23, 64.24551777937798
This round: 78,3
66, 1: 12, 62.29941179228744
This round: 78,3
66, 2: 2, 57.81478178635376
This round: 78,3
66, 3: 7, 61.98799011443152
5.252700000000001
This round: 44,0
67, 0: 24, 65.24551777937798
This round: 44,0
67, 1: 13, 63.29941179228744
This round: 44,2
67, 2: 2, 58.769327240899216
This round: 44,1
67, 3: 7, 62.965262841704245
5.4557
This round: 173,1
68, 0: 24, 66.23973743255716
This round: 173,13
68, 1: 13, 64.22426728361691
This round: 173,35
68, 2: 2, 59.56701510217089
This round: 173,29
68, 3: 7, 63.797632783900774
5.4337
5.4649
This round: 18,3
69, 0: 24, 67.07307076589049
This round: 18,1
69, 1: 13, 65.16871172806135
This round: 18,1
69, 2: 2, 60.511459546615335
This round: 18,3
69, 3: 7, 64.63096611723411
5.5542
5.3755
5.4334999999999996
This round: 78,0
70, 0: 25, 68.07307076589049
This round: 78,1
70, 1: 13, 66.15589121524084
This round: 78,20
70, 2: 2, 61.25504929020508
This round: 78,19
70, 3: 7, 65.38737637364437
5.6076999999999995
This round: 64,8
71, 0: 25, 68.94807076589049
This round: 64,9
71, 1: 13, 67.01526621524084
This round: 64,16
71, 2: 2, 62.00504929020508
This round: 64,14
71, 3: 7, 66.16862637364437
5.4828
5.289499999999999
This round: 33,0
72, 0: 26, 69.94807076589049
This round: 33,0
72, 1: 14, 68.01526621524084
This round: 33,3
72, 2: 2, 62.914140199295986
This round: 33,4
72, 3: 7, 67.04741425243225
5.438
5.464700000000001
5.2604
5.5563
This round: 30,4
73, 0: 26, 70.81473743255715
This round: 30,5
73, 1: 14, 68.84859954857417
This round: 30,5
73, 2: 2, 63.74747353262932
This round: 30,4
73, 3: 7, 67.91408091909891
5.420000000000002
5.2683
This round: 27,0
74, 0: 27, 71.81473743255715
This round: 27,2
74, 1: 14, 69.7745254745001
This round: 27,4
74, 2: 2, 64.59932538448118
This round: 27,3
74, 3: 7, 68.8029698079878
5.2685
This round: 41,7
75, 0: 27, 72.64400572524008
This round: 41,9
75, 1: 14, 70.55501327937814
This round: 41,11
75, 2: 2, 65.33103270155435
This round: 41,9
75, 3: 7, 69.58345761286584
5.5004
This round: 130,1
76, 0: 27, 73.63631341754777
This round: 130,2
76, 1: 14, 71.53962866399353
This round: 130,3
76, 2: 2, 66.30795577847742
This round: 130,3
76, 3: 7, 70.56038068978891
5.411299999999999
This round: 40,1
77, 0: 27, 74.61131341754776
This round: 40,1
77, 1: 14, 72.51462866399352
This round: 40,3
77, 2: 2, 67.23295577847742
This round: 40,2
77, 3: 7, 71.51038068978892
5.3667
This round: 167,31
78, 0: 27, 75.4256846750328
This round: 167,2
78, 1: 14, 73.50265261608932
This round: 167,13
78, 2: 2, 68.15511146710017
This round: 167,32
78, 3: 7, 72.31876392332185
5.2683
This round: 30,3
79, 0: 27, 76.3256846750328
This round: 30,5
79, 1: 14, 74.33598594942265
This round: 30,5
79, 2: 2, 68.9884448004335
This round: 30,6
79, 3: 7, 73.11876392332185
5.4023
This round: 27,1
80, 0: 27, 77.28864763799577
This round: 27,2
80, 1: 14, 75.26191187534857
This round: 27,5
80, 2: 2, 69.80325961524831
This round: 27,2
80, 3: 7, 74.04468984924777
5.5719
5.821900000000001
5.5920000000000005
5.5719
This round: 22,4
81, 0: 27, 78.10682945617758
This round: 22,3
81, 1: 14, 76.12554823898493
This round: 22,7
81, 2: 2, 70.4850777970665
This round: 22,2
81, 3: 7, 74.95378075833868
5.211399999999999
This round: 120,36
82, 0: 27, 78.80682945617758
This round: 120,55
82, 1: 14, 76.6672149056516
This round: 120,49
82, 2: 2, 71.07674446373316
This round: 120,50
82, 3: 7, 75.53711409167201
5.3398
This round: 47,3
83, 0: 27, 79.74299966894354
This round: 47,14
83, 1: 14, 77.36934256522608
This round: 47,6
83, 2: 2, 71.94908488926508
This round: 47,10
83, 3: 7, 76.3243481342252
5.2504
This round: 41,1
84, 0: 27, 80.7186094250411
This round: 41,1
84, 1: 14, 78.34495232132363
This round: 41,12
84, 2: 2, 72.65640196243581
This round: 41,4
84, 3: 7, 77.22678715861545
5.518299999999999
This round: 46,6
85, 0: 27, 81.58817464243239
This round: 46,5
85, 1: 14, 79.23625666914972
This round: 46,13
85, 2: 2, 73.37379326678364
This round: 46,13
85, 3: 7, 77.94417846296328
5.2146
This round: 69,3
86, 0: 27, 82.54469638156283
This round: 69,16
86, 1: 14, 80.00437261117871
This round: 69,15
86, 2: 2, 74.15640196243581
This round: 69,15
86, 3: 7, 78.72678715861545
5.464799999999999
5.554
This round: 43,0
87, 0: 28, 83.54469638156283
This round: 43,1
87, 1: 14, 80.98111679722523
This round: 43,1
87, 2: 2, 75.13314614848233
This round: 43,1
87, 3: 7, 79.70353134466197
5.411100000000001
5.3175
This round: 29,2
88, 0: 28, 84.47573086432145
This round: 29,5
88, 1: 14, 81.80870300412178
This round: 29,5
88, 2: 2, 75.96073235537888
This round: 29,4
88, 3: 7, 80.5656003101792
5.536200000000001
This round: 32,1
89, 0: 28, 85.44448086432145
This round: 32,2
89, 1: 14, 82.74620300412178
This round: 32,9
89, 2: 2, 76.67948235537888
This round: 32,8
89, 3: 7, 81.3156003101792
5.437799999999999
This round: 32,2
90, 0: 28, 86.38198086432145
This round: 32,2
90, 1: 14, 83.68370300412178
This round: 32,3
90, 2: 2, 77.58573235537888
This round: 32,2
90, 3: 7, 82.2531003101792
5.571899999999999
5.4303
This round: 54,4
91, 0: 28, 87.30790679024737
This round: 54,4
91, 1: 14, 84.6096289300477
This round: 54,12
91, 2: 2, 78.36351013315665
This round: 54,6
91, 3: 7, 83.14198919906809
5.348699999999999
This round: 42,10
92, 0: 28, 88.06981155215213
This round: 42,10
92, 1: 14, 85.37153369195246
This round: 42,10
92, 2: 2, 79.12541489506141
This round: 42,10
92, 3: 7, 83.90389396097285
5.1789000000000005
This round: 62,4
93, 0: 28, 89.00529542311988
This round: 62,19
93, 1: 14, 86.06508207904923
This round: 62,0
93, 2: 3, 80.12541489506141
This round: 62,0
93, 3: 8, 84.90389396097285
5.3754
This round: 229,0
94, 0: 29, 90.00529542311988
This round: 229,4
94, 1: 14, 87.04761483014093
This round: 229,54
94, 2: 3, 80.8896070347994
This round: 229,58
94, 3: 8, 85.65061885180255
5.746100000000001
5.1338
This round: 47,0
95, 0: 30, 91.00529542311988
This round: 47,1
95, 1: 14, 88.02633823439625
This round: 47,7
95, 2: 3, 81.74067086458663
This round: 47,1
95, 3: 8, 86.62934225605787
5.2547999999999995
5.2862
This round: 51,3
96, 0: 30, 91.94647189370811
This round: 51,5
96, 1: 14, 88.92829901870998
This round: 51,12
96, 2: 3, 82.50537674693958
This round: 51,6
96, 3: 8, 87.51169519723433
5.3041
This round: 67,1
97, 0: 30, 92.93154652057378
This round: 67,8
97, 1: 14, 89.80889603363535
This round: 67,25
97, 2: 3, 83.13224241858137
This round: 67,24
97, 3: 8, 88.15348624201044
5.323999999999999
This round: 109,17
98, 0: 30, 93.77558321782148
This round: 109,16
98, 1: 14, 90.66210704280967
This round: 109,43
98, 2: 3, 83.73774700573733
This round: 109,44
98, 3: 8, 88.74981651723981
5.536
This round: 32,2
99, 0: 30, 94.71308321782148
This round: 32,3
99, 1: 14, 91.56835704280967
This round: 32,5
99, 2: 3, 84.58149700573733
This round: 32,2
99, 3: 8, 89.68731651723981
5.2861
5.3218
5.3709999999999996
This round: 113,33
100, 0: 30, 95.4210478195914
This round: 113,32
100, 1: 14, 92.28517120210171
This round: 113,32
100, 2: 3, 85.29831116502938
This round: 113,30
100, 3: 8, 90.42182979157609
5.429100000000001
5.2681000000000004
This round: 54,0
101, 0: 31, 96.4210478195914
This round: 54,1
101, 1: 14, 93.26665268358319
This round: 54,3
101, 2: 3, 86.24275560947382
This round: 54,5
101, 3: 8, 91.32923719898349
5.428999999999999
This round: 65,0
102, 0: 32, 97.4210478195914
This round: 65,5
102, 1: 14, 94.18972960666011
This round: 65,2
102, 2: 3, 87.21198637870458
This round: 65,4
102, 3: 8, 92.26769873744503
5.2604
This round: 33,2
103, 0: 32, 98.36044175898533
This round: 33,6
103, 1: 14, 95.00791142484192
This round: 33,3
103, 2: 3, 88.12107728779549
This round: 33,3
103, 3: 8, 93.17678964653594
5.184
5.2952
This round: 90,0
104, 0: 33, 99.36044175898533
This round: 90,0
104, 1: 15, 96.00791142484192
This round: 90,1
104, 2: 3, 89.10996617668438
This round: 90,0
104, 3: 9, 94.17678964653594
5.460400000000001
This round: 31,3
105, 0: 33, 100.26366756543695
This round: 31,4
105, 1: 15, 96.87887916677741
This round: 31,5
105, 2: 3, 89.94867585410374
This round: 31,4
105, 3: 9, 95.04775738847142
5.304
This round: 25,3
106, 0: 33, 101.14366756543694
This round: 25,4
106, 1: 15, 97.71887916677741
This round: 25,4
106, 2: 3, 90.78867585410374
This round: 25,3
106, 3: 9, 95.92775738847142
5.5518
5.3575
This round: 76,2
107, 0: 33, 102.11735177596326
This round: 76,3
107, 1: 15, 98.67940548256689
This round: 76,12
107, 2: 3, 91.63078111726163
This round: 76,6
107, 3: 9, 96.84881002005037
5.5719
This round: 47,0
108, 0: 34, 103.11735177596326
This round: 47,2
108, 1: 15, 99.63685229107753
This round: 47,4
108, 2: 3, 92.54567473428291
This round: 47,2
108, 3: 9, 97.806256828561
5.367500000000001
This round: 68,0
109, 0: 35, 104.11735177596326
This round: 68,17
109, 1: 15, 100.38685229107753
This round: 68,11
109, 2: 3, 93.38391002840056
This round: 68,10
109, 3: 9, 98.6591980050316
5.4826
This round: 38,0
110, 0: 36, 105.11735177596326
This round: 38,0
110, 1: 16, 101.38685229107753
This round: 38,1
110, 2: 3, 94.35759423892688
This round: 38,0
110, 3: 10, 99.6591980050316
5.7417
This round: 162,1
111, 0: 36, 106.11117893645708
This round: 162,2
111, 1: 16, 102.37450661206519
This round: 162,4
111, 2: 3, 95.33290288090218
This round: 162,3
111, 3: 10, 100.64067948651308
5.455900000000001
This round: 30,1
112, 0: 36, 107.07784560312375
This round: 30,3
112, 1: 16, 103.2745066120652
This round: 30,3
112, 2: 3, 96.23290288090219
This round: 30,2
112, 3: 10, 101.57401281984642
5.384500000000001
This round: 82,2
113, 0: 36, 108.0534553592213
This round: 82,20
113, 1: 16, 104.0306041730408
This round: 82,31
113, 2: 3, 96.85485410041439
This round: 82,22
113, 3: 10, 102.30572013691959
5.368600000000001
This round: 74,3
114, 0: 36, 109.01291481868076
This round: 74,28
114, 1: 16, 104.65222579466243
This round: 74,33
114, 2: 3, 97.40890815446843
This round: 74,33
114, 3: 10, 102.85977419097364
5.580899999999999
5.3577
This round: 29,1
115, 0: 36, 109.97843206006007
This round: 29,1
115, 1: 16, 105.61774303604174
This round: 29,2
115, 2: 3, 98.33994263722705
This round: 29,1
115, 3: 10, 103.82529143235296
5.429200000000001
5.4468000000000005
This round: 102,0
116, 0: 37, 110.97843206006007
This round: 102,30
116, 1: 16, 106.32362538898292
This round: 102,11
116, 2: 3, 99.23209949997215
This round: 102,4
116, 3: 10, 104.78607574607844
5.428999999999999
This round: 67,2
117, 0: 37, 111.94858131379142
This round: 67,2
117, 1: 16, 107.29377464271427
This round: 67,2
117, 2: 3, 100.2022487537035
This round: 67,1
117, 3: 10, 105.7711503729441
5.6433
5.5039
5.429
This round: 74,20
118, 0: 37, 112.67831104352115
This round: 74,22
118, 1: 16, 107.99647734541698
This round: 74,24
118, 2: 3, 100.87792442937918
This round: 74,2
118, 3: 10, 106.74412334591707
5.7684999999999995
5.464799999999999
5.3943
This round: 35,3
119, 0: 37, 113.59259675780686
This round: 35,3
119, 1: 16, 108.91076305970269
This round: 35,4
119, 2: 3, 101.76363871509346
This round: 35,2
119, 3: 10, 107.68698048877421
5.518300000000001
5.1656
This round: 58,1
120, 0: 37, 114.57535537849651
This round: 58,6
120, 1: 16, 109.80731478384062
This round: 58,7
120, 2: 3, 102.64294905992105
This round: 58,2
120, 3: 10, 108.65249773015353
5.5676000000000005
This round: 48,3
121, 0: 37, 115.51285537849651
This round: 48,6
121, 1: 16, 110.68231478384062
This round: 48,7
121, 2: 3, 103.49711572658772
This round: 48,3
121, 3: 10, 109.58999773015353
5.5562000000000005
This round: 31,2
122, 0: 37, 116.44833924946425
This round: 31,11
122, 1: 16, 111.3274760741632
This round: 31,11
122, 2: 3, 104.1422770169103
This round: 31,2
122, 3: 10, 110.52548160112127
5.357600000000001
This round: 257,4
123, 0: 37, 117.43277504712962
This round: 257,0
123, 1: 17, 112.3274760741632
This round: 257,1
123, 2: 3, 105.13838596632664
This round: 257,0
123, 3: 11, 111.52548160112127
5.3264000000000005
5.5719
This round: 59,0
124, 0: 38, 118.43277504712962
This round: 59,3
124, 1: 17, 113.27662861653609
This round: 59,5
124, 2: 3, 106.05364020361478
This round: 59,0
124, 3: 12, 112.52548160112127
5.6794
5.5719
This round: 32,5
125, 0: 38, 119.27652504712962
This round: 32,5
125, 1: 17, 114.12037861653609
This round: 32,8
125, 2: 3, 106.80364020361478
This round: 32,6
125, 3: 12, 113.33798160112127
5.5719
5.304
This round: 24,2
126, 0: 38, 120.1931917137963
This round: 24,2
126, 1: 17, 115.03704528320276
This round: 24,2
126, 2: 3, 107.72030687028145
This round: 24,2
126, 3: 12, 114.25464826778794
5.464900000000001
5.2415
This round: 26,1
127, 0: 38, 121.15473017533476
This round: 26,2
127, 1: 17, 115.96012220627968
This round: 26,2
127, 2: 3, 108.64338379335837
This round: 26,2
127, 3: 12, 115.17772519086486
5.4514000000000005
5.289000000000001
This round: 82,8
128, 0: 38, 122.05716919972501
This round: 82,32
128, 1: 17, 116.56987830384065
This round: 82,28
128, 2: 3, 109.30192037872422
This round: 82,29
128, 3: 12, 115.82406665427949
5.464700000000001
This round: 20,1
129, 0: 38, 123.00716919972501
This round: 20,2
129, 1: 17, 117.46987830384066
This round: 20,6
129, 2: 3, 110.00192037872422
This round: 20,2
129, 3: 12, 116.7240666542795
5.3331
This round: 36,9
130, 0: 38, 123.75716919972501
This round: 36,3
130, 1: 17, 118.38654497050733
This round: 36,9
130, 2: 3, 110.75192037872422
This round: 36,9
130, 3: 12, 117.4740666542795
5.576300000000001
This round: 42,1
131, 0: 38, 124.7333596759155
This round: 42,7
131, 1: 17, 119.21987830384066
This round: 42,7
131, 2: 3, 111.58525371205755
This round: 42,8
131, 3: 12, 118.2835904638033
5.2503
5.4289
5.3219
This round: 32,1
132, 0: 38, 125.7021096759155
This round: 32,2
132, 1: 17, 120.15737830384066
This round: 32,6
132, 2: 3, 112.39775371205755
This round: 32,1
132, 3: 12, 119.2523404638033
5.5555
5.3756
5.297300000000001
This round: 165,0
133, 0: 39, 126.7021096759155
This round: 165,30
133, 1: 17, 120.97556012202247
This round: 165,2
133, 2: 3, 113.38563249993634
This round: 165,1
133, 3: 12, 120.2462798577427
5.420000000000001
5.3218
This round: 73,0
134, 0: 40, 127.7021096759155
This round: 73,7
134, 1: 17, 121.87966971106357
This round: 73,5
134, 2: 3, 114.3171393492514
This round: 73,4
134, 3: 12, 121.19148533719476
5.4468000000000005
5.321700000000001
This round: 58,0
135, 0: 41, 128.7021096759155
This round: 58,0
135, 1: 18, 122.87966971106357
This round: 58,6
135, 2: 3, 115.21369107338934
This round: 58,6
135, 3: 12, 122.0880370613327
5.4515
5.572000000000001
This round: 39,8
136, 0: 41, 129.4969814707873
This round: 39,9
136, 1: 18, 123.64890048029434
This round: 39,3
136, 2: 3, 116.13676799646626
This round: 39,11
136, 3: 12, 122.80598577928141
5.357800000000001
5.2235000000000005
5.3576
5.348700000000001
This round: 40,2
137, 0: 41, 130.44698147078728
This round: 40,7
137, 1: 18, 124.47390048029435
This round: 40,11
137, 2: 3, 116.86176799646626
This round: 40,3
137, 3: 12, 123.73098577928141
5.1743999999999994
This round: 152,1
138, 0: 41, 131.44040252341887
This round: 152,1
138, 1: 18, 125.46732153292592
This round: 152,2
138, 2: 3, 117.84861010172942
This round: 152,1
138, 3: 12, 124.72440683191299
5.321700000000001
This round: 126,1
139, 0: 41, 132.43246601548236
This round: 126,25
139, 1: 18, 126.26890883451323
This round: 126,33
139, 2: 3, 118.58670533982466
This round: 126,1
139, 3: 12, 125.71647032397648
5.537400000000001
This round: 65,1
140, 0: 41, 133.41708140009774
This round: 65,1
140, 1: 18, 127.25352421912861
This round: 65,2
140, 2: 3, 119.55593610905542
This round: 65,1
140, 3: 12, 126.70108570859186
5.4648
5.437900000000001
5.357399999999999
This round: 63,1
141, 0: 41, 134.40120838422473
This round: 63,4
141, 1: 18, 128.19003215563654
This round: 63,2
141, 2: 3, 120.52419007730938
This round: 63,2
141, 3: 12, 127.66933967684582
5.4692
5.6791
5.4111
This round: 56,1
142, 0: 41, 135.3833512413676
This round: 56,1
142, 1: 18, 129.1721750127794
This round: 56,1
142, 2: 3, 121.50633293445225
This round: 56,1
142, 3: 12, 128.65148253398868
5.3576999999999995
This round: 33,2
143, 0: 41, 136.32274518076153
This round: 33,8
143, 1: 18, 129.92975077035516
This round: 33,8
143, 2: 3, 122.263908692028
This round: 33,9
143, 3: 12, 129.3787552612614
5.5943000000000005
5.5741
5.429
5.3664
This round: 115,1
144, 0: 41, 137.31404952858762
This round: 115,19
144, 1: 18, 130.76453337905082
This round: 115,15
144, 2: 3, 123.1334739094193
This round: 115,11
144, 3: 12, 130.28310308734837
5.4468
This round: 68,0
145, 0: 42, 138.31404952858762
This round: 68,1
145, 1: 18, 131.7498274966979
This round: 68,1
145, 2: 3, 124.11876802706635
This round: 68,0
145, 3: 13, 131.28310308734837
5.4289000000000005
This round: 49,13
146, 0: 42, 139.04874340613864
This round: 49,13
146, 1: 18, 132.4845213742489
This round: 49,14
146, 2: 3, 124.83305374135206
This round: 49,14
146, 3: 13, 131.9973888016341
5.4289
This round: 50,6
147, 0: 42, 139.92874340613864
This round: 50,6
147, 1: 18, 133.3645213742489
This round: 50,7
147, 2: 3, 125.69305374135206
This round: 50,6
147, 3: 13, 132.87738880163408
5.5051
5.4381
This round: 39,6
148, 0: 42, 140.77489725229248
This round: 39,6
148, 1: 18, 134.21067522040275
This round: 39,18
148, 2: 3, 126.23151527981359
This round: 39,16
148, 3: 13, 133.46713239137767
5.3039
This round: 25,1
149, 0: 42, 141.73489725229248
This round: 25,2
149, 1: 18, 135.13067522040274
This round: 25,2
149, 2: 3, 127.1515152798136
This round: 25,1
149, 3: 13, 134.42713239137768
5.3420000000000005
This round: 29,5
150, 0: 42, 142.56248345918902
This round: 29,6
150, 1: 18, 135.9237786686786
This round: 29,7
150, 2: 3, 127.91013596946877
This round: 29,5
150, 3: 13, 135.25471859827422
5.509399999999999
This round: 103,2
151, 0: 42, 143.54306598346088
This round: 103,1
151, 1: 18, 136.91406993081452
This round: 103,1
151, 2: 3, 128.90042723160468
This round: 103,2
151, 3: 13, 136.23530112254608
5.4471
This round: 28,3
152, 0: 42, 144.43592312631802
This round: 28,1
152, 1: 18, 137.87835564510024
This round: 28,1
152, 2: 3, 129.8647129458904
This round: 28,1
152, 3: 13, 137.1995868368318
5.3084
This round: 58,0
153, 0: 43, 145.43592312631802
This round: 58,1
153, 1: 18, 138.8611142657899
This round: 58,1
153, 2: 3, 130.84747156658005
This round: 58,0
153, 3: 14, 138.1995868368318
5.2682
This round: 172,8
154, 0: 43, 146.38941149841105
This round: 172,43
154, 1: 18, 139.6111142657899
This round: 172,67
154, 2: 3, 131.45793668285913
This round: 172,67
154, 3: 14, 138.81005195311087
5.196999999999999
This round: 35,6
155, 0: 43, 147.21798292698247
This round: 35,13
155, 1: 18, 140.23968569436133
This round: 35,7
155, 2: 3, 132.25793668285914
This round: 35,6
155, 3: 14, 139.6386233816823
5.125299999999999
This round: 45,1
156, 0: 43, 148.19576070476026
This round: 45,1
156, 1: 18, 141.21746347213912
This round: 45,4
156, 2: 3, 133.16904779397024
This round: 45,2
156, 3: 14, 140.59417893723784
5.3307
This round: 68,0
157, 0: 44, 149.19576070476026
This round: 68,3
157, 1: 18, 142.1733458250803
This round: 68,2
157, 2: 3, 134.13963602926435
This round: 68,2
157, 3: 14, 141.56476717253196
5.652200000000001
This round: 33,3
158, 0: 44, 150.10485161385117
This round: 33,6
158, 1: 18, 142.99152764326212
This round: 33,4
158, 2: 3, 135.01842390805223
This round: 33,3
158, 3: 14, 142.47385808162286
5.3218
This round: 43,1
159, 0: 44, 151.08159579989768
This round: 43,1
159, 1: 18, 143.96827182930863
This round: 43,13
159, 2: 3, 135.7160983266569
This round: 43,8
159, 3: 14, 143.28781156999497
5.5361
5.428800000000001
5.2146
This round: 45,0
160, 0: 45, 152.08159579989768
This round: 45,0
160, 1: 19, 144.96827182930863
This round: 45,0
160, 2: 4, 136.7160983266569
This round: 45,0
160, 3: 15, 144.28781156999497
5.2325
This round: 41,1
161, 0: 45, 153.05720555599524
This round: 41,8
161, 1: 19, 145.77314987808913
This round: 41,11
161, 2: 4, 137.44780564373005
This round: 41,4
161, 3: 15, 145.19025059438522
5.2147
This round: 49,2
162, 0: 45, 154.01638922946464
This round: 49,8
162, 1: 19, 146.6098845719667
This round: 49,12
162, 2: 4, 138.20290768454637
This round: 49,4
162, 3: 15, 146.10861794132398
5.1609
This round: 43,1
163, 0: 45, 154.99313341551115
This round: 43,5
163, 1: 19, 147.49360550219924
This round: 43,5
163, 2: 4, 139.08662861477893
This round: 43,2
163, 3: 15, 147.06210631341702
5.3934999999999995
This round: 40,6
164, 0: 45, 155.84313341551115
This round: 40,1
164, 1: 19, 148.46860550219924
This round: 40,8
164, 2: 4, 139.88662861477894
This round: 40,7
164, 3: 15, 147.887106313417
5.4201999999999995
This round: 27,3
165, 0: 45, 156.73202230440003
This round: 27,3
165, 1: 19, 149.35749439108812
This round: 27,6
165, 2: 4, 140.6644063925567
This round: 27,5
165, 3: 15, 148.70192112823182
5.362100000000001
5.3576
This round: 25,1
166, 0: 45, 157.69202230440004
This round: 25,2
166, 1: 19, 150.2774943910881
This round: 25,3
166, 2: 4, 141.5444063925567
This round: 25,1
166, 3: 15, 149.66192112823182
5.4468
This round: 33,0
167, 0: 46, 158.69202230440004
This round: 33,0
167, 1: 20, 151.2774943910881
This round: 33,3
167, 2: 4, 142.45349730164762
This round: 33,3
167, 3: 15, 150.57101203732273
5.2682
This round: 28,1
168, 0: 46, 159.65630801868576
This round: 28,0
168, 1: 21, 152.2774943910881
This round: 28,4
168, 2: 4, 143.31064015879048
This round: 28,6
168, 3: 15, 151.356726323037
5.286100000000001
5.375399999999999
This round: 117,16
169, 0: 46, 160.51955588193363
This round: 117,22
169, 1: 21, 153.08946020305393
This round: 117,15
169, 2: 4, 144.18243503058534
This round: 117,2
169, 3: 15, 152.33963230594298
5.2860000000000005
This round: 43,1
170, 0: 46, 161.49630006798014
This round: 43,4
170, 1: 21, 153.99643694723997
This round: 43,4
170, 2: 4, 145.08941177477138
This round: 43,4
170, 3: 15, 153.24660905012902
5.2905
This round: 63,1
171, 0: 46, 162.48042705210713
This round: 63,6
171, 1: 21, 154.90119885200187
This round: 63,1
171, 2: 4, 146.07353875889837
This round: 63,2
171, 3: 15, 154.214863018383
5.3218
This round: 31,1
172, 0: 46, 163.448168987591
This round: 31,1
172, 1: 21, 155.86894078748574
This round: 31,4
172, 2: 4, 146.94450650083385
This round: 31,0
172, 3: 16, 155.214863018383
5.572000000000001
This round: 34,0
173, 0: 47, 164.448168987591
This round: 34,1
173, 1: 21, 156.83952902277986
This round: 34,3
173, 2: 4, 147.8562712067162
This round: 34,2
173, 3: 16, 156.15603948897123
5.696999999999999
5.322
This round: 26,4
174, 0: 47, 165.29432283374484
This round: 26,4
174, 1: 21, 157.6856828689337
This round: 26,4
174, 2: 4, 148.70242505287004
This round: 26,4
174, 3: 16, 157.00219333512507
5.1453999999999995
This round: 39,1
175, 0: 47, 166.26868180810382
This round: 39,5
175, 1: 21, 158.55747774072856
This round: 39,4
175, 2: 4, 149.59986095030592
This round: 39,4
175, 3: 16, 157.89962923256095
5.384499999999999
This round: 129,24
176, 0: 47, 167.08263529647593
This round: 129,23
176, 1: 21, 159.37918316708516
This round: 129,6
176, 2: 4, 150.55334932239896
This round: 129,3
176, 3: 16, 158.87637341860747
5.5585
This round: 57,14
177, 0: 47, 167.8370212613882
This round: 57,15
177, 1: 21, 160.1160252723483
This round: 57,16
177, 2: 4, 151.27264756801299
This round: 57,16
177, 3: 16, 159.5956716642215
5.8936
5.2816
5.4335
This round: 27,0
178, 0: 48, 168.8370212613882
This round: 27,1
178, 1: 21, 161.07898823531127
This round: 27,1
178, 2: 4, 152.23561053097595
This round: 27,1
178, 3: 16, 160.55863462718446
5.304
This round: 51,2
179, 0: 48, 169.7978055751137
This round: 51,3
179, 1: 21, 162.0201647058995
This round: 51,2
179, 2: 4, 153.19639484470144
This round: 51,2
179, 3: 16, 161.51941894090996
5.5628
This round: 52,0
180, 0: 49, 170.7978055751137
This round: 52,0
180, 1: 22, 163.0201647058995
This round: 52,13
180, 2: 4, 153.94639484470144
This round: 52,1
180, 3: 16, 162.50018817167918
5.3755999999999995
This round: 39,0
181, 0: 50, 171.7978055751137
This round: 39,1
181, 1: 22, 163.99452368025848
This round: 39,8
181, 2: 4, 154.74126663957324
This round: 39,5
181, 3: 16, 163.37198304347405
5.428999999999999
5.2638
This round: 32,1
182, 0: 50, 172.7665555751137
This round: 32,5
182, 1: 22, 164.83827368025848
This round: 32,7
182, 2: 4, 155.52251663957324
This round: 32,6
182, 3: 16, 164.18448304347405
5.3845
This round: 24,0
183, 0: 51, 173.7665555751137
This round: 24,0
183, 1: 23, 165.83827368025848
This round: 24,0
183, 2: 5, 156.52251663957324
This round: 24,1
183, 3: 16, 165.1428163768074
5.2326999999999995
This round: 36,0
184, 0: 52, 174.7665555751137
This round: 36,2
184, 1: 23, 166.78271812470294
This round: 36,6
184, 2: 5, 157.35584997290658
This round: 36,5
184, 3: 16, 166.0039274879185
5.232399999999999
This round: 67,0
185, 0: 53, 175.7665555751137
This round: 67,12
185, 1: 23, 167.603613647091
This round: 67,2
185, 2: 5, 158.32599922663792
This round: 67,4
185, 3: 16, 166.9442259953812
5.2682
This round: 36,1
186, 0: 53, 176.73877779733593
This round: 36,8
186, 1: 23, 168.38139142486878
This round: 36,9
186, 2: 5, 159.07599922663792
This round: 36,8
186, 3: 16, 167.72200377315897
5.3219
This round: 76,0
187, 0: 54, 177.73877779733593
This round: 76,23
187, 1: 23, 169.0787598459214
This round: 76,13
187, 2: 5, 159.90494659505896
This round: 76,12
187, 3: 16, 168.56410903631686
5.3398
This round: 28,1
188, 0: 54, 178.70306351162165
This round: 28,3
188, 1: 23, 169.97161698877855
This round: 28,4
188, 2: 5, 160.76208945220182
This round: 28,4
188, 3: 16, 169.42125189345973
5.2503
5.4556
This round: 59,11
189, 0: 54, 179.51662283365556
This round: 59,11
189, 1: 23, 170.78517631081246
This round: 59,30
189, 2: 5, 161.25361487593062
This round: 59,11
189, 3: 16, 170.23481121549364
5.3753
5.214499999999999
This round: 33,1
190, 0: 54, 180.48631980335253
This round: 33,8
190, 1: 23, 171.5427520683882
This round: 33,7
190, 2: 5, 162.0414936638094
This round: 33,7
190, 3: 16, 171.02269000337242
5.339599999999999
This round: 58,0
191, 0: 55, 181.48631980335253
This round: 58,0
191, 1: 24, 172.5427520683882
This round: 58,4
191, 2: 5, 162.97252814656804
This round: 58,3
191, 3: 16, 171.97096586544137
5.6792
5.5896
This round: 43,1
192, 0: 55, 182.46306398939905
This round: 43,1
192, 1: 24, 173.51949625443473
This round: 43,4
192, 2: 5, 163.87950489075408
This round: 43,1
192, 3: 16, 172.9477100514879
5.5718000000000005
This round: 225,5
193, 0: 55, 183.44084176717683
This round: 225,5
193, 1: 24, 174.49727403221252
This round: 225,12
193, 2: 5, 164.82617155742074
This round: 225,7
193, 3: 16, 173.9165989403768
5.3799
This round: 52,0
194, 0: 56, 184.44084176717683
This round: 52,4
194, 1: 24, 175.42035095528945
This round: 52,1
194, 2: 5, 165.80694078818996
This round: 52,5
194, 3: 16, 174.82044509422295
5.317300000000001
This round: 88,3
195, 0: 56, 185.40675085808593
This round: 88,23
195, 1: 24, 176.15898731892582
This round: 88,28
195, 2: 5, 166.48875897000815
This round: 88,10
195, 3: 16, 175.70680873058657
5.3574
This round: 72,1
196, 0: 56, 186.39286196919704
This round: 72,8
196, 1: 24, 177.0478762078147
This round: 72,3
196, 2: 5, 167.4470923033415
This round: 72,4
196, 3: 16, 176.65125317503103
5.5363999999999995
This round: 70,2
197, 0: 56, 187.3642905406256
This round: 70,2
197, 1: 24, 178.01930477924327
This round: 70,3
197, 2: 5, 168.40423516048435
This round: 70,3
197, 3: 16, 177.60839603217389
5.1967
This round: 54,1
198, 0: 56, 188.3457720221071
This round: 54,6
198, 1: 24, 178.90819366813216
This round: 54,5
198, 2: 5, 169.31164256789177
This round: 54,1
198, 3: 16, 178.58987751365538
5.2861
This round: 19,0
199, 0: 57, 189.3457720221071
This round: 19,1
199, 1: 24, 179.8555620891848
This round: 19,1
199, 2: 5, 170.2590109889444
This round: 19,0
199, 3: 17, 179.58987751365538
