5.5628
This round: 65,7
0, 0: 0, 0.8923076923076924
This round: 65,12
0, 1: 0, 0.8153846153846154
This round: 65,13
0, 2: 0, 0.8
This round: 65,11
0, 3: 0, 0.8307692307692308
5.509500000000001
This round: 188,19
1, 0: 0, 1.7912438625204583
This round: 188,68
1, 1: 0, 1.453682487725041
This round: 188,20
1, 2: 0, 1.6936170212765957
This round: 188,22
1, 3: 0, 1.7137479541734861
5.5721
5.6793000000000005
This round: 266,111
2, 0: 0, 2.3739506294377515
This round: 266,133
2, 1: 0, 1.953682487725041
This round: 266,159
2, 2: 0, 2.09587266037434
This round: 266,111
2, 3: 0, 2.2964547210907793
5.251399999999999
This round: 27,3
3, 0: 0, 3.2628395183266403
This round: 27,5
3, 1: 0, 2.768497302539856
This round: 27,5
3, 2: 0, 2.910687475189155
This round: 27,2
3, 3: 0, 3.2223806470167053
5.4291
This round: 92,16
4, 0: 0, 4.088926474848379
This round: 92,12
4, 1: 0, 3.63806251993116
This round: 92,27
4, 2: 0, 3.6172092143195895
This round: 92,13
4, 3: 0, 4.081076299190618
5.297300000000001
This round: 269,37
5, 0: 0, 4.951380006446892
This round: 269,66
5, 1: 0, 4.392709360079859
This round: 269,8
5, 2: 0, 4.587469437367917
This round: 269,8
5, 3: 0, 5.0513365222389455
5.2593000000000005
5.256
5.375699999999999
This round: 170,17
6, 0: 0, 5.851380006446893
This round: 170,15
6, 1: 0, 5.3044740659622125
This round: 170,26
6, 2: 0, 5.434528260897328
This round: 170,11
6, 3: 0, 5.9866306398860045
5.340000000000001
5.5184
5.3219
This round: 90,4
7, 0: 0, 6.806935562002448
This round: 90,17
7, 1: 0, 6.115585177073323
This round: 90,9
7, 2: 0, 6.334528260897328
This round: 90,6
7, 3: 0, 6.919963973219338
5.5586
5.3619
This round: 59,14
8, 0: 0, 7.569647426409228
This round: 59,12
8, 1: 0, 6.9121953465648485
This round: 59,18
8, 2: 0, 7.029443515134616
This round: 59,13
8, 3: 0, 7.69962499016849
5.7237
5.428999999999999
This round: 93,10
9, 0: 0, 8.462120544688798
This round: 93,16
9, 1: 0, 7.7401523358121604
This round: 93,20
9, 2: 0, 7.814389751693756
This round: 93,19
9, 3: 0, 8.495323914899673
5.4291
5.286
This round: 77,1
10, 0: 0, 9.449133531701785
This round: 77,6
10, 1: 0, 8.662230257890082
This round: 77,10
10, 2: 0, 8.684519621823627
This round: 77,1
10, 3: 0, 9.48233690191266
5.3576
This round: 49,5
11, 0: 0, 10.347092715375254
This round: 49,6
11, 1: 0, 9.539781278298245
This round: 49,12
11, 2: 0, 9.439621662639954
This round: 49,7
11, 3: 0, 10.339479759055518
5.2862
This round: 75,7
12, 0: 0, 11.25375938204192
This round: 75,8
12, 1: 0, 10.433114611631577
This round: 75,14
12, 2: 0, 10.252954995973287
This round: 75,7
12, 3: 0, 11.246146425722184
5.6791
5.261600000000001
This round: 85,2
13, 0: 0, 12.230229970277215
This round: 85,8
13, 1: 0, 11.338996964572754
This round: 85,10
13, 2: 0, 11.135307937149758
This round: 85,4
13, 3: 0, 12.199087602192773
5.2594
This round: 77,13
14, 0: 0, 13.061398801446046
This round: 77,20
14, 1: 0, 12.079256704832494
This round: 77,21
14, 2: 0, 11.862580664422484
This round: 77,19
14, 3: 0, 12.952334355439525
5.357600000000001
This round: 66,15
15, 0: 0, 13.83412607417332
This round: 66,18
15, 1: 0, 12.80652943210522
This round: 66,21
15, 2: 0, 12.544398846240666
This round: 66,18
15, 3: 0, 13.679607082712252
5.353200000000001
5.5363
This round: 68,16
16, 0: 0, 14.598831956526261
This round: 68,19
16, 1: 0, 13.527117667399338
This round: 68,18
16, 2: 0, 13.279692963887726
This round: 68,17
16, 3: 0, 14.429607082712252
5.4292
5.6255999999999995
This round: 110,16
17, 0: 0, 15.453377411071717
This round: 110,16
17, 1: 0, 14.381663121944793
This round: 110,13
17, 2: 0, 14.161511145705909
This round: 110,18
17, 3: 0, 15.265970719075888
5.2593000000000005
This round: 120,21
18, 0: 0, 16.278377411071716
This round: 120,29
18, 1: 0, 15.139996455278126
This round: 120,39
18, 2: 0, 14.83651114570591
This round: 120,30
18, 3: 0, 16.015970719075888
5.2237
This round: 106,5
19, 0: 0, 17.231207599750963
This round: 106,42
19, 1: 0, 15.743770040183787
This round: 106,43
19, 2: 0, 15.430850768347419
This round: 106,38
19, 3: 0, 16.65748015303815
5.5719
5.3931
This round: 67,8
20, 0: 0, 18.111804614676338
This round: 67,6
20, 1: 0, 16.654217801377815
This round: 67,9
20, 2: 0, 16.296522410138465
This round: 67,7
20, 3: 0, 17.553002541097854
5.1187000000000005
This round: 59,8
21, 0: 0, 18.976211394337355
This round: 59,11
21, 1: 0, 17.467777123411715
This round: 59,18
21, 2: 0, 16.991437664375752
This round: 59,10
21, 3: 0, 18.383511015674124
5.3039
This round: 64,8
22, 0: 0, 19.851211394337355
This round: 64,9
22, 1: 0, 18.327152123411715
This round: 64,8
22, 2: 0, 17.866437664375752
This round: 64,6
22, 3: 0, 19.289761015674124
5.500500000000001
This round: 261,37
23, 0: 0, 20.709448942230075
This round: 261,12
23, 1: 0, 19.281175111917463
This round: 261,17
23, 2: 0, 18.801303564758893
This round: 261,23
23, 3: 0, 20.20163841031014
5.4826
This round: 110,13
24, 0: 0, 21.591267124048258
This round: 110,15
24, 1: 0, 20.144811475553826
This round: 110,20
24, 2: 0, 19.61948538294071
This round: 110,18
24, 3: 0, 21.038002046673775
5.2413
This round: 68,11
25, 0: 0, 22.429502418165907
This round: 68,8
25, 1: 0, 21.027164416730297
This round: 68,16
25, 2: 0, 20.38419126529365
This round: 68,7
25, 3: 0, 21.935060870203188
5.4468000000000005
This round: 47,10
26, 0: 0, 23.216736460719098
This round: 47,11
26, 1: 0, 21.793121863538808
This round: 47,15
26, 2: 0, 21.06504232912344
This round: 47,12
26, 3: 0, 22.679741721267018
5.4659
This round: 53,5
27, 0: 0, 24.122396838077588
This round: 53,4
27, 1: 0, 22.7176501654256
This round: 53,8
27, 2: 0, 21.914098932897026
This round: 53,6
27, 3: 0, 23.566534174097207
5.4289000000000005
This round: 92,15
28, 0: 0, 24.959353359816717
This round: 92,26
28, 1: 0, 23.435041469773424
This round: 92,19
28, 2: 0, 22.707577193766593
This round: 92,20
28, 3: 0, 24.349142869749382
5.358700000000001
5.3039000000000005
5.286099999999999
This round: 97,7
29, 0: 0, 25.88718841136311
This round: 97,12
29, 1: 0, 24.31133012956724
This round: 97,17
29, 2: 0, 23.53231946180783
This round: 97,21
29, 3: 0, 25.13264802438856
5.379900000000001
This round: 241,16
30, 0: 0, 26.820798369869333
This round: 241,36
30, 1: 0, 25.161952536206243
This round: 241,28
30, 2: 0, 24.416136889193723
This round: 241,12
30, 3: 0, 26.082855493268227
5.3575
This round: 59,5
31, 0: 0, 27.73605260715747
This round: 59,9
31, 1: 0, 26.009410163324887
This round: 59,9
31, 2: 0, 25.263594516312367
This round: 59,8
31, 3: 0, 26.947262272929244
5.6079
5.2861
5.3844
5.5897000000000014
5.1968
This round: 44,5
32, 0: 0, 28.622416243521105
This round: 44,6
32, 1: 0, 26.87304652696125
This round: 44,8
32, 2: 0, 26.081776334494183
This round: 44,5
32, 3: 0, 27.83362590929288
5.3307
This round: 62,3
33, 0: 0, 29.574029146746913
This round: 62,7
33, 1: 0, 27.760143301154798
This round: 62,20
33, 2: 0, 26.75919568933289
This round: 62,9
33, 3: 0, 28.6884646189703
5.652299999999999
5.554200000000001
5.5004
This round: 90,14
34, 0: 0, 30.418473591191358
This round: 90,16
34, 1: 0, 28.58236552337702
This round: 90,7
34, 2: 0, 27.681417911555112
This round: 90,17
34, 3: 0, 29.49957573008141
5.357499999999999
This round: 52,5
35, 0: 0, 31.32231974503751
This round: 52,15
35, 1: 0, 29.29390398491548
This round: 52,22
35, 2: 0, 28.25834098847819
This round: 52,20
35, 3: 0, 30.114960345466027
5.357500000000001
This round: 44,6
36, 0: 0, 32.18595610867388
This round: 44,11
36, 1: 0, 30.04390398491548
This round: 44,5
36, 2: 0, 29.144704624841825
This round: 44,7
36, 3: 0, 30.955869436375117
5.5363
5.536300000000001
This round: 90,7
37, 0: 0, 33.1081783308961
This round: 90,9
37, 1: 0, 30.94390398491548
This round: 90,24
37, 2: 0, 29.87803795817516
This round: 90,18
37, 3: 0, 31.755869436375118
5.652500000000001
5.2862
This round: 128,60
38, 0: 0, 33.6394283308961
This round: 128,94
38, 1: 0, 31.20952898491548
This round: 128,94
38, 2: 0, 30.14366295817516
This round: 128,89
38, 3: 0, 32.06055693637512
5.4916
This round: 179,95
39, 0: 0, 34.10870207391286
This round: 179,103
39, 1: 0, 31.634109990502072
This round: 179,106
39, 2: 0, 30.551484187225437
This round: 179,20
39, 3: 0, 32.9488250927997
5.5055000000000005
5.4825
This round: 54,5
40, 0: 0, 35.016109481320264
This round: 54,4
40, 1: 0, 32.560035916428
This round: 54,5
40, 2: 0, 31.458891594632846
This round: 54,5
40, 3: 0, 33.856232500207106
5.5899
5.3932
5.3173
This round: 59,9
41, 0: 0, 35.86356710843891
This round: 59,9
41, 1: 0, 33.40749354354664
This round: 59,17
41, 2: 0, 32.17075600141251
This round: 59,13
41, 3: 0, 34.63589351715626
5.4248
This round: 88,5
42, 0: 0, 36.80674892662073
This round: 88,19
42, 1: 0, 34.19158445263755
This round: 88,18
42, 2: 0, 32.96621054686705
This round: 88,6
42, 3: 0, 35.56771169897444
5.313000000000001
This round: 73,12
43, 0: 0, 37.64236536497689
This round: 73,16
43, 1: 0, 34.97240637044577
This round: 73,25
43, 2: 0, 33.6237447934424
This round: 73,16
43, 3: 0, 36.34853361678266
5.402199999999999
This round: 101,47
44, 0: 0, 38.177018830323426
This round: 101,54
44, 1: 0, 35.43775290509923
This round: 101,52
44, 2: 0, 34.10889330829389
This round: 101,51
44, 3: 0, 36.843583121733154
5.4825
This round: 188,34
45, 0: 0, 38.99616776649364
This round: 188,35
45, 1: 0, 36.25158269233327
This round: 188,20
45, 2: 0, 35.002510329570484
This round: 188,15
45, 3: 0, 37.7637958876906
5.607700000000001
5.6434999999999995
5.331799999999999
This round: 64,19
46, 0: 0, 39.69929276649364
This round: 64,19
46, 1: 0, 36.95470769233327
This round: 64,21
46, 2: 0, 35.674385329570484
This round: 64,19
46, 3: 0, 38.4669208876906
5.4647
This round: 85,10
47, 0: 0, 40.58164570767011
This round: 85,24
47, 1: 0, 37.6723547511568
This round: 85,13
47, 2: 0, 36.52144415309989
This round: 85,7
47, 3: 0, 39.384567946514125
5.357500000000001
This round: 69,4
48, 0: 0, 41.52367469317736
This round: 69,5
48, 1: 0, 38.59989098304086
This round: 69,7
48, 2: 0, 37.41999487773757
This round: 69,6
48, 3: 0, 40.29761142477499
5.357500000000001
5.5318
This round: 199,15
49, 0: 0, 42.44829780875525
This round: 199,81
49, 1: 0, 39.19285580716146
This round: 199,23
49, 2: 0, 38.304416988290335
This round: 199,9
49, 3: 0, 41.25238529412172
5.214799999999999
This round: 225,82
50, 0: 0, 43.083853364310805
This round: 225,8
50, 1: 0, 40.1573002516059
This round: 225,8
50, 2: 0, 39.26886143273478
This round: 225,8
50, 3: 0, 42.21682973856617
5.287400000000001
This round: 67,18
51, 0: 0, 43.8151966478929
This round: 67,18
51, 1: 0, 40.888643535187995
This round: 67,16
51, 2: 0, 40.03005546258553
This round: 67,25
51, 3: 0, 42.84369541020796
5.5897
This round: 84,25
52, 0: 0, 44.517577600273846
This round: 84,31
52, 1: 0, 41.519595916140375
This round: 84,33
52, 2: 0, 40.637198319728384
This round: 84,32
52, 3: 0, 43.46274302925558
5.4469
5.505000000000001
This round: 57,5
53, 0: 0, 45.42985830202823
This round: 57,5
53, 1: 0, 42.43187661789476
This round: 57,9
53, 2: 0, 41.47930358288628
This round: 57,6
53, 3: 0, 44.35747987136084
5.286200000000001
This round: 53,6
54, 0: 0, 46.316650754858415
This round: 53,5
54, 1: 0, 43.33753699525325
This round: 53,15
54, 2: 0, 42.196284714961756
This round: 53,15
54, 3: 0, 45.07446100343631
5.2862
This round: 247,34
55, 0: 0, 47.178998932996066
This round: 247,7
55, 1: 0, 44.30919691428159
This round: 247,29
55, 2: 0, 43.07887580807917
This round: 247,24
55, 3: 0, 45.97729501153348
5.2862
This round: 121,11
56, 0: 0, 48.08808984208697
This round: 121,22
56, 1: 0, 45.12737873246341
This round: 121,25
56, 2: 0, 43.87226423783123
This round: 121,24
56, 3: 0, 46.77894790409546
5.4827
5.750500000000001
5.429
This round: 164,23
57, 0: 0, 48.94784593964795
This round: 164,55
57, 1: 0, 45.792012878804876
This round: 164,56
57, 2: 0, 44.53080082319708
This round: 164,20
57, 3: 0, 47.65699668458326
5.149
5.340400000000001
This round: 47,6
58, 0: 0, 49.820186365179865
This round: 47,8
58, 1: 0, 46.62180011284743
This round: 47,11
58, 2: 0, 45.2967582700056
This round: 47,8
58, 3: 0, 48.48678391862582
5.786300000000001
5.0785
This round: 51,10
59, 0: 0, 50.624107933807316
This round: 51,16
59, 1: 0, 47.308074622651354
This round: 51,6
59, 2: 0, 46.17911121118207
This round: 51,5
59, 3: 0, 49.38874470293954
5.2146
This round: 65,5
60, 0: 0, 51.547184856884236
This round: 65,6
60, 1: 0, 48.21576693034366
This round: 65,17
60, 2: 0, 46.917572749643604
This round: 65,8
60, 3: 0, 50.26566777986262
5.2593000000000005
This round: 40,6
61, 0: 0, 52.39718485688424
This round: 40,9
61, 1: 0, 48.99076693034366
This round: 40,10
61, 2: 0, 47.667572749643604
This round: 40,9
61, 3: 0, 51.040667779862616
5.2459
This round: 152,24
62, 0: 0, 53.239290120042135
This round: 152,27
62, 1: 0, 49.81313535139629
This round: 152,74
62, 2: 0, 48.180730644380446
This round: 152,73
62, 3: 0, 51.560404621967876
5.6435
5.2682
This round: 56,5
63, 0: 0, 54.15000440575642
This round: 56,4
63, 1: 0, 50.74170677996772
This round: 56,12
63, 2: 0, 48.96644493009473
This round: 56,6
63, 3: 0, 52.45326176482502
5.7148
5.2414
This round: 50,10
64, 0: 0, 54.95000440575642
This round: 50,12
64, 1: 0, 51.50170677996772
This round: 50,11
64, 2: 0, 49.74644493009473
This round: 50,14
64, 3: 0, 53.17326176482502
5.500399999999999
This round: 106,8
65, 0: 0, 55.87453270764321
This round: 106,21
65, 1: 0, 52.30359357242055
This round: 106,28
65, 2: 0, 50.48229398669851
This round: 106,29
65, 3: 0, 53.89967685916464
5.375500000000001
5.6434
This round: 81,5
66, 0: 0, 56.812804312581484
This round: 81,8
66, 1: 0, 53.20482814032179
This round: 81,6
66, 2: 0, 51.40821991262443
This round: 81,10
66, 3: 0, 54.77622006904119
5.362000000000001
This round: 203,3
67, 0: 0, 57.79802598745833
This round: 203,55
67, 1: 0, 53.933892179730655
This round: 203,24
67, 2: 0, 52.28999331163921
This round: 203,81
67, 3: 0, 55.37720529071606
5.2145
This round: 51,2
68, 0: 0, 58.75881030118382
This round: 51,3
68, 1: 0, 54.87506865031889
This round: 51,9
68, 2: 0, 53.11352272340391
This round: 51,3
68, 3: 0, 56.318381761304295
5.4289
This round: 201,3
69, 0: 0, 59.743884928049496
This round: 201,3
69, 1: 0, 55.86014327718456
This round: 201,6
69, 2: 0, 54.08367197713525
This round: 201,5
69, 3: 0, 57.29350613941375
5.3932
This round: 111,20
70, 0: 0, 60.563704747869316
This round: 111,14
70, 1: 0, 56.73401715105844
This round: 111,25
70, 2: 0, 54.85844675191003
This round: 111,32
70, 3: 0, 58.005217851125465
5.2594
5.3575
5.395700000000001
This round: 118,10
71, 0: 0, 61.478958985157455
This round: 118,34
71, 1: 0, 57.4458815578381
This round: 118,12
71, 2: 0, 55.756751836655795
This round: 118,11
71, 3: 0, 58.91199751214241
5.3934
5.339700000000001
This round: 39,5
72, 0: 0, 62.35075385695232
This round: 39,6
72, 1: 0, 58.292035403991946
This round: 39,5
72, 2: 0, 56.62854670845066
This round: 39,5
72, 3: 0, 59.78379238393728
5.5719
This round: 70,10
73, 0: 0, 63.20789671409518
This round: 70,6
73, 1: 0, 59.20632111827766
This round: 70,16
73, 2: 0, 57.399975279879236
This round: 70,19
73, 3: 0, 60.51236381250871
5.4336
This round: 246,6
74, 0: 0, 64.18350647019274
This round: 246,14
74, 1: 0, 60.14941054917197
This round: 246,18
74, 2: 0, 58.32680454817192
This round: 246,19
74, 3: 0, 61.435128040150985
5.4156
This round: 83,11
75, 0: 0, 65.05097634971081
This round: 83,29
75, 1: 0, 60.80001295881052
This round: 83,21
75, 2: 0, 59.07379249997915
This round: 83,16
75, 3: 0, 62.242356955813634
5.6434999999999995
5.5094
5.214700000000001
This round: 84,5
76, 0: 0, 65.991452540187
This round: 84,6
76, 1: 0, 61.72858438738195
This round: 84,8
76, 2: 0, 59.978554404741054
This round: 84,24
76, 3: 0, 62.95664267009935
5.572
5.2236
This round: 71,5
77, 0: 0, 66.92103000497573
This round: 71,14
77, 1: 0, 62.5314012887904
This round: 71,20
77, 2: 0, 60.69686426389598
This round: 71,14
77, 3: 0, 63.7594595715078
5.3933
This round: 75,17
78, 0: 0, 67.69436333830906
This round: 75,20
78, 1: 0, 63.26473462212373
This round: 75,29
78, 2: 0, 61.31019759722932
This round: 75,27
78, 3: 0, 64.39945957150779
5.3262
This round: 35,8
79, 0: 0, 68.46579190973763
This round: 35,8
79, 1: 0, 64.0361631935523
This round: 35,10
79, 2: 0, 62.024483311515034
This round: 35,8
79, 3: 0, 65.17088814293636
5.446899999999999
5.393300000000001
5.375400000000001
This round: 200,117
80, 0: 0, 68.88079190973764
This round: 200,127
80, 1: 0, 64.40116319355229
This round: 200,120
80, 2: 0, 62.42448331151503
This round: 200,121
80, 3: 0, 65.56588814293636
5.2949
This round: 143,4
81, 0: 0, 69.85281988176561
This round: 143,7
81, 1: 0, 65.35221214460124
This round: 143,12
81, 2: 0, 63.340567227598946
This round: 143,11
81, 3: 0, 66.48896506601328
5.3931
This round: 125,7
82, 0: 0, 70.79681988176561
This round: 125,14
82, 1: 0, 66.24021214460124
This round: 125,48
82, 2: 0, 63.956567227598946
This round: 125,33
82, 3: 0, 67.22496506601328
5.286199999999999
This round: 242,112
83, 0: 0, 71.33400996441024
This round: 242,80
83, 1: 0, 66.90963363220455
This round: 242,143
83, 2: 0, 64.36565813668986
This round: 242,146
83, 3: 0, 67.62165928088932
5.375400000000001
This round: 68,5
84, 0: 0, 72.26048055264553
This round: 68,8
84, 1: 0, 67.79198657338101
This round: 68,15
84, 2: 0, 65.14506990139574
This round: 68,6
84, 3: 0, 68.53342398677167
5.4291
5.2684
This round: 74,7
85, 0: 0, 73.16588595805094
This round: 74,9
85, 1: 0, 68.67036495175938
This round: 74,14
85, 2: 0, 65.95588071220655
This round: 74,12
85, 3: 0, 69.3712618246095
5.518400000000001
5.5898
5.6432
This round: 73,4
86, 0: 0, 74.11109143750299
This round: 73,5
86, 1: 0, 69.60187180107445
This round: 73,5
86, 2: 0, 66.88738756152162
This round: 73,4
86, 3: 0, 70.31646730406156
5.2548
This round: 63,6
87, 0: 0, 75.01585334226489
This round: 63,18
87, 1: 0, 70.31615751536016
This round: 63,12
87, 2: 0, 67.69691137104543
This round: 63,10
87, 3: 0, 71.1577371453314
5.4023
5.6792
5.5004
This round: 106,19
88, 0: 0, 75.83660805924602
This round: 106,22
88, 1: 0, 71.10861034554884
This round: 106,19
88, 2: 0, 68.51766608802656
This round: 106,20
88, 3: 0, 71.96905790004838
5.3218
This round: 243,20
89, 0: 0, 76.75430353249705
This round: 243,97
89, 1: 0, 71.70943339081633
This round: 243,96
89, 2: 0, 69.1226043596315
This round: 243,77
89, 3: 0, 72.65218547206484
5.6615
5.411099999999999
This round: 120,8
90, 0: 0, 77.68763686583038
This round: 120,7
90, 1: 0, 72.65110005748299
This round: 120,16
90, 2: 0, 69.98927102629816
This round: 120,6
90, 3: 0, 73.60218547206485
5.3577
This round: 131,55
91, 0: 0, 78.26778953758611
This round: 131,28
91, 1: 0, 73.43735959946773
This round: 131,26
91, 2: 0, 70.7907977438554
This round: 131,14
91, 3: 0, 74.4953152430572
5.518400000000001
This round: 342,10
92, 0: 0, 79.23854977150424
This round: 342,105
92, 1: 0, 74.13034205560808
This round: 342,124
92, 2: 0, 71.4282246444402
This round: 342,65
92, 3: 0, 75.30525676352504
5.2595
This round: 112,63
93, 0: 0, 79.67604977150424
This round: 112,65
93, 1: 0, 74.54998491275094
This round: 112,65
93, 2: 0, 71.84786750158307
This round: 112,39
93, 3: 0, 75.95704247781075
5.2505999999999995
This round: 69,6
94, 0: 0, 80.58909324976511
This round: 69,13
94, 1: 0, 75.36157911564949
This round: 69,23
94, 2: 0, 72.51453416824974
This round: 69,17
94, 3: 0, 76.71066566621654
5.3576
This round: 277,6
95, 0: 0, 81.56743259994562
This round: 277,74
95, 1: 0, 76.09443110120905
This round: 277,7
95, 2: 0, 73.489263410127
This round: 277,12
95, 3: 0, 77.66734436657755
5.1969
This round: 89,5
96, 0: 0, 82.51125282466472
This round: 89,11
96, 1: 0, 76.97083559559108
This round: 89,11
96, 2: 0, 74.36566790450902
This round: 89,6
96, 3: 0, 78.59992863624048
5.3933
This round: 96,7
97, 0: 0, 83.43833615799805
This round: 96,17
97, 1: 0, 77.79375226225775
This round: 96,19
97, 2: 0, 75.16775123784235
This round: 96,11
97, 3: 0, 79.48534530290715
5.4648
This round: 48,12
98, 0: 0, 84.18833615799805
This round: 48,13
98, 1: 0, 78.52291892892443
This round: 48,24
98, 2: 0, 75.66775123784235
This round: 48,19
98, 3: 0, 80.08951196957382
5.4289
5.4828
5.3443000000000005
This round: 82,5
99, 0: 0, 85.12736054824195
This round: 82,7
99, 1: 0, 79.4375530752659
This round: 82,6
99, 2: 0, 76.59458050613503
This round: 82,8
99, 3: 0, 80.99195099396407
5.6076999999999995
5.4246
5.339799999999999
This round: 160,40
100, 0: 0, 85.87736054824195
This round: 160,39
100, 1: 0, 80.19380307526589
This round: 160,49
100, 2: 0, 77.28833050613503
This round: 160,40
100, 3: 0, 81.74195099396407
5.500600000000001
5.4736
This round: 70,3
101, 0: 0, 86.83450340538481
This round: 70,10
101, 1: 0, 81.05094593240875
This round: 70,15
101, 2: 0, 78.07404479184932
This round: 70,5
101, 3: 0, 82.6705224225355
5.5362
5.5764000000000005
5.3666
This round: 80,7
102, 0: 0, 87.7470034053848
This round: 80,12
102, 1: 0, 81.90094593240875
This round: 80,17
102, 2: 0, 78.86154479184931
This round: 80,7
102, 3: 0, 83.58302242253549
5.4826999999999995
5.268199999999999
This round: 29,6
103, 0: 0, 88.54010685366066
This round: 29,9
103, 1: 0, 82.59060110482254
This round: 29,8
103, 2: 0, 79.58568272288379
This round: 29,6
103, 3: 0, 84.37612587081135
5.7171
5.446899999999999
5.2862
This round: 56,7
104, 0: 0, 89.41510685366066
This round: 56,12
104, 1: 0, 83.37631539053683
This round: 56,16
104, 2: 0, 80.2999684371695
This round: 56,12
104, 3: 0, 85.16184015652564
5.6256
This round: 68,18
105, 0: 0, 90.15040097130772
This round: 68,25
105, 1: 0, 84.0086683317133
This round: 68,34
105, 2: 0, 80.7999684371695
This round: 68,18
105, 3: 0, 85.8971342741727
5.4647
5.6793000000000005
This round: 65,8
106, 0: 0, 91.0273240482308
This round: 65,7
106, 1: 0, 84.90097602402099
This round: 65,10
106, 2: 0, 81.64612228332334
This round: 65,15
106, 3: 0, 86.66636504340347
5.3754
This round: 86,3
107, 0: 0, 91.99244032730056
This round: 86,7
107, 1: 0, 85.81958067518379
This round: 86,5
107, 2: 0, 82.58798274843961
This round: 86,5
107, 3: 0, 87.60822550851975
5.3933
This round: 75,11
108, 0: 0, 92.8457736606339
This round: 75,9
108, 1: 0, 86.69958067518378
This round: 75,11
108, 2: 0, 83.44131608177295
This round: 75,11
108, 3: 0, 88.46155884185309
5.4648
This round: 57,3
109, 0: 0, 93.79314208168653
This round: 57,10
109, 1: 0, 87.52414207869255
This round: 57,11
109, 2: 0, 84.2483336256326
This round: 57,8
109, 3: 0, 89.3212079646601
5.456
This round: 105,14
110, 0: 0, 94.65980874835319
This round: 105,43
110, 1: 0, 88.11461826916874
This round: 105,46
110, 2: 0, 84.81023838753735
This round: 105,8
110, 3: 0, 90.24501748846963
5.250500000000001
This round: 68,4
111, 0: 0, 95.60098521894142
This round: 68,3
111, 1: 0, 89.07050062210992
This round: 68,30
111, 2: 0, 85.36906191694912
This round: 68,32
111, 3: 0, 90.77442925317551
5.465
This round: 109,8
112, 0: 0, 96.52759072352858
This round: 109,21
112, 1: 0, 89.8778400716512
This round: 109,15
112, 2: 0, 86.23144723805004
This round: 109,20
112, 3: 0, 91.5909430146434
5.2237
This round: 104,5
113, 0: 0, 97.47951380045166
This round: 104,6
113, 1: 0, 90.8201477639589
This round: 104,11
113, 2: 0, 87.12567800728081
This round: 104,10
113, 3: 0, 92.49478916848956
5.4648
This round: 108,13
114, 0: 0, 98.35914343008129
This round: 108,20
114, 1: 0, 91.63496257877371
This round: 108,25
114, 2: 0, 87.89419652579933
This round: 108,22
114, 3: 0, 93.29108546478585
5.3932
This round: 71,10
115, 0: 0, 99.21829835965876
This round: 71,10
115, 1: 0, 92.49411750835118
This round: 71,32
115, 2: 0, 88.44349230044722
This round: 71,28
115, 3: 0, 93.89671926760275
5.3219
This round: 67,8
116, 0: 0, 100.09889537458413
This round: 67,7
116, 1: 0, 93.38963989641088
This round: 67,22
116, 2: 0, 89.115134091492
This round: 67,23
116, 3: 0, 94.5534356855132
5.464899999999999
This round: 90,8
117, 0: 0, 101.01000648569524
This round: 90,13
117, 1: 0, 94.24519545196644
This round: 90,22
117, 2: 0, 89.87068964704756
This round: 90,14
117, 3: 0, 95.39788012995764
5.250400000000001
This round: 50,4
118, 0: 0, 101.93000648569524
This round: 50,8
118, 1: 0, 95.08519545196644
This round: 50,12
118, 2: 0, 90.63068964704756
This round: 50,9
118, 3: 0, 96.21788012995763
5.335299999999999
This round: 284,4
119, 0: 0, 102.91592197865299
This round: 284,18
119, 1: 0, 96.0218151702763
This round: 284,13
119, 2: 0, 91.58491499916023
This round: 284,8
119, 3: 0, 97.18971111587312
5.5003
This round: 86,5
120, 0: 0, 103.85778244376927
This round: 86,8
120, 1: 0, 96.92879191446235
This round: 86,8
120, 2: 0, 92.49189174334629
This round: 86,4
120, 3: 0, 98.14319948796614
5.5765
5.3934
This round: 330,7
121, 0: 0, 104.83657032255715
This round: 330,130
121, 1: 0, 97.53485252052296
This round: 330,8
121, 2: 0, 93.46764931910386
This round: 330,29
121, 3: 0, 99.05532070008735
5.7148
5.571899999999999
5.6435
5.4291
This round: 142,9
122, 0: 0, 105.77319004086701
This round: 141,43
122, 1: 0, 98.22988798151587
This round: 142,46
122, 2: 0, 94.14370565713203
This round: 142,46
122, 3: 0, 99.73137703811553
5.5718
This round: 114,13
123, 0: 0, 106.6591549531477
This round: 114,10
123, 1: 0, 99.14216868327026
This round: 114,47
123, 2: 0, 94.73142495537765
This round: 114,46
123, 3: 0, 100.3278682661857
5.4648
This round: 73,5
124, 0: 0, 107.59066180246278
This round: 73,5
124, 1: 0, 100.07367553258533
This round: 73,9
124, 2: 0, 95.60813728414477
This round: 73,6
124, 3: 0, 101.24567648536379
5.6244
This round: 141,17
125, 0: 0, 108.47009442657625
This round: 141,41
125, 1: 0, 100.78289539074136
This round: 141,31
125, 2: 0, 96.38827912811641
This round: 141,17
125, 3: 0, 102.12510910947726
5.6434
5.5718
This round: 206,30
126, 0: 0, 109.32446335861509
This round: 206,78
126, 1: 0, 101.40425461404233
This round: 206,71
126, 2: 0, 97.04361893394166
This round: 206,60
126, 3: 0, 102.83384697355494
5.2727
This round: 213,23
127, 0: 0, 110.21648213795781
This round: 213,33
127, 1: 0, 102.24932503657755
This round: 213,20
127, 2: 0, 97.94972222032663
This round: 213,45
127, 3: 0, 103.62257936792113
5.3242
5.4023
5.4289000000000005
5.429000000000001
This round: 93,4
128, 0: 0, 111.17347138526964
This round: 93,7
128, 1: 0, 103.17405621937324
This round: 93,7
128, 2: 0, 98.87445340312233
This round: 93,6
128, 3: 0, 104.55806323888888
5.286099999999999
This round: 56,2
129, 0: 0, 112.13775709955534
This round: 56,7
129, 1: 0, 104.04905621937324
This round: 56,8
129, 2: 0, 99.73159626026519
This round: 56,3
129, 3: 0, 105.50449181031745
5.4826
5.4646
This round: 75,11
130, 0: 0, 112.99109043288868
This round: 75,15
130, 1: 0, 104.84905621937324
This round: 75,22
130, 2: 0, 100.43826292693186
This round: 75,12
130, 3: 0, 106.34449181031745
5.410600000000001
This round: 66,7
131, 0: 0, 113.88502982682807
This round: 66,11
131, 1: 0, 105.68238955270657
This round: 66,9
131, 2: 0, 101.30189929056822
This round: 66,8
131, 3: 0, 107.22327968910533
6.036300000000001
5.4291
5.3485
This round: 128,18
132, 0: 0, 114.74440482682807
This round: 128,31
132, 1: 0, 106.44020205270657
This round: 128,21
132, 2: 0, 102.13783679056822
This round: 128,16
132, 3: 0, 108.09827968910533
5.6093
5.5897
This round: 98,5
133, 0: 0, 115.6933844186648
This round: 98,17
133, 1: 0, 107.26673266495146
This round: 98,43
133, 2: 0, 102.69906128036413
This round: 98,16
133, 3: 0, 108.93501438298287
5.359800000000001
5.1878
This round: 71,13
134, 0: 0, 116.51028582711551
This round: 71,25
134, 1: 0, 107.91461998889513
This round: 71,28
134, 2: 0, 103.30469508318103
This round: 71,26
134, 3: 0, 109.56881719988428
5.7238999999999995
5.5408
This round: 50,11
135, 0: 0, 117.29028582711551
This round: 50,10
135, 1: 0, 108.71461998889512
This round: 50,14
135, 2: 0, 104.02469508318103
This round: 50,12
135, 3: 0, 110.32881719988428
5.572
This round: 104,2
136, 0: 0, 118.27105505788474
This round: 104,17
136, 1: 0, 109.55115845043359
This round: 104,10
136, 2: 0, 104.92854123702719
This round: 104,11
136, 3: 0, 111.22304796911506
5.3663
This round: 221,13
137, 0: 0, 119.21223152847297
This round: 221,30
137, 1: 0, 110.41541184409874
This round: 221,8
137, 2: 0, 105.89234214200457
This round: 221,27
137, 3: 0, 112.1008760234137
5.4336
5.4024
This round: 267,11
138, 0: 0, 120.17103302660031
This round: 267,57
138, 1: 0, 111.20192869803132
This round: 267,10
138, 2: 0, 106.85488895848397
This round: 267,18
138, 3: 0, 113.03346029307663
5.2862
5.553999999999999
This round: 112,13
139, 0: 0, 121.05496159802888
This round: 112,29
139, 1: 0, 111.94300012660275
This round: 112,39
139, 2: 0, 107.50667467276968
This round: 112,18
139, 3: 0, 113.87274600736234
5.482600000000001
5.554000000000001
5.4649
This round: 93,16
140, 0: 0, 121.8829185872762
This round: 93,10
140, 1: 0, 112.83547324488232
This round: 93,29
140, 2: 0, 108.19484671578043
This round: 93,10
140, 3: 0, 114.7652191256419
5.4201
5.3174
This round: 90,7
141, 0: 0, 122.80514080949841
This round: 90,28
141, 1: 0, 113.5243621337712
This round: 90,26
141, 2: 0, 108.90595782689154
This round: 90,27
141, 3: 0, 115.46521912564191
5.250299999999999
This round: 163,4
142, 0: 0, 123.7806009321978
This round: 163,12
142, 1: 0, 114.45074250186937
This round: 163,12
142, 2: 0, 109.8323381949897
This round: 163,54
142, 3: 0, 116.13393078208362
5.322
5.4826999999999995
This round: 40,5
143, 0: 0, 124.6556009321978
This round: 40,8
143, 1: 0, 115.25074250186937
This round: 40,6
143, 2: 0, 110.6823381949897
This round: 40,6
143, 3: 0, 116.98393078208362
5.438
This round: 65,9
144, 0: 0, 125.51713939373626
This round: 65,10
144, 1: 0, 116.09689634802321
This round: 65,16
144, 2: 0, 111.43618434883585
This round: 65,13
144, 3: 0, 117.78393078208362
5.438
5.415500000000001
This round: 138,14
145, 0: 0, 126.41569011837394
This round: 138,20
145, 1: 0, 116.95196881179132
This round: 138,20
145, 2: 0, 112.29125681260396
This round: 138,36
145, 3: 0, 118.52306121686622
5.303999999999999
This round: 53,5
146, 0: 0, 127.32135049573243
This round: 53,5
146, 1: 0, 117.8576291891498
This round: 53,5
146, 2: 0, 113.19691718996245
This round: 53,6
146, 3: 0, 119.40985366969642
5.2862
This round: 114,9
147, 0: 0, 128.24240312731138
This round: 114,13
147, 1: 0, 118.7435941014305
This round: 114,19
147, 2: 0, 114.03025052329578
This round: 114,11
147, 3: 0, 120.31336244162624
5.357600000000001
This round: 77,3
148, 0: 0, 129.20344208835033
This round: 77,11
148, 1: 0, 119.60073695857336
This round: 77,10
148, 2: 0, 114.90038039342565
This round: 77,6
148, 3: 0, 121.23544036370416
5.625500000000001
This round: 66,5
149, 0: 0, 130.12768451259277
This round: 66,14
149, 1: 0, 120.38861574645215
This round: 66,24
149, 2: 0, 115.53674402978929
This round: 66,11
149, 3: 0, 122.06877369703749
5.268199999999999
This round: 93,10
150, 0: 0, 131.02015763087235
This round: 93,13
150, 1: 0, 121.24883080021559
This round: 93,7
150, 2: 0, 116.46147521258499
This round: 93,12
150, 3: 0, 122.93974143897297
5.607600000000001
This round: 175,35
151, 0: 0, 131.82015763087236
This round: 175,34
151, 1: 0, 122.05454508592987
This round: 175,54
151, 2: 0, 117.15290378401356
This round: 175,50
151, 3: 0, 123.65402715325868
5.473800000000001
5.2949
This round: 84,8
152, 0: 0, 132.72491953563426
This round: 84,20
152, 1: 0, 122.81644984783463
This round: 84,20
152, 2: 0, 117.91480854591832
This round: 84,19
152, 3: 0, 124.4278366770682
5.285899999999999
This round: 56,4
153, 0: 0, 133.65349096420567
This round: 56,4
153, 1: 0, 123.74502127640606
This round: 56,13
153, 2: 0, 118.68266568877546
This round: 56,5
153, 3: 0, 125.33855096278249
5.1655
This round: 67,9
154, 0: 0, 134.5191626059967
This round: 67,11
154, 1: 0, 124.58084217192845
This round: 67,13
154, 2: 0, 119.48863583802918
This round: 67,9
154, 3: 0, 126.20422260457353
5.59
5.304
This round: 96,9
155, 0: 0, 135.4254126059967
This round: 96,17
155, 1: 0, 125.40375883859512
This round: 96,17
155, 2: 0, 120.31155250469585
This round: 96,9
155, 3: 0, 127.11047260457353
5.4826
5.3933
This round: 105,6
156, 0: 0, 136.36826974885386
This round: 105,37
156, 1: 0, 126.05137788621417
This round: 105,43
156, 2: 0, 120.90202869517205
This round: 105,44
156, 3: 0, 127.69142498552591
5.7195
5.2906
This round: 60,9
157, 0: 0, 137.21826974885386
This round: 60,14
157, 1: 0, 126.81804455288083
This round: 60,13
157, 2: 0, 121.68536202850538
This round: 60,10
157, 3: 0, 128.52475831885926
5.2681000000000004
This round: 67,8
158, 0: 0, 138.09886676377923
This round: 67,16
158, 1: 0, 127.57923858273158
This round: 67,28
158, 2: 0, 122.2674515807442
This round: 67,13
158, 3: 0, 129.330728468113
5.1876999999999995
This round: 72,8
159, 0: 0, 138.9877556526681
This round: 72,18
159, 1: 0, 128.3292385827316
This round: 72,20
159, 2: 0, 122.98967380296642
This round: 72,12
159, 3: 0, 130.16406180144634
5.179
This round: 99,5
160, 0: 0, 139.93725060216306
This round: 99,20
160, 1: 0, 129.12721838071138
This round: 99,19
160, 2: 0, 123.79775461104722
This round: 99,13
160, 3: 0, 131.0327486701332
5.929200000000001
5.3532
This round: 105,6
161, 0: 0, 140.8801077450202
This round: 105,47
161, 1: 0, 129.67959933309234
This round: 105,42
161, 2: 0, 124.39775461104722
This round: 105,41
161, 3: 0, 131.642272479657
5.625500000000001
5.303999999999999
This round: 48,13
162, 0: 0, 141.60927441168687
This round: 48,23
162, 1: 0, 130.20043266642568
This round: 48,25
162, 2: 0, 124.87692127771389
This round: 48,14
162, 3: 0, 132.35060581299035
5.5005
This round: 128,5
163, 0: 0, 142.57021191168687
This round: 128,33
163, 1: 0, 130.94262016642568
This round: 128,23
163, 2: 0, 125.69723377771389
This round: 128,9
163, 3: 0, 133.28029331299035
5.321700000000001
This round: 218,90
164, 0: 0, 143.15736787498963
This round: 218,27
164, 1: 0, 131.81876695541652
This round: 218,38
164, 2: 0, 126.52292185110839
This round: 218,35
164, 3: 0, 134.11974285427476
5.4647
This round: 54,7
165, 0: 0, 144.02773824536
This round: 54,11
165, 1: 0, 132.61506325171283
This round: 54,18
165, 2: 0, 127.18958851777506
This round: 54,7
165, 3: 0, 134.99011322464514
5.2504
This round: 91,4
166, 0: 0, 144.98378220140395
This round: 91,6
166, 1: 0, 133.54912918577875
This round: 91,17
166, 2: 0, 128.00277533096187
This round: 91,12
166, 3: 0, 135.858245092777
5.625600000000001
This round: 79,16
167, 0: 0, 145.78125055583433
This round: 79,37
167, 1: 0, 134.080774755399
This round: 79,35
167, 2: 0, 128.55973735627833
This round: 79,18
167, 3: 0, 136.63039699151116
5.2459999999999996
This round: 42,8
168, 0: 0, 146.59077436535813
This round: 42,8
168, 1: 0, 134.8902985649228
This round: 42,11
168, 2: 0, 129.29783259437357
This round: 42,7
168, 3: 0, 137.4637303248445
5.572
5.3754
This round: 104,17
169, 0: 0, 147.42731282689658
This round: 104,2
169, 1: 0, 135.87106779569203
This round: 104,17
169, 2: 0, 130.13437105591203
This round: 104,11
169, 3: 0, 138.35796109407528
5.272600000000001
This round: 268,136
170, 0: 0, 147.91985014032943
This round: 268,170
170, 1: 0, 136.23673943748307
This round: 268,167
170, 2: 0, 130.5112367275538
This round: 268,165
170, 3: 0, 138.74228945228424
5.358700000000001
This round: 61,19
171, 0: 0, 148.60837473049335
This round: 61,24
171, 1: 0, 136.84329681453224
This round: 61,19
171, 2: 0, 131.19976131771773
This round: 61,18
171, 3: 0, 139.44720748507112
5.3933
5.4112
5.572000000000001
5.339700000000001
5.1967
This round: 90,7
172, 0: 0, 149.53059695271557
This round: 90,5
172, 1: 0, 137.7877412589767
This round: 90,3
172, 2: 0, 132.1664279843844
This round: 90,4
172, 3: 0, 140.40276304062667
5.5186
5.4278
This round: 230,87
173, 0: 0, 150.15233608315035
This round: 230,186
173, 1: 0, 137.97904560680277
This round: 230,186
173, 2: 0, 132.35773233221047
This round: 230,90
173, 3: 0, 141.01145869280057
5.4112
5.6435
5.4424
This round: 113,77
174, 0: 0, 150.4709201539468
This round: 113,75
174, 1: 0, 138.31532879264347
This round: 113,77
174, 2: 0, 132.67631640300692
This round: 113,73
174, 3: 0, 141.36544099368552
5.4827
5.464700000000001
This round: 61,7
175, 0: 0, 151.35616605558613
This round: 61,6
175, 1: 0, 139.21696813690576
This round: 61,17
175, 2: 0, 133.39762787841676
This round: 61,9
175, 3: 0, 142.21790001007898
5.5719
5.6433
5.3229999999999995
This round: 459,12
176, 0: 0, 152.33002226473644
This round: 459,183
176, 1: 0, 139.81827532644826
This round: 459,12
176, 2: 0, 134.37148408756707
This round: 459,30
176, 3: 0, 143.1525405329548
5.286099999999999
This round: 90,7
177, 0: 0, 153.25224448695866
This round: 90,12
177, 1: 0, 140.68494199311493
This round: 90,16
177, 2: 0, 135.1937063097893
This round: 90,9
177, 3: 0, 144.0525405329548
5.4647
5.8221
5.3958
5.2148
This round: 35,8
178, 0: 0, 154.02367305838723
This round: 35,7
178, 1: 0, 141.48494199311494
This round: 35,9
178, 2: 0, 135.93656345264642
This round: 35,10
178, 3: 0, 144.76682624724052
5.429399999999999
This round: 89,11
179, 0: 0, 154.90007755276926
This round: 89,7
179, 1: 0, 142.4062903077217
This round: 89,12
179, 2: 0, 136.80173199197228
This round: 89,9
179, 3: 0, 145.6657026517349
5.4648
This round: 59,7
180, 0: 0, 155.78143348497264
This round: 59,14
180, 1: 0, 143.16900217212847
This round: 59,13
180, 2: 0, 137.58139300892142
This round: 59,10
180, 3: 0, 146.49621112631118
5.1788
This round: 318,18
181, 0: 0, 156.72482971138774
This round: 318,92
181, 1: 0, 143.87969399602784
This round: 318,91
181, 2: 0, 138.29522948690885
This round: 318,5
181, 3: 0, 147.48048785587093
5.3574
5.5006
This round: 195,13
182, 0: 0, 157.65816304472108
This round: 195,25
182, 1: 0, 144.7514888678227
This round: 195,24
182, 2: 0, 139.17215256383193
This round: 195,21
182, 3: 0, 148.37279554817863
5.2816
This round: 29,3
183, 0: 0, 158.55471476885901
This round: 29,9
183, 1: 0, 145.44114404023648
This round: 29,7
183, 2: 0, 139.9307732534871
This round: 29,7
183, 3: 0, 149.1314162378338
5.4691
This round: 50,11
184, 0: 0, 159.33471476885902
This round: 50,13
184, 1: 0, 146.1811440402365
This round: 50,14
184, 2: 0, 140.6507732534871
This round: 50,14
184, 3: 0, 149.8514162378338
5.571899999999999
This round: 48,3
185, 0: 0, 160.27221476885902
This round: 48,7
185, 1: 0, 147.03531070690315
This round: 48,7
185, 2: 0, 141.50493992015376
This round: 48,6
185, 3: 0, 150.7264162378338
5.3575
5.395600000000001
5.4113
This round: 106,13
186, 0: 0, 161.14957325942504
This round: 106,14
186, 1: 0, 147.90323523520505
This round: 106,15
186, 2: 0, 142.3634304861915
This round: 106,14
186, 3: 0, 151.5943407661357
5.527299999999999
5.6432
This round: 218,33
187, 0: 0, 161.99819711263603
This round: 218,60
187, 1: 0, 148.62800587740688
This round: 218,46
187, 2: 0, 143.15242131187958
This round: 218,43
187, 3: 0, 152.39709305971368
5.448000000000001
5.358099999999999
This round: 92,7
188, 0: 0, 162.9221101561143
This round: 92,22
188, 1: 0, 149.38887544262428
This round: 92,21
188, 2: 0, 143.92416044231436
This round: 92,20
188, 3: 0, 153.17970175536587
5.2013
This round: 63,5
189, 0: 0, 163.8427450767492
This round: 63,6
189, 1: 0, 150.29363734738618
This round: 63,17
189, 2: 0, 144.6543191724731
This round: 63,14
189, 3: 0, 153.95747953314364
5.536300000000001
5.312400000000001
This round: 113,25
190, 0: 0, 164.6215061386961
This round: 113,18
190, 1: 0, 151.13434531198794
This round: 113,29
190, 2: 0, 145.3976820043315
This round: 113,19
190, 3: 0, 154.78933794022328
5.5006
This round: 86,29
191, 0: 0, 165.28429683637052
This round: 86,43
191, 1: 0, 151.63434531198794
This round: 86,8
191, 2: 0, 146.30465874851754
This round: 86,43
191, 3: 0, 155.28933794022328
5.282100000000001
5.5271
5.1978
This round: 66,4
192, 0: 0, 166.22369077576445
This round: 66,9
192, 1: 0, 152.49798167562432
This round: 66,4
192, 2: 0, 147.24405268791148
This round: 66,5
192, 3: 0, 156.2135803644657
5.129899999999998
5.4472000000000005
5.643299999999999
This round: 82,8
193, 0: 0, 167.1261298001547
This round: 82,16
193, 1: 0, 153.3028597244048
This round: 82,12
193, 2: 0, 148.09771122449683
This round: 82,13
193, 3: 0, 157.05504377909986
5.607600000000001
5.313
This round: 79,12
194, 0: 0, 167.97423106597748
This round: 79,9
194, 1: 0, 154.1889356737719
This round: 79,15
194, 2: 0, 148.90783780677532
This round: 79,13
194, 3: 0, 157.89048681707453
5.6155
5.5897
This round: 80,3
195, 0: 0, 168.93673106597748
This round: 80,7
195, 1: 0, 155.1014356737719
This round: 80,11
195, 2: 0, 149.77033780677533
This round: 80,8
195, 3: 0, 158.79048681707454
5.228
This round: 249,14
196, 0: 0, 169.8805061663791
This round: 249,55
196, 1: 0, 155.88055213963537
This round: 249,47
196, 2: 0, 150.581582786695
This round: 249,34
196, 3: 0, 159.65394063233558
5.3196
This round: 83,15
197, 0: 0, 170.69978327481283
This round: 83,8
197, 1: 0, 156.7841665974667
This round: 83,26
197, 2: 0, 151.26832977464682
This round: 83,10
197, 3: 0, 160.53345870462473
5.4402
This round: 100,7
198, 0: 0, 171.62978327481284
This round: 100,6
198, 1: 0, 157.7241665974667
This round: 100,10
198, 2: 0, 152.16832977464682
This round: 100,4
198, 3: 0, 161.49345870462474
5.355300000000001
This round: 33,9
199, 0: 0, 172.35705600208556
This round: 33,11
199, 1: 0, 158.39083326413336
This round: 33,12
199, 2: 0, 152.80469341101045
This round: 33,9
199, 3: 0, 162.22073143189746
