5.3576999999999995
This round: 76,0
0, 0: 1, 1.0
This round: 76,0
0, 1: 1, 1.0
This round: 76,0
0, 2: 1, 1.0
This round: 76,0
0, 3: 1, 1.0
5.3574
This round: 44,1
1, 0: 1, 1.9772727272727273
This round: 44,6
1, 1: 1, 1.8636363636363638
This round: 44,6
1, 2: 1, 1.8636363636363638
This round: 44,6
1, 3: 1, 1.8636363636363638
5.2504
This round: 196,1
2, 0: 1, 2.972170686456401
This round: 196,52
2, 1: 1, 2.598330241187384
This round: 196,20
2, 2: 1, 2.7615955473098333
This round: 196,6
2, 3: 1, 2.8330241187384044
5.2103
This round: 81,3
3, 0: 1, 3.9351336494193636
This round: 81,19
3, 1: 1, 3.363762339952816
This round: 81,15
3, 2: 1, 3.576410362124648
This round: 81,2
3, 3: 1, 3.808332760713713
5.2325
This round: 18,2
4, 0: 1, 4.8240225383082525
This round: 18,4
4, 1: 1, 4.141540117730594
This round: 18,5
4, 2: 1, 4.29863258434687
This round: 18,2
4, 3: 1, 4.697221649602602
5.5718
This round: 93,0
5, 0: 2, 5.8240225383082525
This round: 93,1
5, 1: 1, 5.130787429558551
This round: 93,11
5, 2: 1, 5.180353014454397
This round: 93,11
5, 3: 1, 5.578942079710129
5.4468
This round: 32,2
6, 0: 2, 6.7615225383082525
This round: 32,2
6, 1: 1, 6.068287429558551
This round: 32,5
6, 2: 1, 6.024103014454397
This round: 32,1
6, 3: 1, 6.547692079710129
5.3843
This round: 42,1
7, 0: 2, 7.737713014498729
This round: 42,2
7, 1: 1, 7.020668381939504
This round: 42,2
7, 2: 1, 6.9764839668353495
This round: 42,1
7, 3: 1, 7.523882555900605
5.304
This round: 62,2
8, 0: 2, 8.705454949982599
This round: 62,8
8, 1: 1, 7.891636123874988
This round: 62,12
8, 2: 1, 7.7829355797385755
This round: 62,12
8, 3: 1, 8.33033416880383
5.3398
5.312899999999999
This round: 55,1
9, 0: 2, 9.687273131800781
This round: 55,2
9, 1: 1, 8.855272487511352
This round: 55,2
9, 2: 1, 8.746571943374938
This round: 55,1
9, 3: 1, 9.312152350622013
5.1968000000000005
This round: 31,0
10, 0: 3, 10.687273131800781
This round: 31,5
10, 1: 1, 9.693982164930706
This round: 31,5
10, 2: 1, 9.585281620794293
This round: 31,4
10, 3: 1, 10.183120092557497
5.2951999999999995
5.2862
5.375399999999999
This round: 72,0
11, 0: 4, 11.687273131800781
This round: 72,2
11, 1: 1, 10.666204387152927
This round: 72,3
11, 2: 1, 10.543614954127627
This round: 72,1
11, 3: 1, 11.169231203668607
5.4468
This round: 204,0
12, 0: 5, 12.687273131800781
This round: 204,1
12, 1: 1, 11.661302426368614
This round: 204,12
12, 2: 1, 11.484791424715862
This round: 204,12
12, 3: 1, 12.110407674256843
5.4635
This round: 158,2
13, 0: 5, 13.67461490395268
This round: 158,16
13, 1: 1, 12.560036603583804
This round: 158,10
13, 2: 1, 12.421500285475355
This round: 158,12
13, 3: 1, 13.034458307168235
5.4113
5.643299999999999
5.286099999999999
This round: 113,0
14, 0: 6, 14.67461490395268
This round: 113,0
14, 1: 2, 13.560036603583804
This round: 113,0
14, 2: 2, 13.421500285475355
This round: 113,0
14, 3: 2, 14.034458307168235
5.3399
This round: 127,9
15, 0: 6, 15.603748762220397
This round: 127,10
15, 1: 2, 14.481296446103489
This round: 127,12
15, 2: 2, 14.327012096498978
This round: 127,10
15, 3: 2, 14.95571814968792
5.2931
This round: 21,1
16, 0: 6, 16.556129714601347
This round: 21,1
16, 1: 2, 15.433677398484441
This round: 21,6
16, 2: 2, 15.041297810784691
This round: 21,2
16, 3: 2, 15.860480054449825
5.4649
5.6612
This round: 52,4
17, 0: 6, 17.47920663767827
This round: 52,2
17, 1: 2, 16.3952158600229
This round: 52,5
17, 2: 2, 15.945143964630844
This round: 52,4
17, 3: 2, 16.783556977526747
5.3619
5.330900000000001
This round: 37,1
18, 0: 6, 18.452179610651243
This round: 37,7
18, 1: 2, 17.20602667083371
This round: 37,3
18, 2: 2, 16.864062883549764
This round: 37,3
18, 3: 2, 17.702475896445666
5.3755
This round: 75,0
19, 0: 7, 19.452179610651243
This round: 75,2
19, 1: 2, 18.179360004167044
This round: 75,1
19, 2: 2, 17.850729550216432
This round: 75,1
19, 3: 2, 18.689142563112334
5.233699999999999
This round: 26,3
20, 0: 7, 20.336794995266626
This round: 26,3
20, 1: 2, 19.063975388782428
This round: 26,3
20, 2: 2, 18.735344934831815
This round: 26,4
20, 3: 2, 19.53529640926618
5.214700000000001
This round: 116,0
21, 0: 8, 21.336794995266626
This round: 116,1
21, 1: 2, 20.055354699127257
This round: 116,39
21, 2: 2, 19.399138038280093
This round: 116,3
21, 3: 2, 20.509434340300665
5.2505
This round: 60,3
22, 0: 8, 22.286794995266625
This round: 60,8
22, 1: 2, 20.922021365793924
This round: 60,13
22, 2: 2, 20.182471371613428
This round: 60,22
22, 3: 2, 21.142767673633998
5.4647
5.4291
This round: 30,0
23, 0: 9, 23.286794995266625
This round: 30,2
23, 1: 2, 21.855354699127258
This round: 30,3
23, 2: 2, 21.082471371613426
This round: 30,3
23, 3: 2, 22.042767673633996
5.437900000000001
5.326199999999999
This round: 66,6
24, 0: 9, 24.195885904357535
This round: 66,7
24, 1: 2, 22.749294093066652
This round: 66,12
24, 2: 2, 21.900653189795243
This round: 66,11
24, 3: 2, 22.87610100696733
5.3218000000000005
This round: 46,0
25, 0: 10, 25.195885904357535
This round: 46,2
25, 1: 2, 23.705815832197086
This round: 46,3
25, 2: 2, 22.835435798490895
This round: 46,2
25, 3: 2, 23.832622746097762
5.1077
This round: 390,1
26, 0: 10, 26.19332180179343
This round: 390,85
26, 1: 2, 24.487867114248367
This round: 390,198
26, 2: 2, 23.32774349079859
This round: 390,194
26, 3: 2, 24.335186848661863
5.6434
5.1522
This round: 34,0
27, 0: 11, 27.19332180179343
This round: 34,2
27, 1: 2, 25.429043584836602
This round: 34,2
27, 2: 2, 24.268919961386825
This round: 34,1
27, 3: 2, 25.30577508395598
5.4514
This round: 65,7
28, 0: 11, 28.085629494101124
This round: 65,10
28, 1: 2, 26.27519743099045
This round: 66,11
28, 2: 2, 25.102253294720157
This round: 65,12
28, 3: 2, 26.121159699340595
5.1388
This round: 59,2
29, 0: 11, 29.051731189016376
This round: 59,8
29, 1: 2, 27.139604210651466
This round: 59,23
29, 2: 2, 25.71242278624558
This round: 59,25
29, 3: 2, 26.697430885781273
5.2862
This round: 29,6
30, 0: 11, 29.844834637292237
This round: 29,5
30, 1: 2, 27.967190417548018
This round: 29,6
30, 2: 2, 26.50552623452144
This round: 29,6
30, 3: 2, 27.490534334057134
5.303999999999999
This round: 81,0
31, 0: 12, 30.844834637292237
This round: 81,1
31, 1: 2, 28.954844738535673
This round: 81,1
31, 2: 2, 27.493180555509095
This round: 81,1
31, 3: 2, 28.47818865504479
5.5072
5.232499999999999
This round: 195,22
32, 0: 12, 31.732014124471725
This round: 195,43
32, 1: 2, 29.734331918022853
This round: 195,29
32, 2: 2, 28.344462606791147
This round: 195,34
32, 3: 2, 29.303829680685816
5.2241
This round: 27,3
33, 0: 12, 32.62090301336061
This round: 27,4
33, 1: 2, 30.586183769874705
This round: 27,6
33, 2: 2, 29.122240384568926
This round: 27,4
33, 3: 2, 30.155681532537667
5.358699999999999
This round: 63,0
34, 0: 13, 33.62090301336061
This round: 63,12
34, 1: 2, 31.395707579398515
This round: 63,11
34, 2: 2, 29.94763720996575
This round: 63,0
34, 3: 3, 31.155681532537667
5.3508000000000004
This round: 52,0
35, 0: 14, 34.62090301336061
This round: 52,4
35, 1: 2, 32.31878450247544
This round: 52,4
35, 2: 2, 30.870714133042675
This round: 52,2
35, 3: 3, 32.11721999407613
5.268299999999999
This round: 74,1
36, 0: 14, 35.607389499847095
This round: 74,1
36, 1: 2, 33.30527098896192
This round: 74,2
36, 2: 2, 31.843687106015647
This round: 74,1
36, 3: 3, 33.103706480562614
5.3039
This round: 33,2
37, 0: 14, 36.54678343924103
This round: 33,1
37, 1: 2, 34.27496795865889
This round: 33,6
37, 2: 2, 32.661868924197464
This round: 33,1
37, 3: 3, 34.07340345025958
5.3576
This round: 93,1
38, 0: 14, 37.53603075106899
This round: 93,10
38, 1: 2, 35.16744107693846
This round: 93,43
38, 2: 2, 33.199503332799615
This round: 93,9
38, 3: 3, 34.9766292567112
5.3218
This round: 72,2
39, 0: 14, 38.50825297329121
This round: 71,4
39, 1: 2, 36.11110304876944
This round: 72,15
39, 2: 2, 33.99116999946628
This round: 72,13
39, 3: 3, 35.79607370115564
5.295100000000001
This round: 32,0
40, 0: 15, 39.50825297329121
This round: 32,1
40, 1: 2, 37.07985304876944
This round: 32,3
40, 2: 2, 34.89741999946628
This round: 32,3
40, 3: 3, 36.70232370115564
5.1789
5.7148
5.393599999999999
5.2866
This round: 110,14
41, 0: 15, 40.38098024601849
This round: 110,32
41, 1: 2, 37.788943957860354
This round: 110,22
41, 2: 2, 35.69741999946628
This round: 110,18
41, 3: 3, 37.53868733751928
5.464900000000001
This round: 86,2
42, 0: 15, 41.357724432065
This round: 86,26
42, 1: 2, 38.486618376465
This round: 86,29
42, 2: 2, 36.360210697140694
This round: 86,29
42, 3: 3, 38.201478035193695
5.6879
5.353599999999999
This round: 35,3
43, 0: 15, 42.27201014635071
This round: 35,3
43, 1: 2, 39.400904090750714
This round: 35,3
43, 2: 2, 37.274496411426405
This round: 35,3
43, 3: 3, 39.115763749479406
5.241300000000001
This round: 97,0
44, 0: 16, 43.27201014635071
This round: 97,1
44, 1: 2, 40.390594812400195
This round: 97,3
44, 2: 2, 38.243568576374855
This round: 97,2
44, 3: 3, 40.095145192778375
5.5228
This round: 41,2
45, 0: 16, 44.22322965854583
This round: 41,2
45, 1: 2, 41.34181432459532
This round: 41,2
45, 2: 2, 39.19478808856998
This round: 41,2
45, 3: 3, 41.0463647049735
5.5543000000000005
5.572
This round: 41,4
46, 0: 16, 45.12566868293608
This round: 41,10
46, 1: 2, 42.09791188557093
This round: 41,7
46, 2: 2, 40.024056381252905
This round: 41,6
46, 3: 3, 41.90002324155886
5.357600000000001
This round: 92,1
47, 0: 16, 46.11479911771869
This round: 92,2
47, 1: 2, 43.07617275513615
This round: 92,2
47, 2: 2, 41.00231725081812
This round: 92,4
47, 3: 3, 42.8565449806893
5.7326
5.4646
This round: 38,0
48, 0: 17, 47.11479911771869
This round: 38,0
48, 1: 3, 44.07617275513615
This round: 38,2
48, 2: 2, 41.94968567187075
This round: 38,0
48, 3: 4, 43.8565449806893
5.3933
This round: 64,2
49, 0: 17, 48.08354911771869
This round: 64,10
49, 1: 3, 44.91992275513615
This round: 64,5
49, 2: 2, 42.87156067187075
This round: 64,5
49, 3: 4, 44.7784199806893
5.5185
5.2170000000000005
This round: 56,3
50, 0: 17, 49.02997768914726
This round: 56,9
50, 1: 3, 45.759208469421864
This round: 56,11
50, 2: 2, 43.675132100442184
This round: 56,3
50, 3: 4, 45.72484855211787
5.2773
5.2748
This round: 30,1
51, 0: 17, 49.99664435581393
This round: 30,3
51, 1: 3, 46.65920846942186
This round: 30,2
51, 2: 2, 44.608465433775514
This round: 30,2
51, 3: 4, 46.6581818854512
5.411099999999999
This round: 55,1
52, 0: 17, 50.97846253763211
This round: 55,3
52, 1: 3, 47.60466301487641
This round: 55,3
52, 2: 2, 45.55391997923006
This round: 55,2
52, 3: 4, 47.62181824908756
5.2861
5.411
This round: 18,4
53, 0: 17, 51.75624031540989
This round: 18,5
53, 1: 3, 48.32688523709863
This round: 18,5
53, 2: 2, 46.27614220145228
This round: 18,3
53, 3: 4, 48.455151582420896
5.205699999999999
This round: 46,0
54, 0: 18, 52.75624031540989
This round: 46,3
54, 1: 3, 49.26166784579428
This round: 46,3
54, 2: 2, 47.21092481014793
This round: 46,1
54, 3: 4, 49.433412451986115
5.375400000000001
5.3530999999999995
This round: 31,2
55, 0: 18, 53.691724186377634
This round: 31,4
55, 1: 3, 50.13263558772976
This round: 31,9
55, 2: 2, 47.92060222950277
This round: 31,5
55, 3: 4, 50.27212212940547
5.7148
5.3934
This round: 39,1
56, 0: 18, 54.666083160736605
This round: 39,2
56, 1: 3, 51.08135353644771
This round: 39,2
56, 2: 2, 48.86932017822072
This round: 39,2
56, 3: 4, 51.220840078123416
5.4289000000000005
This round: 48,2
57, 0: 18, 55.62441649406994
This round: 48,3
57, 1: 3, 52.01885353644771
This round: 48,10
57, 2: 2, 49.66098684488738
This round: 48,3
57, 3: 4, 52.158340078123416
5.500400000000001
This round: 38,2
58, 0: 18, 56.57178491512257
This round: 38,5
58, 1: 3, 52.88727458907929
This round: 38,8
58, 2: 2, 50.45046052909791
This round: 38,6
58, 3: 4, 53.00044534128131
5.5363
5.3397
5.4433
5.3598
This round: 67,0
59, 0: 19, 57.57178491512257
This round: 67,2
59, 1: 3, 53.85742384281063
This round: 67,2
59, 2: 2, 51.42060978282925
This round: 67,1
59, 3: 4, 53.98551996814699
5.3804
5.3039
This round: 52,6
60, 0: 19, 58.45640029973796
This round: 52,23
60, 1: 3, 54.41511615050294
This round: 52,10
60, 2: 2, 52.22830209052156
This round: 52,12
60, 3: 4, 54.754750737377755
5.4648
This round: 47,7
61, 0: 19, 59.307464129525194
This round: 47,7
61, 1: 3, 55.266179980290175
This round: 47,7
61, 2: 2, 53.079365920308796
This round: 47,7
61, 3: 4, 55.60581456716499
5.4155999999999995
This round: 61,12
62, 0: 19, 60.110742818049786
This round: 61,2
62, 1: 3, 56.23339309504427
This round: 61,2
62, 2: 2, 54.04657903506289
This round: 61,10
62, 3: 4, 56.44188014093548
5.3977
This round: 86,0
63, 0: 20, 61.110742818049786
This round: 86,15
63, 1: 3, 57.058974490393105
This round: 86,19
63, 2: 2, 54.82564880250475
This round: 86,15
63, 3: 4, 57.267461536284316
5.3576
This round: 62,5
64, 0: 20, 62.030097656759466
This round: 62,23
64, 1: 3, 57.688006748457624
This round: 62,23
64, 2: 2, 55.45468106056927
This round: 62,6
64, 3: 4, 58.17068734273593
5.3575
5.4111
5.38
This round: 58,9
65, 0: 20, 62.87492524296636
This round: 58,15
65, 1: 3, 58.42938605880245
This round: 58,14
65, 2: 2, 56.213301750224446
This round: 58,15
65, 3: 4, 58.91206665308076
5.447
This round: 53,0
66, 0: 21, 63.87492524296636
This round: 53,1
66, 1: 3, 59.41051813427415
This round: 53,3
66, 2: 2, 57.15669797663954
This round: 53,1
66, 3: 4, 59.893198728552456
5.5184
This round: 33,5
67, 0: 21, 64.72341009145121
This round: 33,3
67, 1: 3, 60.319609043365055
This round: 33,7
67, 2: 2, 57.94457676451833
This round: 33,5
67, 3: 4, 60.74168357703731
5.750600000000001
5.3577
5.643300000000001
5.313000000000001
This round: 65,2
68, 0: 21, 65.69264086068198
This round: 65,1
68, 1: 3, 61.304224427980444
This round: 65,6
68, 2: 2, 58.85226907221064
This round: 65,10
68, 3: 4, 61.587837423191154
5.3063
This round: 92,2
69, 0: 21, 66.6709017302472
This round: 92,1
69, 1: 3, 62.29335486276305
This round: 92,5
69, 2: 2, 59.797921246123686
This round: 92,5
69, 3: 4, 62.5334895971042
5.134399999999999
This round: 29,2
70, 0: 21, 67.60193621300581
This round: 29,2
70, 1: 3, 63.22438934552167
This round: 29,3
70, 2: 2, 60.694472970261614
This round: 29,2
70, 3: 4, 63.46452407986282
5.5184
5.3039
This round: 19,1
71, 0: 21, 68.54930463405844
This round: 19,1
71, 1: 3, 64.1717577665743
This round: 19,3
71, 2: 2, 61.53657823341951
This round: 19,2
71, 3: 4, 64.35926092196809
5.5093000000000005
This round: 46,0
72, 0: 22, 69.54930463405844
This round: 46,2
72, 1: 3, 65.12827950570474
This round: 46,2
72, 2: 2, 62.49309997254995
This round: 46,2
72, 3: 4, 65.31578266109852
5.4291
5.643500000000001
5.188000000000001
This round: 34,6
73, 0: 22, 70.37283404582315
This round: 34,6
73, 1: 3, 65.95180891746945
This round: 34,7
73, 2: 2, 63.287217619608775
This round: 34,6
73, 3: 4, 66.13931207286323
5.214599999999999
This round: 23,3
74, 0: 22, 71.24239926321445
This round: 23,4
74, 1: 3, 66.77789587399118
This round: 23,5
74, 2: 2, 64.06982631526095
This round: 23,4
74, 3: 4, 66.96539902938497
5.509600000000001
5.2416
This round: 37,3
75, 0: 22, 72.16131818213337
This round: 37,3
75, 1: 3, 67.6968147929101
This round: 37,3
75, 2: 2, 64.98874523417987
This round: 37,3
75, 3: 4, 67.88431794830389
5.4514
5.2862
5.219099999999999
This round: 26,4
76, 0: 22, 73.00747202828721
This round: 26,4
76, 1: 3, 68.54296863906394
This round: 26,6
76, 2: 2, 65.75797600341065
This round: 26,3
76, 3: 4, 68.76893333291927
5.5093000000000005
5.723700000000001
5.536299999999999
5.536199999999999
This round: 62,2
77, 0: 22, 73.97521396377108
This round: 62,11
77, 1: 3, 69.36554928422524
This round: 62,2
77, 2: 2, 66.72571793889452
This round: 62,2
77, 3: 4, 69.73667526840315
5.6523
5.3574
5.428999999999999
This round: 48,2
78, 0: 22, 74.93354729710441
This round: 48,2
78, 1: 3, 70.32388261755857
This round: 48,3
78, 2: 2, 67.66321793889452
This round: 48,2
78, 3: 4, 70.69500860173648
5.3064
This round: 39,1
79, 0: 22, 75.90790627146339
This round: 39,2
79, 1: 3, 71.27260056627651
This round: 39,8
79, 2: 2, 68.45808973376631
This round: 39,8
79, 3: 4, 71.48988039660827
5.3219
This round: 46,0
80, 0: 23, 76.90790627146339
This round: 46,0
80, 1: 4, 72.27260056627651
This round: 46,2
80, 2: 2, 69.41461147289675
This round: 46,0
80, 3: 5, 72.48988039660827
5.3933
This round: 76,11
81, 0: 23, 77.76316942935813
This round: 76,4
81, 1: 4, 73.21996898732914
This round: 76,6
81, 2: 2, 70.3356641044757
This round: 76,7
81, 3: 5, 73.39777513345038
5.3174
This round: 59,21
82, 0: 23, 78.4072372259683
This round: 59,36
82, 1: 4, 73.60979949580371
This round: 59,36
82, 2: 2, 70.72549461295027
This round: 59,35
82, 3: 5, 73.80455479446734
5.3398
This round: 38,4
83, 0: 23, 79.30197406807356
This round: 38,9
83, 1: 4, 74.37295739054055
This round: 38,9
83, 2: 2, 71.4886525076871
This round: 38,5
83, 3: 5, 74.67297584709891
5.304
5.0895
This round: 68,0
84, 0: 24, 80.30197406807356
This round: 68,17
84, 1: 4, 75.12295739054055
This round: 68,6
84, 2: 2, 72.40041721356945
This round: 68,1
84, 3: 5, 75.65826996474597
5.5005999999999995
This round: 46,4
85, 0: 24, 81.21501754633444
This round: 46,2
85, 1: 4, 76.07947912967099
This round: 46,3
85, 2: 2, 73.33519982226511
This round: 46,2
85, 3: 5, 76.6147917038764
5.1611
This round: 38,0
86, 0: 25, 82.21501754633444
This round: 38,1
86, 1: 4, 77.0531633401973
This round: 38,4
86, 2: 2, 74.22993666437037
This round: 38,1
86, 3: 5, 77.58847591440272
5.304
This round: 98,1
87, 0: 25, 83.20481346470179
This round: 98,6
87, 1: 4, 77.99193885040138
This round: 98,6
87, 2: 2, 75.16871217457445
This round: 98,6
87, 3: 5, 78.5272514246068
5.4971000000000005
5.214700000000001
This round: 35,3
88, 0: 25, 84.1190991789875
This round: 35,4
88, 1: 4, 78.87765313611567
This round: 35,5
88, 2: 2, 76.02585503171731
This round: 35,3
88, 3: 5, 79.44153713889251
5.3935
5.5585
This round: 93,10
89, 0: 25, 85.01157229726707
This round: 93,3
89, 1: 4, 79.84539507159954
This round: 93,17
89, 2: 2, 76.84305933279258
This round: 93,1
89, 3: 5, 80.43078445072047
5.393200000000001
5.4825
5.433600000000001
5.3753
This round: 32,1
90, 0: 25, 85.98032229726707
This round: 32,2
90, 1: 4, 80.78289507159954
This round: 32,4
90, 2: 2, 77.71805933279258
This round: 32,4
90, 3: 5, 81.30578445072047
5.3664
5.375299999999999
This round: 39,3
91, 0: 25, 86.90339922034399
This round: 39,3
91, 1: 4, 81.70597199467646
This round: 39,7
91, 2: 2, 78.5385721533054
This round: 39,3
91, 3: 5, 82.22886137379739
5.3933
This round: 45,0
92, 0: 26, 87.90339922034399
This round: 45,0
92, 1: 5, 82.70597199467646
This round: 45,2
92, 2: 2, 79.49412770886094
This round: 45,0
92, 3: 6, 83.22886137379739
5.304100000000001
This round: 83,0
93, 0: 27, 88.90339922034399
This round: 83,5
93, 1: 5, 83.64573103082104
This round: 83,1
93, 2: 2, 80.48207951608985
This round: 83,1
93, 3: 6, 84.2168131810263
5.2683
This round: 21,1
94, 0: 27, 89.85578017272493
This round: 21,2
94, 1: 5, 84.55049293558294
This round: 21,3
94, 2: 2, 81.33922237323272
This round: 21,2
94, 3: 6, 85.1215750857882
5.500399999999999
5.679099999999999
5.4291
5.321900000000001
This round: 123,5
95, 0: 27, 90.81512976622086
This round: 123,1
95, 1: 5, 85.54236285428212
This round: 123,2
95, 2: 2, 82.32296221063109
This round: 123,0
95, 3: 7, 86.1215750857882
5.161200000000001
This round: 25,1
96, 0: 27, 91.77512976622086
This round: 25,2
96, 1: 5, 86.46236285428212
This round: 25,6
96, 2: 2, 83.0829622106311
This round: 25,2
96, 3: 7, 87.0415750857882
5.6972000000000005
5.6796
5.6076
This round: 33,4
97, 0: 27, 92.65391764500873
This round: 33,2
97, 1: 5, 87.40175679367606
This round: 33,5
97, 2: 2, 83.93144705911594
This round: 33,5
97, 3: 7, 87.89005993427304
5.3575
This round: 160,3
98, 0: 27, 93.63516764500874
This round: 160,7
98, 1: 5, 88.35800679367605
This round: 160,89
98, 2: 2, 84.37519705911593
This round: 160,3
98, 3: 7, 88.87130993427304
5.696900000000001
5.536200000000001
5.393299999999999
5.3844
This round: 28,2
99, 0: 27, 94.56373907358017
This round: 28,1
99, 1: 5, 89.32229250796176
This round: 28,2
99, 2: 2, 85.30376848768736
This round: 28,1
99, 3: 7, 89.83559564855875
5.2683
This round: 26,6
100, 0: 27, 95.33296984281094
This round: 26,6
100, 1: 5, 90.09152327719254
This round: 26,8
100, 2: 2, 85.99607617999506
This round: 26,6
100, 3: 7, 90.60482641778952
5.3442
This round: 18,4
101, 0: 27, 96.11074762058871
This round: 18,5
101, 1: 5, 90.81374549941476
This round: 18,5
101, 2: 2, 86.71829840221729
This round: 18,4
101, 3: 7, 91.3826041955673
5.2494
This round: 39,4
102, 0: 27, 97.00818351802461
This round: 39,2
102, 1: 5, 91.7624634481327
This round: 39,4
102, 2: 2, 87.61573429965318
This round: 39,5
102, 3: 7, 92.25439906736217
5.3575
This round: 43,1
103, 0: 27, 97.98492770407113
This round: 43,4
103, 1: 5, 92.66944019231876
This round: 43,9
103, 2: 2, 88.4064319740718
This round: 43,2
103, 3: 7, 93.20788743945519
5.393200000000001
This round: 37,1
104, 0: 27, 98.9579006770441
This round: 37,1
104, 1: 5, 93.64241316529173
This round: 37,3
104, 2: 2, 89.32535089299071
This round: 37,2
104, 3: 7, 94.15383338540114
5.326500000000001
5.7773
5.3575
This round: 39,5
105, 0: 27, 99.82969554883897
This round: 39,4
105, 1: 5, 94.53984906272763
This round: 39,6
105, 2: 2, 90.17150473914455
This round: 39,4
105, 3: 7, 95.05126928283704
5.2771
This round: 45,9
106, 0: 27, 100.62969554883897
This round: 45,11
106, 1: 5, 95.29540461828319
This round: 45,13
106, 2: 2, 90.88261585025566
This round: 45,9
106, 3: 7, 95.85126928283704
5.3217
This round: 41,8
107, 0: 27, 101.43457359761946
This round: 41,8
107, 1: 5, 96.10028266706368
This round: 41,13
107, 2: 2, 91.56554267952396
This round: 41,10
107, 3: 7, 96.60736684381264
5.356500000000001
This round: 18,4
108, 0: 27, 102.21235137539723
This round: 18,5
108, 1: 5, 96.82250488928591
This round: 18,6
108, 2: 2, 92.23220934619063
This round: 18,6
108, 3: 7, 97.27403351047931
5.465000000000001
This round: 40,3
109, 0: 27, 103.13735137539723
This round: 40,3
109, 1: 5, 97.7475048892859
This round: 40,6
109, 2: 2, 93.08220934619062
This round: 40,8
109, 3: 7, 98.07403351047931
5.4383
This round: 29,4
110, 0: 27, 103.99942034091447
This round: 29,7
110, 1: 5, 98.50612557894108
This round: 29,7
110, 2: 2, 93.8408300358458
This round: 29,6
110, 3: 7, 98.86713695875517
5.3576
This round: 212,4
111, 0: 27, 104.98055241638616
This round: 212,4
111, 1: 5, 99.48725765441277
This round: 212,1
111, 2: 2, 94.83611305471372
This round: 212,45
111, 3: 7, 99.65487280781177
5.6076999999999995
5.4737
5.5719
This round: 132,0
112, 0: 28, 105.98055241638616
This round: 132,15
112, 1: 5, 100.37362129077641
This round: 132,3
112, 2: 2, 95.81338578198645
This round: 132,1
112, 3: 7, 100.64729705023602
5.5094
5.6881
5.232500000000001
This round: 25,2
113, 0: 28, 106.90055241638616
This round: 25,5
113, 1: 5, 101.17362129077641
This round: 25,5
113, 2: 2, 96.61338578198645
This round: 25,2
113, 3: 7, 101.56729705023602
5.393400000000001
This round: 46,2
114, 0: 28, 107.8570741555166
This round: 46,10
114, 1: 5, 101.95622998642858
This round: 46,5
114, 2: 2, 97.50469012981254
This round: 46,3
114, 3: 7, 102.50207965893168
5.232700000000001
This round: 37,0
115, 0: 29, 108.8570741555166
This round: 37,2
115, 1: 5, 102.90217593237453
This round: 37,3
115, 2: 2, 98.42360904873146
This round: 37,2
115, 3: 7, 103.44802560487763
5.5094
This round: 248,3
116, 0: 29, 109.84497738132305
This round: 248,16
116, 1: 5, 103.83765980334228
This round: 248,91
116, 2: 2, 99.0566735648605
This round: 248,47
116, 3: 7, 104.25850947584537
5.2058
This round: 40,2
117, 0: 29, 110.79497738132305
This round: 40,2
117, 1: 5, 104.78765980334228
This round: 40,1
117, 2: 2, 100.0316735648605
This round: 40,1
117, 3: 7, 105.23350947584537
5.4379
This round: 146,1
118, 0: 29, 111.78812806625456
This round: 146,10
118, 1: 5, 105.71916665265735
This round: 146,6
118, 2: 2, 100.99057767444954
This round: 146,2
118, 3: 7, 106.21981084570838
5.3598
This round: 57,0
119, 0: 30, 112.78812806625456
This round: 57,5
119, 1: 5, 106.63144735441173
This round: 57,11
119, 2: 2, 101.79759521830918
This round: 57,2
119, 3: 7, 107.18472312641013
5.3754
This round: 69,0
120, 0: 31, 113.78812806625456
This round: 69,6
120, 1: 5, 107.54449083267261
This round: 69,7
120, 2: 2, 102.69614594294687
This round: 69,1
120, 3: 7, 108.17023037278695
5.607600000000001
5.1699
This round: 35,2
121, 0: 31, 114.7309852091117
This round: 35,2
121, 1: 5, 108.48734797552974
This round: 35,9
121, 2: 2, 103.43900308580402
This round: 35,2
121, 3: 7, 109.11308751564408
5.3419
This round: 114,35
122, 0: 31, 115.42396766525205
This round: 114,47
122, 1: 5, 109.07506727377536
This round: 114,43
122, 2: 2, 104.06181010334788
This round: 114,47
122, 3: 7, 109.7008068138897
5.576500000000001
5.6493
5.2147
This round: 133,2
123, 0: 31, 116.4089300712671
This round: 133,2
123, 1: 5, 110.0600296797904
This round: 133,45
123, 2: 2, 104.72346423868623
This round: 133,4
123, 3: 7, 110.67073162591977
5.3976999999999995
5.366600000000001
5.3039000000000005
This round: 321,0
124, 0: 32, 117.4089300712671
This round: 321,0
124, 1: 6, 111.0600296797904
This round: 321,3
124, 2: 2, 105.7141184442937
This round: 321,1
124, 3: 7, 111.66761636112226
5.5277
5.4291
This round: 48,9
125, 0: 32, 118.2214300712671
This round: 48,11
125, 1: 6, 111.83086301312373
This round: 48,11
125, 2: 2, 106.48495177762703
This round: 48,9
125, 3: 7, 112.48011636112226
5.321699999999999
This round: 48,2
126, 0: 32, 119.17976340460042
This round: 48,7
126, 1: 6, 112.6850296797904
This round: 48,4
126, 2: 2, 107.4016184442937
This round: 48,4
126, 3: 7, 113.39678302778893
5.344300000000001
5.3553
This round: 145,5
127, 0: 32, 120.14528064597974
This round: 145,50
127, 1: 6, 113.34020209358351
This round: 145,42
127, 2: 2, 108.11196327187992
This round: 145,2
127, 3: 7, 114.38298992434065
5.325699999999999
This round: 83,10
128, 0: 32, 121.0247987182689
This round: 83,30
128, 1: 6, 113.97875631045099
This round: 83,31
128, 2: 2, 108.7384692959763
This round: 83,30
128, 3: 7, 115.02154414120812
5.6434
5.2693
This round: 51,2
129, 0: 32, 121.98558303199438
This round: 51,8
129, 1: 6, 114.82189356535295
This round: 51,9
129, 2: 2, 109.56199870774101
This round: 51,5
129, 3: 7, 115.92350492552185
5.3931
This round: 40,3
130, 0: 32, 122.91058303199438
This round: 40,3
130, 1: 6, 115.74689356535295
This round: 40,4
130, 2: 2, 110.46199870774102
This round: 40,3
130, 3: 7, 116.84850492552185
5.6433
5.286099999999999
This round: 30,1
131, 0: 32, 123.87724969866105
This round: 30,5
131, 1: 6, 116.58022689868628
This round: 30,6
131, 2: 2, 111.26199870774101
This round: 30,2
131, 3: 7, 117.78183825885519
5.1076
This round: 25,0
132, 0: 33, 124.87724969866105
This round: 25,0
132, 1: 7, 117.58022689868628
This round: 25,1
132, 2: 2, 112.22199870774101
This round: 25,1
132, 3: 7, 118.74183825885518
5.3577
This round: 136,24
133, 0: 33, 125.70077911042576
This round: 136,41
133, 1: 7, 118.27875631045099
This round: 136,61
133, 2: 2, 112.7734692959763
This round: 136,46
133, 3: 7, 119.40360296473753
5.2682
5.4379
5.5028999999999995
5.5183
This round: 46,5
134, 0: 33, 126.59208345825185
This round: 46,7
134, 1: 7, 119.1265823974075
This round: 46,8
134, 2: 2, 113.59955625249803
This round: 46,4
134, 3: 7, 120.3166464429984
5.3576
5.4472000000000005
5.2504
This round: 240,122
135, 0: 33, 127.08375012491851
This round: 240,114
135, 1: 7, 119.65158239740751
This round: 240,133
135, 2: 2, 114.04538958583137
This round: 240,123
135, 3: 7, 120.8041464429984
5.250299999999999
This round: 50,0
136, 0: 34, 128.0837501249185
This round: 50,4
136, 1: 7, 120.57158239740751
This round: 50,7
136, 2: 2, 114.90538958583137
This round: 50,5
136, 3: 7, 121.70414644299841
5.3933
5.1789000000000005
This round: 90,0
137, 0: 35, 129.0837501249185
This round: 90,0
137, 1: 8, 121.57158239740751
This round: 90,8
137, 2: 2, 115.81650069694248
This round: 90,9
137, 3: 7, 122.60414644299841
5.572300000000001
5.8397999999999985
This round: 44,3
138, 0: 35, 130.0155683067367
This round: 44,6
138, 1: 8, 122.43521876104387
This round: 44,4
138, 2: 2, 116.72559160603339
This round: 44,11
138, 3: 7, 123.35414644299841
5.572100000000001
This round: 72,4
139, 0: 35, 130.96001275118115
This round: 72,22
139, 1: 8, 123.12966320548831
This round: 72,31
139, 2: 2, 117.29503605047783
This round: 72,31
139, 3: 7, 123.92359088744286
5.4647
This round: 80,1
140, 0: 35, 131.94751275118116
This round: 80,1
140, 1: 8, 124.11716320548831
This round: 80,7
140, 2: 2, 118.20753605047783
This round: 80,4
140, 3: 7, 124.87359088744286
5.652299999999999
5.2059
This round: 180,27
141, 0: 35, 132.79751275118116
This round: 180,14
141, 1: 8, 125.03938542771053
This round: 180,17
141, 2: 2, 119.11309160603338
This round: 180,17
141, 3: 7, 125.77914644299841
5.3039
This round: 69,11
142, 0: 35, 133.6380924613261
This round: 69,11
142, 1: 8, 125.87996513785545
This round: 69,11
142, 2: 2, 119.9536713161783
This round: 69,11
142, 3: 7, 126.61972615314333
5.509600000000001
This round: 33,2
143, 0: 35, 134.57748640072003
This round: 33,2
143, 1: 8, 126.81935907724939
This round: 33,3
143, 2: 2, 120.86276222526921
This round: 33,2
143, 3: 7, 127.55912009253727
5.250500000000001
This round: 59,0
144, 0: 36, 135.57748640072003
This round: 59,5
144, 1: 8, 127.73461331453753
This round: 59,3
144, 2: 2, 121.8119147676421
This round: 59,2
144, 3: 7, 128.52522178745252
5.1606000000000005
This round: 51,2
145, 0: 36, 136.53827071444553
This round: 51,9
145, 1: 8, 128.55814272630224
This round: 51,4
145, 2: 2, 122.73348339509307
This round: 51,3
145, 3: 7, 129.46639825804075
5.536200000000001
5.290600000000001
This round: 37,1
146, 0: 36, 137.5112436874185
This round: 37,2
146, 1: 8, 129.50408867224817
This round: 37,6
146, 2: 2, 123.57132123293091
This round: 37,2
146, 3: 7, 130.4123442039867
5.411100000000001
This round: 87,9
147, 0: 36, 138.40779541155644
This round: 87,5
147, 1: 8, 130.44661740788035
This round: 87,5
147, 2: 2, 124.5138499685631
This round: 87,5
147, 3: 7, 131.35487293961887
5.3039
This round: 45,1
148, 0: 36, 139.38557318933422
This round: 45,3
148, 1: 8, 131.3799507412137
This round: 45,9
148, 2: 2, 125.31384996856309
This round: 45,1
148, 3: 7, 132.33265071739666
5.285900000000001
This round: 44,1
149, 0: 36, 140.36284591660694
This round: 44,1
149, 1: 8, 132.3572234684864
This round: 44,8
149, 2: 2, 126.1320317867449
This round: 44,7
149, 3: 7, 133.17355980830575
5.7237
5.589799999999999
This round: 81,3
150, 0: 36, 141.3258088795699
This round: 81,3
150, 1: 8, 133.32018643144937
This round: 81,19
150, 2: 2, 126.89746388551033
This round: 81,4
150, 3: 7, 134.12417709225636
5.4467
This round: 96,7
151, 0: 36, 142.25289221290325
This round: 96,17
151, 1: 8, 134.14310309811603
This round: 96,4
151, 2: 2, 127.85579721884366
This round: 96,1
151, 3: 7, 135.1137604255897
5.6434
This round: 50,0
152, 0: 37, 143.25289221290325
This round: 50,2
152, 1: 8, 135.10310309811604
This round: 50,1
152, 2: 2, 128.83579721884365
This round: 50,1
152, 3: 7, 136.0937604255897
5.322
This round: 120,31
153, 0: 37, 143.99455887956992
This round: 120,34
153, 1: 8, 135.8197697647827
This round: 120,40
153, 2: 2, 129.5024638855103
This round: 120,34
153, 3: 7, 136.81042709225636
5.5185
5.2235000000000005
This round: 44,7
154, 0: 37, 144.83546797047902
This round: 44,4
154, 1: 8, 136.7288606738736
This round: 44,7
154, 2: 2, 130.3433729764194
This round: 44,7
154, 3: 7, 137.65133618316545
5.4380999999999995
This round: 56,3
155, 0: 37, 145.7818965419076
This round: 56,2
155, 1: 8, 137.69314638815933
This round: 56,5
155, 2: 2, 131.25408726213368
This round: 56,4
155, 3: 7, 138.57990761173687
5.2862
This round: 106,6
156, 0: 37, 146.7252927683227
This round: 106,36
156, 1: 8, 138.3535237466499
This round: 106,6
156, 2: 2, 132.19748348854878
This round: 106,6
156, 3: 7, 139.52330383815197
5.3575
5.535
5.357600000000001
This round: 56,9
157, 0: 37, 147.56457848260843
This round: 56,4
157, 1: 8, 139.28209517522131
This round: 56,4
157, 2: 2, 133.1260549171202
This round: 56,10
157, 3: 7, 140.34473240958056
5.216799999999999
This round: 67,1
158, 0: 37, 148.5496531094741
This round: 67,1
158, 1: 8, 140.26716980208698
This round: 67,3
158, 2: 2, 134.0812787977172
This round: 67,3
158, 3: 7, 141.29995629017756
5.214600000000001
This round: 42,1
159, 0: 37, 149.52584358566457
This round: 42,4
159, 1: 8, 141.17193170684888
This round: 42,7
159, 2: 2, 134.91461213105055
This round: 42,4
159, 3: 7, 142.20471819493946
5.5094
5.2860000000000005
This round: 31,2
160, 0: 37, 150.46132745663232
This round: 31,2
160, 1: 8, 142.10741557781662
This round: 31,5
160, 2: 2, 135.7533218084699
This round: 31,6
160, 3: 7, 143.0111698078427
5.2871999999999995
This round: 408,1
161, 0: 37, 151.45887647624016
This round: 408,2
161, 1: 8, 143.10251361703232
This round: 408,4
161, 2: 2, 136.7435178869013
This round: 408,23
161, 3: 7, 143.95479725882308
5.3354
This round: 28,8
162, 0: 37, 152.1731621905259
This round: 28,8
162, 1: 8, 143.81679933131804
This round: 28,15
162, 2: 2, 137.207803601187
This round: 28,13
162, 3: 7, 144.49051154453736
5.5362
5.1255
This round: 46,1
163, 0: 37, 153.1514230600911
This round: 46,2
163, 1: 8, 144.77332107044847
This round: 46,3
163, 2: 2, 138.14258620988267
This round: 46,2
163, 3: 7, 145.4470332836678
5.34
This round: 207,12
164, 0: 37, 154.09345204559835
This round: 207,3
164, 1: 8, 145.7588283168253
This round: 207,42
164, 2: 2, 138.93968765915804
This round: 207,65
164, 3: 7, 146.13302362183205
5.357600000000001
5.2503
This round: 73,0
165, 0: 38, 155.09345204559835
This round: 73,1
165, 1: 8, 146.7451296866883
This round: 73,4
165, 2: 2, 139.8848931386101
This round: 73,1
165, 3: 7, 147.11932499169507
5.3664000000000005
5.3217
This round: 39,0
166, 0: 39, 156.09345204559835
This round: 39,0
166, 1: 9, 147.7451296866883
This round: 39,3
166, 2: 2, 140.80797006168703
This round: 39,2
166, 3: 7, 148.06804294041302
5.2951
This round: 34,1
167, 0: 39, 157.06404028089247
This round: 34,1
167, 1: 9, 148.71571792198242
This round: 34,2
167, 2: 2, 141.74914653227526
This round: 34,1
167, 3: 7, 149.03863117570714
5.3599
This round: 29,1
168, 0: 39, 158.02955752227177
This round: 29,1
168, 1: 9, 149.68123516336172
This round: 29,5
168, 2: 2, 142.5767327391718
This round: 29,4
168, 3: 7, 149.90070014122438
5.393300000000002
This round: 51,0
169, 0: 40, 159.02955752227177
This round: 51,1
169, 1: 9, 150.66162732022445
This round: 51,1
169, 2: 2, 143.55712489603454
This round: 51,1
169, 3: 7, 150.8810922980871
5.6792
5.1789000000000005
This round: 63,15
170, 0: 40, 159.79146228417653
This round: 63,17
170, 1: 9, 151.3917860503832
This round: 63,18
170, 2: 2, 144.27141061032026
This round: 63,17
170, 3: 7, 151.61125102824585
5.2170000000000005
This round: 40,17
171, 0: 40, 160.36646228417652
This round: 40,18
171, 1: 9, 151.9417860503832
This round: 40,18
171, 2: 2, 144.82141061032027
This round: 40,17
171, 3: 7, 152.18625102824583
5.3219
This round: 106,6
172, 0: 40, 161.30985851059162
This round: 106,1
172, 1: 9, 152.93235208811905
This round: 106,11
172, 2: 2, 145.7176370254146
This round: 106,17
172, 3: 7, 153.02587366975527
5.4289000000000005
This round: 27,1
173, 0: 40, 162.2728214735546
This round: 27,1
173, 1: 9, 153.895315051082
This round: 27,4
173, 2: 2, 146.56948887726645
This round: 27,5
173, 3: 7, 153.84068848457008
5.3663
This round: 40,3
174, 0: 40, 163.1978214735546
This round: 40,15
174, 1: 9, 154.520315051082
This round: 40,19
174, 2: 2, 147.09448887726646
This round: 40,3
174, 3: 7, 154.7656884845701
5.6415
This round: 46,7
175, 0: 40, 164.04564756051113
This round: 46,2
175, 1: 9, 155.47683679021245
This round: 46,4
175, 2: 2, 148.00753235552733
This round: 46,7
175, 3: 7, 155.61351457152662
5.3581
This round: 73,3
176, 0: 40, 165.00455167010017
This round: 73,22
176, 1: 9, 156.17546692719876
This round: 73,15
176, 2: 2, 148.80205290347254
This round: 73,16
176, 3: 7, 156.39433648933485
5.2794
This round: 39,3
177, 0: 40, 165.9276285931771
This round: 39,2
177, 1: 9, 157.1241848759167
This round: 39,4
177, 2: 2, 149.69948880090843
This round: 39,3
177, 3: 7, 157.31741341241178
5.304300000000001
This round: 70,2
178, 0: 40, 166.89905716460567
This round: 70,2
178, 1: 9, 158.09561344734527
This round: 70,23
178, 2: 2, 150.370917372337
This round: 70,21
178, 3: 7, 158.01741341241177
5.2772000000000014
This round: 28,2
179, 0: 40, 167.82762859317708
This round: 28,3
179, 1: 9, 158.9884705902024
This round: 28,3
179, 2: 2, 151.26377451519414
This round: 28,3
179, 3: 7, 158.9102705552689
5.2326
This round: 24,3
180, 0: 40, 168.70262859317708
This round: 24,3
180, 1: 9, 159.8634705902024
This round: 24,3
180, 2: 2, 152.13877451519414
This round: 24,3
180, 3: 7, 159.7852705552689
5.6255
5.786200000000001
5.268200000000001
This round: 177,151
181, 0: 40, 168.8495212485443
This round: 177,156
181, 1: 9, 159.98211465799903
This round: 177,155
181, 2: 2, 152.26306830050487
This round: 177,156
181, 3: 7, 159.90391462306553
5.313000000000001
This round: 45,1
182, 0: 40, 169.8272990263221
This round: 45,10
182, 1: 9, 160.7598924357768
This round: 45,10
182, 2: 2, 153.04084607828264
This round: 45,10
182, 3: 7, 160.6816924008433
5.3219
This round: 114,4
183, 0: 40, 170.79221130702385
This round: 114,50
183, 1: 9, 161.32129594454872
This round: 114,15
183, 2: 2, 153.90926713091423
This round: 114,4
183, 3: 7, 161.64660468154506
5.2862
This round: 22,3
184, 0: 40, 171.65584767066022
This round: 22,3
184, 1: 9, 162.1849323081851
This round: 22,4
184, 2: 2, 154.72744894909604
This round: 22,4
184, 3: 7, 162.46478649972687
5.4469
5.6255999999999995
5.2594
This round: 62,0
185, 0: 41, 172.65584767066022
This round: 62,1
185, 1: 9, 163.16880327592702
This round: 62,5
185, 2: 2, 155.6468037878057
This round: 62,0
185, 3: 8, 163.46478649972687
5.4112
This round: 51,2
186, 0: 41, 173.61663198438572
This round: 51,4
186, 1: 9, 164.09037190337799
This round: 51,17
186, 2: 2, 156.31347045447237
This round: 51,3
186, 3: 8, 164.4059629703151
5.3754
5.393199999999999
5.2682
This round: 19,0
187, 0: 42, 174.61663198438572
This round: 19,0
187, 1: 10, 165.09037190337799
This round: 19,2
187, 2: 2, 157.20820729657763
This round: 19,0
187, 3: 9, 165.4059629703151
5.429
5.134799999999999
This round: 104,6
188, 0: 42, 175.5589396766934
This round: 104,12
188, 1: 10, 165.97498728799337
This round: 104,5
188, 2: 2, 158.1601303735007
This round: 104,5
188, 3: 9, 166.35788604723817
5.277300000000001
This round: 100,25
189, 0: 42, 176.3089396766934
This round: 100,66
189, 1: 10, 166.31498728799338
This round: 100,25
189, 2: 2, 158.9101303735007
This round: 100,66
189, 3: 9, 166.69788604723817
5.680300000000001
5.3041
This round: 51,2
190, 0: 42, 177.2697239904189
This round: 51,2
190, 1: 10, 167.27577160171887
This round: 51,10
190, 2: 2, 159.71405194212815
This round: 51,12
190, 3: 9, 167.4625919295911
5.327
This round: 22,1
191, 0: 42, 178.22426944496436
This round: 22,0
191, 1: 11, 168.27577160171887
This round: 22,4
191, 2: 2, 160.53223376030996
This round: 22,2
191, 3: 9, 168.371682838682
5.3912
This round: 19,3
192, 0: 42, 179.06637470812225
This round: 19,3
192, 1: 11, 169.11787686487676
This round: 19,3
192, 2: 2, 161.37433902346785
This round: 19,4
192, 3: 9, 169.16115652289253
5.201899999999999
This round: 42,1
193, 0: 42, 180.04256518431274
This round: 42,2
193, 1: 11, 170.07025781725773
This round: 42,2
193, 2: 2, 162.32671997584882
This round: 42,2
193, 3: 9, 170.1135374752735
5.5006
5.2503
This round: 59,2
194, 0: 42, 181.008666879228
This round: 59,8
194, 1: 11, 170.93466459691874
This round: 58,14
194, 2: 2, 163.085340665504
This round: 59,4
194, 3: 9, 171.045740865104
5.4693
5.3218
5.2236
This round: 64,0
195, 0: 43, 182.008666879228
This round: 64,6
195, 1: 11, 171.84091459691874
This round: 64,5
195, 2: 2, 164.007215665504
This round: 64,20
195, 3: 9, 171.733240865104
5.4826999999999995
5.3931000000000004
This round: 34,1
196, 0: 43, 182.97925511452212
This round: 34,7
196, 1: 11, 172.63503224397755
This round: 34,6
196, 2: 2, 164.8307450772687
This round: 34,4
196, 3: 9, 172.61559380628046
5.3931000000000004
This round: 26,0
197, 0: 44, 183.97925511452212
This round: 26,0
197, 1: 12, 173.63503224397755
This round: 26,1
197, 2: 2, 165.79228353880714
This round: 26,1
197, 3: 9, 173.5771322678189
5.4648
5.089700000000001
This round: 133,2
198, 0: 44, 184.96421752053715
This round: 133,1
198, 1: 12, 174.62751344698506
This round: 133,12
198, 2: 2, 166.70205797489737
This round: 133,1
198, 3: 9, 174.56961347082643
5.5184999999999995
5.4155999999999995
5.4291
This round: 40,1
199, 0: 44, 185.93921752053714
This round: 40,2
199, 1: 12, 175.57751344698505
This round: 40,1
199, 2: 2, 167.67705797489737
This round: 40,1
199, 3: 9, 175.54461347082642
