5.4289000000000005
This round: 40,1
0, 0: 0, 0.975
This round: 40,1
0, 1: 0, 0.975
This round: 40,1
0, 2: 0, 0.975
This round: 40,1
0, 3: 0, 0.975
5.5007
This round: 64,8
1, 0: 0, 1.85
This round: 64,7
1, 1: 0, 1.865625
This round: 64,11
1, 2: 0, 1.803125
This round: 64,5
1, 3: 0, 1.896875
5.3575
This round: 79,0
2, 0: 1, 2.85
This round: 79,5
2, 1: 0, 2.802333860759494
This round: 79,5
2, 2: 0, 2.739833860759494
This round: 79,2
2, 3: 0, 2.8715585443037974
5.5719
5.321899999999999
5.714799999999999
This round: 188,74
3, 0: 1, 3.456382978723404
This round: 188,7
3, 1: 0, 3.7650998182063025
This round: 188,48
3, 2: 0, 3.4845147118233237
This round: 188,3
3, 3: 0, 3.8556010974952866
5.389999999999999
This round: 60,3
4, 0: 1, 4.406382978723404
This round: 60,9
4, 1: 0, 4.6150998182063026
This round: 60,14
4, 2: 0, 4.25118137848999
This round: 60,7
4, 3: 0, 4.738934430828619
5.4648
This round: 45,1
5, 0: 1, 5.384160756501182
This round: 45,1
5, 1: 0, 5.59287759598408
This round: 45,0
5, 2: 1, 5.25118137848999
This round: 45,1
5, 3: 0, 5.716712208606397
5.607499999999999
5.3218
This round: 46,3
6, 0: 1, 6.3189433651968345
This round: 46,2
6, 1: 0, 6.549399335114515
This round: 46,1
6, 2: 1, 6.229442248055208
This round: 46,0
6, 3: 1, 6.716712208606397
5.3307
This round: 73,0
7, 0: 2, 7.3189433651968345
This round: 73,6
7, 1: 0, 7.467207554292597
This round: 73,17
7, 2: 1, 6.996565535726441
This round: 73,3
7, 3: 1, 7.675616318195439
5.286099999999999
This round: 109,0
8, 0: 3, 8.318943365196834
This round: 109,14
8, 1: 0, 8.33876718732012
This round: 109,0
8, 2: 2, 7.996565535726441
This round: 109,0
8, 3: 2, 8.675616318195438
5.5185
5.3663
5.750399999999999
5.2951
This round: 63,2
9, 0: 3, 9.287197333450802
This round: 63,1
9, 1: 0, 9.322894171447103
This round: 63,18
9, 2: 2, 8.710851250012155
This round: 63,6
9, 3: 2, 9.580378222957343
5.3756
5.214900000000001
5.5676000000000005
5.4112
5.234699999999999
This round: 39,0
10, 0: 4, 10.287197333450802
This round: 39,0
10, 1: 1, 10.322894171447103
This round: 39,7
10, 2: 2, 9.531364070524976
This round: 39,7
10, 3: 2, 10.400891043470164
5.402100000000001
5.357600000000001
5.6301000000000005
This round: 25,2
11, 0: 4, 11.207197333450802
This round: 25,3
11, 1: 1, 11.202894171447104
This round: 25,8
11, 2: 2, 10.211364070524976
This round: 25,5
11, 3: 2, 11.200891043470165
5.572000000000001
5.3575
This round: 50,4
12, 0: 4, 12.127197333450802
This round: 50,9
12, 1: 1, 12.022894171447104
This round: 50,12
12, 2: 2, 10.971364070524976
This round: 50,5
12, 3: 2, 12.100891043470165
5.572000000000001
This round: 181,10
13, 0: 4, 13.071948714666272
This round: 181,3
13, 1: 1, 13.006319585811745
This round: 181,18
13, 2: 2, 11.87191655671282
This round: 181,20
13, 3: 2, 12.990393805901105
5.3822
This round: 34,4
14, 0: 4, 13.954301655842743
This round: 34,6
14, 1: 1, 13.829848997576452
This round: 34,8
14, 2: 2, 12.63662243906576
This round: 34,4
14, 3: 2, 13.872746747077576
5.464700000000001
5.2705
This round: 69,8
15, 0: 4, 14.838359626857235
This round: 69,9
15, 1: 1, 14.699414214967756
This round: 69,8
15, 2: 2, 13.520680410080253
This round: 69,3
15, 3: 2, 14.829268486208012
5.3487
This round: 27,2
16, 0: 4, 15.76428555278316
This round: 27,1
16, 1: 1, 15.66237717793072
This round: 27,4
16, 2: 2, 14.372532261932104
This round: 27,3
16, 3: 2, 15.7181573750969
5.6167
This round: 88,4
17, 0: 4, 16.718831007328614
This round: 88,4
17, 1: 1, 16.616922632476175
This round: 88,16
17, 2: 2, 15.190714080113922
This round: 88,6
17, 3: 2, 16.649975556915084
5.3932
5.4826
This round: 255,9
18, 0: 4, 17.683536889681555
This round: 255,8
18, 1: 1, 17.585550083456567
This round: 255,8
18, 2: 2, 16.159341531094313
This round: 255,8
18, 3: 2, 17.618603007895477
5.4023
5.3218000000000005
This round: 123,82
19, 0: 4, 18.016870223014887
This round: 123,86
19, 1: 1, 17.88636309158665
This round: 123,87
19, 2: 2, 16.45202445792358
This round: 123,84
19, 3: 2, 17.935676178627183
5.500400000000002
5.250300000000001
This round: 52,0
20, 0: 5, 19.016870223014887
This round: 52,5
20, 1: 1, 18.790209245432802
This round: 52,9
20, 2: 2, 17.278947534846658
This round: 52,6
20, 3: 2, 18.820291563242566
5.4998
This round: 24,7
21, 0: 5, 19.72520355634822
This round: 24,5
21, 1: 1, 19.58187591209947
This round: 24,11
21, 2: 2, 17.820614201513326
This round: 24,7
21, 3: 2, 19.5286248965759
5.3577
5.3575
5.3218
This round: 97,30
22, 0: 5, 20.415925205832757
This round: 97,30
22, 1: 1, 20.272597561584007
This round: 97,31
22, 2: 2, 18.501026572647348
This round: 97,30
22, 3: 2, 20.219346546060436
5.464900000000001
This round: 86,4
23, 0: 5, 21.36941357792578
This round: 86,13
23, 1: 1, 21.12143477088633
This round: 86,6
23, 2: 2, 19.431259130786884
This round: 86,5
23, 3: 2, 21.161207011176714
5.572
5.447000000000001
5.375400000000001
This round: 71,1
24, 0: 5, 22.355329070883528
This round: 71,8
24, 1: 1, 22.008758714548303
This round: 71,8
24, 2: 2, 20.318583074448856
This round: 71,9
24, 3: 2, 22.034446447796434
5.4289000000000005
This round: 71,0
25, 0: 6, 23.355329070883528
This round: 71,9
25, 1: 1, 22.881998151168023
This round: 71,3
25, 2: 2, 21.276329553322096
This round: 71,2
25, 3: 2, 23.006277433711926
5.558500000000001
5.446800000000001
This round: 61,4
26, 0: 6, 24.289755300391725
This round: 61,19
26, 1: 1, 23.570522741331956
This round: 61,19
26, 2: 2, 21.96485414348603
This round: 61,18
26, 3: 2, 23.71119546649881
5.3218
This round: 52,9
27, 0: 6, 25.116678377314802
This round: 52,14
27, 1: 1, 24.301291972101186
This round: 52,17
27, 2: 2, 22.637931066562953
This round: 52,15
27, 3: 2, 24.42273392803727
5.2082
This round: 91,18
28, 0: 6, 25.918876179512605
This round: 91,8
28, 1: 1, 25.2133798841891
This round: 91,16
28, 2: 2, 23.462106890738777
This round: 91,18
28, 3: 2, 25.224931730235074
5.3219
5.237
This round: 90,2
29, 0: 6, 26.896653957290383
This round: 90,3
29, 1: 1, 26.180046550855764
This round: 90,11
29, 2: 2, 24.339884668516554
This round: 90,11
29, 3: 2, 26.10270950801285
5.3174
This round: 150,2
30, 0: 6, 27.88332062395705
This round: 150,23
30, 1: 1, 27.02671321752243
This round: 150,10
30, 2: 2, 25.273218001849887
This round: 150,11
30, 3: 2, 27.029376174679516
5.3934
This round: 76,2
31, 0: 6, 28.857004834483366
This round: 76,4
31, 1: 1, 27.97408163857506
This round: 76,6
31, 2: 2, 26.194270633428836
This round: 76,3
31, 3: 2, 27.98990249046899
5.214599999999999
This round: 186,2
32, 0: 6, 29.846252146311322
This round: 186,22
32, 1: 1, 28.85580206868259
This round: 186,4
32, 2: 2, 27.172765257084748
This round: 186,96
32, 3: 2, 28.473773458210925
5.5014
This round: 52,1
33, 0: 6, 30.827021377080552
This round: 52,1
33, 1: 1, 29.83657129945182
This round: 52,8
33, 2: 2, 28.018919103238595
This round: 52,6
33, 3: 2, 29.358388842826308
5.4289
5.4468000000000005
This round: 89,2
34, 0: 6, 31.804549466968194
This round: 89,3
34, 1: 1, 30.802863434283278
This round: 89,22
34, 2: 2, 28.77172809200264
This round: 89,27
34, 3: 2, 30.055018056309454
5.5185
5.366700000000001
This round: 85,2
35, 0: 6, 32.781020055203484
This round: 85,18
35, 1: 1, 31.591098728400926
This round: 85,21
35, 2: 2, 29.52466926847323
This round: 85,17
35, 3: 2, 30.855018056309454
5.4111
This round: 75,0
36, 0: 7, 33.781020055203484
This round: 75,10
36, 1: 1, 32.45776539506759
This round: 75,2
36, 2: 2, 30.49800260180656
This round: 75,1
36, 3: 2, 31.841684722976122
5.143400000000001
This round: 73,5
37, 0: 7, 34.712526904518555
This round: 73,5
37, 1: 1, 33.38927224438266
This round: 73,3
37, 2: 2, 31.456906711395604
This round: 73,5
37, 3: 2, 32.77319157229119
5.4916
This round: 133,10
38, 0: 7, 35.63733893459374
This round: 133,10
38, 1: 1, 34.31408427445785
This round: 133,14
38, 2: 2, 32.351643553500864
This round: 133,16
38, 3: 2, 33.65289082041149
5.4123
This round: 41,5
39, 0: 7, 36.515387715081545
This round: 41,5
39, 1: 1, 35.19213305494565
This round: 41,5
39, 2: 2, 33.229692333988666
This round: 41,5
39, 3: 2, 34.530939600899295
5.3485000000000005
This round: 146,1
40, 0: 7, 37.50853840001305
This round: 146,20
40, 1: 1, 36.055146753575784
This round: 146,20
40, 2: 2, 34.0927060326188
This round: 146,19
40, 3: 2, 35.40080261459792
5.125900000000001
This round: 38,2
41, 0: 7, 38.45590682106568
This round: 38,3
41, 1: 1, 36.97619938515473
This round: 38,3
41, 2: 2, 35.013758664197745
This round: 38,3
41, 3: 2, 36.32185524617687
5.5004
5.223700000000001
This round: 47,3
42, 0: 7, 39.39207703383164
This round: 47,4
42, 1: 1, 37.89109300217601
This round: 47,8
42, 2: 2, 35.8435458982403
This round: 47,4
42, 3: 2, 37.236748863198144
5.428999999999999
This round: 37,0
43, 0: 8, 40.39207703383164
This round: 37,0
43, 1: 2, 38.89109300217601
This round: 37,2
43, 2: 2, 36.789491844186244
This round: 37,0
43, 3: 3, 38.236748863198144
5.358
This round: 67,0
44, 0: 9, 41.39207703383164
This round: 67,0
44, 1: 3, 39.89109300217601
This round: 67,5
44, 2: 2, 37.714864978514605
This round: 67,5
44, 3: 3, 39.162121997526505
5.375500000000001
This round: 286,13
45, 0: 9, 42.34662248837709
This round: 286,108
45, 1: 3, 40.51347062455363
This round: 286,117
45, 2: 2, 38.3057740694237
This round: 286,85
45, 3: 3, 39.864919200323705
5.4915
This round: 57,3
46, 0: 9, 43.29399090942972
This round: 57,4
46, 1: 3, 41.44329518595713
This round: 57,15
46, 2: 2, 39.042616174686856
This round: 57,5
46, 3: 3, 40.77719990207809
5.2505
This round: 36,2
47, 0: 9, 44.238435353874166
This round: 36,2
47, 1: 3, 42.387739630401576
This round: 36,3
47, 2: 2, 39.95928284135352
This round: 36,2
47, 3: 3, 41.72164434652253
5.429099999999999
This round: 62,4
48, 0: 9, 45.17391922484191
This round: 62,5
48, 1: 3, 43.307094469111256
This round: 62,8
48, 2: 2, 40.830250583289
This round: 62,4
48, 3: 3, 42.657128217490275
5.1611
This round: 40,2
49, 0: 9, 46.12391922484191
This round: 40,1
49, 1: 3, 44.28209446911126
This round: 40,10
49, 2: 2, 41.580250583289
This round: 40,5
49, 3: 3, 43.532128217490275
5.196700000000001
This round: 43,6
50, 0: 9, 46.984384341120986
This round: 43,5
50, 1: 3, 45.16581539934381
This round: 43,11
50, 2: 2, 42.32443662980063
This round: 43,9
50, 3: 3, 44.32282589190888
5.4112
This round: 57,4
51, 0: 9, 47.91420890252449
This round: 57,9
51, 1: 3, 46.00792066250171
This round: 57,10
51, 2: 2, 43.148998033309404
This round: 57,11
51, 3: 3, 45.12984343576853
5.3309999999999995
This round: 78,1
52, 0: 9, 48.90138838970398
This round: 78,11
52, 1: 3, 46.86689502147607
This round: 78,26
52, 2: 2, 43.81566469997607
This round: 78,3
52, 3: 3, 46.09138189730699
5.485
5.245900000000001
This round: 34,3
53, 0: 9, 49.81315309558634
This round: 34,3
53, 1: 3, 47.77865972735842
This round: 34,6
53, 2: 2, 44.63919411174077
This round: 34,6
53, 3: 3, 46.91491130907169
5.5719
5.3217
This round: 43,0
54, 0: 10, 50.81315309558634
This round: 43,0
54, 1: 4, 48.77865972735842
This round: 43,4
54, 2: 2, 45.54617085592682
This round: 43,1
54, 3: 3, 47.8916554951182
5.3039
5.393400000000001
This round: 292,116
55, 0: 10, 51.41589282161373
This round: 292,152
55, 1: 4, 49.258111782152945
This round: 292,115
55, 2: 2, 46.15233523948846
This round: 292,115
55, 3: 3, 48.49781987867984
5.6794
This round: 62,5
56, 0: 10, 52.33524766032341
This round: 62,1
56, 1: 4, 50.24198274989488
This round: 62,13
56, 2: 2, 46.94265782013362
This round: 62,3
56, 3: 3, 49.44943278190565
5.5361
5.312800000000001
This round: 36,2
57, 0: 10, 53.279692104767854
This round: 36,2
57, 1: 4, 51.18642719433932
This round: 36,5
57, 2: 2, 47.80376893124473
This round: 36,4
57, 3: 3, 50.338321670794535
5.429
5.286199999999999
This round: 82,23
58, 0: 10, 53.999204299889804
This round: 82,18
58, 1: 4, 51.96691499921737
This round: 82,22
58, 2: 2, 48.535476248317906
This round: 82,24
58, 3: 3, 51.04563874396527
5.598599999999999
This round: 64,3
59, 0: 10, 54.952329299889804
This round: 64,3
59, 1: 4, 52.92003999921737
This round: 64,4
59, 2: 2, 49.472976248317906
This round: 64,4
59, 3: 3, 51.98313874396527
5.4425
This round: 49,3
60, 0: 10, 55.891104810093886
This round: 49,12
60, 1: 4, 53.6751420400337
This round: 49,12
60, 2: 2, 50.22807828913423
This round: 49,10
60, 3: 3, 52.779057111312206
5.339700000000001
This round: 53,1
61, 0: 10, 56.872236885565584
This round: 53,1
61, 1: 4, 54.6562741155054
This round: 53,2
61, 2: 2, 51.19034244007763
This round: 53,3
61, 3: 3, 53.7224533377273
5.5809
5.3932
This round: 146,80
62, 0: 10, 57.324291680086134
This round: 146,33
62, 1: 4, 55.43024671824512
This round: 146,40
62, 2: 2, 51.9163698373379
This round: 146,32
62, 3: 3, 54.50327525553552
5.2816
This round: 113,4
63, 0: 10, 58.28889344999764
This round: 113,9
63, 1: 4, 56.35060070054601
This round: 113,5
63, 2: 2, 52.87212204972728
This round: 113,18
63, 3: 3, 55.34398322013729
5.2548
5.3485000000000005
This round: 28,2
64, 0: 10, 59.21746487856907
This round: 28,6
64, 1: 4, 57.136314986260295
This round: 28,5
64, 2: 2, 53.69355062115585
This round: 28,3
64, 3: 3, 56.236840362994435
5.3587
5.36
5.375500000000001
This round: 40,2
65, 0: 10, 60.16746487856907
This round: 40,3
65, 1: 4, 58.06131498626029
This round: 40,4
65, 2: 2, 54.59355062115585
This round: 40,5
65, 3: 3, 57.111840362994435
5.607500000000002
5.357500000000001
This round: 122,1
66, 0: 10, 61.15926815725759
This round: 122,60
66, 1: 4, 58.56951170757177
This round: 122,65
66, 2: 2, 55.060763735909944
This round: 122,4
66, 3: 3, 58.07905347774853
5.2462
This round: 74,2
67, 0: 10, 62.13224113023057
This round: 74,4
67, 1: 4, 59.515457653517714
This round: 74,17
67, 2: 2, 55.83103400618022
This round: 74,4
67, 3: 3, 59.024999423694474
5.429
5.3041
This round: 72,0
68, 0: 11, 63.13224113023057
This round: 72,0
68, 1: 5, 60.515457653517714
This round: 72,5
68, 2: 2, 56.761589561735775
This round: 72,5
68, 3: 3, 59.95555497925003
5.3933
This round: 121,4
69, 0: 11, 64.09918327899089
This round: 121,2
69, 1: 5, 61.49892872789788
This round: 121,16
69, 2: 2, 57.629358156777094
This round: 121,3
69, 3: 3, 60.93076159082028
5.4469
This round: 110,3
70, 0: 11, 65.07191055171816
This round: 110,3
70, 1: 5, 62.47165600062515
This round: 110,3
70, 2: 2, 58.60208542950437
This round: 110,3
70, 3: 3, 61.90348886354756
5.201300000000001
This round: 71,1
71, 0: 11, 66.0578260446759
This round: 71,1
71, 1: 5, 63.4575714935829
This round: 71,37
71, 2: 2, 59.08095866894099
This round: 71,37
71, 3: 3, 62.382362102984175
5.5006
This round: 76,7
72, 0: 11, 66.96572078151802
This round: 76,22
72, 1: 5, 64.16809780937237
This round: 76,24
72, 2: 2, 59.765169195256775
This round: 76,35
72, 3: 3, 62.9218357871947
5.295100000000001
This round: 88,1
73, 0: 11, 67.95435714515438
This round: 88,3
73, 1: 5, 65.13400690028146
This round: 88,15
73, 2: 2, 60.59471464980223
This round: 88,5
73, 3: 3, 63.86501760537652
5.2417
5.3196
This round: 36,4
74, 0: 11, 68.84324603404326
This round: 36,5
74, 1: 5, 65.99511801139258
This round: 36,5
74, 2: 2, 61.45582576091334
This round: 36,5
74, 3: 3, 64.72612871648764
5.393299999999999
This round: 400,4
75, 0: 11, 69.83324603404326
This round: 400,39
75, 1: 5, 66.89761801139258
This round: 400,8
75, 2: 2, 62.43582576091334
This round: 400,11
75, 3: 3, 65.69862871648763
5.277300000000001
This round: 93,2
76, 0: 11, 70.81174065769918
This round: 93,17
76, 1: 5, 67.71482231246785
This round: 93,22
76, 2: 2, 63.199266621128395
This round: 93,18
76, 3: 3, 66.50508032939086
5.5741000000000005
5.393199999999999
This round: 51,0
77, 0: 12, 71.81174065769918
This round: 51,0
77, 1: 6, 68.71482231246785
This round: 51,0
77, 2: 3, 64.1992666211284
This round: 51,1
77, 3: 3, 67.48547248625361
5.321899999999999
This round: 41,3
78, 0: 12, 72.73856992599185
This round: 41,11
78, 1: 6, 69.44652962954102
This round: 41,13
78, 2: 3, 64.8821934503967
This round: 41,13
78, 3: 3, 68.16839931552191
5.2236
5.294999999999999
This round: 122,4
79, 0: 12, 73.70578304074596
This round: 122,25
79, 1: 6, 70.24161159675414
This round: 122,7
79, 2: 3, 65.82481640121637
This round: 122,7
79, 3: 3, 69.11102226634158
5.786499999999999
5.4378
5.375400000000001
This round: 57,3
80, 0: 12, 74.65315146179859
This round: 57,11
80, 1: 6, 71.04862914061378
This round: 57,17
80, 2: 3, 66.52657078718129
This round: 57,6
80, 3: 3, 70.00575910844684
5.3578
This round: 34,5
81, 0: 12, 75.50609263826918
This round: 34,5
81, 1: 6, 71.90157031708438
This round: 34,5
81, 2: 3, 67.37951196365188
This round: 34,5
81, 3: 3, 70.85870028491743
5.357500000000001
This round: 72,1
82, 0: 12, 76.4922037493803
This round: 72,1
82, 1: 6, 72.88768142819549
This round: 72,1
82, 2: 3, 68.365623074763
This round: 72,1
82, 3: 3, 71.84481139602855
5.303999999999999
This round: 94,3
83, 0: 12, 77.46028885576327
This round: 94,34
83, 1: 6, 73.52597930053592
This round: 94,2
83, 2: 3, 69.34434647901831
This round: 94,3
83, 3: 3, 72.81289650241152
5.1878
This round: 44,0
84, 0: 13, 78.46028885576327
This round: 44,2
84, 1: 6, 74.48052475508138
This round: 44,3
84, 2: 3, 70.2761646608365
This round: 44,0
84, 3: 4, 73.81289650241152
5.4291
5.1521
This round: 468,269
85, 0: 13, 78.88550253097694
This round: 468,269
85, 1: 6, 74.90573843029505
This round: 468,304
85, 2: 3, 70.62659201126385
This round: 468,280
85, 3: 4, 74.21460590412092
5.5718
This round: 68,3
86, 0: 13, 79.84138488391811
This round: 68,6
86, 1: 6, 75.8175031361774
This round: 68,10
86, 2: 3, 71.47953318773445
This round: 68,7
86, 3: 4, 75.11166472765032
5.4828
5.1788
This round: 91,1
87, 0: 13, 80.8303958729291
This round: 91,5
87, 1: 6, 76.76255808123234
This round: 91,4
87, 2: 3, 72.4355771437784
This round: 91,2
87, 3: 4, 76.08968670567229
5.2907
This round: 42,0
88, 0: 14, 81.8303958729291
This round: 42,1
88, 1: 6, 77.73874855742282
This round: 42,1
88, 2: 3, 73.41176761996888
This round: 42,2
88, 3: 4, 77.04206765805324
5.428999999999999
This round: 258,8
89, 0: 14, 82.79938812099113
This round: 258,6
89, 1: 6, 78.71549274346934
This round: 258,10
89, 2: 3, 74.3730079300464
This round: 258,13
89, 3: 4, 77.99168006115401
5.357600000000001
5.393399999999999
This round: 373,325
90, 0: 14, 82.92807444806887
This round: 373,254
90, 1: 6, 79.03452759601626
This round: 373,313
90, 2: 3, 74.53386583889359
This round: 373,246
90, 3: 4, 78.33216263488056
5.232399999999999
This round: 36,1
91, 0: 14, 83.9002966702911
This round: 36,6
91, 1: 6, 79.86786092934959
This round: 36,4
91, 2: 3, 75.42275472778248
This round: 36,4
91, 3: 4, 79.22105152376945
5.429
5.3933
This round: 57,1
92, 0: 14, 84.88275281064197
This round: 57,2
92, 1: 6, 80.83277321005134
This round: 57,5
92, 2: 3, 76.33503542953686
This round: 57,5
92, 3: 4, 80.13333222552383
5.679099999999999
This round: 103,1
93, 0: 14, 85.8730440727779
This round: 103,1
93, 1: 6, 81.82306447218727
This round: 103,24
93, 2: 3, 77.10202572079899
This round: 103,24
93, 3: 4, 80.90032251678596
5.2349000000000006
This round: 272,9
94, 0: 14, 86.83995583748379
This round: 272,11
94, 1: 6, 82.78262329571668
This round: 272,9
94, 2: 3, 78.06893748550488
This round: 272,10
94, 3: 4, 81.86355781090361
5.295
5.5094
5.607600000000001
5.8131
5.5003
5.366500000000001
5.482600000000001
5.4827
This round: 54,2
95, 0: 14, 87.80291880044675
This round: 54,5
95, 1: 6, 83.69003070312408
This round: 54,8
95, 2: 3, 78.92078933735672
This round: 54,3
95, 3: 4, 82.80800225534806
5.5719
This round: 74,2
96, 0: 14, 88.77589177341972
This round: 74,8
96, 1: 6, 84.58192259501597
This round: 74,11
96, 2: 3, 79.77214068870808
This round: 74,5
96, 3: 4, 83.74043468778049
5.643500000000001
5.312900000000001
This round: 58,10
97, 0: 14, 89.60347798031627
This round: 58,11
97, 1: 6, 85.39226742260217
This round: 58,11
97, 2: 3, 80.58248551629428
This round: 58,11
97, 3: 4, 84.5507795153667
5.2191
This round: 303,4
98, 0: 14, 90.59027666018426
This round: 303,2
98, 1: 6, 86.38566676253616
This round: 303,4
98, 2: 3, 81.56928419616227
This round: 303,29
98, 3: 4, 85.4550699444096
5.446900000000001
5.3241000000000005
5.1635
This round: 181,3
99, 0: 14, 91.5737020745489
This round: 181,17
99, 1: 6, 87.29174411060247
This round: 181,74
99, 2: 3, 82.16044441715675
This round: 181,4
99, 3: 4, 86.43297049689579
5.857900000000001
5.286099999999999
This round: 48,1
100, 0: 14, 92.55286874121558
This round: 48,3
100, 1: 6, 88.22924411060247
This round: 48,8
100, 2: 3, 82.99377775049008
This round: 48,7
100, 3: 4, 87.28713716356246
5.2862
This round: 23,0
101, 0: 15, 93.55286874121558
This round: 23,3
101, 1: 6, 89.09880932799376
This round: 23,3
101, 2: 3, 83.86334296788138
This round: 23,2
101, 3: 4, 88.20018064182334
5.500500000000001
5.3398
This round: 38,4
102, 0: 15, 94.44760558332084
This round: 38,6
102, 1: 6, 89.94091459115165
This round: 38,7
102, 2: 3, 84.67913244156559
This round: 38,4
102, 3: 4, 89.0949174839286
5.4402
5.661299999999999
5.304
This round: 148,3
103, 0: 15, 95.42733531305056
This round: 148,62
103, 1: 6, 90.52199567223273
This round: 148,84
103, 2: 3, 85.11156487399802
This round: 148,83
103, 3: 4, 89.53410667311779
5.1086
This round: 65,15
104, 0: 15, 96.19656608228134
This round: 65,15
104, 1: 6, 91.29122644146351
This round: 65,26
104, 2: 3, 85.71156487399801
This round: 65,16
104, 3: 4, 90.28795282696395
5.4324
This round: 26,3
105, 0: 15, 97.08118146689672
This round: 26,6
105, 1: 6, 92.06045721069428
This round: 26,8
105, 2: 3, 86.40387256630571
This round: 26,7
105, 3: 4, 91.01872205773317
5.2856
This round: 26,2
106, 0: 15, 98.00425838997364
This round: 26,5
106, 1: 6, 92.86814951838659
This round: 26,5
106, 2: 3, 87.21156487399801
This round: 26,2
106, 3: 4, 91.94179898081009
5.5093000000000005
This round: 54,4
107, 0: 15, 98.93018431589957
This round: 54,4
107, 1: 6, 93.79407544431251
This round: 54,25
107, 2: 3, 87.74860191103505
This round: 54,8
107, 3: 4, 92.79365083266194
5.393199999999999
5.4481
This round: 96,1
108, 0: 15, 99.9197676492329
This round: 96,8
108, 1: 6, 94.71074211097918
This round: 96,3
108, 2: 3, 88.71735191103505
This round: 96,1
108, 3: 4, 93.78323416599527
5.4917
This round: 60,1
109, 0: 15, 100.90310098256623
This round: 60,5
109, 1: 6, 95.62740877764585
This round: 60,3
109, 2: 3, 89.66735191103506
This round: 60,3
109, 3: 4, 94.73323416599527
5.269000000000001
This round: 48,1
110, 0: 15, 101.8822676492329
This round: 48,4
110, 1: 6, 96.54407544431253
This round: 48,9
110, 2: 3, 90.47985191103506
This round: 48,10
110, 3: 4, 95.52490083266194
5.3419
This round: 41,1
111, 0: 15, 102.85787740533046
This round: 41,20
111, 1: 6, 97.05627056626375
This round: 41,19
111, 2: 3, 91.01643727688871
This round: 41,2
111, 3: 4, 96.47612034485707
5.196900000000001
5.500400000000001
This round: 45,3
112, 0: 15, 103.79121073866379
This round: 45,4
112, 1: 6, 97.96738167737486
This round: 45,5
112, 2: 3, 91.9053261657776
This round: 45,3
112, 3: 4, 97.4094536781904
5.357600000000001
5.5371999999999995
5.2592
This round: 60,1
113, 0: 15, 104.77454407199713
This round: 60,3
113, 1: 6, 98.91738167737486
This round: 60,4
113, 2: 3, 92.83865949911093
This round: 60,4
113, 3: 4, 98.34278701152374
5.589799999999999
5.411200000000001
5.179
This round: 29,4
114, 0: 15, 105.63661303751437
This round: 29,5
114, 1: 6, 99.74496788427142
This round: 29,3
114, 2: 3, 93.73521122324887
This round: 29,4
114, 3: 4, 99.20485597704098
5.1800999999999995
This round: 24,1
115, 0: 15, 106.5949463708477
This round: 24,3
115, 1: 6, 100.61996788427142
This round: 24,7
115, 2: 3, 94.4435445565822
This round: 24,4
115, 3: 4, 100.0381893103743
5.411099999999999
This round: 124,3
116, 0: 15, 107.57075282246059
This round: 124,14
116, 1: 6, 101.50706465846497
This round: 124,17
116, 2: 3, 95.30644778238864
This round: 124,4
116, 3: 4, 101.00593124585818
5.464799999999999
This round: 34,1
117, 0: 15, 108.5413410577547
This round: 34,1
117, 1: 6, 102.47765289375909
This round: 34,9
117, 2: 3, 96.0417419000357
This round: 34,2
117, 3: 4, 101.94710771644641
5.4225
This round: 32,2
118, 0: 15, 109.4788410577547
This round: 32,3
118, 1: 6, 103.38390289375909
This round: 32,4
118, 2: 3, 96.9167419000357
This round: 32,4
118, 3: 4, 102.82210771644641
5.500500000000001
5.464800000000001
5.2816
This round: 53,21
119, 0: 15, 110.08261464266037
This round: 53,25
119, 1: 6, 103.91220478055153
This round: 53,31
119, 2: 3, 97.33183623965834
This round: 53,31
119, 3: 4, 103.23720205606905
5.6267000000000005
5.3219
This round: 71,2
120, 0: 15, 111.05444562857586
This round: 71,7
120, 1: 6, 104.81361323125576
This round: 71,16
120, 2: 3, 98.10648412698228
This round: 71,13
120, 3: 4, 104.05410346451976
5.509500000000001
5.214700000000001
This round: 96,2
121, 0: 15, 112.03361229524253
This round: 96,7
121, 1: 6, 105.74069656458909
This round: 96,7
121, 2: 3, 99.03356746031561
This round: 96,7
121, 3: 4, 104.98118679785308
5.5004
This round: 57,1
122, 0: 15, 113.01606843559341
This round: 57,0
122, 1: 7, 106.74069656458909
This round: 57,4
122, 2: 3, 99.96339202171912
This round: 57,2
122, 3: 4, 105.94609907855484
5.536300000000001
This round: 86,10
123, 0: 15, 113.89978936582597
This round: 86,11
123, 1: 7, 107.6127895878449
This round: 86,12
123, 2: 3, 100.82385713799819
This round: 86,11
123, 3: 4, 106.81819210181065
5.429
5.2861
This round: 51,0
124, 0: 16, 114.89978936582597
This round: 51,2
124, 1: 7, 108.57357390157038
This round: 51,2
124, 2: 3, 101.78464145172367
This round: 51,2
124, 3: 4, 107.77897641553614
5.558600000000001
5.446700000000001
5.714700000000001
This round: 73,3
125, 0: 16, 115.85869347541501
This round: 73,2
125, 1: 7, 109.54617664129641
This round: 73,12
125, 2: 3, 102.62025789007984
This round: 73,3
125, 3: 4, 108.73788052512518
5.572
5.536300000000001
5.536300000000001
This round: 39,3
126, 0: 16, 116.78177039849193
This round: 39,3
126, 1: 7, 110.46925356437333
This round: 39,6
126, 2: 3, 103.46641173623368
This round: 39,4
126, 3: 4, 109.63531642256108
5.3754
This round: 53,0
127, 0: 17, 117.78177039849193
This round: 53,2
127, 1: 7, 111.43151771531673
This round: 53,5
127, 2: 3, 104.37207211359217
This round: 53,2
127, 3: 4, 110.59758057350447
5.4647
This round: 73,0
128, 0: 18, 118.78177039849193
This round: 73,0
128, 1: 8, 112.43151771531673
This round: 73,6
128, 2: 3, 105.28988033277025
This round: 73,3
128, 3: 4, 111.55648468309352
5.3396
This round: 81,5
129, 0: 18, 119.7200420034302
This round: 81,5
129, 1: 8, 113.369789320255
This round: 81,8
129, 2: 3, 106.1911149006715
This round: 81,5
129, 3: 4, 112.49475628803178
5.4692
This round: 47,10
130, 0: 18, 120.50727604598339
This round: 47,13
130, 1: 8, 114.09319357557415
This round: 47,12
130, 2: 3, 106.93579575173533
This round: 47,13
130, 3: 4, 113.21816054335093
5.4292
5.3664
This round: 33,2
131, 0: 18, 121.44666998537733
This round: 33,3
131, 1: 8, 115.00228448466505
This round: 33,5
131, 2: 3, 107.78428060022017
This round: 33,3
131, 3: 4, 114.12725145244184
5.228
This round: 245,49
132, 0: 18, 122.24666998537732
This round: 245,127
132, 1: 8, 115.48391713772628
This round: 245,108
132, 2: 3, 108.34346427368956
This round: 245,17
132, 3: 4, 115.0578636973398
5.786400000000001
5.2548
5.2849
5.277100000000001
This round: 56,0
133, 0: 19, 123.24666998537732
This round: 56,1
133, 1: 8, 116.46605999486914
This round: 56,3
133, 2: 3, 109.28989284511813
This round: 56,2
133, 3: 4, 116.0221494116255
5.4334999999999996
5.4380999999999995
5.496
This round: 39,6
134, 0: 19, 124.09282383153116
This round: 39,7
134, 1: 8, 117.28657281538196
This round: 39,8
134, 2: 3, 110.08476463998993
This round: 39,6
134, 3: 4, 116.86830325777935
5.402200000000001
5.1121
This round: 40,1
135, 0: 19, 125.06782383153116
This round: 40,2
135, 1: 8, 118.23657281538196
This round: 40,6
135, 2: 3, 110.93476463998992
This round: 40,2
135, 3: 4, 117.81830325777935
5.464799999999999
This round: 71,14
136, 0: 19, 125.8706407329396
This round: 71,1
136, 1: 8, 119.2224883083397
This round: 71,19
136, 2: 3, 111.6671590061871
This round: 71,16
136, 3: 4, 118.59295114510329
5.1968
This round: 52,0
137, 0: 20, 126.8706407329396
This round: 52,0
137, 1: 9, 120.2224883083397
This round: 52,2
137, 2: 3, 112.62869746772557
This round: 52,0
137, 3: 5, 119.59295114510329
5.1989
This round: 43,9
138, 0: 20, 127.66133840735822
This round: 43,4
138, 1: 9, 121.12946505252576
This round: 43,11
138, 2: 3, 113.3728835142372
This round: 43,12
138, 3: 5, 120.31388137766143
5.5007
This round: 53,3
139, 0: 20, 128.60473463377332
This round: 53,3
139, 1: 9, 122.07286127894085
This round: 53,8
139, 2: 3, 114.22194011801079
This round: 53,8
139, 3: 5, 121.16293798143502
5.589700000000001
This round: 36,2
140, 0: 20, 129.54917907821778
This round: 36,3
140, 1: 9, 122.98952794560752
This round: 36,4
140, 2: 3, 115.11082900689968
This round: 36,2
140, 3: 5, 122.10738242587946
5.464799999999999
This round: 168,41
141, 0: 20, 130.30513145917016
This round: 168,37
141, 1: 9, 123.76928985036942
This round: 168,10
141, 2: 3, 116.05130519737587
This round: 168,37
141, 3: 5, 122.88714433064136
5.3309
This round: 583,299
142, 0: 20, 130.79226696517358
This round: 584,298
142, 1: 9, 124.25901587776667
This round: 584,259
142, 2: 3, 116.60781204669094
This round: 584,297
142, 3: 5, 123.37858268680574
5.339800000000001
5.4111
5.4023
This round: 61,11
143, 0: 20, 131.61193909632112
This round: 61,14
143, 1: 9, 125.02950768104536
This round: 61,12
143, 2: 3, 117.41109073521552
This round: 61,13
143, 3: 5, 124.16546793270739
5.536199999999999
5.4113
This round: 66,3
144, 0: 20, 132.5664845508666
This round: 66,4
144, 1: 9, 125.9689016204393
This round: 66,11
144, 2: 3, 118.24442406854885
This round: 66,3
144, 3: 5, 125.12001338725284
5.5004
5.3665
This round: 44,2
145, 0: 20, 133.52103000541206
This round: 44,3
145, 1: 9, 126.90071980225748
This round: 44,3
145, 2: 3, 119.17624225036704
This round: 44,3
145, 3: 5, 126.05183156907103
5.294900000000001
This round: 206,2
146, 0: 20, 134.51132126754797
This round: 206,5
146, 1: 9, 127.87644795759729
This round: 206,5
146, 2: 3, 120.15197040570685
This round: 206,4
146, 3: 5, 127.03241409334287
5.3932
This round: 82,1
147, 0: 20, 135.49912614559676
This round: 82,1
147, 1: 9, 128.86425283564608
This round: 82,5
147, 2: 3, 121.09099479595075
This round: 82,5
147, 3: 5, 127.97143848358677
5.145500000000001
This round: 37,7
148, 0: 20, 136.30993695640757
This round: 37,2
148, 1: 9, 129.81019878159202
This round: 37,4
148, 2: 3, 121.98288668784264
This round: 37,6
148, 3: 5, 128.8092763214246
5.286
This round: 40,6
149, 0: 20, 137.15993695640756
This round: 40,5
149, 1: 9, 130.68519878159202
This round: 40,13
149, 2: 3, 122.65788668784263
This round: 40,8
149, 3: 5, 129.6092763214246
5.2861
This round: 64,1
150, 0: 20, 138.14431195640756
This round: 64,5
150, 1: 9, 131.60707378159202
This round: 64,6
150, 2: 3, 123.56413668784263
This round: 64,1
150, 3: 5, 130.5936513214246
5.393400000000001
This round: 213,7
151, 0: 20, 139.1114481066423
This round: 213,76
151, 1: 9, 132.25026626985493
This round: 213,175
151, 2: 3, 123.74254044371118
This round: 213,8
151, 3: 5, 131.5560926359786
5.2861
This round: 33,2
152, 0: 20, 140.05084204603625
This round: 33,2
152, 1: 9, 133.18966020924887
This round: 33,6
152, 2: 3, 124.56072226189299
This round: 33,2
152, 3: 5, 132.49548657537252
5.1968
This round: 34,0
153, 0: 21, 141.05084204603625
This round: 34,1
153, 1: 9, 134.160248444543
This round: 34,3
153, 2: 3, 125.47248696777534
This round: 34,0
153, 3: 6, 133.49548657537252
5.4115
5.451300000000001
This round: 45,0
154, 0: 22, 142.05084204603625
This round: 45,0
154, 1: 10, 135.160248444543
This round: 45,1
154, 2: 3, 126.45026474555311
This round: 45,2
154, 3: 6, 134.45104213092807
5.482799999999999
5.3578
5.4158
5.2861
This round: 35,2
155, 0: 22, 142.9936991888934
This round: 35,4
155, 1: 10, 136.04596273025726
This round: 35,3
155, 2: 3, 127.36455045983882
This round: 35,2
155, 3: 6, 135.39389927378522
5.5005
5.715000000000001
5.5283999999999995
5.643400000000001
5.375399999999999
5.2861
This round: 55,1
156, 0: 22, 143.97551737071157
This round: 55,1
156, 1: 10, 137.02778091207543
This round: 55,2
156, 2: 3, 128.3281868234752
This round: 55,1
156, 3: 6, 136.3757174556034
5.4916
This round: 36,4
157, 0: 22, 144.86440625960046
This round: 36,3
157, 1: 10, 137.94444757874209
This round: 36,5
157, 2: 3, 129.1892979345863
This round: 36,11
157, 3: 6, 137.07016190004785
5.429
This round: 192,49
158, 0: 22, 145.60919792626711
This round: 192,98
158, 1: 10, 138.43403091207543
This round: 192,93
158, 2: 3, 129.7049229345863
This round: 192,90
158, 3: 6, 137.60141190004785
5.368499999999999
This round: 62,4
159, 0: 22, 146.54468179723486
This round: 62,3
159, 1: 10, 139.38564381530122
This round: 62,11
159, 2: 3, 130.5275035797476
This round: 62,14
159, 3: 6, 138.37560544843495
5.1478
This round: 56,8
160, 0: 22, 147.40182465437772
This round: 56,11
160, 1: 10, 140.18921524387264
This round: 56,11
160, 2: 3, 131.331075008319
This round: 56,11
160, 3: 6, 139.17917687700637
5.585299999999999
5.2547999999999995
This round: 106,11
161, 0: 22, 148.29805106947205
This round: 106,16
161, 1: 10, 141.03827184764623
This round: 106,16
161, 2: 3, 132.1801316120926
This round: 106,18
161, 3: 6, 140.00936555625165
5.366499999999999
This round: 73,2
162, 0: 22, 149.27065380919808
This round: 73,3
162, 1: 10, 141.99717595723527
This round: 73,4
162, 2: 3, 133.12533709154465
This round: 73,3
162, 3: 6, 140.9682696658407
5.3441
5.554099999999999
This round: 69,5
163, 0: 22, 150.19819004108214
This round: 69,7
163, 1: 10, 142.89572668187296
This round: 69,9
163, 2: 3, 133.99490230893596
This round: 69,11
163, 3: 6, 141.80884937598563
5.3219
This round: 108,4
164, 0: 22, 151.1611530040451
This round: 108,5
164, 1: 10, 143.84943038557665
This round: 108,37
164, 2: 3, 134.65230971634338
This round: 108,14
164, 3: 6, 142.679219746356
5.464700000000001
This round: 58,4
165, 0: 22, 152.09218748680374
This round: 58,3
165, 1: 10, 144.7977062476456
This round: 58,3
165, 2: 3, 135.60058557841234
This round: 58,3
165, 3: 6, 143.62749560842497
5.339700000000001
This round: 85,1
166, 0: 22, 153.0804227809214
This round: 85,16
166, 1: 10, 145.60947095352796
This round: 85,32
166, 2: 3, 136.22411499017704
This round: 85,27
166, 3: 6, 144.30984854960144
5.4826
This round: 59,1
167, 0: 22, 154.06347362837903
This round: 59,12
167, 1: 10, 146.40608112301948
This round: 59,29
167, 2: 3, 136.73258956644824
This round: 59,9
167, 3: 6, 145.15730617672008
5.2169
This round: 66,0
168, 0: 23, 155.06347362837903
This round: 66,10
168, 1: 10, 147.25456597150432
This round: 66,13
168, 2: 3, 137.53561986947855
This round: 66,11
168, 3: 6, 145.99063951005343
5.3577
This round: 176,0
169, 0: 24, 156.06347362837903
This round: 176,42
169, 1: 10, 148.01592960786795
This round: 176,45
169, 2: 3, 138.27993805129674
This round: 175,43
169, 3: 6, 146.74492522433914
5.6088
5.3332
This round: 74,8
170, 0: 24, 156.95536552027093
This round: 74,8
170, 1: 10, 148.90782149975985
This round: 74,8
170, 2: 3, 139.17182994318864
This round: 74,9
170, 3: 6, 147.62330360271753
5.2684
This round: 31,5
171, 0: 24, 157.7940751976903
This round: 31,7
171, 1: 10, 149.68201504814695
This round: 31,6
171, 2: 3, 139.97828155609187
This round: 31,4
171, 3: 6, 148.49427134465301
5.2348
This round: 58,2
172, 0: 24, 158.7595924390696
This round: 58,24
172, 1: 10, 150.26822194469867
This round: 58,25
172, 2: 3, 140.54724707333324
This round: 58,3
172, 3: 6, 149.44254720672197
5.2842
This round: 31,1
173, 0: 24, 159.72733437455346
This round: 31,4
173, 1: 10, 151.13918968663415
This round: 31,6
173, 2: 3, 141.35369868623647
This round: 31,2
173, 3: 6, 150.3780310776897
5.500800000000001
This round: 75,1
174, 0: 24, 160.71400104122014
This round: 75,12
174, 1: 10, 151.97918968663416
This round: 75,16
174, 2: 3, 142.14036535290313
This round: 75,5
174, 3: 6, 151.31136441102305
5.2592
5.5362
This round: 37,5
175, 0: 24, 161.578865906085
This round: 37,7
175, 1: 10, 152.79000049744496
This round: 37,5
175, 2: 3, 143.005230217768
This round: 37,3
175, 3: 6, 152.23028332994195
5.6079
5.464900000000001
5.2147
This round: 39,4
176, 0: 24, 162.4763018035209
This round: 39,5
176, 1: 10, 153.66179536923983
This round: 39,6
176, 2: 3, 143.85138406392184
This round: 39,6
176, 3: 6, 153.0764371760958
5.1253
This round: 52,1
177, 0: 24, 163.45707103429012
This round: 52,4
177, 1: 10, 154.58487229231676
This round: 52,7
177, 2: 3, 144.71676867930645
This round: 52,7
177, 3: 6, 153.9418217914804
5.375500000000001
This round: 284,10
178, 0: 24, 164.4218597666845
This round: 284,138
178, 1: 10, 155.098956799359
This round: 284,52
178, 2: 3, 145.53367008775717
This round: 284,51
178, 3: 6, 154.76224432669167
5.464700000000001
5.3397
This round: 31,2
179, 0: 24, 165.35734363765224
This round: 31,8
179, 1: 10, 155.84089228322998
This round: 31,7
179, 2: 3, 146.30786363614428
This round: 31,5
179, 3: 6, 155.60095400411103
5.4201999999999995
5.3042
This round: 41,1
180, 0: 24, 166.3329533937498
This round: 41,7
180, 1: 10, 156.67016057591292
This round: 41,4
180, 2: 3, 147.21030266053452
This round: 41,6
180, 3: 6, 156.4546125406964
5.366400000000001
5.4379
This round: 24,3
181, 0: 24, 167.2079533937498
This round: 24,5
181, 1: 10, 157.46182724257957
This round: 24,8
181, 2: 3, 147.87696932720118
This round: 24,6
181, 3: 6, 157.2046125406964
5.6076
5.2326999999999995
This round: 25,0
182, 0: 25, 168.2079533937498
This round: 25,1
182, 1: 10, 158.42182724257958
This round: 25,2
182, 2: 3, 148.79696932720117
This round: 25,1
182, 3: 6, 158.1646125406964
5.500500000000001
5.499200000000001
This round: 317,3
183, 0: 25, 169.19848967135232
This round: 317,3
183, 1: 10, 159.4123635201821
This round: 317,32
183, 2: 3, 149.69602295496142
This round: 317,80
183, 3: 6, 158.91224661009701
5.3699
5.312900000000001
This round: 77,2
184, 0: 25, 170.1725156453783
This round: 77,2
184, 1: 10, 160.3863894942081
This round: 77,11
184, 2: 3, 150.55316581210428
This round: 77,3
184, 3: 6, 159.87328557113597
5.4381
5.3933
This round: 63,3
185, 0: 25, 171.12489659775926
This round: 63,7
185, 1: 10, 161.27527838309697
This round: 63,7
185, 2: 3, 151.44205470099317
This round: 63,6
185, 3: 6, 160.77804747589786
5.518199999999999
5.3219
This round: 72,4
186, 0: 25, 172.06934104220372
This round: 72,21
186, 1: 10, 161.98361171643032
This round: 72,20
186, 2: 3, 152.1642769232154
This round: 72,14
186, 3: 6, 161.5836030314534
5.304100000000001
This round: 30,0
187, 0: 26, 173.06934104220372
This round: 30,1
187, 1: 10, 162.950278383097
This round: 30,2
187, 2: 3, 153.09761025654873
This round: 30,2
187, 3: 6, 162.51693636478674
5.3574
This round: 95,4
188, 0: 26, 174.0272357790458
This round: 95,4
188, 1: 10, 163.90817311993908
This round: 95,5
188, 2: 3, 154.04497867760136
This round: 95,6
188, 3: 6, 163.4537784700499
5.1968000000000005
This round: 35,0
189, 0: 27, 175.0272357790458
This round: 35,0
189, 1: 11, 164.90817311993908
This round: 35,0
189, 2: 4, 155.04497867760136
This round: 35,0
189, 3: 7, 164.4537784700499
5.3574
This round: 47,1
190, 0: 27, 176.00595918330112
This round: 47,1
190, 1: 11, 165.88689652419438
This round: 47,5
190, 2: 4, 155.93859569887795
This round: 47,5
190, 3: 7, 165.3473954913265
5.420100000000001
5.607600000000001
5.429
This round: 70,4
191, 0: 27, 176.94881632615827
This round: 70,19
191, 1: 11, 166.6154679527658
This round: 70,16
191, 2: 4, 156.71002427030652
This round: 70,15
191, 3: 7, 166.13310977704077
5.2862
This round: 120,1
192, 0: 27, 177.94048299282494
This round: 120,3
192, 1: 11, 167.5904679527658
This round: 120,4
192, 2: 4, 157.6766909369732
This round: 120,4
192, 3: 7, 167.09977644370744
5.4648
5.697099999999999
5.5721
This round: 60,9
193, 0: 27, 178.79048299282493
This round: 60,11
193, 1: 11, 168.40713461943247
This round: 60,16
193, 2: 4, 158.4100242703065
This round: 60,16
193, 3: 7, 167.83310977704076
5.5362
This round: 57,1
194, 0: 27, 179.7729391331758
This round: 57,6
194, 1: 11, 169.30187146153773
This round: 57,6
194, 2: 4, 159.30476111241177
This round: 57,5
194, 3: 7, 168.74539047879514
5.3397
This round: 33,3
195, 0: 27, 180.68203004226672
This round: 33,2
195, 1: 11, 170.24126540093167
This round: 33,2
195, 2: 4, 160.2441550518057
This round: 33,2
195, 3: 7, 169.68478441818908
5.563
5.3755999999999995
This round: 75,4
196, 0: 27, 181.62869670893338
This round: 75,6
196, 1: 11, 171.16126540093165
This round: 75,7
196, 2: 4, 161.15082171847237
This round: 75,6
196, 3: 7, 170.60478441818907
5.3576999999999995
This round: 62,3
197, 0: 27, 182.58030961215917
This round: 62,7
197, 1: 11, 172.0483621751252
This round: 62,16
197, 2: 4, 161.89275720234335
This round: 62,9
197, 3: 7, 171.45962312786648
5.7505
5.5097
This round: 42,4
198, 0: 27, 183.48507151692107
This round: 42,2
198, 1: 11, 173.00074312750615
This round: 42,8
198, 2: 4, 162.70228101186714
This round: 42,3
198, 3: 7, 172.3881945564379
5.330900000000001
This round: 33,4
199, 0: 27, 184.36385939570894
This round: 33,7
199, 1: 11, 173.78862191538494
This round: 33,7
199, 2: 4, 163.49015979974592
This round: 33,8
199, 3: 7, 173.14577031401365
