5.286000000000001
This round: 7,0
0, 0: 1, 1.0
This round: 7,0
0, 1: 1, 1.0
This round: 7,0
0, 2: 1, 1.0
This round: 7,0
0, 3: 1, 1.0
5.6053999999999995
5.6614
5.2927
This round: 6,0
1, 0: 2, 2.0
This round: 6,0
1, 1: 2, 2.0
This round: 6,0
1, 2: 2, 2.0
This round: 6,0
1, 3: 2, 2.0
5.7149
5.357500000000001
5.4111
5.411099999999999
5.2917000000000005
This round: 11,0
2, 0: 3, 3.0
This round: 11,0
2, 1: 3, 3.0
This round: 11,0
2, 2: 3, 3.0
This round: 11,0
2, 3: 3, 3.0
5.2616
This round: 4,0
3, 0: 4, 4.0
This round: 4,0
3, 1: 4, 4.0
This round: 4,0
3, 2: 4, 4.0
This round: 4,0
3, 3: 4, 4.0
5.149800000000001
This round: 11,0
4, 0: 5, 5.0
This round: 11,0
4, 1: 5, 5.0
This round: 11,0
4, 2: 5, 5.0
This round: 11,0
4, 3: 5, 5.0
5.393299999999999
This round: 4,0
5, 0: 6, 6.0
This round: 4,0
5, 1: 6, 6.0
This round: 4,0
5, 2: 6, 6.0
This round: 4,0
5, 3: 6, 6.0
5.714800000000001
5.4202
This round: 11,0
6, 0: 7, 7.0
This round: 11,0
6, 1: 7, 7.0
This round: 11,0
6, 2: 7, 7.0
This round: 11,0
6, 3: 7, 7.0
5.3961
This round: 6,0
7, 0: 8, 8.0
This round: 6,0
7, 1: 8, 8.0
This round: 6,0
7, 2: 8, 8.0
This round: 6,0
7, 3: 8, 8.0
5.321899999999999
This round: 3,0
8, 0: 9, 9.0
This round: 3,0
8, 1: 9, 9.0
This round: 3,0
8, 2: 9, 9.0
This round: 3,0
8, 3: 9, 9.0
5.313000000000001
This round: 36,0
9, 0: 10, 10.0
This round: 36,0
9, 1: 10, 10.0
This round: 36,0
9, 2: 10, 10.0
This round: 36,0
9, 3: 10, 10.0
5.3624
5.339799999999999
5.3306
This round: 11,0
10, 0: 11, 11.0
This round: 11,0
10, 1: 11, 11.0
This round: 11,0
10, 2: 11, 11.0
This round: 11,0
10, 3: 11, 11.0
5.567399999999999
This round: 16,0
11, 0: 12, 12.0
This round: 16,0
11, 1: 12, 12.0
This round: 16,0
11, 2: 12, 12.0
This round: 16,0
11, 3: 12, 12.0
5.357400000000001
5.429
This round: 22,0
12, 0: 13, 13.0
This round: 22,0
12, 1: 13, 13.0
This round: 22,0
12, 2: 13, 13.0
This round: 22,0
12, 3: 13, 13.0
5.3084
This round: 30,0
13, 0: 14, 14.0
This round: 30,0
13, 1: 14, 14.0
This round: 30,0
13, 2: 14, 14.0
This round: 30,0
13, 3: 14, 14.0
5.572
This round: 11,0
14, 0: 15, 15.0
This round: 11,0
14, 1: 15, 15.0
This round: 11,0
14, 2: 15, 15.0
This round: 11,0
14, 3: 15, 15.0
5.572
This round: 9,0
15, 0: 16, 16.0
This round: 9,0
15, 1: 16, 16.0
This round: 9,0
15, 2: 16, 16.0
This round: 9,0
15, 3: 16, 16.0
5.1655999999999995
This round: 7,0
16, 0: 17, 17.0
This round: 7,0
16, 1: 17, 17.0
This round: 7,0
16, 2: 17, 17.0
This round: 7,0
16, 3: 17, 17.0
5.4111
This round: 3,0
17, 0: 18, 18.0
This round: 3,0
17, 1: 18, 18.0
This round: 3,0
17, 2: 18, 18.0
This round: 3,0
17, 3: 18, 18.0
5.3944
5.2682
This round: 38,0
18, 0: 19, 19.0
This round: 38,0
18, 1: 19, 19.0
This round: 38,0
18, 2: 19, 19.0
This round: 38,0
18, 3: 19, 19.0
5.5006
This round: 3,0
19, 0: 20, 20.0
This round: 3,0
19, 1: 20, 20.0
This round: 3,0
19, 2: 20, 20.0
This round: 3,0
19, 3: 20, 20.0
5.2237
This round: 8,0
20, 0: 21, 21.0
This round: 8,0
20, 1: 21, 21.0
This round: 8,0
20, 2: 21, 21.0
This round: 8,0
20, 3: 21, 21.0
5.3396
5.3931000000000004
This round: 105,0
21, 0: 22, 22.0
This round: 105,0
21, 1: 22, 22.0
This round: 105,0
21, 2: 22, 22.0
This round: 105,0
21, 3: 22, 22.0
5.437800000000001
This round: 9,0
22, 0: 23, 23.0
This round: 9,0
22, 1: 23, 23.0
This round: 9,0
22, 2: 23, 23.0
This round: 9,0
22, 3: 23, 23.0
5.3754
This round: 127,0
23, 0: 24, 24.0
This round: 127,0
23, 1: 24, 24.0
This round: 127,0
23, 2: 24, 24.0
This round: 127,2
23, 3: 23, 23.984251968503937
5.3575
This round: 7,0
24, 0: 25, 25.0
This round: 7,0
24, 1: 25, 25.0
This round: 7,0
24, 2: 25, 25.0
This round: 7,0
24, 3: 24, 24.984251968503937
5.3933
This round: 6,0
25, 0: 26, 26.0
This round: 6,0
25, 1: 26, 26.0
This round: 6,0
25, 2: 26, 26.0
This round: 6,0
25, 3: 25, 25.984251968503937
5.500500000000001
5.3135
This round: 14,0
26, 0: 27, 27.0
This round: 14,0
26, 1: 27, 27.0
This round: 14,0
26, 2: 27, 27.0
This round: 14,0
26, 3: 26, 26.984251968503937
5.368800000000001
5.3219
5.290600000000001
This round: 36,0
27, 0: 28, 28.0
This round: 36,0
27, 1: 28, 28.0
This round: 36,0
27, 2: 28, 28.0
This round: 36,0
27, 3: 27, 27.984251968503937
5.3130999999999995
This round: 49,0
28, 0: 29, 29.0
This round: 49,0
28, 1: 29, 29.0
This round: 49,0
28, 2: 29, 29.0
This round: 49,0
28, 3: 28, 28.984251968503937
5.6522
5.464899999999999
This round: 6,0
29, 0: 30, 30.0
This round: 6,0
29, 1: 30, 30.0
This round: 6,0
29, 2: 30, 30.0
This round: 6,0
29, 3: 29, 29.984251968503937
5.232600000000001
This round: 4,0
30, 0: 31, 31.0
This round: 4,0
30, 1: 31, 31.0
This round: 4,0
30, 2: 31, 31.0
This round: 4,0
30, 3: 30, 30.984251968503937
5.3766
5.3932
5.527200000000001
5.4559000000000015
5.4826
5.399000000000001
This round: 13,0
31, 0: 32, 32.0
This round: 13,0
31, 1: 32, 32.0
This round: 13,0
31, 2: 32, 32.0
This round: 13,0
31, 3: 31, 31.984251968503937
5.437900000000001
5.262300000000001
This round: 26,0
32, 0: 33, 33.0
This round: 26,0
32, 1: 33, 33.0
This round: 26,3
32, 2: 32, 32.88461538461539
This round: 26,3
32, 3: 31, 32.86886735311932
5.3756
5.5004
5.42
This round: 3,0
33, 0: 34, 34.0
This round: 3,0
33, 1: 34, 34.0
This round: 3,0
33, 2: 33, 33.88461538461539
This round: 3,0
33, 3: 32, 33.86886735311932
5.3062000000000005
5.1476
This round: 4,0
34, 0: 35, 35.0
This round: 4,0
34, 1: 35, 35.0
This round: 4,0
34, 2: 34, 34.88461538461539
This round: 4,0
34, 3: 33, 34.86886735311932
5.2860000000000005
This round: 11,0
35, 0: 36, 36.0
This round: 11,0
35, 1: 36, 36.0
This round: 11,0
35, 2: 35, 35.88461538461539
This round: 11,0
35, 3: 34, 35.86886735311932
5.5452
This round: 7,0
36, 0: 37, 37.0
This round: 7,0
36, 1: 37, 37.0
This round: 7,0
36, 2: 36, 36.88461538461539
This round: 7,0
36, 3: 35, 36.86886735311932
5.3218000000000005
This round: 8,0
37, 0: 38, 38.0
This round: 8,0
37, 1: 38, 38.0
This round: 8,1
37, 2: 36, 37.75961538461539
This round: 8,0
37, 3: 36, 37.86886735311932
5.571999999999999
5.464900000000001
5.2861
This round: 6,0
38, 0: 39, 39.0
This round: 6,0
38, 1: 39, 39.0
This round: 6,0
38, 2: 37, 38.75961538461539
This round: 6,0
38, 3: 37, 38.86886735311932
5.429
5.386600000000001
This round: 16,0
39, 0: 40, 40.0
This round: 16,0
39, 1: 40, 40.0
This round: 16,0
39, 2: 38, 39.75961538461539
This round: 16,0
39, 3: 38, 39.86886735311932
5.1254
This round: 7,0
40, 0: 41, 41.0
This round: 7,0
40, 1: 41, 41.0
This round: 7,0
40, 2: 39, 40.75961538461539
This round: 7,0
40, 3: 39, 40.86886735311932
5.431299999999999
This round: 59,0
41, 0: 42, 42.0
This round: 59,0
41, 1: 42, 42.0
This round: 59,0
41, 2: 40, 41.75961538461539
This round: 59,0
41, 3: 40, 41.86886735311932
5.5005
This round: 8,0
42, 0: 43, 43.0
This round: 8,0
42, 1: 43, 43.0
This round: 8,1
42, 2: 40, 42.63461538461539
This round: 8,0
42, 3: 41, 42.86886735311932
5.2501999999999995
This round: 4,0
43, 0: 44, 44.0
This round: 4,0
43, 1: 44, 44.0
This round: 4,0
43, 2: 41, 43.63461538461539
This round: 4,0
43, 3: 42, 43.86886735311932
5.304
5.5362
5.5182
5.7148
5.1298
This round: 6,0
44, 0: 45, 45.0
This round: 6,0
44, 1: 45, 45.0
This round: 6,0
44, 2: 42, 44.63461538461539
This round: 6,0
44, 3: 43, 44.86886735311932
5.3759
This round: 21,0
45, 0: 46, 46.0
This round: 21,0
45, 1: 46, 46.0
This round: 21,0
45, 2: 43, 45.63461538461539
This round: 21,0
45, 3: 44, 45.86886735311932
5.393199999999999
This round: 9,0
46, 0: 47, 47.0
This round: 9,0
46, 1: 47, 47.0
This round: 9,0
46, 2: 44, 46.63461538461539
This round: 9,0
46, 3: 45, 46.86886735311932
5.3531
This round: 7,0
47, 0: 48, 48.0
This round: 7,0
47, 1: 48, 48.0
This round: 7,0
47, 2: 45, 47.63461538461539
This round: 7,0
47, 3: 46, 47.86886735311932
5.250400000000001
This round: 16,0
48, 0: 49, 49.0
This round: 16,0
48, 1: 49, 49.0
This round: 16,0
48, 2: 46, 48.63461538461539
This round: 16,0
48, 3: 47, 48.86886735311932
5.5007
5.0649999999999995
This round: 53,0
49, 0: 50, 50.0
This round: 53,0
49, 1: 50, 50.0
This round: 53,0
49, 2: 47, 49.63461538461539
This round: 53,0
49, 3: 48, 49.86886735311932
5.3625
This round: 4,0
50, 0: 51, 51.0
This round: 4,0
50, 1: 51, 51.0
This round: 4,0
50, 2: 48, 50.63461538461539
This round: 4,0
50, 3: 49, 50.86886735311932
5.1611
This round: 6,0
51, 0: 52, 52.0
This round: 6,0
51, 1: 52, 52.0
This round: 6,0
51, 2: 49, 51.63461538461539
This round: 6,0
51, 3: 50, 51.86886735311932
5.306500000000001
This round: 3,0
52, 0: 53, 53.0
This round: 3,0
52, 1: 53, 53.0
This round: 3,0
52, 2: 50, 52.63461538461539
This round: 3,0
52, 3: 51, 52.86886735311932
5.4514000000000005
This round: 4,0
53, 0: 54, 54.0
This round: 4,0
53, 1: 54, 54.0
This round: 4,0
53, 2: 51, 53.63461538461539
This round: 4,0
53, 3: 52, 53.86886735311932
5.2775
5.589700000000001
5.469200000000001
This round: 6,0
54, 0: 55, 55.0
This round: 6,0
54, 1: 55, 55.0
This round: 6,0
54, 2: 52, 54.63461538461539
This round: 6,0
54, 3: 53, 54.86886735311932
5.089600000000001
This round: 8,0
55, 0: 56, 56.0
This round: 8,0
55, 1: 56, 56.0
This round: 8,0
55, 2: 53, 55.63461538461539
This round: 8,0
55, 3: 54, 55.86886735311932
5.1252
This round: 20,0
56, 0: 57, 57.0
This round: 20,0
56, 1: 57, 57.0
This round: 20,0
56, 2: 54, 56.63461538461539
This round: 20,0
56, 3: 55, 56.86886735311932
5.4302
5.286099999999999
This round: 12,0
57, 0: 58, 58.0
This round: 12,0
57, 1: 58, 58.0
This round: 12,0
57, 2: 55, 57.63461538461539
This round: 12,0
57, 3: 56, 57.86886735311932
5.1255
This round: 6,0
58, 0: 59, 59.0
This round: 6,0
58, 1: 59, 59.0
This round: 6,0
58, 2: 56, 58.63461538461539
This round: 6,0
58, 3: 57, 58.86886735311932
5.2861
This round: 7,0
59, 0: 60, 60.0
This round: 7,0
59, 1: 60, 60.0
This round: 7,0
59, 2: 57, 59.63461538461539
This round: 7,0
59, 3: 58, 59.86886735311932
5.5363
This round: 13,0
60, 0: 61, 61.0
This round: 13,0
60, 1: 61, 61.0
This round: 13,0
60, 2: 58, 60.63461538461539
This round: 13,0
60, 3: 59, 60.86886735311932
5.268199999999999
This round: 21,0
61, 0: 62, 62.0
This round: 21,0
61, 1: 62, 62.0
This round: 21,0
61, 2: 59, 61.63461538461539
This round: 21,0
61, 3: 60, 61.86886735311932
5.3532
This round: 11,0
62, 0: 63, 63.0
This round: 11,0
62, 1: 63, 63.0
This round: 11,0
62, 2: 60, 62.63461538461539
This round: 11,0
62, 3: 61, 62.86886735311932
5.1789
This round: 5,0
63, 0: 64, 64.0
This round: 5,0
63, 1: 64, 64.0
This round: 5,0
63, 2: 61, 63.63461538461539
This round: 5,0
63, 3: 62, 63.86886735311932
5.679100000000001
5.2861
This round: 8,0
64, 0: 65, 65.0
This round: 8,0
64, 1: 65, 65.0
This round: 8,0
64, 2: 62, 64.63461538461539
This round: 8,0
64, 3: 63, 64.86886735311933
5.1878
5.5005
5.452600000000001
5.4601999999999995
This round: 41,0
65, 0: 66, 66.0
This round: 41,0
65, 1: 66, 66.0
This round: 41,0
65, 2: 63, 65.63461538461539
This round: 41,0
65, 3: 64, 65.86886735311933
5.4112
This round: 9,0
66, 0: 67, 67.0
This round: 9,0
66, 1: 67, 67.0
This round: 9,0
66, 2: 64, 66.63461538461539
This round: 9,0
66, 3: 65, 66.86886735311933
5.5719
5.3576
5.2168
This round: 64,0
67, 0: 68, 68.0
This round: 64,0
67, 1: 68, 68.0
This round: 64,0
67, 2: 65, 67.63461538461539
This round: 64,0
67, 3: 66, 67.86886735311933
5.3398
This round: 11,0
68, 0: 69, 69.0
This round: 11,0
68, 1: 69, 69.0
This round: 11,0
68, 2: 66, 68.63461538461539
This round: 11,0
68, 3: 67, 68.86886735311933
5.3932
This round: 10,0
69, 0: 70, 70.0
This round: 10,0
69, 1: 70, 70.0
This round: 10,0
69, 2: 67, 69.63461538461539
This round: 10,0
69, 3: 68, 69.86886735311933
5.607600000000001
This round: 7,0
70, 0: 71, 71.0
This round: 7,0
70, 1: 71, 71.0
This round: 7,0
70, 2: 68, 70.63461538461539
This round: 7,0
70, 3: 69, 70.86886735311933
5.2101999999999995
This round: 54,0
71, 0: 72, 72.0
This round: 54,0
71, 1: 72, 72.0
This round: 54,0
71, 2: 69, 71.63461538461539
This round: 54,0
71, 3: 70, 71.86886735311933
5.750500000000001
5.429000000000001
5.3042
5.6099
5.6972
This round: 5,0
72, 0: 73, 73.0
This round: 5,0
72, 1: 73, 73.0
This round: 5,0
72, 2: 70, 72.63461538461539
This round: 5,0
72, 3: 71, 72.86886735311933
5.3218000000000005
5.598800000000001
This round: 3,0
73, 0: 74, 74.0
This round: 3,0
73, 1: 74, 74.0
This round: 3,0
73, 2: 71, 73.63461538461539
This round: 3,0
73, 3: 72, 73.86886735311933
5.393400000000001
This round: 5,0
74, 0: 75, 75.0
This round: 5,0
74, 1: 75, 75.0
This round: 5,0
74, 2: 72, 74.63461538461539
This round: 5,0
74, 3: 73, 74.86886735311933
5.4289000000000005
This round: 5,0
75, 0: 76, 76.0
This round: 5,0
75, 1: 76, 76.0
This round: 5,0
75, 2: 73, 75.63461538461539
This round: 5,0
75, 3: 74, 75.86886735311933
5.647900000000001
5.384500000000001
5.4558
5.4135
5.2236
This round: 3,0
76, 0: 77, 77.0
This round: 3,0
76, 1: 77, 77.0
This round: 3,0
76, 2: 74, 76.63461538461539
This round: 3,0
76, 3: 75, 76.86886735311933
5.3575
This round: 10,0
77, 0: 78, 78.0
This round: 10,0
77, 1: 78, 78.0
This round: 10,0
77, 2: 75, 77.63461538461539
This round: 10,0
77, 3: 76, 77.86886735311933
5.2860000000000005
This round: 13,0
78, 0: 79, 79.0
This round: 13,0
78, 1: 79, 79.0
This round: 13,0
78, 2: 76, 78.63461538461539
This round: 13,0
78, 3: 77, 78.86886735311933
5.6256
5.2369
This round: 3,0
79, 0: 80, 80.0
This round: 3,0
79, 1: 80, 80.0
This round: 3,0
79, 2: 77, 79.63461538461539
This round: 3,0
79, 3: 78, 79.86886735311933
5.5184
This round: 7,0
80, 0: 81, 81.0
This round: 7,0
80, 1: 81, 81.0
This round: 7,0
80, 2: 78, 80.63461538461539
This round: 7,0
80, 3: 79, 80.86886735311933
5.6969
This round: 6,0
81, 0: 82, 82.0
This round: 6,1
81, 1: 81, 81.83333333333333
This round: 6,1
81, 2: 78, 81.46794871794872
This round: 6,0
81, 3: 80, 81.86886735311933
5.3931000000000004
This round: 8,0
82, 0: 83, 83.0
This round: 8,0
82, 1: 82, 82.83333333333333
This round: 8,0
82, 2: 79, 82.46794871794872
This round: 8,0
82, 3: 81, 82.86886735311933
5.5117
This round: 4,0
83, 0: 84, 84.0
This round: 4,0
83, 1: 83, 83.83333333333333
This round: 4,0
83, 2: 80, 83.46794871794872
This round: 4,0
83, 3: 82, 83.86886735311933
5.42
5.3574
This round: 6,0
84, 0: 85, 85.0
This round: 6,0
84, 1: 84, 84.83333333333333
This round: 6,0
84, 2: 81, 84.46794871794872
This round: 6,0
84, 3: 83, 84.86886735311933
5.7954
5.3755
This round: 6,0
85, 0: 86, 86.0
This round: 6,0
85, 1: 85, 85.83333333333333
This round: 6,0
85, 2: 82, 85.46794871794872
This round: 6,0
85, 3: 84, 85.86886735311933
5.3576
5.0907
This round: 4,0
86, 0: 87, 87.0
This round: 4,0
86, 1: 86, 86.83333333333333
This round: 4,0
86, 2: 83, 86.46794871794872
This round: 4,0
86, 3: 85, 86.86886735311933
5.2505
This round: 2,0
87, 0: 88, 88.0
This round: 2,0
87, 1: 87, 87.83333333333333
This round: 2,0
87, 2: 84, 87.46794871794872
This round: 2,0
87, 3: 86, 87.86886735311933
5.5011
5.5005
This round: 3,0
88, 0: 89, 89.0
This round: 3,0
88, 1: 88, 88.83333333333333
This round: 3,0
88, 2: 85, 88.46794871794872
This round: 3,0
88, 3: 87, 88.86886735311933
5.366700000000001
This round: 14,0
89, 0: 90, 90.0
This round: 14,0
89, 1: 89, 89.83333333333333
This round: 14,0
89, 2: 86, 89.46794871794872
This round: 14,0
89, 3: 88, 89.86886735311933
5.572
5.5996
5.3216
This round: 5,0
90, 0: 91, 91.0
This round: 5,0
90, 1: 90, 90.83333333333333
This round: 5,0
90, 2: 87, 90.46794871794872
This round: 5,0
90, 3: 89, 90.86886735311933
5.178800000000001
This round: 59,0
91, 0: 92, 92.0
This round: 59,0
91, 1: 91, 91.83333333333333
This round: 59,0
91, 2: 88, 91.46794871794872
This round: 59,0
91, 3: 90, 91.86886735311933
5.4692
5.437899999999999
This round: 8,0
92, 0: 93, 93.0
This round: 8,0
92, 1: 92, 92.83333333333333
This round: 8,0
92, 2: 89, 92.46794871794872
This round: 8,0
92, 3: 91, 92.86886735311933
5.348599999999999
5.6411999999999995
5.750600000000001
5.3687000000000005
This round: 29,0
93, 0: 94, 94.0
This round: 29,0
93, 1: 93, 93.83333333333333
This round: 29,0
93, 2: 90, 93.46794871794872
This round: 29,0
93, 3: 92, 93.86886735311933
5.212400000000001
This round: 4,0
94, 0: 95, 95.0
This round: 4,0
94, 1: 94, 94.83333333333333
This round: 4,0
94, 2: 91, 94.46794871794872
This round: 4,0
94, 3: 93, 94.86886735311933
5.715
5.536099999999999
5.411100000000001
5.3932
This round: 4,0
95, 0: 96, 96.0
This round: 4,0
95, 1: 95, 95.83333333333333
This round: 4,0
95, 2: 92, 95.46794871794872
This round: 4,0
95, 3: 94, 95.86886735311933
5.1834999999999996
This round: 13,0
96, 0: 97, 97.0
This round: 13,0
96, 1: 96, 96.83333333333333
This round: 13,0
96, 2: 93, 96.46794871794872
This round: 13,0
96, 3: 95, 96.86886735311933
5.3530999999999995
This round: 5,0
97, 0: 98, 98.0
This round: 5,0
97, 1: 97, 97.83333333333333
This round: 5,0
97, 2: 94, 97.46794871794872
This round: 5,0
97, 3: 96, 97.86886735311933
5.2034
This round: 7,0
98, 0: 99, 99.0
This round: 7,0
98, 1: 98, 98.83333333333333
This round: 7,0
98, 2: 95, 98.46794871794872
This round: 7,0
98, 3: 97, 98.86886735311933
5.679300000000001
5.697
5.3976999999999995
5.1969
This round: 9,0
99, 0: 100, 100.0
This round: 9,0
99, 1: 99, 99.83333333333333
This round: 9,0
99, 2: 96, 99.46794871794872
This round: 9,0
99, 3: 98, 99.86886735311933
5.2148
This round: 4,0
100, 0: 101, 101.0
This round: 4,0
100, 1: 100, 100.83333333333333
This round: 4,0
100, 2: 97, 100.46794871794872
This round: 4,0
100, 3: 99, 100.86886735311933
5.4559999999999995
This round: 5,0
101, 0: 102, 102.0
This round: 5,0
101, 1: 101, 101.83333333333333
This round: 5,0
101, 2: 98, 101.46794871794872
This round: 5,0
101, 3: 100, 101.86886735311933
5.179
This round: 72,0
102, 0: 103, 103.0
This round: 72,8
102, 1: 101, 102.72222222222221
This round: 72,8
102, 2: 98, 102.3568376068376
This round: 72,8
102, 3: 100, 102.75775624200821
5.357600000000001
This round: 3,0
103, 0: 104, 104.0
This round: 3,0
103, 1: 102, 103.72222222222221
This round: 3,0
103, 2: 99, 103.3568376068376
This round: 3,0
103, 3: 101, 103.75775624200821
5.500399999999999
This round: 5,0
104, 0: 105, 105.0
This round: 5,0
104, 1: 103, 104.72222222222221
This round: 5,0
104, 2: 100, 104.3568376068376
This round: 5,0
104, 3: 102, 104.75775624200821
5.4067
This round: 102,26
105, 0: 105, 105.74509803921569
This round: 102,26
105, 1: 103, 105.4673202614379
This round: 102,24
105, 2: 100, 105.12154348919054
This round: 102,39
105, 3: 102, 105.37540330083175
5.1437
This round: 3,0
106, 0: 106, 106.74509803921569
This round: 3,0
106, 1: 104, 106.4673202614379
This round: 3,0
106, 2: 101, 106.12154348919054
This round: 3,0
106, 3: 103, 106.37540330083175
5.5718
5.3932
This round: 4,0
107, 0: 107, 107.74509803921569
This round: 4,0
107, 1: 105, 107.4673202614379
This round: 4,0
107, 2: 102, 107.12154348919054
This round: 4,0
107, 3: 104, 107.37540330083175
5.2506
This round: 12,0
108, 0: 108, 108.74509803921569
This round: 12,0
108, 1: 106, 108.4673202614379
This round: 12,0
108, 2: 103, 108.12154348919054
This round: 12,0
108, 3: 105, 108.37540330083175
5.4302
5.214600000000001
This round: 3,0
109, 0: 109, 109.74509803921569
This round: 3,0
109, 1: 107, 109.4673202614379
This round: 3,0
109, 2: 104, 109.12154348919054
This round: 3,0
109, 3: 106, 109.37540330083175
5.464700000000001
5.3597
5.500500000000001
5.3488
5.518400000000001
This round: 4,0
110, 0: 110, 110.74509803921569
This round: 4,0
110, 1: 108, 110.4673202614379
This round: 4,0
110, 2: 105, 110.12154348919054
This round: 4,0
110, 3: 107, 110.37540330083175
5.3401000000000005
This round: 6,0
111, 0: 111, 111.74509803921569
This round: 6,0
111, 1: 109, 111.4673202614379
This round: 6,0
111, 2: 106, 111.12154348919054
This round: 6,0
111, 3: 108, 111.37540330083175
5.607500000000001
This round: 4,0
112, 0: 112, 112.74509803921569
This round: 4,0
112, 1: 110, 112.4673202614379
This round: 4,0
112, 2: 107, 112.12154348919054
This round: 4,0
112, 3: 109, 112.37540330083175
5.5003
This round: 6,0
113, 0: 113, 113.74509803921569
This round: 6,0
113, 1: 111, 113.4673202614379
This round: 6,0
113, 2: 108, 113.12154348919054
This round: 6,0
113, 3: 110, 113.37540330083175
5.500500000000001
5.6076
5.438000000000001
This round: 13,0
114, 0: 114, 114.74509803921569
This round: 13,0
114, 1: 112, 114.4673202614379
This round: 13,0
114, 2: 109, 114.12154348919054
This round: 13,0
114, 3: 111, 114.37540330083175
5.4111
5.2861
This round: 7,0
115, 0: 115, 115.74509803921569
This round: 7,0
115, 1: 113, 115.4673202614379
This round: 7,0
115, 2: 110, 115.12154348919054
This round: 7,0
115, 3: 112, 115.37540330083175
5.2684
5.5182
5.268300000000001
This round: 4,0
116, 0: 116, 116.74509803921569
This round: 4,0
116, 1: 114, 116.4673202614379
This round: 4,0
116, 2: 111, 116.12154348919054
This round: 4,0
116, 3: 113, 116.37540330083175
5.500500000000001
5.3577
5.4826999999999995
5.2170000000000005
This round: 13,0
117, 0: 117, 117.74509803921569
This round: 13,0
117, 1: 115, 117.4673202614379
This round: 13,0
117, 2: 112, 117.12154348919054
This round: 13,0
117, 3: 114, 117.37540330083175
5.2069
This round: 25,0
118, 0: 118, 118.74509803921569
This round: 25,0
118, 1: 116, 118.4673202614379
This round: 25,0
118, 2: 113, 118.12154348919054
This round: 25,0
118, 3: 115, 118.37540330083175
5.357600000000001
This round: 16,0
119, 0: 119, 119.74509803921569
This round: 16,0
119, 1: 117, 119.4673202614379
This round: 16,0
119, 2: 114, 119.12154348919054
This round: 16,0
119, 3: 116, 119.37540330083175
5.3575
5.3486
This round: 6,0
120, 0: 120, 120.74509803921569
This round: 6,0
120, 1: 118, 120.4673202614379
This round: 6,0
120, 2: 115, 120.12154348919054
This round: 6,0
120, 3: 117, 120.37540330083175
5.3419
This round: 7,0
121, 0: 121, 121.74509803921569
This round: 7,0
121, 1: 119, 121.4673202614379
This round: 7,0
121, 2: 116, 121.12154348919054
This round: 7,0
121, 3: 118, 121.37540330083175
5.2504
This round: 14,0
122, 0: 122, 122.74509803921569
This round: 14,0
122, 1: 120, 122.4673202614379
This round: 14,0
122, 2: 117, 122.12154348919054
This round: 14,0
122, 3: 119, 122.37540330083175
5.341900000000001
This round: 3,0
123, 0: 123, 123.74509803921569
This round: 3,0
123, 1: 121, 123.4673202614379
This round: 3,0
123, 2: 118, 123.12154348919054
This round: 3,0
123, 3: 120, 123.37540330083175
5.554
5.2862
This round: 3,0
124, 0: 124, 124.74509803921569
This round: 3,0
124, 1: 122, 124.4673202614379
This round: 3,0
124, 2: 119, 124.12154348919054
This round: 3,0
124, 3: 121, 124.37540330083175
5.2861
This round: 15,0
125, 0: 125, 125.74509803921569
This round: 15,0
125, 1: 123, 125.4673202614379
This round: 15,0
125, 2: 120, 125.12154348919054
This round: 15,0
125, 3: 122, 125.37540330083175
5.589700000000001
5.3664
5.3576
5.464700000000001
This round: 2,0
126, 0: 126, 126.74509803921569
This round: 2,0
126, 1: 124, 126.4673202614379
This round: 2,0
126, 2: 121, 126.12154348919054
This round: 2,0
126, 3: 123, 126.37540330083175
5.250400000000001
5.464600000000001
5.4737
5.2235
This round: 20,0
127, 0: 127, 127.74509803921569
This round: 20,0
127, 1: 125, 127.4673202614379
This round: 20,0
127, 2: 122, 127.12154348919054
This round: 20,0
127, 3: 124, 127.37540330083175
5.4112
This round: 39,0
128, 0: 128, 128.7450980392157
This round: 39,0
128, 1: 126, 128.46732026143792
This round: 39,0
128, 2: 123, 128.12154348919054
This round: 39,0
128, 3: 125, 128.37540330083175
5.5542
This round: 5,0
129, 0: 129, 129.7450980392157
This round: 5,0
129, 1: 127, 129.46732026143792
This round: 5,0
129, 2: 124, 129.12154348919054
This round: 5,0
129, 3: 126, 129.37540330083175
5.3575
This round: 9,0
130, 0: 130, 130.7450980392157
This round: 9,0
130, 1: 128, 130.46732026143792
This round: 9,0
130, 2: 125, 130.12154348919054
This round: 9,0
130, 3: 127, 130.37540330083175
5.429000000000001
This round: 3,0
131, 0: 131, 131.7450980392157
This round: 3,0
131, 1: 129, 131.46732026143792
This round: 3,0
131, 2: 126, 131.12154348919054
This round: 3,0
131, 3: 128, 131.37540330083175
5.4336
This round: 30,0
132, 0: 132, 132.7450980392157
This round: 30,0
132, 1: 130, 132.46732026143792
This round: 30,0
132, 2: 127, 132.12154348919054
This round: 30,0
132, 3: 129, 132.37540330083175
5.3577
This round: 6,0
133, 0: 133, 133.7450980392157
This round: 6,0
133, 1: 131, 133.46732026143792
This round: 6,0
133, 2: 128, 133.12154348919054
This round: 6,0
133, 3: 130, 133.37540330083175
5.5004
This round: 4,0
134, 0: 134, 134.7450980392157
This round: 4,0
134, 1: 132, 134.46732026143792
This round: 4,0
134, 2: 129, 134.12154348919054
This round: 4,0
134, 3: 131, 134.37540330083175
5.5719
5.4292
5.430100000000001
This round: 4,0
135, 0: 135, 135.7450980392157
This round: 4,0
135, 1: 133, 135.46732026143792
This round: 4,0
135, 2: 130, 135.12154348919054
This round: 4,0
135, 3: 132, 135.37540330083175
5.1789000000000005
This round: 7,0
136, 0: 136, 136.7450980392157
This round: 7,0
136, 1: 134, 136.46732026143792
This round: 7,0
136, 2: 131, 136.12154348919054
This round: 7,0
136, 3: 133, 136.37540330083175
5.4336
This round: 5,0
137, 0: 137, 137.7450980392157
This round: 5,0
137, 1: 135, 137.46732026143792
This round: 5,0
137, 2: 132, 137.12154348919054
This round: 5,0
137, 3: 134, 137.37540330083175
5.4335
5.5942
This round: 2,0
138, 0: 138, 138.7450980392157
This round: 2,0
138, 1: 136, 138.46732026143792
This round: 2,0
138, 2: 133, 138.12154348919054
This round: 2,0
138, 3: 135, 138.37540330083175
5.514
This round: 3,0
139, 0: 139, 139.7450980392157
This round: 3,0
139, 1: 137, 139.46732026143792
This round: 3,0
139, 2: 134, 139.12154348919054
This round: 3,0
139, 3: 136, 139.37540330083175
5.643300000000001
5.2057
This round: 7,0
140, 0: 140, 140.7450980392157
This round: 7,0
140, 1: 138, 140.46732026143792
This round: 7,0
140, 2: 135, 140.12154348919054
This round: 7,0
140, 3: 137, 140.37540330083175
5.259400000000001
This round: 7,0
141, 0: 141, 141.7450980392157
This round: 7,0
141, 1: 139, 141.46732026143792
This round: 7,0
141, 2: 136, 141.12154348919054
This round: 7,0
141, 3: 138, 141.37540330083175
5.581
This round: 5,0
142, 0: 142, 142.7450980392157
This round: 5,0
142, 1: 140, 142.46732026143792
This round: 5,0
142, 2: 137, 142.12154348919054
This round: 5,0
142, 3: 139, 142.37540330083175
5.5719
This round: 4,0
143, 0: 143, 143.7450980392157
This round: 4,0
143, 1: 141, 143.46732026143792
This round: 4,0
143, 2: 138, 143.12154348919054
This round: 4,0
143, 3: 140, 143.37540330083175
5.4113
This round: 10,0
144, 0: 144, 144.7450980392157
This round: 10,0
144, 1: 142, 144.46732026143792
This round: 10,0
144, 2: 139, 144.12154348919054
This round: 10,0
144, 3: 141, 144.37540330083175
5.464700000000001
5.5542
5.4601999999999995
This round: 22,0
145, 0: 145, 145.7450980392157
This round: 22,2
145, 1: 142, 145.37641117052883
This round: 22,0
145, 2: 140, 145.12154348919054
This round: 22,0
145, 3: 142, 145.37540330083175
5.304099999999999
This round: 8,0
146, 0: 146, 146.7450980392157
This round: 8,0
146, 1: 143, 146.37641117052883
This round: 8,0
146, 2: 141, 146.12154348919054
This round: 8,0
146, 3: 143, 146.37540330083175
5.456
5.536300000000001
5.2863999999999995
5.339700000000001
This round: 7,0
147, 0: 147, 147.7450980392157
This round: 7,0
147, 1: 144, 147.37641117052883
This round: 7,0
147, 2: 142, 147.12154348919054
This round: 7,0
147, 3: 144, 147.37540330083175
5.4112
This round: 5,0
148, 0: 148, 148.7450980392157
This round: 5,0
148, 1: 145, 148.37641117052883
This round: 5,0
148, 2: 143, 148.12154348919054
This round: 5,0
148, 3: 145, 148.37540330083175
5.304000000000001
This round: 70,0
149, 0: 149, 149.7450980392157
This round: 70,0
149, 1: 146, 149.37641117052883
This round: 70,14
149, 2: 143, 148.92154348919055
This round: 70,14
149, 3: 145, 149.17540330083176
5.3397
This round: 105,0
150, 0: 150, 150.7450980392157
This round: 105,0
150, 1: 147, 150.37641117052883
This round: 105,0
150, 2: 144, 149.92154348919055
This round: 105,0
150, 3: 146, 150.17540330083176
5.2772
This round: 10,0
151, 0: 151, 151.7450980392157
This round: 10,0
151, 1: 148, 151.37641117052883
This round: 10,0
151, 2: 145, 150.92154348919055
This round: 10,0
151, 3: 147, 151.17540330083176
5.750500000000001
5.0716
This round: 2,0
152, 0: 152, 152.7450980392157
This round: 2,0
152, 1: 149, 152.37641117052883
This round: 2,0
152, 2: 146, 151.92154348919055
This round: 2,0
152, 3: 148, 152.17540330083176
5.5809
This round: 2,0
153, 0: 153, 153.7450980392157
This round: 2,0
153, 1: 150, 153.37641117052883
This round: 2,0
153, 2: 147, 152.92154348919055
This round: 2,0
153, 3: 149, 153.17540330083176
5.322
This round: 37,0
154, 0: 154, 154.7450980392157
This round: 37,0
154, 1: 151, 154.37641117052883
This round: 37,0
154, 2: 148, 153.92154348919055
This round: 37,0
154, 3: 150, 154.17540330083176
5.2459999999999996
This round: 3,0
155, 0: 155, 155.7450980392157
This round: 3,0
155, 1: 152, 155.37641117052883
This round: 3,0
155, 2: 149, 154.92154348919055
This round: 3,0
155, 3: 151, 155.17540330083176
5.5732
This round: 7,0
156, 0: 156, 156.7450980392157
This round: 7,0
156, 1: 153, 156.37641117052883
This round: 7,0
156, 2: 150, 155.92154348919055
This round: 7,0
156, 3: 152, 156.17540330083176
5.3218
This round: 3,0
157, 0: 157, 157.7450980392157
This round: 3,0
157, 1: 154, 157.37641117052883
This round: 3,0
157, 2: 151, 156.92154348919055
This round: 3,0
157, 3: 153, 157.17540330083176
5.3845
5.4469
This round: 5,0
158, 0: 158, 158.7450980392157
This round: 5,0
158, 1: 155, 158.37641117052883
This round: 5,0
158, 2: 152, 157.92154348919055
This round: 5,0
158, 3: 154, 158.17540330083176
5.394
This round: 6,0
159, 0: 159, 159.7450980392157
This round: 6,0
159, 1: 156, 159.37641117052883
This round: 6,0
159, 2: 153, 158.92154348919055
This round: 6,0
159, 3: 155, 159.17540330083176
5.4289
This round: 11,0
160, 0: 160, 160.7450980392157
This round: 11,0
160, 1: 157, 160.37641117052883
This round: 11,0
160, 2: 154, 159.92154348919055
This round: 11,0
160, 3: 156, 160.17540330083176
5.286
5.3665
This round: 22,0
161, 0: 161, 161.7450980392157
This round: 22,0
161, 1: 158, 161.37641117052883
This round: 22,0
161, 2: 155, 160.92154348919055
This round: 22,0
161, 3: 157, 161.17540330083176
5.822
5.5006
This round: 6,0
162, 0: 162, 162.7450980392157
This round: 6,0
162, 1: 159, 162.37641117052883
This round: 6,0
162, 2: 156, 161.92154348919055
This round: 6,0
162, 3: 158, 162.17540330083176
5.4649
This round: 10,0
163, 0: 163, 163.7450980392157
This round: 10,0
163, 1: 160, 163.37641117052883
This round: 10,0
163, 2: 157, 162.92154348919055
This round: 10,0
163, 3: 159, 163.17540330083176
5.6099000000000006
This round: 4,0
164, 0: 164, 164.7450980392157
This round: 4,0
164, 1: 161, 164.37641117052883
This round: 4,0
164, 2: 158, 163.92154348919055
This round: 4,0
164, 3: 160, 164.17540330083176
5.2148
This round: 30,0
165, 0: 165, 165.7450980392157
This round: 30,0
165, 1: 162, 165.37641117052883
This round: 30,16
165, 2: 158, 164.38821015585722
This round: 30,0
165, 3: 161, 165.17540330083176
5.4267
5.429100000000001
This round: 98,13
166, 0: 165, 166.6124449779912
This round: 98,1
166, 1: 162, 166.36620708889618
This round: 98,0
166, 2: 159, 165.38821015585722
This round: 98,0
166, 3: 162, 166.17540330083176
5.232599999999999
This round: 5,0
167, 0: 166, 167.6124449779912
This round: 5,0
167, 1: 163, 167.36620708889618
This round: 5,0
167, 2: 160, 166.38821015585722
This round: 5,0
167, 3: 163, 167.17540330083176
5.6075
This round: 9,0
168, 0: 167, 168.6124449779912
This round: 9,0
168, 1: 164, 168.36620708889618
This round: 9,0
168, 2: 161, 167.38821015585722
This round: 9,0
168, 3: 164, 168.17540330083176
5.3933
This round: 10,0
169, 0: 168, 169.6124449779912
This round: 10,0
169, 1: 165, 169.36620708889618
This round: 10,0
169, 2: 162, 168.38821015585722
This round: 10,0
169, 3: 165, 169.17540330083176
5.319400000000001
This round: 2,0
170, 0: 169, 170.6124449779912
This round: 2,0
170, 1: 166, 170.36620708889618
This round: 2,0
170, 2: 163, 169.38821015585722
This round: 2,0
170, 3: 166, 170.17540330083176
5.2283
This round: 4,0
171, 0: 170, 171.6124449779912
This round: 4,0
171, 1: 167, 171.36620708889618
This round: 4,0
171, 2: 164, 170.38821015585722
This round: 4,0
171, 3: 167, 171.17540330083176
5.527100000000001
5.447
5.4112
5.500499999999999
5.455800000000001
5.357399999999999
This round: 57,0
172, 0: 171, 172.6124449779912
This round: 57,0
172, 1: 168, 172.36620708889618
This round: 57,0
172, 2: 165, 171.38821015585722
This round: 57,0
172, 3: 168, 172.17540330083176
5.4781
This round: 4,0
173, 0: 172, 173.6124449779912
This round: 4,0
173, 1: 169, 173.36620708889618
This round: 4,0
173, 2: 166, 172.38821015585722
This round: 4,0
173, 3: 169, 173.17540330083176
5.2505
This round: 10,0
174, 0: 173, 174.6124449779912
This round: 10,0
174, 1: 170, 174.36620708889618
This round: 10,0
174, 2: 167, 173.38821015585722
This round: 10,0
174, 3: 170, 174.17540330083176
5.545100000000001
5.2236
5.6166
5.438
5.5363
This round: 18,0
175, 0: 174, 175.6124449779912
This round: 18,0
175, 1: 171, 175.36620708889618
This round: 18,0
175, 2: 168, 174.38821015585722
This round: 18,0
175, 3: 171, 175.17540330083176
5.3575
5.790700000000001
This round: 5,0
176, 0: 175, 176.6124449779912
This round: 5,0
176, 1: 172, 176.36620708889618
This round: 5,0
176, 2: 169, 175.38821015585722
This round: 5,0
176, 3: 172, 176.17540330083176
5.6791
5.3663
This round: 4,0
177, 0: 176, 177.6124449779912
This round: 4,0
177, 1: 173, 177.36620708889618
This round: 4,0
177, 2: 170, 176.38821015585722
This round: 4,0
177, 3: 173, 177.17540330083176
5.3755999999999995
5.290500000000001
This round: 31,0
178, 0: 177, 178.6124449779912
This round: 31,0
178, 1: 174, 178.36620708889618
This round: 31,0
178, 2: 171, 177.38821015585722
This round: 31,0
178, 3: 174, 178.17540330083176
5.402399999999999
This round: 49,0
179, 0: 178, 179.6124449779912
This round: 49,0
179, 1: 175, 179.36620708889618
This round: 49,0
179, 2: 172, 178.38821015585722
This round: 49,0
179, 3: 175, 179.17540330083176
5.3043
This round: 4,0
180, 0: 179, 180.6124449779912
This round: 4,0
180, 1: 176, 180.36620708889618
This round: 4,0
180, 2: 173, 179.38821015585722
This round: 4,0
180, 3: 176, 180.17540330083176
5.518300000000001
5.241600000000001
This round: 4,0
181, 0: 180, 181.6124449779912
This round: 4,0
181, 1: 177, 181.36620708889618
This round: 4,0
181, 2: 174, 180.38821015585722
This round: 4,0
181, 3: 177, 181.17540330083176
5.501700000000001
5.3919999999999995
This round: 3,0
182, 0: 181, 182.6124449779912
This round: 3,0
182, 1: 178, 182.36620708889618
This round: 3,0
182, 2: 175, 181.38821015585722
This round: 3,0
182, 3: 178, 182.17540330083176
5.2124
This round: 6,0
183, 0: 182, 183.6124449779912
This round: 6,0
183, 1: 179, 183.36620708889618
This round: 6,0
183, 2: 176, 182.38821015585722
This round: 6,0
183, 3: 179, 183.17540330083176
5.2683
This round: 6,0
184, 0: 183, 184.6124449779912
This round: 6,0
184, 1: 180, 184.36620708889618
This round: 6,0
184, 2: 177, 183.38821015585722
This round: 6,0
184, 3: 180, 184.17540330083176
5.2414000000000005
This round: 3,0
185, 0: 184, 185.6124449779912
This round: 3,0
185, 1: 181, 185.36620708889618
This round: 3,0
185, 2: 178, 184.38821015585722
This round: 3,0
185, 3: 181, 185.17540330083176
5.7148
5.250400000000001
This round: 7,0
186, 0: 185, 186.6124449779912
This round: 7,0
186, 1: 182, 186.36620708889618
This round: 7,0
186, 2: 179, 185.38821015585722
This round: 7,0
186, 3: 182, 186.17540330083176
5.3353
This round: 5,0
187, 0: 186, 187.6124449779912
This round: 5,0
187, 1: 183, 187.36620708889618
This round: 5,0
187, 2: 180, 186.38821015585722
This round: 5,0
187, 3: 183, 187.17540330083176
5.2325
This round: 11,0
188, 0: 187, 188.6124449779912
This round: 11,0
188, 1: 184, 188.36620708889618
This round: 11,0
188, 2: 181, 187.38821015585722
This round: 11,0
188, 3: 184, 188.17540330083176
5.4113
This round: 3,0
189, 0: 188, 189.6124449779912
This round: 3,0
189, 1: 185, 189.36620708889618
This round: 3,0
189, 2: 182, 188.38821015585722
This round: 3,0
189, 3: 185, 189.17540330083176
5.3599
5.5365
This round: 6,0
190, 0: 189, 190.6124449779912
This round: 6,0
190, 1: 186, 190.36620708889618
This round: 6,0
190, 2: 183, 189.38821015585722
This round: 6,0
190, 3: 186, 190.17540330083176
5.4468
This round: 10,0
191, 0: 190, 191.6124449779912
This round: 10,0
191, 1: 187, 191.36620708889618
This round: 10,0
191, 2: 184, 190.38821015585722
This round: 10,0
191, 3: 187, 191.17540330083176
5.4291
This round: 10,0
192, 0: 191, 192.6124449779912
This round: 10,0
192, 1: 188, 192.36620708889618
This round: 10,0
192, 2: 185, 191.38821015585722
This round: 10,0
192, 3: 188, 192.17540330083176
5.5363
This round: 6,0
193, 0: 192, 193.6124449779912
This round: 6,0
193, 1: 189, 193.36620708889618
This round: 6,0
193, 2: 186, 192.38821015585722
This round: 6,0
193, 3: 189, 193.17540330083176
5.1968
This round: 6,0
194, 0: 193, 194.6124449779912
This round: 6,0
194, 1: 190, 194.36620708889618
This round: 6,0
194, 2: 187, 193.38821015585722
This round: 6,0
194, 3: 190, 194.17540330083176
5.2103
This round: 14,0
195, 0: 194, 195.6124449779912
This round: 14,0
195, 1: 191, 195.36620708889618
This round: 14,0
195, 2: 188, 194.38821015585722
This round: 14,0
195, 3: 191, 195.17540330083176
5.36
This round: 13,0
196, 0: 195, 196.6124449779912
This round: 13,0
196, 1: 192, 196.36620708889618
This round: 13,0
196, 2: 189, 195.38821015585722
This round: 13,0
196, 3: 192, 196.17540330083176
5.408999999999999
This round: 3,0
197, 0: 196, 197.6124449779912
This round: 3,0
197, 1: 193, 197.36620708889618
This round: 3,0
197, 2: 190, 196.38821015585722
This round: 3,0
197, 3: 193, 197.17540330083176
5.2595
This round: 15,0
198, 0: 197, 198.6124449779912
This round: 15,0
198, 1: 194, 198.36620708889618
This round: 15,0
198, 2: 191, 197.38821015585722
This round: 15,0
198, 3: 194, 198.17540330083176
5.2949
5.161099999999999
This round: 5,0
199, 0: 198, 199.6124449779912
This round: 5,0
199, 1: 195, 199.36620708889618
This round: 5,0
199, 2: 192, 198.38821015585722
This round: 5,0
199, 3: 195, 199.17540330083176
