This round: 99,0
0, 0: 1, 1.0
This round: 99,4
0, 1: 0, 0.9595959595959596
This round: 99,8
0, 2: 0, 0.9191919191919192
0.10835416537649838, 2
not schedulable
This round: 10,1
1, 0: 1, 1.9
This round: 10,1
1, 1: 0, 1.8595959595959597
This round: 10,2
1, 2: 0, 1.7191919191919194
0.1965297203520765, 1
not schedulable
This round: 17,4
2, 0: 1, 2.664705882352941
This round: 17,4
2, 1: 0, 2.624301841948901
This round: 17,4
2, 2: 0, 2.4838978015448605
This round: 15,0
3, 0: 2, 3.664705882352941
This round: 15,0
3, 1: 1, 3.624301841948901
This round: 15,0
3, 2: 1, 3.4838978015448605
0.09807029557104219, 1
not schedulable
This round: 39,10
4, 0: 2, 4.408295625942685
This round: 39,10
4, 1: 1, 4.367891585538644
This round: 39,10
4, 2: 1, 4.227487545134604
This round: 79,0
5, 0: 3, 5.408295625942685
This round: 79,0
5, 1: 2, 5.367891585538644
This round: 79,0
5, 2: 2, 5.227487545134604
0.20289825552646462, 1
not schedulable
This round: 10,0
6, 0: 4, 6.408295625942685
This round: 10,0
6, 1: 3, 6.367891585538644
This round: 10,1
6, 2: 2, 6.1274875451346045
This round: 19,0
7, 0: 5, 7.408295625942685
This round: 19,4
7, 1: 3, 7.157365269749171
This round: 19,4
7, 2: 2, 6.916961229345131
This round: 14,0
8, 0: 6, 8.408295625942685
This round: 14,0
8, 1: 4, 8.157365269749171
This round: 14,1
8, 2: 2, 7.84553265791656
This round: 11,0
9, 0: 7, 9.408295625942685
This round: 11,0
9, 1: 5, 9.157365269749171
This round: 11,0
9, 2: 3, 8.84553265791656
This round: 20,0
10, 0: 8, 10.408295625942685
This round: 20,1
10, 1: 5, 10.10736526974917
This round: 20,0
10, 2: 4, 9.84553265791656
This round: 17,0
11, 0: 9, 11.408295625942685
This round: 17,0
11, 1: 6, 11.10736526974917
This round: 17,0
11, 2: 5, 10.84553265791656
This round: 55,2
12, 0: 9, 12.371931989579048
This round: 56,7
12, 1: 6, 11.98236526974917
This round: 56,1
12, 2: 5, 11.827675515059418
This round: 6,0
13, 0: 10, 13.371931989579048
This round: 6,1
13, 1: 6, 12.815698603082504
This round: 6,1
13, 2: 5, 12.661008848392752
0.21719439986427985, 2
not schedulable
This round: 28,2
14, 0: 10, 14.300503418150477
This round: 28,1
14, 1: 6, 13.779984317368218
This round: 28,1
14, 2: 5, 13.625294562678466
This round: 11,2
15, 0: 10, 15.118685236332295
This round: 11,2
15, 1: 6, 14.598166135550036
This round: 11,2
15, 2: 5, 14.443476380860284
This round: 83,6
16, 0: 10, 16.04639607970579
This round: 83,6
16, 1: 6, 15.525876978923531
This round: 83,1
16, 2: 5, 15.4314281880892
This round: 14,4
17, 0: 10, 16.760681793991505
This round: 14,4
17, 1: 6, 16.240162693209246
This round: 14,4
17, 2: 5, 16.145713902374915
This round: 22,9
18, 0: 10, 17.351590884900595
This round: 22,9
18, 1: 6, 16.831071784118336
This round: 22,9
18, 2: 5, 16.736622993284005
Partitions on PCPU #496 is not schedulable
Partition on PCPU not schedulable
not schedulable
This round: 77,1
19, 0: 10, 18.338603871913584
This round: 77,1
19, 1: 6, 17.818084771131325
This round: 77,1
19, 2: 5, 17.723635980296994
0.24736607701426577, 1
not schedulable
This round: 11,0
20, 0: 11, 19.338603871913584
This round: 11,0
20, 1: 7, 18.818084771131325
This round: 11,0
20, 2: 6, 18.723635980296994
This round: 17,0
21, 0: 12, 20.338603871913584
This round: 17,0
21, 1: 8, 19.818084771131325
This round: 17,0
21, 2: 7, 19.723635980296994
This round: 14,0
22, 0: 13, 21.338603871913584
This round: 14,0
22, 1: 9, 20.818084771131325
This round: 14,0
22, 2: 8, 20.723635980296994
This round: 20,0
23, 0: 14, 22.338603871913584
This round: 20,0
23, 1: 10, 21.818084771131325
This round: 20,2
23, 2: 8, 21.623635980296992
This round: 38,0
24, 0: 15, 23.338603871913584
This round: 38,2
24, 1: 10, 22.765453192183955
This round: 38,6
24, 2: 8, 22.465741243454886
This round: 76,2
25, 0: 15, 24.3122880824399
This round: 76,0
25, 1: 11, 23.765453192183955
This round: 76,2
25, 2: 8, 23.4394254539812
This round: 41,0
26, 0: 16, 25.3122880824399
This round: 41,0
26, 1: 12, 24.765453192183955
This round: 41,2
26, 2: 8, 24.390644966176325
This round: 94,3
27, 0: 16, 26.280373188822878
This round: 94,0
27, 1: 13, 25.765453192183955
This round: 94,0
27, 2: 9, 25.390644966176325
This round: 17,0
28, 0: 17, 27.280373188822878
This round: 17,2
28, 1: 13, 26.647806133360426
This round: 17,2
28, 2: 9, 26.272997907352796
This round: 11,0
29, 0: 18, 28.280373188822878
This round: 11,0
29, 1: 14, 27.647806133360426
This round: 11,0
29, 2: 10, 27.272997907352796
0.18974020394341284, 1
not schedulable
This round: 20,0
30, 0: 19, 29.280373188822878
This round: 20,3
30, 1: 14, 28.497806133360427
This round: 20,4
30, 2: 10, 28.072997907352796
This round: 64,3
31, 0: 19, 30.233498188822878
This round: 64,0
31, 1: 15, 29.497806133360427
This round: 64,18
31, 2: 10, 28.791747907352796
This round: 30,0
32, 0: 20, 31.233498188822878
This round: 30,0
32, 1: 16, 30.497806133360427
This round: 30,1
32, 2: 10, 29.75841457401946
This round: 7,0
33, 0: 21, 32.23349818882288
This round: 7,0
33, 1: 17, 31.497806133360427
This round: 7,2
33, 2: 10, 30.472700288305177
This round: 14,0
34, 0: 22, 33.23349818882288
This round: 14,0
34, 1: 18, 32.49780613336043
This round: 14,0
34, 2: 11, 31.472700288305177
This round: 50,13
35, 0: 22, 33.97349818882288
This round: 50,1
35, 1: 18, 33.477806133360424
This round: 50,1
35, 2: 11, 32.452700288305174
This round: 13,0
36, 0: 23, 34.97349818882288
This round: 13,0
36, 1: 19, 34.477806133360424
This round: 13,0
36, 2: 12, 33.452700288305174
0.194098742177648, 2
not schedulable
This round: 36,0
37, 0: 24, 35.97349818882288
This round: 36,2
37, 1: 19, 35.42225057780487
This round: 36,2
37, 2: 12, 34.39714473274962
This round: 29,0
38, 0: 25, 36.97349818882288
This round: 29,0
38, 1: 20, 36.42225057780487
This round: 29,2
38, 2: 12, 35.328179215508236
0.33700941585271904, 2
not schedulable
This round: 380,1
39, 0: 25, 37.970866609875515
This round: 380,1
39, 1: 20, 37.4196189988575
This round: 380,7
39, 2: 12, 36.309758162876655
This round: 16,1
40, 0: 25, 38.908366609875515
This round: 16,1
40, 1: 20, 38.3571189988575
This round: 16,1
40, 2: 12, 37.247258162876655
0.14252722053090558, 1
not schedulable
This round: 18,0
41, 0: 26, 39.908366609875515
This round: 18,0
41, 1: 21, 39.3571189988575
This round: 18,1
41, 2: 12, 38.1917026073211
This round: 17,0
42, 0: 27, 40.908366609875515
This round: 17,0
42, 1: 22, 40.3571189988575
This round: 17,0
42, 2: 13, 39.1917026073211
0.2570160123348685, 2
not schedulable
0.22171858697534969, 2
not schedulable
This round: 14,0
43, 0: 28, 41.908366609875515
This round: 14,0
43, 1: 23, 41.3571189988575
This round: 14,0
43, 2: 14, 40.1917026073211
0.2185949465344057, 2
not schedulable
This round: 27,0
44, 0: 29, 42.908366609875515
This round: 27,0
44, 1: 24, 42.3571189988575
This round: 27,0
44, 2: 15, 41.1917026073211
This round: 32,0
45, 0: 30, 43.908366609875515
This round: 32,0
45, 1: 25, 43.3571189988575
This round: 32,0
45, 2: 16, 42.1917026073211
This round: 9,2
46, 0: 30, 44.68614438765329
This round: 9,2
46, 1: 25, 44.13489677663528
This round: 9,2
46, 2: 16, 42.969480385098876
This round: 36,0
47, 0: 31, 45.68614438765329
This round: 36,1
47, 1: 25, 45.1071189988575
This round: 36,1
47, 2: 16, 43.9417026073211
This round: 20,0
48, 0: 32, 46.68614438765329
This round: 20,0
48, 1: 26, 46.1071189988575
This round: 20,1
48, 2: 16, 44.8917026073211
This round: 22,0
49, 0: 33, 47.68614438765329
This round: 22,5
49, 1: 26, 46.879846271584775
This round: 22,5
49, 2: 16, 45.664429880048374
This round: 52,1
50, 0: 33, 48.66691361842253
This round: 52,15
50, 1: 26, 47.591384733123235
This round: 52,15
50, 2: 16, 46.375968341586834
This round: 16,0
51, 0: 34, 49.66691361842253
This round: 16,0
51, 1: 27, 48.591384733123235
This round: 16,0
51, 2: 17, 47.375968341586834
This round: 14,0
52, 0: 35, 50.66691361842253
This round: 14,3
52, 1: 27, 49.37709901883752
This round: 14,0
52, 2: 18, 48.375968341586834
This round: 15,0
53, 0: 36, 51.66691361842253
This round: 15,0
53, 1: 28, 50.37709901883752
This round: 15,1
53, 2: 18, 49.309301674920164
0.3363852286011223, 2
not schedulable
This round: 9,2
54, 0: 36, 52.444691396200305
This round: 9,2
54, 1: 28, 51.1548767966153
This round: 9,2
54, 2: 18, 50.08707945269794
This round: 12,1
55, 0: 36, 53.36135806286697
This round: 12,1
55, 1: 28, 52.07154346328196
This round: 12,1
55, 2: 18, 51.00374611936461
0.07467305785564449, 2
not schedulable
This round: 40,0
56, 0: 37, 54.36135806286697
This round: 40,0
56, 1: 29, 53.07154346328196
This round: 40,0
56, 2: 19, 52.00374611936461
This round: 62,0
57, 0: 38, 55.36135806286697
This round: 62,1
57, 1: 29, 54.0554144310239
This round: 62,0
57, 2: 20, 53.00374611936461
This round: 9,0
58, 0: 39, 56.36135806286697
This round: 9,0
58, 1: 30, 55.0554144310239
This round: 9,0
58, 2: 21, 54.00374611936461
This round: 19,0
59, 0: 40, 57.36135806286697
This round: 19,0
59, 1: 31, 56.0554144310239
This round: 19,1
59, 2: 21, 54.95111454041724
Partitions on PCPU #1575 is not schedulable
Partition on PCPU not schedulable
not schedulable
0.1588687695437735, 1
not schedulable
Partitions on PCPU #1586 is not schedulable
Partition on PCPU not schedulable
not schedulable
0.27097748527568255, 2
not schedulable
This round: 28,0
60, 0: 41, 58.36135806286697
This round: 28,1
60, 1: 31, 57.01970014530961
This round: 28,1
60, 2: 21, 55.91540025470295
0.27538712473505633, 2
not schedulable
0.23011966769586223, 1
not schedulable
0.3119351291416541, 1
not schedulable
This round: 35,3
61, 0: 41, 59.27564377715268
This round: 35,0
61, 1: 32, 58.01970014530961
This round: 35,1
61, 2: 21, 56.88682882613152
0.26246702552045376, 1
not schedulable
This round: 23,0
62, 0: 42, 60.27564377715268
This round: 23,0
62, 1: 33, 59.01970014530961
This round: 23,7
62, 2: 21, 57.58248100004457
This round: 13,0
63, 0: 43, 61.27564377715268
This round: 13,1
63, 1: 33, 59.94277706838653
This round: 13,1
63, 2: 21, 58.505557923121486
This round: 20,0
64, 0: 44, 62.27564377715268
This round: 20,0
64, 1: 34, 60.94277706838653
This round: 20,1
64, 2: 21, 59.45555792312149
This round: 9,0
65, 0: 45, 63.27564377715268
This round: 9,0
65, 1: 35, 61.94277706838653
This round: 9,0
65, 2: 22, 60.45555792312149
0.22561536174799485, 2
not schedulable
This round: 107,0
66, 0: 46, 64.27564377715268
This round: 107,0
66, 1: 36, 62.94277706838653
This round: 107,7
66, 2: 22, 61.39013736237383
0.15590934243463503, 2
not schedulable
0.14156303533693199, 2
not schedulable
0.23519853383286435, 1
not schedulable
This round: 70,0
67, 0: 47, 65.27564377715268
This round: 70,0
67, 1: 37, 63.94277706838653
This round: 70,0
67, 2: 23, 62.39013736237383
This round: 50,11
68, 0: 47, 66.05564377715268
This round: 50,11
68, 1: 37, 64.72277706838653
This round: 50,12
68, 2: 23, 63.150137362373826
0.32859662047641136, 1
not schedulable
This round: 30,0
69, 0: 48, 67.05564377715268
This round: 30,1
69, 1: 37, 65.6894437350532
This round: 30,1
69, 2: 23, 64.1168040290405
Partitions on PCPU #1917 is not schedulable
Partition on PCPU not schedulable
not schedulable
This round: 9,0
70, 0: 49, 68.05564377715268
This round: 9,0
70, 1: 38, 66.6894437350532
This round: 9,0
70, 2: 24, 65.1168040290405
This round: 63,0
71, 0: 50, 69.05564377715268
This round: 63,3
71, 1: 38, 67.64182468743415
This round: 63,0
71, 2: 25, 66.1168040290405
This round: 42,0
72, 0: 51, 70.05564377715268
This round: 42,11
72, 1: 38, 68.37991992552939
This round: 42,2
72, 2: 25, 67.06918498142144
This round: 30,0
73, 0: 52, 71.05564377715268
This round: 30,1
73, 1: 38, 69.34658659219606
This round: 30,1
73, 2: 25, 68.03585164808811
This round: 7,0
74, 0: 53, 72.05564377715268
This round: 7,0
74, 1: 39, 70.34658659219606
This round: 7,2
74, 2: 25, 68.75013736237382
This round: 50,0
75, 0: 54, 73.05564377715268
This round: 50,0
75, 1: 40, 71.34658659219606
This round: 50,0
75, 2: 26, 69.75013736237382
This round: 22,0
76, 0: 55, 74.05564377715268
This round: 22,2
76, 1: 40, 72.25567750128697
This round: 22,1
76, 2: 26, 70.70468281691927
This round: 13,0
77, 0: 56, 75.05564377715268
This round: 13,0
77, 1: 41, 73.25567750128697
This round: 13,0
77, 2: 27, 71.70468281691927
This round: 12,0
78, 0: 57, 76.05564377715268
This round: 12,0
78, 1: 42, 74.25567750128697
This round: 12,0
78, 2: 28, 72.70468281691927
This round: 26,0
79, 0: 58, 77.05564377715268
This round: 26,1
79, 1: 42, 75.21721596282543
This round: 26,1
79, 2: 28, 73.66622127845774
This round: 13,0
80, 0: 59, 78.05564377715268
This round: 13,1
80, 1: 42, 76.14029288590235
This round: 13,1
80, 2: 28, 74.58929820153466
This round: 19,0
81, 0: 60, 79.05564377715268
This round: 19,1
81, 1: 42, 77.08766130695498
This round: 19,0
81, 2: 29, 75.58929820153466
This round: 13,0
82, 0: 61, 80.05564377715268
This round: 13,0
82, 1: 43, 78.08766130695498
This round: 13,0
82, 2: 30, 76.58929820153466
Partitions on PCPU #2236 is not schedulable
Partition on PCPU not schedulable
not schedulable
Partitions on PCPU #2246 is not schedulable
Partition on PCPU not schedulable
not schedulable
This round: 18,0
83, 0: 62, 81.05564377715268
This round: 18,0
83, 1: 44, 79.08766130695498
This round: 18,2
83, 2: 30, 77.47818709042355
This round: 145,1
84, 0: 62, 82.04874722542854
This round: 145,1
84, 1: 44, 80.08076475523085
This round: 145,12
84, 2: 30, 78.39542846973389
Partitions on PCPU #2298 is not schedulable
Partition on PCPU not schedulable
not schedulable
This round: 13,0
85, 0: 63, 83.04874722542854
This round: 13,1
85, 1: 44, 81.00384167830777
This round: 13,1
85, 2: 30, 79.3185053928108
This round: 11,0
86, 0: 64, 84.04874722542854
This round: 11,0
86, 1: 45, 82.00384167830777
This round: 11,2
86, 2: 30, 80.13668721099262
0.3423403382172946, 2
not schedulable
0.17953702661839308, 2
not schedulable
This round: 34,0
87, 0: 65, 85.04874722542854
This round: 34,0
87, 1: 46, 83.00384167830777
This round: 34,6
87, 2: 30, 80.96021662275733
0.2092530405964739, 2
not schedulable
This round: 189,0
88, 0: 66, 86.04874722542854
This round: 189,0
88, 1: 47, 84.00384167830777
This round: 189,1
88, 2: 30, 81.95492561746633
Partitions on PCPU #2430 is not schedulable
Partition on PCPU not schedulable
not schedulable
This round: 54,0
89, 0: 67, 87.04874722542854
This round: 54,6
89, 1: 47, 84.89273056719665
This round: 54,6
89, 2: 30, 82.84381450635522
This round: 19,0
90, 0: 68, 88.04874722542854
This round: 19,0
90, 1: 48, 85.89273056719665
This round: 19,0
90, 2: 31, 83.84381450635522
This round: 33,7
91, 0: 68, 88.83662601330732
This round: 33,0
91, 1: 49, 86.89273056719665
This round: 33,0
91, 2: 32, 84.84381450635522
This round: 9,0
92, 0: 69, 89.83662601330732
This round: 9,0
92, 1: 50, 87.89273056719665
This round: 9,0
92, 2: 33, 85.84381450635522
This round: 5,0
93, 0: 70, 90.83662601330732
This round: 5,0
93, 1: 51, 88.89273056719665
This round: 5,0
93, 2: 34, 86.84381450635522
This round: 15,0
94, 0: 71, 91.83662601330732
This round: 15,0
94, 1: 52, 89.89273056719665
This round: 15,0
94, 2: 35, 87.84381450635522
This round: 13,0
95, 0: 72, 92.83662601330732
This round: 13,0
95, 1: 53, 90.89273056719665
This round: 13,0
95, 2: 36, 88.84381450635522
Partitions on PCPU #2607 is not schedulable
Partition on PCPU not schedulable
not schedulable
This round: 9,0
96, 0: 73, 93.83662601330732
This round: 9,1
96, 1: 53, 91.78161945608554
This round: 9,1
96, 2: 36, 89.7327033952441
This round: 10,0
97, 0: 74, 94.83662601330732
This round: 10,0
97, 1: 54, 92.78161945608554
This round: 10,0
97, 2: 37, 90.7327033952441
This round: 22,0
98, 0: 75, 95.83662601330732
This round: 22,2
98, 1: 54, 93.69071036517644
This round: 22,2
98, 2: 37, 91.64179430433501
This round: 8,0
99, 0: 76, 96.83662601330732
This round: 8,0
99, 1: 55, 94.69071036517644
This round: 8,0
99, 2: 38, 92.64179430433501
Partitions on PCPU #2708 is not schedulable
Partition on PCPU not schedulable
not schedulable
This round: 28,0
100, 0: 77, 97.83662601330732
This round: 28,4
100, 1: 55, 95.5478532223193
This round: 28,4
100, 2: 38, 93.49893716147787
This round: 12,0
101, 0: 78, 98.83662601330732
This round: 12,0
101, 1: 56, 96.5478532223193
This round: 12,0
101, 2: 39, 94.49893716147787
0.19098858828384302, 2
not schedulable
This round: 29,5
102, 0: 78, 99.66421222020388
This round: 29,0
102, 1: 57, 97.5478532223193
This round: 29,1
102, 2: 39, 95.46445440285719
This round: 26,0
103, 0: 79, 100.66421222020388
This round: 26,0
103, 1: 58, 98.5478532223193
This round: 26,0
103, 2: 40, 96.46445440285719
This round: 168,2
104, 0: 79, 101.65230745829912
This round: 168,4
104, 1: 58, 99.52404369850979
This round: 168,11
104, 2: 40, 97.398978212381
This round: 22,0
105, 0: 80, 102.65230745829912
This round: 22,0
105, 1: 59, 100.52404369850979
This round: 22,0
105, 2: 41, 98.398978212381
This round: 9,1
106, 0: 80, 103.541196347188
This round: 9,1
106, 1: 59, 101.41293258739867
This round: 9,1
106, 2: 41, 99.28786710126988
This round: 39,0
107, 0: 81, 104.541196347188
This round: 39,0
107, 1: 60, 102.41293258739867
This round: 39,0
107, 2: 42, 100.28786710126988
This round: 22,0
108, 0: 82, 105.541196347188
This round: 22,0
108, 1: 61, 103.41293258739867
This round: 22,0
108, 2: 43, 101.28786710126988
This round: 20,1
109, 0: 82, 106.49119634718801
This round: 20,1
109, 1: 61, 104.36293258739867
This round: 20,1
109, 2: 43, 102.23786710126988
This round: 12,0
110, 0: 83, 107.49119634718801
This round: 12,0
110, 1: 62, 105.36293258739867
This round: 12,0
110, 2: 44, 103.23786710126988
This round: 10,0
111, 0: 84, 108.49119634718801
This round: 10,0
111, 1: 63, 106.36293258739867
This round: 10,1
111, 2: 44, 104.13786710126989
Partitions on PCPU #3012 is not schedulable
Partition on PCPU not schedulable
not schedulable
This round: 18,0
112, 0: 85, 109.49119634718801
This round: 18,0
112, 1: 64, 107.36293258739867
This round: 18,3
112, 2: 44, 104.97120043460322
0.16153225620561976, 2
not schedulable
This round: 26,0
113, 0: 86, 110.49119634718801
This round: 26,0
113, 1: 65, 108.36293258739867
This round: 26,1
113, 2: 44, 105.93273889614169
0.13264432020879932, 2
not schedulable
0.07906829965781981, 1
not schedulable
0.2785123437276077, 1
not schedulable
This round: 19,0
114, 0: 87, 111.49119634718801
This round: 19,0
114, 1: 66, 109.36293258739867
This round: 19,0
114, 2: 45, 106.93273889614169
This round: 11,0
115, 0: 88, 112.49119634718801
This round: 11,0
115, 1: 67, 110.36293258739867
This round: 11,0
115, 2: 46, 107.93273889614169
0.30728256597376546, 2
not schedulable
0.11686247695197817, 2
not schedulable
This round: 9,0
116, 0: 89, 113.49119634718801
This round: 9,0
116, 1: 68, 111.36293258739867
This round: 9,0
116, 2: 47, 108.93273889614169
This round: 77,1
117, 0: 89, 114.478209334201
This round: 77,18
117, 1: 68, 112.12916635363244
This round: 77,21
117, 2: 47, 109.66001162341442
This round: 12,0
118, 0: 90, 115.478209334201
This round: 12,0
118, 1: 69, 113.12916635363244
This round: 12,0
118, 2: 48, 110.66001162341442
This round: 12,0
119, 0: 91, 116.478209334201
This round: 12,0
119, 1: 70, 114.12916635363244
This round: 12,0
119, 2: 49, 111.66001162341442
This round: 15,0
120, 0: 92, 117.478209334201
This round: 15,0
120, 1: 71, 115.12916635363244
This round: 15,1
120, 2: 49, 112.59334495674776
This round: 36,0
121, 0: 93, 118.478209334201
This round: 36,0
121, 1: 72, 116.12916635363244
This round: 36,2
121, 2: 49, 113.5377894011922
This round: 15,0
122, 0: 94, 119.478209334201
This round: 15,0
122, 1: 73, 117.12916635363244
This round: 15,0
122, 2: 50, 114.5377894011922
This round: 154,0
123, 0: 95, 120.478209334201
This round: 154,64
123, 1: 73, 117.71358193804802
This round: 154,0
123, 2: 51, 115.5377894011922
This round: 12,0
124, 0: 96, 121.478209334201
This round: 12,2
124, 1: 73, 118.54691527138135
This round: 12,2
124, 2: 51, 116.37112273452553
This round: 21,0
125, 0: 97, 122.478209334201
This round: 21,1
125, 1: 73, 119.4992962237623
This round: 21,1
125, 2: 51, 117.32350368690648
This round: 13,0
126, 0: 98, 123.478209334201
This round: 13,0
126, 1: 74, 120.4992962237623
This round: 13,3
126, 2: 51, 118.09273445613725
0.2115452008663385, 1
not schedulable
0.23117182226860294, 1
not schedulable
This round: 24,0
127, 0: 99, 124.478209334201
This round: 24,0
127, 1: 75, 121.4992962237623
This round: 24,1
127, 2: 51, 119.05106778947058
This round: 11,0
128, 0: 100, 125.478209334201
This round: 11,0
128, 1: 76, 122.4992962237623
This round: 11,0
128, 2: 52, 120.05106778947058
Partitions on PCPU #3493 is not schedulable
Partition on PCPU not schedulable
not schedulable
0.1412752833785671, 2
not schedulable
0.1871706727733633, 2
not schedulable
This round: 24,0
129, 0: 101, 126.478209334201
This round: 24,2
129, 1: 76, 123.41596289042897
This round: 24,17
129, 2: 52, 120.34273445613725
This round: 14,2
130, 0: 101, 127.33535219134386
This round: 14,2
130, 1: 76, 124.27310574757183
This round: 14,5
130, 2: 52, 120.98559159899439
This round: 21,0
131, 0: 102, 128.33535219134387
This round: 21,0
131, 1: 77, 125.27310574757183
This round: 21,2
131, 2: 52, 121.89035350375629
0.1009865891314487, 1
not schedulable
0.3007165051601408, 1
not schedulable
This round: 136,0
132, 0: 103, 129.33535219134387
This round: 136,0
132, 1: 78, 126.27310574757183
This round: 136,0
132, 2: 53, 122.89035350375629
This round: 13,0
133, 0: 104, 130.33535219134387
This round: 13,0
133, 1: 79, 127.27310574757183
This round: 13,2
133, 2: 53, 123.73650734991013
This round: 13,0
134, 0: 105, 131.33535219134387
This round: 13,0
134, 1: 80, 128.27310574757183
This round: 13,1
134, 2: 53, 124.65958427298705
0.14764171216228128, 2
not schedulable
Partitions on PCPU #3683 is not schedulable
Partition on PCPU not schedulable
not schedulable
This round: 7,0
135, 0: 106, 132.33535219134387
This round: 7,0
135, 1: 81, 129.27310574757183
This round: 7,0
135, 2: 54, 125.65958427298705
0.14588484914016192, 2
not schedulable
This round: 281,184
136, 0: 106, 132.68054792088125
This round: 281,175
136, 1: 81, 129.6503299468601
This round: 281,253
136, 2: 54, 125.75922840110093
This round: 7,0
137, 0: 107, 133.68054792088125
This round: 7,0
137, 1: 82, 130.6503299468601
This round: 7,0
137, 2: 55, 126.75922840110093
This round: 22,0
138, 0: 108, 134.68054792088125
This round: 22,0
138, 1: 83, 131.6503299468601
This round: 22,0
138, 2: 56, 127.75922840110093
This round: 8,0
139, 0: 109, 135.68054792088125
This round: 8,0
139, 1: 84, 132.6503299468601
This round: 8,2
139, 2: 56, 128.50922840110093
0.25897440253145976, 2
not schedulable
0.16416238846114603, 1
not schedulable
This round: 14,0
140, 0: 110, 136.68054792088125
This round: 14,0
140, 1: 85, 133.6503299468601
This round: 14,0
140, 2: 57, 129.50922840110093
0.20330926829471369, 1
not schedulable
Partitions on PCPU #3868 is not schedulable
Partition on PCPU not schedulable
not schedulable
This round: 11,0
141, 0: 111, 137.68054792088125
This round: 11,3
141, 1: 85, 134.37760267413282
This round: 11,3
141, 2: 57, 130.23650112837365
0.14006246236115305, 2
not schedulable
This round: 16,0
142, 0: 112, 138.68054792088125
This round: 16,0
142, 1: 86, 135.37760267413282
This round: 16,0
142, 2: 58, 131.23650112837365
This round: 15,1
143, 0: 112, 139.6138812542146
This round: 15,1
143, 1: 86, 136.31093600746615
This round: 15,1
143, 2: 58, 132.16983446170698
0.31724203626914643, 2
not schedulable
This round: 122,1
144, 0: 112, 140.60568453290313
This round: 122,1
144, 1: 86, 137.3027392861547
This round: 122,1
144, 2: 58, 133.16163774039552
Partitions on PCPU #3990 is not schedulable
Partition on PCPU not schedulable
not schedulable
This round: 24,0
145, 0: 113, 141.60568453290313
This round: 24,0
145, 1: 87, 138.3027392861547
This round: 24,0
145, 2: 59, 134.16163774039552
0.4564669174136806, 1
not schedulable
0.12403412548493203, 2
not schedulable
This round: 7,0
146, 0: 114, 142.60568453290313
This round: 7,1
146, 1: 87, 139.15988214329755
This round: 7,1
146, 2: 59, 135.01878059753838
This round: 59,0
147, 0: 115, 143.60568453290313
This round: 59,28
147, 1: 87, 139.68530587211112
This round: 59,28
147, 2: 59, 135.54420432635195
0.17729516823178, 2
not schedulable
This round: 18,0
148, 0: 116, 144.60568453290313
This round: 18,0
148, 1: 88, 140.68530587211112
This round: 18,0
148, 2: 60, 136.54420432635195
This round: 7,0
149, 0: 117, 145.60568453290313
This round: 7,0
149, 1: 89, 141.68530587211112
This round: 7,0
149, 2: 61, 137.54420432635195
0.16995246115280338, 2
not schedulable
This round: 30,0
150, 0: 118, 146.60568453290313
This round: 30,1
150, 1: 89, 142.65197253877778
This round: 30,1
150, 2: 61, 138.5108709930186
0.23031031541357974, 2
not schedulable
This round: 40,0
151, 0: 119, 147.60568453290313
This round: 40,1
151, 1: 89, 143.62697253877778
This round: 40,0
151, 2: 62, 139.5108709930186
0.012729663675846936, 2
not schedulable
0.17629890024396033, 2
not schedulable
This round: 14,0
152, 0: 120, 148.60568453290313
This round: 14,0
152, 1: 90, 144.62697253877778
This round: 14,0
152, 2: 63, 140.5108709930186
0.3437670347189966, 2
not schedulable
This round: 21,0
153, 0: 121, 149.60568453290313
This round: 21,0
153, 1: 91, 145.62697253877778
This round: 21,0
153, 2: 64, 141.5108709930186
This round: 9,0
154, 0: 122, 150.60568453290313
This round: 9,0
154, 1: 92, 146.62697253877778
This round: 9,0
154, 2: 65, 142.5108709930186
This round: 19,0
155, 0: 123, 151.60568453290313
This round: 19,0
155, 1: 93, 147.62697253877778
This round: 19,0
155, 2: 66, 143.5108709930186
This round: 21,0
156, 0: 124, 152.60568453290313
This round: 21,13
156, 1: 93, 148.00792491973016
This round: 21,0
156, 2: 67, 144.5108709930186
This round: 15,0
157, 0: 125, 153.60568453290313
This round: 15,0
157, 1: 94, 149.00792491973016
This round: 15,2
157, 2: 67, 145.3775376596853
0.1811801642497881, 2
not schedulable
This round: 35,0
158, 0: 126, 154.60568453290313
This round: 35,1
158, 1: 94, 149.97935349115872
This round: 35,3
158, 2: 67, 146.291823373971
Partitions on PCPU #4403 is not schedulable
Partition on PCPU not schedulable
not schedulable
This round: 189,0
159, 0: 127, 155.60568453290313
This round: 189,0
159, 1: 95, 150.97935349115872
This round: 189,40
159, 2: 67, 147.0801831623308
This round: 33,7
160, 0: 127, 156.3935633207819
This round: 33,6
160, 1: 95, 151.79753530934053
This round: 33,6
160, 2: 67, 147.8983649805126
This round: 16,0
161, 0: 128, 157.3935633207819
This round: 16,0
161, 1: 96, 152.79753530934053
This round: 16,0
161, 2: 68, 148.8983649805126
This round: 363,7
162, 0: 128, 158.37427957422543
This round: 363,0
162, 1: 97, 153.79753530934053
This round: 363,11
162, 2: 68, 149.86806195020958
This round: 10,0
163, 0: 129, 159.37427957422543
This round: 10,0
163, 1: 98, 154.79753530934053
This round: 10,0
163, 2: 69, 150.86806195020958
0.1710562121659011, 1
not schedulable
This round: 27,2
164, 0: 129, 160.30020550015135
This round: 27,4
164, 1: 98, 155.64938716119238
This round: 27,10
164, 2: 69, 151.4976915798392
0.24425925873202803, 1
not schedulable
Partitions on PCPU #4569 is not schedulable
Partition on PCPU not schedulable
not schedulable
Partitions on PCPU #4578 is not schedulable
Partition on PCPU not schedulable
not schedulable
This round: 20,0
165, 0: 130, 161.30020550015135
This round: 20,2
165, 1: 98, 156.54938716119239
This round: 20,0
165, 2: 70, 152.4976915798392
This round: 6,0
166, 0: 131, 162.30020550015135
This round: 6,0
166, 1: 99, 157.54938716119239
This round: 6,1
166, 2: 70, 153.33102491317254
0.2293735425598596, 1
not schedulable
This round: 19,0
167, 0: 132, 163.30020550015135
This round: 19,2
167, 1: 99, 158.44412400329765
This round: 19,2
167, 2: 70, 154.2257617552778
This round: 29,2
168, 0: 132, 164.23123998290998
This round: 29,1
168, 1: 99, 159.40964124467695
This round: 29,6
168, 2: 70, 155.01886520355367
0.27234195278922607, 1
not schedulable
0.23742832658862778, 1
not schedulable
This round: 17,0
169, 0: 133, 165.23123998290998
This round: 17,0
169, 1: 100, 160.40964124467695
This round: 17,0
169, 2: 71, 156.01886520355367
Partitions on PCPU #4732 is not schedulable
Partition on PCPU not schedulable
not schedulable
0.27761449027497903, 1
not schedulable
This round: 87,4
170, 0: 133, 166.18526297141574
This round: 87,35
170, 1: 100, 161.00734239410224
This round: 87,35
170, 2: 71, 156.61656635297896
This round: 21,0
171, 0: 134, 167.18526297141574
This round: 21,3
171, 1: 100, 161.8644852512451
This round: 21,0
171, 2: 72, 157.61656635297896
0.2124074781596601, 1
not schedulable
This round: 13,0
172, 0: 135, 168.18526297141574
This round: 13,0
172, 1: 101, 162.8644852512451
This round: 13,1
172, 2: 72, 158.5396432760559
This round: 37,5
173, 0: 135, 169.0501278362806
This round: 37,0
173, 1: 102, 163.8644852512451
This round: 37,0
173, 2: 73, 159.5396432760559
This round: 55,0
174, 0: 136, 170.0501278362806
This round: 55,0
174, 1: 103, 164.8644852512451
This round: 55,0
174, 2: 74, 160.5396432760559
Partitions on PCPU #4875 is not schedulable
Partition on PCPU not schedulable
not schedulable
This round: 10,0
175, 0: 137, 171.0501278362806
This round: 10,0
175, 1: 104, 165.8644852512451
This round: 10,0
175, 2: 75, 161.5396432760559
0.274711043423525, 2
not schedulable
This round: 12,1
176, 0: 137, 171.96679450294727
This round: 12,0
176, 1: 105, 166.8644852512451
This round: 12,1
176, 2: 75, 162.45630994272256
0.13536000659755665, 1
not schedulable
0.3165690511274045, 1
not schedulable
This round: 10,0
177, 0: 138, 172.96679450294727
This round: 10,0
177, 1: 106, 167.8644852512451
This round: 10,0
177, 2: 76, 163.45630994272256
Partitions on PCPU #4979 is not schedulable
Partition on PCPU not schedulable
not schedulable
This round: 12,0
178, 0: 139, 173.96679450294727
This round: 12,0
178, 1: 107, 168.8644852512451
This round: 12,0
178, 2: 77, 164.45630994272256
This round: 8,0
179, 0: 140, 174.96679450294727
This round: 8,0
179, 1: 108, 169.8644852512451
This round: 8,1
179, 2: 77, 165.33130994272256
This round: 18,0
180, 0: 141, 175.96679450294727
This round: 18,0
180, 1: 109, 170.8644852512451
This round: 18,2
180, 2: 77, 166.22019883161144
This round: 10,0
181, 0: 142, 176.96679450294727
This round: 10,0
181, 1: 110, 171.8644852512451
This round: 10,0
181, 2: 78, 167.22019883161144
0.21221133964716032, 2
not schedulable
This round: 7,0
182, 0: 143, 177.96679450294727
This round: 7,0
182, 1: 111, 172.8644852512451
This round: 7,0
182, 2: 79, 168.22019883161144
0.2700491120723593, 2
not schedulable
This round: 9,0
183, 0: 144, 178.96679450294727
This round: 9,0
183, 1: 112, 173.8644852512451
This round: 9,0
183, 2: 80, 169.22019883161144
0.17470713615869055, 1
not schedulable
This round: 24,1
184, 0: 144, 179.9251278362806
This round: 25,2
184, 1: 112, 174.7844852512451
This round: 25,0
184, 2: 81, 170.22019883161144
This round: 72,4
185, 0: 144, 180.86957228072507
This round: 72,4
185, 1: 112, 175.72892969568954
This round: 72,6
185, 2: 81, 171.1368654982781
This round: 17,0
186, 0: 145, 181.86957228072507
This round: 17,2
186, 1: 112, 176.611282636866
This round: 17,2
186, 2: 81, 172.01921843945456
This round: 6,0
187, 0: 146, 182.86957228072507
This round: 6,1
187, 1: 112, 177.44461597019935
This round: 6,0
187, 2: 82, 173.01921843945456
This round: 9,0
188, 0: 147, 183.86957228072507
This round: 9,0
188, 1: 113, 178.44461597019935
This round: 8,1
188, 2: 82, 173.89421843945456
This round: 9,0
189, 0: 148, 184.86957228072507
This round: 9,0
189, 1: 114, 179.44461597019935
This round: 9,0
189, 2: 83, 174.89421843945456
This round: 11,0
190, 0: 149, 185.86957228072507
This round: 11,0
190, 1: 115, 180.44461597019935
This round: 11,0
190, 2: 84, 175.89421843945456
This round: 11,0
191, 0: 150, 186.86957228072507
This round: 11,0
191, 1: 116, 181.44461597019935
This round: 11,1
191, 2: 84, 176.80330934854547
This round: 20,0
192, 0: 151, 187.86957228072507
This round: 20,0
192, 1: 117, 182.44461597019935
This round: 20,1
192, 2: 84, 177.75330934854546
This round: 9,0
193, 0: 152, 188.86957228072507
This round: 9,0
193, 1: 118, 183.44461597019935
This round: 9,0
193, 2: 85, 178.75330934854546
This round: 10,2
194, 0: 152, 189.66957228072508
This round: 10,3
194, 1: 118, 184.14461597019934
This round: 10,3
194, 2: 85, 179.45330934854545
This round: 52,5
195, 0: 152, 190.57341843457124
This round: 52,9
195, 1: 118, 184.9715390471224
This round: 52,8
195, 2: 85, 180.29946319469929
This round: 95,0
196, 0: 153, 191.57341843457124
This round: 95,13
196, 1: 118, 185.83469694185925
This round: 95,19
196, 2: 85, 181.0994631946993
This round: 8,0
197, 0: 154, 192.57341843457124
This round: 8,0
197, 1: 119, 186.83469694185925
This round: 8,1
197, 2: 85, 181.9744631946993
This round: 17,0
198, 0: 155, 193.57341843457124
This round: 17,0
198, 1: 120, 187.83469694185925
This round: 17,1
198, 2: 85, 182.91563966528753
This round: 23,0
199, 0: 156, 194.57341843457124
This round: 23,0
199, 1: 121, 188.83469694185925
This round: 23,0
199, 2: 86, 183.91563966528753
