5.3129
This round: 12,0
0, 0: 1, 1.0
This round: 12,0
0, 1: 1, 1.0
This round: 12,0
0, 2: 1, 1.0
This round: 12,0
0, 3: 1, 1.0
5.2235000000000005
This round: 22,0
1, 0: 2, 2.0
This round: 22,10
1, 1: 1, 1.5454545454545454
This round: 22,10
1, 2: 1, 1.5454545454545454
This round: 22,10
1, 3: 1, 1.5454545454545454
5.437900000000001
This round: 6,0
2, 0: 3, 3.0
This round: 6,0
2, 1: 2, 2.5454545454545454
This round: 6,0
2, 2: 2, 2.5454545454545454
This round: 6,0
2, 3: 2, 2.5454545454545454
5.1253
5.3622
This round: 4,0
3, 0: 4, 4.0
This round: 4,1
3, 1: 2, 3.2954545454545454
This round: 4,2
3, 2: 2, 3.0454545454545454
This round: 4,0
3, 3: 3, 3.5454545454545454
5.1610000000000005
This round: 3,0
4, 0: 5, 5.0
This round: 3,0
4, 1: 3, 4.295454545454545
This round: 3,0
4, 2: 3, 4.045454545454545
This round: 3,0
4, 3: 4, 4.545454545454545
5.571900000000001
This round: 14,0
5, 0: 6, 6.0
This round: 14,0
5, 1: 4, 5.295454545454545
This round: 14,0
5, 2: 4, 5.045454545454545
This round: 14,0
5, 3: 5, 5.545454545454545
5.572
5.357500000000001
This round: 17,0
6, 0: 7, 7.0
This round: 17,0
6, 1: 5, 6.295454545454545
This round: 17,0
6, 2: 5, 6.045454545454545
This round: 17,0
6, 3: 6, 6.545454545454545
5.428999999999999
5.563200000000001
5.2905
This round: 66,0
7, 0: 8, 8.0
This round: 66,0
7, 1: 6, 7.295454545454545
This round: 66,0
7, 2: 6, 7.045454545454545
This round: 66,0
7, 3: 7, 7.545454545454545
5.228
This round: 5,0
8, 0: 9, 9.0
This round: 5,0
8, 1: 7, 8.295454545454545
This round: 5,0
8, 2: 7, 8.045454545454545
This round: 5,0
8, 3: 8, 8.545454545454545
5.225800000000001
This round: 10,0
9, 0: 10, 10.0
This round: 10,0
9, 1: 8, 9.295454545454545
This round: 10,0
9, 2: 8, 9.045454545454545
This round: 10,0
9, 3: 9, 9.545454545454545
5.4828
This round: 14,0
10, 0: 11, 11.0
This round: 14,0
10, 1: 9, 10.295454545454545
This round: 14,0
10, 2: 9, 10.045454545454545
This round: 14,0
10, 3: 10, 10.545454545454545
5.357600000000001
This round: 13,0
11, 0: 12, 12.0
This round: 13,3
11, 1: 9, 11.064685314685315
This round: 13,3
11, 2: 9, 10.814685314685315
This round: 13,3
11, 3: 10, 11.314685314685315
5.3173
This round: 189,0
12, 0: 13, 13.0
This round: 189,0
12, 1: 10, 12.064685314685315
This round: 189,0
12, 2: 10, 11.814685314685315
This round: 189,0
12, 3: 11, 12.314685314685315
5.3218000000000005
This round: 65,0
13, 0: 14, 14.0
This round: 65,0
13, 1: 11, 13.064685314685315
This round: 65,15
13, 2: 10, 12.583916083916085
This round: 65,0
13, 3: 12, 13.314685314685315
5.786200000000001
5.3577
This round: 7,0
14, 0: 15, 15.0
This round: 7,0
14, 1: 12, 14.064685314685315
This round: 7,0
14, 2: 11, 13.583916083916085
This round: 7,0
14, 3: 13, 14.314685314685315
5.5719
This round: 11,0
15, 0: 16, 16.0
This round: 11,0
15, 1: 13, 15.064685314685315
This round: 11,0
15, 2: 12, 14.583916083916085
This round: 11,0
15, 3: 14, 15.314685314685315
5.250400000000001
5.500500000000001
5.4469
This round: 19,0
16, 0: 17, 17.0
This round: 19,0
16, 1: 14, 16.064685314685313
This round: 19,0
16, 2: 13, 15.583916083916085
This round: 19,0
16, 3: 15, 16.314685314685313
5.3624
5.3218000000000005
This round: 26,0
17, 0: 18, 18.0
This round: 26,0
17, 1: 15, 17.064685314685313
This round: 26,0
17, 2: 14, 16.583916083916087
This round: 26,0
17, 3: 16, 17.314685314685313
5.822000000000001
5.6458
This round: 10,0
18, 0: 19, 19.0
This round: 10,0
18, 1: 16, 18.064685314685313
This round: 10,0
18, 2: 15, 17.583916083916087
This round: 10,0
18, 3: 17, 18.314685314685313
5.393400000000001
This round: 28,0
19, 0: 20, 20.0
This round: 28,0
19, 1: 17, 19.064685314685313
This round: 28,0
19, 2: 16, 18.583916083916087
This round: 28,0
19, 3: 18, 19.314685314685313
5.643300000000001
5.652200000000001
5.303999999999999
This round: 39,0
20, 0: 21, 21.0
This round: 39,0
20, 1: 18, 20.064685314685313
This round: 39,0
20, 2: 17, 19.583916083916087
This round: 39,0
20, 3: 19, 20.314685314685313
5.3761
5.391100000000001
This round: 11,0
21, 0: 22, 22.0
This round: 11,0
21, 1: 19, 21.064685314685313
This round: 11,1
21, 2: 17, 20.493006993006997
This round: 11,0
21, 3: 20, 21.314685314685313
5.5027
This round: 19,0
22, 0: 23, 23.0
This round: 19,0
22, 1: 20, 22.064685314685313
This round: 19,0
22, 2: 18, 21.493006993006997
This round: 19,0
22, 3: 21, 22.314685314685313
5.2504
This round: 6,0
23, 0: 24, 24.0
This round: 6,0
23, 1: 21, 23.064685314685313
This round: 6,0
23, 2: 19, 22.493006993006997
This round: 6,0
23, 3: 22, 23.314685314685313
5.286099999999999
This round: 12,0
24, 0: 25, 25.0
This round: 12,0
24, 1: 22, 24.064685314685313
This round: 12,0
24, 2: 20, 23.493006993006997
This round: 12,0
24, 3: 23, 24.314685314685313
5.2681000000000004
This round: 12,0
25, 0: 26, 26.0
This round: 12,0
25, 1: 23, 25.064685314685313
This round: 12,0
25, 2: 21, 24.493006993006997
This round: 12,0
25, 3: 24, 25.314685314685313
5.1522
5.5272
5.679
5.357600000000001
This round: 119,0
26, 0: 27, 27.0
This round: 119,0
26, 1: 24, 26.064685314685313
This round: 120,3
26, 2: 21, 25.468006993007
This round: 119,0
26, 3: 25, 26.314685314685313
5.3934
This round: 8,2
27, 0: 27, 27.75
This round: 8,2
27, 1: 24, 26.814685314685313
This round: 8,2
27, 2: 21, 26.218006993007
This round: 8,2
27, 3: 25, 27.064685314685313
5.4293
5.3622000000000005
This round: 14,0
28, 0: 28, 28.75
This round: 14,0
28, 1: 25, 27.814685314685313
This round: 14,2
28, 2: 21, 27.075149850149856
This round: 14,0
28, 3: 26, 28.064685314685313
5.357599999999999
This round: 19,0
29, 0: 29, 29.75
This round: 19,0
29, 1: 26, 28.814685314685313
This round: 19,0
29, 2: 22, 28.075149850149856
This round: 19,0
29, 3: 27, 29.064685314685313
5.536300000000001
This round: 13,0
30, 0: 30, 30.75
This round: 13,0
30, 1: 27, 29.814685314685313
This round: 13,0
30, 2: 23, 29.075149850149856
This round: 13,0
30, 3: 28, 30.064685314685313
5.6433
This round: 18,0
31, 0: 31, 31.75
This round: 18,1
31, 1: 27, 30.759129759129756
This round: 18,1
31, 2: 23, 30.0195942945943
This round: 18,1
31, 3: 28, 31.009129759129756
5.4915
5.8044
5.5006
5.5717
This round: 15,0
32, 0: 32, 32.75
This round: 15,0
32, 1: 28, 31.759129759129756
This round: 15,0
32, 2: 24, 31.0195942945943
This round: 15,0
32, 3: 29, 32.009129759129756
5.4826000000000015
5.5048
This round: 11,0
33, 0: 33, 33.75
This round: 11,0
33, 1: 29, 32.759129759129756
This round: 11,0
33, 2: 25, 32.0195942945943
This round: 11,0
33, 3: 30, 33.009129759129756
5.3932
This round: 5,0
34, 0: 34, 34.75
This round: 5,0
34, 1: 30, 33.759129759129756
This round: 5,0
34, 2: 26, 33.0195942945943
This round: 5,0
34, 3: 31, 34.009129759129756
5.411200000000001
This round: 29,0
35, 0: 35, 35.75
This round: 29,0
35, 1: 31, 34.759129759129756
This round: 29,0
35, 2: 27, 34.0195942945943
This round: 29,0
35, 3: 32, 35.009129759129756
5.3575
5.7799000000000005
5.4369
5.3575
5.339799999999999
This round: 11,0
36, 0: 36, 36.75
This round: 11,2
36, 1: 31, 35.577311577311576
This round: 11,2
36, 2: 27, 34.83777611277612
This round: 11,2
36, 3: 32, 35.827311577311576
5.219100000000001
This round: 7,0
37, 0: 37, 37.75
This round: 7,1
37, 1: 31, 36.43445443445443
This round: 7,1
37, 2: 27, 35.69491896991897
This round: 7,0
37, 3: 33, 36.827311577311576
5.5007
This round: 5,0
38, 0: 38, 38.75
This round: 5,0
38, 1: 32, 37.43445443445443
This round: 5,0
38, 2: 28, 36.69491896991897
This round: 5,0
38, 3: 34, 37.827311577311576
5.4111
This round: 13,0
39, 0: 39, 39.75
This round: 13,0
39, 1: 33, 38.43445443445443
This round: 13,0
39, 2: 29, 37.69491896991897
This round: 13,0
39, 3: 35, 38.827311577311576
5.1817
This round: 5,0
40, 0: 40, 40.75
This round: 5,0
40, 1: 34, 39.43445443445443
This round: 5,0
40, 2: 30, 38.69491896991897
This round: 5,0
40, 3: 36, 39.827311577311576
5.576300000000001
This round: 11,0
41, 0: 41, 41.75
This round: 11,1
41, 1: 34, 40.34354534354534
This round: 11,1
41, 2: 30, 39.60400987900988
This round: 11,1
41, 3: 36, 40.73640248640248
5.357499999999999
This round: 5,0
42, 0: 42, 42.75
This round: 5,0
42, 1: 35, 41.34354534354534
This round: 5,0
42, 2: 31, 40.60400987900988
This round: 5,0
42, 3: 37, 41.73640248640248
5.2726
This round: 2,0
43, 0: 43, 43.75
This round: 2,1
43, 1: 35, 41.84354534354534
This round: 2,1
43, 2: 31, 41.10400987900988
This round: 2,0
43, 3: 38, 42.73640248640248
5.4202
This round: 18,0
44, 0: 44, 44.75
This round: 18,0
44, 1: 36, 42.84354534354534
This round: 18,0
44, 2: 32, 42.10400987900988
This round: 18,0
44, 3: 39, 43.73640248640248
5.201099999999999
This round: 19,1
45, 0: 44, 45.69736842105263
This round: 19,0
45, 1: 37, 43.84354534354534
This round: 19,0
45, 2: 33, 43.10400987900988
This round: 19,0
45, 3: 40, 44.73640248640248
5.4647
This round: 8,0
46, 0: 45, 46.69736842105263
This round: 8,0
46, 1: 38, 44.84354534354534
This round: 8,0
46, 2: 34, 44.10400987900988
This round: 8,0
46, 3: 41, 45.73640248640248
5.220400000000001
5.201300000000001
This round: 7,0
47, 0: 46, 47.69736842105263
This round: 7,0
47, 1: 39, 45.84354534354534
This round: 7,0
47, 2: 35, 45.10400987900988
This round: 7,0
47, 3: 42, 46.73640248640248
5.5006
5.585400000000001
5.2593000000000005
This round: 8,0
48, 0: 47, 48.69736842105263
This round: 8,0
48, 1: 40, 46.84354534354534
This round: 8,1
48, 2: 35, 45.97900987900988
This round: 8,0
48, 3: 43, 47.73640248640248
5.464699999999999
This round: 13,0
49, 0: 48, 49.69736842105263
This round: 13,1
49, 1: 40, 47.76662226662226
This round: 13,1
49, 2: 35, 46.9020868020868
This round: 13,1
49, 3: 43, 48.6594794094794
5.098700000000001
This round: 6,0
50, 0: 49, 50.69736842105263
This round: 6,0
50, 1: 41, 48.76662226662226
This round: 6,0
50, 2: 36, 47.9020868020868
This round: 6,0
50, 3: 44, 49.6594794094794
5.4648
This round: 47,20
51, 0: 49, 51.27183650615901
This round: 47,0
51, 1: 42, 49.76662226662226
This round: 47,0
51, 2: 37, 48.9020868020868
This round: 47,0
51, 3: 45, 50.6594794094794
5.2414
This round: 10,0
52, 0: 50, 52.27183650615901
This round: 10,0
52, 1: 43, 50.76662226662226
This round: 10,0
52, 2: 38, 49.9020868020868
This round: 10,0
52, 3: 46, 51.6594794094794
5.4244
5.509600000000001
5.4291
This round: 26,0
53, 0: 51, 53.27183650615901
This round: 26,0
53, 1: 44, 51.76662226662226
This round: 26,0
53, 2: 39, 50.9020868020868
This round: 26,0
53, 3: 47, 52.6594794094794
5.553999999999999
5.3753
This round: 14,0
54, 0: 52, 54.27183650615901
This round: 14,0
54, 1: 45, 52.76662226662226
This round: 14,0
54, 2: 40, 51.9020868020868
This round: 14,0
54, 3: 48, 53.6594794094794
5.4646
This round: 10,0
55, 0: 53, 55.27183650615901
This round: 10,0
55, 1: 46, 53.76662226662226
This round: 10,2
55, 2: 40, 52.7020868020868
This round: 10,0
55, 3: 49, 54.6594794094794
5.6972000000000005
5.2146
This round: 10,0
56, 0: 54, 56.27183650615901
This round: 10,0
56, 1: 47, 54.76662226662226
This round: 10,0
56, 2: 41, 53.7020868020868
This round: 10,0
56, 3: 50, 55.6594794094794
5.3577
5.2415
This round: 9,0
57, 0: 55, 57.27183650615901
This round: 9,0
57, 1: 48, 55.76662226662226
This round: 9,0
57, 2: 42, 54.7020868020868
This round: 9,0
57, 3: 51, 56.6594794094794
5.6279
5.2683
This round: 13,0
58, 0: 56, 58.27183650615901
This round: 13,0
58, 1: 49, 56.76662226662226
This round: 13,0
58, 2: 43, 55.7020868020868
This round: 13,0
58, 3: 52, 57.6594794094794
5.3776
5.5808
This round: 20,0
59, 0: 57, 59.27183650615901
This round: 20,0
59, 1: 50, 57.76662226662226
This round: 20,0
59, 2: 44, 56.7020868020868
This round: 20,0
59, 3: 53, 58.6594794094794
5.6791
This round: 36,0
60, 0: 58, 60.27183650615901
This round: 36,0
60, 1: 51, 58.76662226662226
This round: 36,0
60, 2: 45, 57.7020868020868
This round: 36,0
60, 3: 54, 59.6594794094794
5.6433
This round: 17,0
61, 0: 59, 61.27183650615901
This round: 17,0
61, 1: 52, 59.76662226662226
This round: 17,0
61, 2: 46, 58.7020868020868
This round: 17,0
61, 3: 55, 60.6594794094794
5.3933
This round: 15,0
62, 0: 60, 62.27183650615901
This round: 15,0
62, 1: 53, 60.76662226662226
This round: 15,0
62, 2: 47, 59.7020868020868
This round: 15,0
62, 3: 56, 61.6594794094794
5.4748
This round: 5,0
63, 0: 61, 63.27183650615901
This round: 5,0
63, 1: 54, 61.76662226662226
This round: 5,0
63, 2: 48, 60.7020868020868
This round: 5,0
63, 3: 57, 62.6594794094794
5.3621
5.4291
This round: 6,0
64, 0: 62, 64.27183650615902
This round: 6,0
64, 1: 55, 62.76662226662226
This round: 6,0
64, 2: 49, 61.7020868020868
This round: 6,0
64, 3: 58, 63.6594794094794
5.3935
This round: 6,0
65, 0: 63, 65.27183650615902
This round: 6,0
65, 1: 56, 63.76662226662226
This round: 6,0
65, 2: 50, 62.7020868020868
This round: 6,0
65, 3: 59, 64.6594794094794
5.2592
This round: 11,0
66, 0: 64, 66.27183650615902
This round: 11,0
66, 1: 57, 64.76662226662225
This round: 11,0
66, 2: 51, 63.7020868020868
This round: 11,0
66, 3: 60, 65.6594794094794
5.1968000000000005
This round: 7,0
67, 0: 65, 67.27183650615902
This round: 7,0
67, 1: 58, 65.76662226662225
This round: 7,0
67, 2: 52, 64.7020868020868
This round: 7,0
67, 3: 61, 66.6594794094794
5.433400000000001
5.455900000000001
This round: 41,0
68, 0: 66, 68.27183650615902
This round: 41,0
68, 1: 59, 66.76662226662225
This round: 41,0
68, 2: 53, 65.7020868020868
This round: 41,0
68, 3: 62, 67.6594794094794
5.5898
This round: 7,0
69, 0: 67, 69.27183650615902
This round: 7,0
69, 1: 60, 67.76662226662225
This round: 7,0
69, 2: 54, 66.7020868020868
This round: 7,0
69, 3: 63, 68.6594794094794
5.250699999999999
This round: 34,0
70, 0: 68, 70.27183650615902
This round: 34,0
70, 1: 61, 68.76662226662225
This round: 34,0
70, 2: 55, 67.7020868020868
This round: 34,0
70, 3: 64, 69.6594794094794
5.4747
This round: 10,0
71, 0: 69, 71.27183650615902
This round: 10,0
71, 1: 62, 69.76662226662225
This round: 10,0
71, 2: 56, 68.7020868020868
This round: 10,0
71, 3: 65, 70.6594794094794
5.2325
This round: 5,0
72, 0: 70, 72.27183650615902
This round: 5,0
72, 1: 63, 70.76662226662225
This round: 5,0
72, 2: 57, 69.7020868020868
This round: 5,0
72, 3: 66, 71.6594794094794
5.679
This round: 158,0
73, 0: 71, 73.27183650615902
This round: 158,0
73, 1: 64, 71.76662226662225
This round: 158,1
73, 2: 57, 70.69575768816274
This round: 158,0
73, 3: 67, 72.6594794094794
5.2684999999999995
This round: 11,1
74, 0: 71, 74.18092741524993
This round: 11,0
74, 1: 65, 72.76662226662225
This round: 11,0
74, 2: 58, 71.69575768816274
This round: 11,0
74, 3: 68, 73.6594794094794
5.4646
This round: 12,0
75, 0: 72, 75.18092741524993
This round: 12,0
75, 1: 66, 73.76662226662225
This round: 12,0
75, 2: 59, 72.69575768816274
This round: 12,0
75, 3: 69, 74.6594794094794
5.3932
This round: 60,0
76, 0: 73, 76.18092741524993
This round: 60,0
76, 1: 67, 74.76662226662225
This round: 60,0
76, 2: 60, 73.69575768816274
This round: 60,0
76, 3: 70, 75.6594794094794
5.268400000000001
This round: 43,6
77, 0: 73, 77.041392531529
This round: 43,0
77, 1: 68, 75.76662226662225
This round: 43,0
77, 2: 61, 74.69575768816274
This round: 43,0
77, 3: 71, 76.6594794094794
5.572100000000001
5.2862
5.3889000000000005
5.4243999999999994
This round: 19,0
78, 0: 74, 78.041392531529
This round: 19,0
78, 1: 69, 76.76662226662225
This round: 19,0
78, 2: 62, 75.69575768816274
This round: 19,0
78, 3: 72, 77.6594794094794
5.304
This round: 17,0
79, 0: 75, 79.041392531529
This round: 17,2
79, 1: 69, 77.64897520779871
This round: 17,2
79, 2: 62, 76.5781106293392
This round: 17,2
79, 3: 72, 78.54183235065587
5.393300000000001
This round: 15,0
80, 0: 76, 80.041392531529
This round: 15,0
80, 1: 70, 78.64897520779871
This round: 15,9
80, 2: 62, 76.97811062933921
This round: 15,0
80, 3: 73, 79.54183235065587
5.2504
This round: 41,0
81, 0: 77, 81.041392531529
This round: 41,2
81, 1: 70, 79.60019471999384
This round: 41,2
81, 2: 62, 77.92933014153434
This round: 41,2
81, 3: 73, 80.49305186285099
5.572
This round: 17,0
82, 0: 78, 82.041392531529
This round: 17,5
82, 1: 70, 80.30607707293501
This round: 17,0
82, 2: 63, 78.92933014153434
This round: 17,0
82, 3: 74, 81.49305186285099
5.5721
This round: 39,0
83, 0: 79, 83.041392531529
This round: 39,6
83, 1: 70, 81.15223091908885
This round: 39,2
83, 2: 63, 79.87804809025228
This round: 39,2
83, 3: 74, 82.44176981156893
5.500500000000001
This round: 33,0
84, 0: 80, 84.041392531529
This round: 33,0
84, 1: 71, 82.15223091908885
This round: 33,0
84, 2: 64, 80.87804809025228
This round: 33,0
84, 3: 75, 83.44176981156893
5.2905
This round: 7,0
85, 0: 81, 85.041392531529
This round: 7,0
85, 1: 72, 83.15223091908885
This round: 7,2
85, 2: 64, 81.59233380453799
This round: 7,0
85, 3: 76, 84.44176981156893
5.2795
This round: 6,0
86, 0: 82, 86.041392531529
This round: 6,0
86, 1: 73, 84.15223091908885
This round: 6,0
86, 2: 65, 82.59233380453799
This round: 6,0
86, 3: 77, 85.44176981156893
5.163399999999999
This round: 7,0
87, 0: 83, 87.041392531529
This round: 7,0
87, 1: 74, 85.15223091908885
This round: 7,0
87, 2: 66, 83.59233380453799
This round: 7,0
87, 3: 78, 86.44176981156893
5.2951
This round: 24,0
88, 0: 84, 88.041392531529
This round: 24,0
88, 1: 75, 86.15223091908885
This round: 24,0
88, 2: 67, 84.59233380453799
This round: 24,0
88, 3: 79, 87.44176981156893
5.536
5.1076
This round: 19,0
89, 0: 85, 89.041392531529
This round: 19,0
89, 1: 76, 87.15223091908885
This round: 19,0
89, 2: 68, 85.59233380453799
This round: 19,0
89, 3: 80, 88.44176981156893
5.250600000000001
This round: 8,0
90, 0: 86, 90.041392531529
This round: 8,0
90, 1: 77, 88.15223091908885
This round: 8,0
90, 2: 69, 86.59233380453799
This round: 8,0
90, 3: 81, 89.44176981156893
5.3938
This round: 9,0
91, 0: 87, 91.041392531529
This round: 9,0
91, 1: 78, 89.15223091908885
This round: 9,2
91, 2: 69, 87.37011158231576
This round: 9,0
91, 3: 82, 90.44176981156893
5.2547999999999995
This round: 42,0
92, 0: 88, 92.041392531529
This round: 42,0
92, 1: 79, 90.15223091908885
This round: 42,0
92, 2: 70, 88.37011158231576
This round: 42,0
92, 3: 83, 91.44176981156893
5.17
This round: 9,0
93, 0: 89, 93.041392531529
This round: 9,0
93, 1: 80, 91.15223091908885
This round: 9,0
93, 2: 71, 89.37011158231576
This round: 9,0
93, 3: 84, 92.44176981156893
5.3943
This round: 69,0
94, 0: 90, 94.041392531529
This round: 69,3
94, 1: 80, 92.10875265821929
This round: 69,0
94, 2: 72, 90.37011158231576
This round: 69,0
94, 3: 85, 93.44176981156893
5.3599
This round: 39,0
95, 0: 91, 95.041392531529
This round: 39,0
95, 1: 81, 93.10875265821929
This round: 39,0
95, 2: 73, 91.37011158231576
This round: 39,0
95, 3: 86, 94.44176981156893
5.3039
This round: 34,0
96, 0: 92, 96.041392531529
This round: 34,0
96, 1: 82, 94.10875265821929
This round: 34,0
96, 2: 74, 92.37011158231576
This round: 34,0
96, 3: 87, 95.44176981156893
5.583200000000001
5.3755
This round: 8,0
97, 0: 93, 97.041392531529
This round: 8,0
97, 1: 83, 95.10875265821929
This round: 8,0
97, 2: 75, 93.37011158231576
This round: 8,0
97, 3: 88, 96.44176981156893
5.428799999999999
This round: 10,0
98, 0: 94, 98.041392531529
This round: 10,0
98, 1: 84, 96.10875265821929
This round: 10,0
98, 2: 76, 94.37011158231576
This round: 10,0
98, 3: 89, 97.44176981156893
5.5586
5.3039
5.464799999999999
5.4648
5.2415
This round: 71,0
99, 0: 95, 99.041392531529
This round: 71,0
99, 1: 85, 97.10875265821929
This round: 71,0
99, 2: 77, 95.37011158231576
This round: 71,0
99, 3: 90, 98.44176981156893
5.312799999999999
This round: 12,0
100, 0: 96, 100.041392531529
This round: 12,0
100, 1: 86, 98.10875265821929
This round: 12,0
100, 2: 78, 96.37011158231576
This round: 12,0
100, 3: 91, 99.44176981156893
5.357600000000001
This round: 17,0
101, 0: 97, 101.041392531529
This round: 17,0
101, 1: 87, 99.10875265821929
This round: 17,0
101, 2: 79, 97.37011158231576
This round: 17,0
101, 3: 92, 100.44176981156893
5.6432
5.572
5.268299999999999
This round: 15,1
102, 0: 97, 101.97472586486234
This round: 15,1
102, 1: 87, 100.04208599155263
This round: 15,2
102, 2: 79, 98.23677824898242
This round: 15,1
102, 3: 92, 101.37510314490227
5.5005
5.500500000000001
This round: 20,0
103, 0: 98, 102.97472586486234
This round: 20,2
103, 1: 87, 100.94208599155263
This round: 20,2
103, 2: 79, 99.13677824898242
This round: 20,2
103, 3: 92, 102.27510314490227
5.469200000000001
5.5364
5.393199999999999
5.246
This round: 3,0
104, 0: 99, 103.97472586486234
This round: 3,0
104, 1: 88, 101.94208599155263
This round: 3,1
104, 2: 79, 99.8034449156491
This round: 3,0
104, 3: 93, 103.27510314490227
5.4259
This round: 12,0
105, 0: 100, 104.97472586486234
This round: 12,0
105, 1: 89, 102.94208599155263
This round: 12,0
105, 2: 80, 100.8034449156491
This round: 12,0
105, 3: 94, 104.27510314490227
5.821899999999999
5.4424
5.165700000000001
This round: 10,0
106, 0: 101, 105.97472586486234
This round: 10,3
106, 1: 89, 103.64208599155263
This round: 10,4
106, 2: 80, 101.40344491564909
This round: 10,0
106, 3: 95, 105.27510314490227
5.536099999999999
This round: 17,0
107, 0: 102, 106.97472586486234
This round: 17,0
107, 1: 90, 104.64208599155263
This round: 17,0
107, 2: 81, 102.40344491564909
This round: 17,0
107, 3: 96, 106.27510314490227
5.304
This round: 16,0
108, 0: 103, 107.97472586486234
This round: 16,0
108, 1: 91, 105.64208599155263
This round: 16,0
108, 2: 82, 103.40344491564909
This round: 16,0
108, 3: 97, 107.27510314490227
5.322
This round: 4,0
109, 0: 104, 108.97472586486234
This round: 4,0
109, 1: 92, 106.64208599155263
This round: 4,0
109, 2: 83, 104.40344491564909
This round: 4,0
109, 3: 98, 108.27510314490227
5.446899999999999
This round: 6,0
110, 0: 105, 109.97472586486234
This round: 6,0
110, 1: 93, 107.64208599155263
This round: 6,0
110, 2: 84, 105.40344491564909
This round: 6,0
110, 3: 99, 109.27510314490227
5.518300000000001
This round: 5,0
111, 0: 106, 110.97472586486234
This round: 5,0
111, 1: 94, 108.64208599155263
This round: 5,0
111, 2: 85, 106.40344491564909
This round: 5,0
111, 3: 100, 110.27510314490227
5.1968000000000005
This round: 163,1
112, 0: 106, 111.96859089553718
This round: 163,0
112, 1: 95, 109.64208599155263
This round: 163,0
112, 2: 86, 107.40344491564909
This round: 163,0
112, 3: 101, 111.27510314490227
5.322
5.4693
5.4213
This round: 22,0
113, 0: 107, 112.96859089553718
This round: 22,0
113, 1: 96, 110.64208599155263
This round: 22,3
113, 2: 86, 108.26708127928545
This round: 22,3
113, 3: 101, 112.13873950853863
5.250300000000001
This round: 10,0
114, 0: 108, 113.96859089553718
This round: 10,0
114, 1: 97, 111.64208599155263
This round: 10,4
114, 2: 86, 108.86708127928544
This round: 10,0
114, 3: 102, 113.13873950853863
5.1791
This round: 17,0
115, 0: 109, 114.96859089553718
This round: 17,5
115, 1: 97, 112.34796834449381
This round: 17,5
115, 2: 86, 109.57296363222662
This round: 17,5
115, 3: 102, 113.84462186147981
5.245900000000001
This round: 7,0
116, 0: 110, 115.96859089553718
This round: 7,0
116, 1: 98, 113.34796834449381
This round: 7,0
116, 2: 87, 110.57296363222662
This round: 7,0
116, 3: 103, 114.84462186147981
5.3039000000000005
5.464799999999999
5.5026
5.429099999999999
5.295
This round: 14,0
117, 0: 111, 116.96859089553718
This round: 14,0
117, 1: 99, 114.34796834449381
This round: 14,1
117, 2: 87, 111.50153506079805
This round: 14,0
117, 3: 104, 115.84462186147981
5.433600000000001
5.467
5.205599999999999
This round: 13,0
118, 0: 112, 117.96859089553718
This round: 13,0
118, 1: 100, 115.34796834449381
This round: 13,0
118, 2: 88, 112.50153506079805
This round: 13,0
118, 3: 105, 116.84462186147981
5.152100000000001
This round: 424,0
119, 0: 113, 118.96859089553718
This round: 424,0
119, 1: 101, 116.34796834449381
This round: 424,0
119, 2: 89, 113.50153506079805
This round: 424,0
119, 3: 106, 117.84462186147981
5.2416
5.268199999999999
5.3576
This round: 9,0
120, 0: 114, 119.96859089553718
This round: 9,0
120, 1: 102, 117.34796834449381
This round: 9,1
120, 2: 89, 114.39042394968693
This round: 9,0
120, 3: 107, 118.84462186147981
5.643400000000001
5.3933
This round: 14,0
121, 0: 115, 120.96859089553718
This round: 14,0
121, 1: 103, 118.34796834449381
This round: 14,0
121, 2: 90, 115.39042394968693
This round: 14,0
121, 3: 108, 119.84462186147981
5.304
This round: 5,0
122, 0: 116, 121.96859089553718
This round: 5,0
122, 1: 104, 119.34796834449381
This round: 5,2
122, 2: 90, 115.99042394968693
This round: 5,0
122, 3: 109, 120.84462186147981
5.1728000000000005
This round: 13,0
123, 0: 117, 122.96859089553718
This round: 13,0
123, 1: 105, 120.34796834449381
This round: 13,0
123, 2: 91, 116.99042394968693
This round: 13,0
123, 3: 110, 121.84462186147981
5.232600000000001
This round: 28,0
124, 0: 118, 123.96859089553718
This round: 28,0
124, 1: 106, 121.34796834449381
This round: 28,0
124, 2: 92, 117.99042394968693
This round: 28,0
124, 3: 111, 122.84462186147981
5.6076
5.3757
This round: 12,0
125, 0: 119, 124.96859089553718
This round: 12,0
125, 1: 107, 122.34796834449381
This round: 12,2
125, 2: 92, 118.82375728302026
This round: 12,0
125, 3: 112, 123.84462186147981
5.482600000000001
This round: 6,0
126, 0: 120, 125.96859089553718
This round: 6,0
126, 1: 108, 123.34796834449381
This round: 6,0
126, 2: 93, 119.82375728302026
This round: 6,0
126, 3: 113, 124.84462186147981
5.1968
This round: 12,0
127, 0: 121, 126.96859089553718
This round: 12,0
127, 1: 109, 124.34796834449381
This round: 12,0
127, 2: 94, 120.82375728302026
This round: 12,0
127, 3: 114, 125.84462186147981
5.4092
5.375500000000001
5.323
This round: 19,0
128, 0: 122, 127.96859089553718
This round: 19,0
128, 1: 110, 125.34796834449381
This round: 19,0
128, 2: 95, 121.82375728302026
This round: 19,0
128, 3: 115, 126.84462186147981
5.429
This round: 5,0
129, 0: 123, 128.96859089553718
This round: 5,0
129, 1: 111, 126.34796834449381
This round: 5,0
129, 2: 96, 122.82375728302026
This round: 5,0
129, 3: 116, 127.84462186147981
5.7184
This round: 5,0
130, 0: 124, 129.96859089553718
This round: 5,0
130, 1: 112, 127.34796834449381
This round: 5,0
130, 2: 97, 123.82375728302026
This round: 5,0
130, 3: 117, 128.84462186147982
5.357600000000001
This round: 12,0
131, 0: 125, 130.96859089553718
This round: 12,0
131, 1: 113, 128.3479683444938
This round: 12,0
131, 2: 98, 124.82375728302026
This round: 12,0
131, 3: 118, 129.84462186147982
5.429099999999999
5.322
This round: 8,0
132, 0: 126, 131.96859089553718
This round: 8,0
132, 1: 114, 129.3479683444938
This round: 8,0
132, 2: 99, 125.82375728302026
This round: 8,0
132, 3: 119, 130.84462186147982
5.3599
This round: 33,0
133, 0: 127, 132.96859089553718
This round: 33,0
133, 1: 115, 130.3479683444938
This round: 33,0
133, 2: 100, 126.82375728302026
This round: 33,0
133, 3: 120, 131.84462186147982
5.2517000000000005
This round: 10,0
134, 0: 128, 133.96859089553718
This round: 10,0
134, 1: 116, 131.3479683444938
This round: 10,0
134, 2: 101, 127.82375728302026
This round: 10,0
134, 3: 121, 132.84462186147982
5.3955
5.4337
This round: 15,0
135, 0: 129, 134.96859089553718
This round: 15,0
135, 1: 117, 132.3479683444938
This round: 15,0
135, 2: 102, 128.82375728302026
This round: 15,0
135, 3: 122, 133.84462186147982
5.2348
This round: 50,0
136, 0: 130, 135.96859089553718
This round: 50,0
136, 1: 118, 133.3479683444938
This round: 50,0
136, 2: 103, 129.82375728302026
This round: 50,0
136, 3: 123, 134.84462186147982
5.4469
This round: 11,0
137, 0: 131, 136.96859089553718
This round: 11,0
137, 1: 119, 134.3479683444938
This round: 11,0
137, 2: 104, 130.82375728302026
This round: 11,0
137, 3: 124, 135.84462186147982
5.2152
This round: 8,0
138, 0: 132, 137.96859089553718
This round: 8,0
138, 1: 120, 135.3479683444938
This round: 8,0
138, 2: 105, 131.82375728302026
This round: 8,0
138, 3: 125, 136.84462186147982
5.6433
This round: 18,0
139, 0: 133, 138.96859089553718
This round: 18,0
139, 1: 121, 136.3479683444938
This round: 18,0
139, 2: 106, 132.82375728302026
This round: 18,0
139, 3: 126, 137.84462186147982
5.187799999999999
This round: 3,0
140, 0: 134, 139.96859089553718
This round: 3,0
140, 1: 122, 137.3479683444938
This round: 3,0
140, 2: 107, 133.82375728302026
This round: 3,0
140, 3: 127, 138.84462186147982
5.6256
5.3685
5.3945
5.5184
5.464799999999999
This round: 15,0
141, 0: 135, 140.96859089553718
This round: 15,0
141, 1: 123, 138.3479683444938
This round: 15,0
141, 2: 108, 134.82375728302026
This round: 15,0
141, 3: 128, 139.84462186147982
5.482600000000001
This round: 9,0
142, 0: 136, 141.96859089553718
This round: 9,0
142, 1: 124, 139.3479683444938
This round: 9,0
142, 2: 109, 135.82375728302026
This round: 9,0
142, 3: 129, 140.84462186147982
5.1609
This round: 13,0
143, 0: 137, 142.96859089553718
This round: 13,0
143, 1: 125, 140.3479683444938
This round: 13,0
143, 2: 110, 136.82375728302026
This round: 13,0
143, 3: 130, 141.84462186147982
5.717100000000001
5.3843000000000005
This round: 17,0
144, 0: 138, 143.96859089553718
This round: 17,0
144, 1: 126, 141.3479683444938
This round: 17,0
144, 2: 111, 137.82375728302026
This round: 17,0
144, 3: 131, 142.84462186147982
5.3933
This round: 19,0
145, 0: 139, 144.96859089553718
This round: 19,0
145, 1: 127, 142.3479683444938
This round: 19,0
145, 2: 112, 138.82375728302026
This round: 19,0
145, 3: 132, 143.84462186147982
5.3263
5.250100000000001
This round: 7,0
146, 0: 140, 145.96859089553718
This round: 7,0
146, 1: 128, 143.3479683444938
This round: 7,0
146, 2: 113, 139.82375728302026
This round: 7,0
146, 3: 133, 144.84462186147982
5.389000000000001
This round: 21,0
147, 0: 141, 146.96859089553718
This round: 21,3
147, 1: 128, 144.20511120163667
This round: 21,3
147, 2: 113, 140.68090014016312
This round: 21,3
147, 3: 133, 145.70176471862268
5.643199999999999
5.4336
5.4691
5.571899999999999
This round: 7,0
148, 0: 142, 147.96859089553718
This round: 7,0
148, 1: 129, 145.20511120163667
This round: 7,0
148, 2: 114, 141.68090014016312
This round: 7,0
148, 3: 134, 146.70176471862268
5.3397
This round: 5,0
149, 0: 143, 148.96859089553718
This round: 5,0
149, 1: 130, 146.20511120163667
This round: 5,0
149, 2: 115, 142.68090014016312
This round: 5,0
149, 3: 135, 147.70176471862268
5.393299999999999
This round: 6,0
150, 0: 144, 149.96859089553718
This round: 6,0
150, 1: 131, 147.20511120163667
This round: 6,0
150, 2: 116, 143.68090014016312
This round: 6,0
150, 3: 136, 148.70176471862268
5.3575
This round: 12,0
151, 0: 145, 150.96859089553718
This round: 12,0
151, 1: 132, 148.20511120163667
This round: 12,0
151, 2: 117, 144.68090014016312
This round: 12,0
151, 3: 137, 149.70176471862268
5.5184
This round: 8,0
152, 0: 146, 151.96859089553718
This round: 8,0
152, 1: 133, 149.20511120163667
This round: 8,0
152, 2: 118, 145.68090014016312
This round: 8,0
152, 3: 138, 150.70176471862268
5.3039
This round: 13,0
153, 0: 147, 152.96859089553718
This round: 13,0
153, 1: 134, 150.20511120163667
This round: 13,0
153, 2: 119, 146.68090014016312
This round: 13,0
153, 3: 139, 151.70176471862268
5.4827
This round: 4,0
154, 0: 148, 153.96859089553718
This round: 4,0
154, 1: 135, 151.20511120163667
This round: 4,0
154, 2: 120, 147.68090014016312
This round: 4,0
154, 3: 140, 152.70176471862268
5.2234
This round: 18,0
155, 0: 149, 154.96859089553718
This round: 18,0
155, 1: 136, 152.20511120163667
This round: 18,0
155, 2: 121, 148.68090014016312
This round: 18,0
155, 3: 141, 153.70176471862268
5.464799999999999
5.572000000000001
5.500400000000001
5.321700000000002
5.4994
5.3488
This round: 9,0
156, 0: 150, 155.96859089553718
This round: 9,0
156, 1: 137, 153.20511120163667
This round: 9,0
156, 2: 122, 149.68090014016312
This round: 9,0
156, 3: 142, 154.70176471862268
5.593500000000001
5.3744000000000005
5.3219
This round: 4,0
157, 0: 151, 156.96859089553718
This round: 4,0
157, 1: 138, 154.20511120163667
This round: 4,0
157, 2: 123, 150.68090014016312
This round: 4,0
157, 3: 143, 155.70176471862268
5.1611
5.3575
This round: 5,0
158, 0: 152, 157.96859089553718
This round: 5,0
158, 1: 139, 155.20511120163667
This round: 5,0
158, 2: 124, 151.68090014016312
This round: 5,0
158, 3: 144, 156.70176471862268
5.314
This round: 9,0
159, 0: 153, 158.96859089553718
This round: 9,0
159, 1: 140, 156.20511120163667
This round: 9,0
159, 2: 125, 152.68090014016312
This round: 9,0
159, 3: 145, 157.70176471862268
5.457
This round: 12,0
160, 0: 154, 159.96859089553718
This round: 12,0
160, 1: 141, 157.20511120163667
This round: 12,0
160, 2: 126, 153.68090014016312
This round: 12,0
160, 3: 146, 158.70176471862268
5.3943
5.750500000000001
5.286
This round: 11,0
161, 0: 155, 160.96859089553718
This round: 11,0
161, 1: 142, 158.20511120163667
This round: 11,0
161, 2: 127, 154.68090014016312
This round: 11,0
161, 3: 147, 159.70176471862268
5.5185
5.4289000000000005
5.3554
This round: 16,0
162, 0: 156, 161.96859089553718
This round: 16,4
162, 1: 142, 158.95511120163667
This round: 16,0
162, 2: 128, 155.68090014016312
This round: 16,0
162, 3: 148, 160.70176471862268
5.331
5.411099999999999
This round: 7,0
163, 0: 157, 162.96859089553718
This round: 7,0
163, 1: 143, 159.95511120163667
This round: 7,0
163, 2: 129, 156.68090014016312
This round: 7,0
163, 3: 149, 161.70176471862268
5.2972
5.3622000000000005
5.2056
This round: 22,0
164, 0: 158, 163.96859089553718
This round: 22,0
164, 1: 144, 160.95511120163667
This round: 22,0
164, 2: 130, 157.68090014016312
This round: 22,0
164, 3: 150, 162.70176471862268
5.527500000000001
5.464800000000001
This round: 14,0
165, 0: 159, 164.96859089553718
This round: 14,0
165, 1: 145, 161.95511120163667
This round: 14,0
165, 2: 131, 158.68090014016312
This round: 14,0
165, 3: 151, 163.70176471862268
5.3932
This round: 7,0
166, 0: 160, 165.96859089553718
This round: 7,0
166, 1: 146, 162.95511120163667
This round: 7,0
166, 2: 132, 159.68090014016312
This round: 7,0
166, 3: 152, 164.70176471862268
5.643300000000001
5.4782
This round: 12,0
167, 0: 161, 166.96859089553718
This round: 12,0
167, 1: 147, 163.95511120163667
This round: 12,2
167, 2: 132, 160.51423347349646
This round: 12,0
167, 3: 153, 165.70176471862268
5.286700000000001
5.5895
This round: 8,0
168, 0: 162, 167.96859089553718
This round: 8,1
168, 1: 147, 164.83011120163667
This round: 8,1
168, 2: 132, 161.38923347349646
This round: 8,0
168, 3: 154, 166.70176471862268
5.5005
5.2235000000000005
5.4379
This round: 8,0
169, 0: 163, 168.96859089553718
This round: 8,0
169, 1: 148, 165.83011120163667
This round: 8,0
169, 2: 133, 162.38923347349646
This round: 8,0
169, 3: 155, 167.70176471862268
5.320900000000001
This round: 20,0
170, 0: 164, 169.96859089553718
This round: 20,1
170, 1: 148, 166.78011120163666
This round: 20,1
170, 2: 133, 163.33923347349645
This round: 20,1
170, 3: 155, 168.65176471862267
5.2683
This round: 9,0
171, 0: 165, 170.96859089553718
This round: 9,0
171, 1: 149, 167.78011120163666
This round: 9,0
171, 2: 134, 164.33923347349645
This round: 9,0
171, 3: 156, 169.65176471862267
5.536199999999999
5.500499999999999
5.304
This round: 7,0
172, 0: 166, 171.96859089553718
This round: 7,0
172, 1: 150, 168.78011120163666
This round: 7,0
172, 2: 135, 165.33923347349645
This round: 7,0
172, 3: 157, 170.65176471862267
5.4112
This round: 52,0
173, 0: 167, 172.96859089553718
This round: 52,0
173, 1: 151, 169.78011120163666
This round: 52,0
173, 2: 136, 166.33923347349645
This round: 52,0
173, 3: 158, 171.65176471862267
5.348800000000001
5.6882
5.2772
This round: 13,0
174, 0: 168, 173.96859089553718
This round: 13,0
174, 1: 152, 170.78011120163666
This round: 13,0
174, 2: 137, 167.33923347349645
This round: 13,0
174, 3: 159, 172.65176471862267
5.2325
This round: 20,0
175, 0: 169, 174.96859089553718
This round: 20,0
175, 1: 153, 171.78011120163666
This round: 20,0
175, 2: 138, 168.33923347349645
This round: 20,0
175, 3: 160, 173.65176471862267
5.4110000000000005
5.573000000000001
This round: 4,0
176, 0: 170, 175.96859089553718
This round: 4,0
176, 1: 154, 172.78011120163666
This round: 4,0
176, 2: 139, 169.33923347349645
This round: 4,1
176, 3: 160, 174.40176471862267
5.4558
This round: 12,0
177, 0: 171, 176.96859089553718
This round: 12,0
177, 1: 155, 173.78011120163666
This round: 12,0
177, 2: 140, 170.33923347349645
This round: 12,0
177, 3: 161, 175.40176471862267
5.3919999999999995
This round: 14,0
178, 0: 172, 177.96859089553718
This round: 14,0
178, 1: 156, 174.78011120163666
This round: 14,0
178, 2: 141, 171.33923347349645
This round: 14,0
178, 3: 162, 176.40176471862267
5.2236
This round: 4,0
179, 0: 173, 178.96859089553718
This round: 4,0
179, 1: 157, 175.78011120163666
This round: 4,0
179, 2: 142, 172.33923347349645
This round: 4,0
179, 3: 163, 177.40176471862267
5.505000000000001
5.518400000000001
This round: 4,0
180, 0: 174, 179.96859089553718
This round: 4,0
180, 1: 158, 176.78011120163666
This round: 4,0
180, 2: 143, 173.33923347349645
This round: 4,0
180, 3: 164, 178.40176471862267
5.7863
This round: 6,0
181, 0: 175, 180.96859089553718
This round: 6,0
181, 1: 159, 177.78011120163666
This round: 6,0
181, 2: 144, 174.33923347349645
This round: 6,0
181, 3: 165, 179.40176471862267
5.4737
This round: 11,0
182, 0: 176, 181.96859089553718
This round: 11,0
182, 1: 160, 178.78011120163666
This round: 11,0
182, 2: 145, 175.33923347349645
This round: 11,0
182, 3: 166, 180.40176471862267
5.554
This round: 11,0
183, 0: 177, 182.96859089553718
This round: 11,0
183, 1: 161, 179.78011120163666
This round: 11,0
183, 2: 146, 176.33923347349645
This round: 11,0
183, 3: 167, 181.40176471862267
5.4243
This round: 24,0
184, 0: 178, 183.96859089553718
This round: 24,0
184, 1: 162, 180.78011120163666
This round: 24,1
184, 2: 146, 177.2975668068298
This round: 24,0
184, 3: 168, 182.40176471862267
5.3041
This round: 10,0
185, 0: 179, 184.96859089553718
This round: 10,0
185, 1: 163, 181.78011120163666
This round: 10,0
185, 2: 147, 178.2975668068298
This round: 10,0
185, 3: 169, 183.40176471862267
5.4648
This round: 11,0
186, 0: 180, 185.96859089553718
This round: 11,0
186, 1: 164, 182.78011120163666
This round: 11,0
186, 2: 148, 179.2975668068298
This round: 11,0
186, 3: 170, 184.40176471862267
5.313000000000001
This round: 11,0
187, 0: 181, 186.96859089553718
This round: 11,0
187, 1: 165, 183.78011120163666
This round: 11,0
187, 2: 149, 180.2975668068298
This round: 11,0
187, 3: 171, 185.40176471862267
5.17
5.4021
5.3397
This round: 22,0
188, 0: 182, 187.96859089553718
This round: 22,0
188, 1: 166, 184.78011120163666
This round: 22,0
188, 2: 150, 181.2975668068298
This round: 22,0
188, 3: 172, 186.40176471862267
5.6077
5.330800000000001
5.4826
5.5717
This round: 26,0
189, 0: 183, 188.96859089553718
This round: 26,0
189, 1: 167, 185.78011120163666
This round: 26,11
189, 2: 150, 181.87448988375286
This round: 26,4
189, 3: 172, 187.2479185647765
5.520499999999999
This round: 62,0
190, 0: 184, 189.96859089553718
This round: 62,0
190, 1: 168, 186.78011120163666
This round: 62,0
190, 2: 151, 182.87448988375286
This round: 62,0
190, 3: 173, 188.2479185647765
5.357599999999999
5.411
This round: 21,0
191, 0: 185, 190.96859089553718
This round: 21,0
191, 1: 169, 187.78011120163666
This round: 21,0
191, 2: 152, 183.87448988375286
This round: 21,0
191, 3: 174, 189.2479185647765
5.438000000000001
This round: 14,0
192, 0: 186, 191.96859089553718
This round: 14,0
192, 1: 170, 188.78011120163666
This round: 14,0
192, 2: 153, 184.87448988375286
This round: 14,0
192, 3: 175, 190.2479185647765
5.2639000000000005
This round: 5,0
193, 0: 187, 192.96859089553718
This round: 5,0
193, 1: 171, 189.78011120163666
This round: 5,0
193, 2: 154, 185.87448988375286
This round: 5,0
193, 3: 176, 191.2479185647765
5.536200000000001
This round: 5,0
194, 0: 188, 193.96859089553718
This round: 5,0
194, 1: 172, 190.78011120163666
This round: 5,0
194, 2: 155, 186.87448988375286
This round: 5,0
194, 3: 177, 192.2479185647765
5.6122
This round: 12,0
195, 0: 189, 194.96859089553718
This round: 12,0
195, 1: 173, 191.78011120163666
This round: 12,0
195, 2: 156, 187.87448988375286
This round: 12,0
195, 3: 178, 193.2479185647765
5.402200000000001
This round: 14,0
196, 0: 190, 195.96859089553718
This round: 14,0
196, 1: 174, 192.78011120163666
This round: 14,0
196, 2: 157, 188.87448988375286
This round: 14,0
196, 3: 179, 194.2479185647765
5.2862
This round: 7,0
197, 0: 191, 196.96859089553718
This round: 7,0
197, 1: 175, 193.78011120163666
This round: 7,0
197, 2: 158, 189.87448988375286
This round: 7,0
197, 3: 180, 195.2479185647765
5.2682
This round: 13,0
198, 0: 192, 197.96859089553718
This round: 13,0
198, 1: 176, 194.78011120163666
This round: 13,0
198, 2: 159, 190.87448988375286
This round: 13,0
198, 3: 181, 196.2479185647765
5.4028
This round: 30,0
199, 0: 193, 198.96859089553718
This round: 30,0
199, 1: 177, 195.78011120163666
This round: 30,0
199, 2: 160, 191.87448988375286
This round: 30,0
199, 3: 182, 197.2479185647765
