5.3218000000000005
This round: 144,0
0, 0: 1, 1.0
This round: 144,0
0, 1: 1, 1.0
This round: 144,0
0, 2: 1, 1.0
This round: 144,0
0, 3: 1, 1.0
5.3397
This round: 12,0
1, 0: 2, 2.0
This round: 12,0
1, 1: 2, 2.0
This round: 12,2
1, 2: 1, 1.8333333333333335
This round: 12,0
1, 3: 2, 2.0
5.5005
5.3935
This round: 17,1
2, 0: 2, 2.9411764705882355
This round: 17,1
2, 1: 2, 2.9411764705882355
This round: 17,1
2, 2: 1, 2.7745098039215685
This round: 17,1
2, 3: 2, 2.9411764705882355
5.4202
This round: 42,0
3, 0: 3, 3.9411764705882355
This round: 42,0
3, 1: 3, 3.9411764705882355
This round: 42,2
3, 2: 1, 3.726890756302521
This round: 42,0
3, 3: 3, 3.9411764705882355
5.4826999999999995
5.5718000000000005
This round: 15,1
4, 0: 3, 4.874509803921569
This round: 15,1
4, 1: 3, 4.874509803921569
This round: 15,3
4, 2: 1, 4.526890756302521
This round: 15,1
4, 3: 3, 4.874509803921569
5.6613
5.607800000000001
5.304
This round: 21,0
5, 0: 4, 5.874509803921569
This round: 21,0
5, 1: 4, 5.874509803921569
This round: 21,0
5, 2: 2, 5.526890756302521
This round: 21,0
5, 3: 4, 5.874509803921569
5.371200000000001
This round: 31,1
6, 0: 4, 6.84225173940544
This round: 31,1
6, 1: 4, 6.84225173940544
This round: 31,3
6, 2: 2, 6.430116562754134
This round: 31,1
6, 3: 4, 6.84225173940544
5.500400000000001
This round: 25,0
7, 0: 5, 7.84225173940544
This round: 25,0
7, 1: 5, 7.84225173940544
This round: 25,0
7, 2: 3, 7.430116562754134
This round: 25,0
7, 3: 5, 7.84225173940544
5.263800000000001
This round: 19,0
8, 0: 6, 8.842251739405441
This round: 19,0
8, 1: 6, 8.842251739405441
This round: 19,1
8, 2: 3, 8.377484983806765
This round: 19,0
8, 3: 6, 8.842251739405441
5.464700000000001
This round: 41,1
9, 0: 6, 9.817861495503003
This round: 41,3
9, 1: 6, 9.769081007698125
This round: 41,3
9, 2: 3, 9.304314252099449
This round: 41,1
9, 3: 6, 9.817861495503003
5.4646
This round: 103,2
10, 0: 6, 10.798444019774848
This round: 103,1
10, 1: 6, 10.759372269834047
This round: 103,2
10, 2: 3, 10.284896776371294
This round: 103,2
10, 3: 6, 10.798444019774848
5.500399999999999
5.3218000000000005
5.3151
5.357599999999999
This round: 28,0
11, 0: 7, 11.798444019774848
This round: 28,1
11, 1: 6, 11.723657984119761
This round: 28,2
11, 2: 3, 11.213468204942723
This round: 28,0
11, 3: 7, 11.798444019774848
5.290400000000001
5.4648
This round: 333,0
12, 0: 8, 12.798444019774848
This round: 333,76
12, 1: 6, 12.495429755891532
This round: 333,76
12, 2: 3, 11.985239976714494
This round: 333,5
12, 3: 7, 12.783429004759833
5.429
This round: 23,0
13, 0: 9, 13.798444019774848
This round: 23,0
13, 1: 7, 13.495429755891532
This round: 23,0
13, 2: 4, 12.985239976714494
This round: 23,0
13, 3: 8, 13.783429004759833
5.5095
This round: 21,1
14, 0: 9, 14.750824972155801
This round: 21,1
14, 1: 7, 14.447810708272485
This round: 21,4
14, 2: 4, 13.794763786238304
This round: 21,3
14, 3: 8, 14.640571861902691
5.7149
5.2151000000000005
5.429100000000001
This round: 38,0
15, 0: 10, 15.750824972155801
This round: 38,3
15, 1: 7, 15.368863339851432
This round: 38,0
15, 2: 5, 14.794763786238304
This round: 38,3
15, 3: 8, 15.561624493481638
5.3063
This round: 43,0
16, 0: 11, 16.7508249721558
This round: 43,0
16, 1: 8, 16.36886333985143
This round: 43,0
16, 2: 6, 15.794763786238304
This round: 43,0
16, 3: 9, 16.561624493481638
5.3216
This round: 56,1
17, 0: 11, 17.73296782929866
This round: 56,0
17, 1: 9, 17.36886333985143
This round: 56,0
17, 2: 7, 16.794763786238306
This round: 56,1
17, 3: 9, 17.543767350624496
5.5183
This round: 34,0
18, 0: 12, 18.73296782929866
This round: 34,1
18, 1: 9, 18.339451575145546
This round: 34,2
18, 2: 7, 17.73594025682654
This round: 34,1
18, 3: 9, 18.51435558591861
5.376499999999999
5.246
This round: 52,0
19, 0: 13, 19.73296782929866
This round: 52,10
19, 1: 9, 19.147143882837852
This round: 52,10
19, 2: 7, 18.54363256451885
This round: 52,10
19, 3: 9, 19.322047893610918
5.6791
5.295
This round: 99,0
20, 0: 14, 20.73296782929866
This round: 99,11
20, 1: 9, 20.03603277172674
This round: 99,6
20, 2: 7, 19.48302650391279
This round: 99,0
20, 3: 10, 20.322047893610918
5.4379
This round: 30,0
21, 0: 15, 21.73296782929866
This round: 30,0
21, 1: 10, 21.03603277172674
This round: 30,0
21, 2: 8, 20.48302650391279
This round: 30,0
21, 3: 11, 21.322047893610918
5.4022
This round: 26,0
22, 0: 16, 22.73296782929866
This round: 26,0
22, 1: 11, 22.03603277172674
This round: 26,0
22, 2: 9, 21.48302650391279
This round: 26,0
22, 3: 12, 22.322047893610918
5.3575
This round: 60,0
23, 0: 17, 23.73296782929866
This round: 60,0
23, 1: 12, 23.03603277172674
This round: 60,0
23, 2: 10, 22.48302650391279
This round: 60,0
23, 3: 13, 23.322047893610918
5.268300000000001
This round: 41,0
24, 0: 18, 24.73296782929866
This round: 41,0
24, 1: 13, 24.03603277172674
This round: 41,5
24, 2: 10, 23.361075284400595
This round: 41,5
24, 3: 13, 24.200096674098724
5.357600000000001
5.5539
This round: 97,0
25, 0: 19, 25.73296782929866
This round: 97,9
25, 1: 13, 24.943249266572103
This round: 97,9
25, 2: 10, 24.268291779245956
This round: 97,9
25, 3: 13, 25.107313168944085
5.4112
This round: 482,1
26, 0: 19, 26.730893140501976
This round: 482,123
26, 1: 13, 25.6880625445804
This round: 482,35
26, 2: 10, 25.195677671362137
This round: 482,0
26, 3: 14, 26.107313168944085
5.4825
This round: 10,0
27, 0: 20, 27.730893140501976
This round: 10,1
27, 1: 13, 26.5880625445804
This round: 10,1
27, 2: 10, 26.095677671362136
This round: 10,0
27, 3: 15, 27.107313168944085
5.3844
This round: 74,0
28, 0: 21, 28.730893140501976
This round: 74,2
28, 1: 13, 27.56103551755337
This round: 74,2
28, 2: 10, 27.068650644335108
This round: 74,0
28, 3: 16, 28.107313168944085
5.5721
This round: 35,0
29, 0: 22, 29.730893140501976
This round: 35,5
29, 1: 13, 28.41817837469623
This round: 35,5
29, 2: 10, 27.925793501477965
This round: 35,0
29, 3: 17, 29.107313168944085
5.5719
This round: 27,0
30, 0: 23, 30.730893140501976
This round: 27,1
30, 1: 13, 29.38114133765919
This round: 27,1
30, 2: 10, 28.888756464440927
This round: 27,0
30, 3: 18, 30.107313168944085
5.9473
5.2504
This round: 40,3
31, 0: 23, 31.655893140501977
This round: 40,0
31, 1: 14, 30.38114133765919
This round: 40,0
31, 2: 11, 29.888756464440927
This round: 40,0
31, 3: 19, 31.107313168944085
5.250400000000001
This round: 13,0
32, 0: 24, 32.65589314050197
This round: 13,0
32, 1: 15, 31.38114133765919
This round: 13,0
32, 2: 12, 30.888756464440927
This round: 13,0
32, 3: 20, 32.10731316894409
5.411099999999999
This round: 259,0
33, 0: 25, 33.65589314050197
This round: 259,2
33, 1: 15, 32.373419329937185
This round: 259,7
33, 2: 12, 31.8617294374139
This round: 259,0
33, 3: 21, 33.10731316894409
5.3221
This round: 33,7
34, 0: 25, 34.44377192838076
This round: 33,6
34, 1: 15, 33.191601148119005
This round: 33,6
34, 2: 12, 32.67991125559572
This round: 33,8
34, 3: 21, 33.864888926519846
5.2681000000000004
This round: 22,0
35, 0: 26, 35.44377192838076
This round: 22,0
35, 1: 16, 34.191601148119005
This round: 22,1
35, 2: 12, 33.63445671014117
This round: 22,0
35, 3: 22, 34.864888926519846
5.572200000000001
5.608699999999999
5.3397
This round: 38,0
36, 0: 27, 36.44377192838076
This round: 38,0
36, 1: 17, 35.191601148119005
This round: 38,0
36, 2: 13, 34.63445671014117
This round: 38,0
36, 3: 23, 35.864888926519846
5.344099999999999
5.1746
This round: 23,0
37, 0: 28, 37.44377192838076
This round: 23,7
37, 1: 17, 35.88725332203205
This round: 23,1
37, 2: 13, 35.59097844927161
This round: 23,0
37, 3: 24, 36.864888926519846
5.391
This round: 21,0
38, 0: 29, 38.44377192838076
This round: 21,0
38, 1: 18, 36.88725332203205
This round: 21,1
38, 2: 13, 36.54335940165256
This round: 21,0
38, 3: 25, 37.864888926519846
5.5766
5.4826
This round: 51,0
39, 0: 30, 39.44377192838076
This round: 51,9
39, 1: 18, 37.710782733796755
This round: 51,9
39, 2: 13, 37.36688881341726
This round: 51,9
39, 3: 25, 38.68841833828455
5.7328
5.6078
This round: 26,1
40, 0: 30, 40.40531038991922
This round: 26,0
40, 1: 19, 38.710782733796755
This round: 26,3
40, 2: 13, 38.25150419803265
This round: 26,3
40, 3: 25, 39.573033722899936
5.5453
5.6077
5.3039000000000005
This round: 25,0
41, 0: 31, 41.40531038991922
This round: 25,1
41, 1: 19, 39.670782733796756
This round: 25,1
41, 2: 13, 39.21150419803265
This round: 25,0
41, 3: 26, 40.573033722899936
5.518299999999999
This round: 24,0
42, 0: 32, 42.40531038991922
This round: 24,0
42, 1: 20, 40.670782733796756
This round: 24,0
42, 2: 14, 40.21150419803265
This round: 24,0
42, 3: 27, 41.573033722899936
5.330699999999999
This round: 33,0
43, 0: 33, 43.40531038991922
This round: 33,0
43, 1: 21, 41.670782733796756
This round: 33,0
43, 2: 15, 41.21150419803265
This round: 33,1
43, 3: 27, 42.542730692596905
5.3530999999999995
This round: 16,0
44, 0: 34, 44.40531038991922
This round: 16,0
44, 1: 22, 42.670782733796756
This round: 16,0
44, 2: 16, 42.21150419803265
This round: 16,1
44, 3: 27, 43.480230692596905
5.362
This round: 83,0
45, 0: 35, 45.40531038991922
This round: 83,23
45, 1: 22, 43.39367430006182
This round: 83,3
45, 2: 16, 43.175359619719394
This round: 83,24
45, 3: 27, 44.19107406609088
5.482700000000001
This round: 14,0
46, 0: 36, 46.40531038991922
This round: 14,0
46, 1: 23, 44.39367430006182
This round: 14,1
46, 2: 16, 44.103931048290825
This round: 14,0
46, 3: 28, 45.19107406609088
5.438000000000001
This round: 23,3
47, 0: 36, 47.27487560731053
This round: 23,2
47, 1: 23, 45.306717778322685
This round: 23,3
47, 2: 16, 44.97349626568213
This round: 23,2
47, 3: 28, 46.104117544351745
5.5027
This round: 73,0
48, 0: 37, 48.27487560731053
This round: 73,5
48, 1: 23, 46.238224627637756
This round: 73,20
48, 2: 16, 45.699523662942404
This round: 73,18
48, 3: 28, 46.85754220188599
5.2504
This round: 14,0
49, 0: 38, 49.27487560731053
This round: 14,0
49, 1: 24, 47.238224627637756
This round: 14,1
49, 2: 16, 46.628095091513835
This round: 14,0
49, 3: 29, 47.85754220188599
5.5003
5.3777
This round: 24,0
50, 0: 39, 50.27487560731053
This round: 24,3
50, 1: 24, 48.113224627637756
This round: 24,2
50, 2: 16, 47.5447617581805
This round: 24,0
50, 3: 30, 48.85754220188599
5.464600000000001
This round: 54,0
51, 0: 40, 51.27487560731053
This round: 54,1
51, 1: 24, 49.09470610911924
This round: 54,0
51, 2: 17, 48.5447617581805
This round: 54,0
51, 3: 31, 49.85754220188599
5.2504
This round: 161,24
52, 0: 40, 52.12580728432916
This round: 161,21
52, 1: 24, 49.96427132651054
This round: 161,35
52, 2: 17, 49.32737045383267
This round: 161,50
52, 3: 31, 50.54698319567481
5.286000000000001
This round: 64,0
53, 0: 41, 53.12580728432916
This round: 64,14
53, 1: 24, 50.74552132651054
This round: 64,20
53, 2: 17, 50.01487045383267
This round: 64,4
53, 3: 31, 51.48448319567481
5.501600000000001
5.473599999999999
5.3396
This round: 12,0
54, 0: 42, 54.12580728432916
This round: 12,0
54, 1: 25, 51.74552132651054
This round: 12,0
54, 2: 18, 51.01487045383267
This round: 12,0
54, 3: 32, 52.48448319567481
5.286
This round: 23,0
55, 0: 43, 55.12580728432916
This round: 23,0
55, 1: 26, 52.74552132651054
This round: 23,4
55, 2: 18, 51.84095741035441
This round: 23,0
55, 3: 33, 53.48448319567481
5.500699999999999
5.5362
This round: 26,0
56, 0: 44, 56.12580728432916
This round: 26,0
56, 1: 27, 53.74552132651054
This round: 26,3
56, 2: 18, 52.7255727949698
This round: 26,3
56, 3: 33, 54.3690985802902
5.5375000000000005
This round: 57,3
57, 0: 44, 57.07317570538179
This round: 57,0
57, 1: 28, 54.74552132651054
This round: 57,2
57, 2: 18, 53.69048507567155
This round: 57,0
57, 3: 34, 55.3690985802902
5.5897
This round: 31,0
58, 0: 45, 58.07317570538179
This round: 31,0
58, 1: 29, 55.74552132651054
This round: 31,0
58, 2: 19, 54.69048507567155
This round: 31,0
58, 3: 35, 56.3690985802902
5.500299999999999
This round: 26,0
59, 0: 46, 59.07317570538179
This round: 26,0
59, 1: 30, 56.74552132651054
This round: 26,3
59, 2: 19, 55.57510046028694
This round: 26,0
59, 3: 36, 57.3690985802902
5.3218000000000005
This round: 45,1
60, 0: 46, 60.05095348315957
This round: 45,1
60, 1: 30, 57.723299104288316
This round: 45,1
60, 2: 19, 56.552878238064714
This round: 45,1
60, 3: 36, 58.34687635806797
5.2860000000000005
This round: 21,0
61, 0: 47, 61.05095348315957
This round: 21,1
61, 1: 30, 58.675680056669265
This round: 21,1
61, 2: 19, 57.50525919044566
This round: 21,0
61, 3: 37, 59.34687635806797
5.482700000000001
This round: 31,0
62, 0: 48, 62.05095348315957
This round: 31,2
62, 1: 30, 59.61116392763701
This round: 31,2
62, 2: 19, 58.44074306141341
This round: 31,0
62, 3: 38, 60.34687635806797
5.304
This round: 16,0
63, 0: 49, 63.05095348315957
This round: 16,0
63, 1: 31, 60.61116392763701
This round: 16,0
63, 2: 20, 59.44074306141341
This round: 16,0
63, 3: 39, 61.34687635806797
5.4113
This round: 37,0
64, 0: 50, 64.05095348315956
This round: 37,0
64, 1: 32, 61.61116392763701
This round: 37,0
64, 2: 21, 60.44074306141341
This round: 37,0
64, 3: 40, 62.34687635806797
5.5719
This round: 158,2
65, 0: 50, 65.03829525531145
This round: 158,50
65, 1: 32, 62.29470823143448
This round: 158,1
65, 2: 21, 61.434413947489354
This round: 158,18
65, 3: 40, 63.23295230743506
5.3486
This round: 46,0
66, 0: 51, 66.03829525531145
This round: 46,3
66, 1: 32, 63.229490840130126
This round: 46,3
66, 2: 21, 62.369196556185
This round: 46,3
66, 3: 40, 64.16773491613071
5.241600000000001
This round: 37,0
67, 0: 52, 67.03829525531145
This round: 37,0
67, 1: 33, 64.22949084013013
This round: 37,2
67, 2: 21, 63.315142502130946
This round: 37,0
67, 3: 41, 65.16773491613071
5.411100000000001
5.784
This round: 15,1
68, 0: 52, 67.97162858864479
This round: 15,1
68, 1: 33, 65.16282417346346
This round: 15,4
68, 2: 21, 64.04847583546427
This round: 15,1
68, 3: 41, 66.10106824946405
5.4313
This round: 24,0
69, 0: 53, 68.97162858864479
This round: 24,0
69, 1: 34, 66.16282417346346
This round: 24,0
69, 2: 22, 65.04847583546427
This round: 24,0
69, 3: 42, 67.10106824946405
5.1925
This round: 18,0
70, 0: 54, 69.97162858864479
This round: 18,1
70, 1: 34, 67.1072686179079
This round: 18,3
70, 2: 22, 65.8818091687976
This round: 18,1
70, 3: 42, 68.04551269390849
5.2857
This round: 23,12
71, 0: 54, 70.44988945821001
This round: 23,12
71, 1: 34, 67.58552948747312
This round: 23,13
71, 2: 22, 66.31659177749326
This round: 23,12
71, 3: 42, 68.52377356347371
5.482900000000001
5.447
This round: 100,0
72, 0: 55, 71.44988945821001
This round: 100,0
72, 1: 35, 68.58552948747312
This round: 100,1
72, 2: 22, 67.30659177749325
This round: 100,0
72, 3: 43, 69.52377356347371
5.7195
5.391000000000001
This round: 27,0
73, 0: 56, 72.44988945821001
This round: 27,0
73, 1: 36, 69.58552948747312
This round: 27,1
73, 2: 22, 68.26955474045621
This round: 27,1
73, 3: 43, 70.48673652643667
5.3979
5.1701
This round: 49,0
74, 0: 57, 73.44988945821001
This round: 49,0
74, 1: 37, 70.58552948747312
This round: 49,4
74, 2: 22, 69.187922087395
This round: 49,0
74, 3: 44, 71.48673652643667
5.42
5.4289000000000005
This round: 15,0
75, 0: 58, 74.44988945821001
This round: 15,2
75, 1: 37, 71.45219615413978
This round: 15,2
75, 2: 22, 70.05458875406165
This round: 15,2
75, 3: 44, 72.35340319310333
5.333099999999999
This round: 387,0
76, 0: 59, 75.44988945821001
This round: 387,42
76, 1: 37, 72.34366902235683
This round: 387,12
76, 2: 22, 71.02358100212368
This round: 387,12
76, 3: 44, 73.32239544116536
5.3933
This round: 95,0
77, 0: 60, 76.44988945821001
This round: 95,0
77, 1: 38, 73.34366902235683
This round: 95,4
77, 2: 22, 71.98147573896578
This round: 95,1
77, 3: 44, 74.31186912537588
5.4112
5.4604
This round: 24,0
78, 0: 61, 77.44988945821001
This round: 24,2
78, 1: 38, 74.2603356890235
This round: 24,2
78, 2: 22, 72.89814240563246
This round: 24,0
78, 3: 45, 75.31186912537588
5.3933
This round: 23,0
79, 0: 62, 78.44988945821001
This round: 23,0
79, 1: 39, 75.2603356890235
This round: 23,1
79, 2: 22, 73.85466414476289
This round: 23,0
79, 3: 46, 76.31186912537588
5.2905
5.3935
5.3798
This round: 21,0
80, 0: 63, 79.44988945821001
This round: 21,4
80, 1: 39, 76.06985949854732
This round: 21,7
80, 2: 22, 74.52133081142956
This round: 21,4
80, 3: 46, 77.12139293489969
5.4468000000000005
5.2325
This round: 18,0
81, 0: 64, 80.44988945821001
This round: 18,0
81, 1: 40, 77.06985949854732
This round: 18,4
81, 2: 22, 75.29910858920734
This round: 18,3
81, 3: 46, 77.95472626823302
5.429099999999999
This round: 32,0
82, 0: 65, 81.44988945821001
This round: 32,0
82, 1: 41, 78.06985949854732
This round: 32,0
82, 2: 23, 76.29910858920734
This round: 32,0
82, 3: 47, 78.95472626823302
5.589700000000001
5.3398
This round: 30,0
83, 0: 66, 82.44988945821001
This round: 30,1
83, 1: 41, 79.03652616521398
This round: 30,2
83, 2: 23, 77.23244192254067
This round: 30,2
83, 3: 47, 79.88805960156635
5.202500000000001
5.429
5.4648
5.529599999999999
This round: 89,0
84, 0: 67, 83.44988945821001
This round: 89,8
84, 1: 41, 79.94663852476455
This round: 89,6
84, 2: 23, 78.1650261922036
This round: 89,1
84, 3: 47, 80.87682364651018
5.2191
This round: 19,0
85, 0: 68, 84.44988945821001
This round: 19,0
85, 1: 42, 80.94663852476455
This round: 19,0
85, 2: 24, 79.1650261922036
This round: 19,0
85, 3: 48, 81.87682364651018
5.2771
This round: 29,0
86, 0: 69, 85.44988945821001
This round: 29,0
86, 1: 43, 81.94663852476455
This round: 29,5
86, 2: 24, 79.99261239910015
This round: 29,0
86, 3: 49, 82.87682364651018
5.2504
This round: 14,0
87, 0: 70, 86.44988945821001
This round: 14,0
87, 1: 44, 82.94663852476455
This round: 14,1
87, 2: 24, 80.92118382767158
This round: 14,0
87, 3: 50, 83.87682364651018
5.3576
This round: 128,16
88, 0: 70, 87.32488945821001
This round: 128,41
88, 1: 44, 83.62632602476455
This round: 128,28
88, 2: 24, 81.70243382767158
This round: 128,28
88, 3: 50, 84.65807364651018
5.3218
This round: 38,0
89, 0: 71, 88.32488945821001
This round: 38,5
89, 1: 44, 84.49474707739613
This round: 38,5
89, 2: 24, 82.57085488030316
This round: 38,6
89, 3: 50, 85.50017890966807
5.8936
5.375500000000001
This round: 116,0
90, 0: 72, 89.32488945821001
This round: 116,8
90, 1: 44, 85.42578156015475
This round: 116,0
90, 2: 25, 83.57085488030316
This round: 116,8
90, 3: 50, 86.43121339242668
5.3129
This round: 11,0
91, 0: 73, 90.32488945821001
This round: 11,0
91, 1: 45, 86.42578156015475
This round: 11,0
91, 2: 26, 84.57085488030316
This round: 11,0
91, 3: 51, 87.43121339242668
5.4649
5.4646
This round: 34,0
92, 0: 74, 91.32488945821001
This round: 34,0
92, 1: 46, 87.42578156015475
This round: 34,1
92, 2: 26, 85.54144311559727
This round: 34,0
92, 3: 52, 88.43121339242668
5.3932
This round: 72,7
93, 0: 74, 92.22766723598778
This round: 72,7
93, 1: 46, 88.32855933793252
This round: 72,2
93, 2: 26, 86.5136653378195
This round: 72,2
93, 3: 52, 89.40343561464891
5.3978
5.3665
This round: 25,1
94, 0: 74, 93.18766723598777
This round: 25,1
94, 1: 46, 89.28855933793251
This round: 25,1
94, 2: 26, 87.4736653378195
This round: 25,1
94, 3: 52, 90.3634356146489
5.2771
This round: 17,0
95, 0: 75, 94.18766723598777
This round: 17,0
95, 1: 47, 90.28855933793251
This round: 17,4
95, 2: 26, 88.23837122017244
This round: 17,0
95, 3: 53, 91.3634356146489
5.3041
This round: 24,1
96, 0: 75, 95.1460005693211
This round: 24,1
96, 1: 47, 91.24689267126584
This round: 24,2
96, 2: 26, 89.15503788683911
This round: 24,1
96, 3: 53, 92.32176894798224
5.4288
This round: 55,0
97, 0: 76, 96.1460005693211
This round: 55,9
97, 1: 47, 92.08325630762948
This round: 55,11
97, 2: 26, 89.95503788683911
This round: 55,1
97, 3: 53, 93.30358712980042
5.482499999999999
This round: 100,0
98, 0: 77, 97.1460005693211
This round: 100,0
98, 1: 48, 93.08325630762948
This round: 100,34
98, 2: 26, 90.6150378868391
This round: 100,0
98, 3: 54, 94.30358712980042
5.4291
This round: 198,2
99, 0: 77, 98.13589955922009
This round: 198,104
99, 1: 48, 93.55800378237696
This round: 198,10
99, 2: 26, 91.56453283633405
This round: 198,9
99, 3: 54, 95.25813258434587
5.3935
5.5636
This round: 16,0
100, 0: 78, 99.13589955922009
This round: 16,0
100, 1: 49, 94.55800378237696
This round: 16,1
100, 2: 26, 92.50203283633405
This round: 16,1
100, 3: 54, 96.19563258434587
5.4111
This round: 47,0
101, 0: 79, 100.13589955922009
This round: 47,0
101, 1: 50, 95.55800378237696
This round: 47,10
101, 2: 26, 93.28926687888725
This round: 47,0
101, 3: 55, 97.19563258434587
5.429
5.290699999999999
This round: 17,0
102, 0: 80, 101.13589955922009
This round: 17,0
102, 1: 51, 96.55800378237696
This round: 17,0
102, 2: 27, 94.28926687888725
This round: 17,0
102, 3: 56, 98.19563258434587
5.7148
5.357499999999999
This round: 14,0
103, 0: 81, 102.13589955922009
This round: 14,0
103, 1: 52, 97.55800378237696
This round: 14,0
103, 2: 28, 95.28926687888725
This round: 14,0
103, 3: 57, 99.19563258434587
5.3576
This round: 177,0
104, 0: 82, 103.13589955922009
This round: 177,9
104, 1: 52, 98.50715632474984
This round: 177,40
104, 2: 28, 96.06327817832228
This round: 177,40
104, 3: 57, 99.9696438837809
5.4992
5.2953
This round: 14,0
105, 0: 83, 104.13589955922009
This round: 14,0
105, 1: 53, 99.50715632474984
This round: 14,2
105, 2: 28, 96.92042103546514
This round: 14,1
105, 3: 57, 100.89821531235233
5.5721
5.4067
This round: 34,1
106, 0: 83, 105.10648779451421
This round: 34,2
106, 1: 53, 100.44833279533808
This round: 34,2
106, 2: 28, 97.86159750605337
This round: 34,3
106, 3: 57, 101.80998001823468
5.5987
This round: 22,0
107, 0: 84, 106.10648779451421
This round: 22,1
107, 1: 53, 101.40287824988353
This round: 22,1
107, 2: 28, 98.81614296059882
This round: 22,1
107, 3: 57, 102.76452547278014
5.3575
This round: 96,0
108, 0: 85, 107.10648779451421
This round: 96,45
108, 1: 53, 101.93412824988353
This round: 96,45
108, 2: 28, 99.34739296059882
This round: 96,45
108, 3: 57, 103.29577547278014
5.4468
This round: 18,0
109, 0: 86, 108.10648779451421
This round: 18,0
109, 1: 54, 102.93412824988353
This round: 18,0
109, 2: 29, 100.34739296059882
This round: 18,0
109, 3: 58, 104.29577547278014
5.214600000000001
This round: 17,0
110, 0: 87, 109.10648779451421
This round: 17,0
110, 1: 55, 103.93412824988353
This round: 17,0
110, 2: 30, 101.34739296059882
This round: 17,0
110, 3: 59, 105.29577547278014
5.359999999999999
5.411300000000001
5.471399999999999
5.4738999999999995
5.6075
This round: 55,0
111, 0: 88, 110.10648779451421
This round: 55,0
111, 1: 56, 104.93412824988353
This round: 55,1
111, 2: 30, 102.32921114241701
This round: 55,0
111, 3: 60, 106.29577547278014
5.7953
5.3574
This round: 46,0
112, 0: 89, 111.10648779451421
This round: 46,0
112, 1: 57, 105.93412824988353
This round: 46,1
112, 2: 30, 103.30747201198223
This round: 46,0
112, 3: 61, 107.29577547278014
5.5004
This round: 36,0
113, 0: 90, 112.10648779451421
This round: 36,8
113, 1: 57, 106.7119060276613
This round: 36,1
113, 2: 30, 104.27969423420446
This round: 36,1
113, 3: 61, 108.26799769500236
5.2504
This round: 100,0
114, 0: 91, 113.10648779451421
This round: 100,32
114, 1: 57, 107.3919060276613
This round: 100,48
114, 2: 30, 104.79969423420445
This round: 100,0
114, 3: 62, 109.26799769500236
5.4825
5.5922
5.5006
This round: 14,0
115, 0: 92, 114.10648779451421
This round: 14,0
115, 1: 58, 108.3919060276613
This round: 14,0
115, 2: 31, 105.79969423420445
This round: 14,0
115, 3: 63, 110.26799769500236
5.295000000000001
This round: 31,0
116, 0: 93, 115.10648779451421
This round: 31,0
116, 1: 59, 109.3919060276613
This round: 31,0
116, 2: 32, 106.79969423420445
This round: 31,0
116, 3: 64, 111.26799769500236
5.1253
This round: 39,0
117, 0: 94, 116.10648779451421
This round: 39,0
117, 1: 60, 110.3919060276613
This round: 39,0
117, 2: 33, 107.79969423420445
This round: 39,0
117, 3: 65, 112.26799769500236
5.219100000000001
This round: 32,0
118, 0: 95, 117.10648779451421
This round: 32,2
118, 1: 60, 111.3294060276613
This round: 32,3
118, 2: 33, 108.70594423420445
This round: 32,2
118, 3: 65, 113.20549769500236
5.304
This round: 16,0
119, 0: 96, 118.10648779451421
This round: 16,0
119, 1: 61, 112.3294060276613
This round: 16,2
119, 2: 33, 109.58094423420445
This round: 16,1
119, 3: 65, 114.14299769500236
5.4291
5.443600000000001
This round: 86,14
120, 0: 96, 118.94369709683978
This round: 86,0
120, 1: 62, 113.3294060276613
This round: 86,0
120, 2: 34, 110.58094423420445
This round: 86,0
120, 3: 66, 115.14299769500236
5.420100000000001
5.3398
This round: 73,0
121, 0: 97, 119.94369709683978
This round: 73,1
121, 1: 62, 114.31570739752432
This round: 73,2
121, 2: 34, 111.55354697393048
This round: 73,1
121, 3: 66, 116.12929906486538
5.572
This round: 16,0
122, 0: 98, 120.94369709683978
This round: 16,0
122, 1: 63, 115.31570739752432
This round: 16,1
122, 2: 34, 112.49104697393048
This round: 16,1
122, 3: 66, 117.06679906486538
5.4033
This round: 26,1
123, 0: 98, 121.90523555837825
This round: 26,1
123, 1: 63, 116.27724585906279
This round: 26,1
123, 2: 34, 113.45258543546895
This round: 26,1
123, 3: 66, 118.02833752640385
5.6437
5.2326
5.4156
This round: 25,0
124, 0: 99, 122.90523555837825
This round: 25,0
124, 1: 64, 117.27724585906279
This round: 25,2
124, 2: 34, 114.37258543546895
This round: 25,0
124, 3: 67, 119.02833752640385
5.482399999999999
This round: 9,0
125, 0: 100, 123.90523555837825
This round: 9,0
125, 1: 65, 118.27724585906279
This round: 9,1
125, 2: 34, 115.26147432435783
This round: 9,0
125, 3: 68, 120.02833752640385
5.4736
5.496000000000001
This round: 55,0
126, 0: 101, 124.90523555837825
This round: 55,0
126, 1: 66, 119.27724585906279
This round: 55,1
126, 2: 34, 116.24329250617602
This round: 55,0
126, 3: 69, 121.02833752640385
5.2146
This round: 36,0
127, 0: 102, 125.90523555837825
This round: 36,0
127, 1: 67, 120.27724585906279
This round: 36,5
127, 2: 34, 117.10440361728713
This round: 36,0
127, 3: 70, 122.02833752640385
5.6434
5.286
This round: 51,0
128, 0: 103, 126.90523555837825
This round: 51,16
128, 1: 67, 120.96352036886671
This round: 51,2
128, 2: 34, 118.06518793101262
This round: 51,0
128, 3: 71, 123.02833752640385
5.3041
This round: 40,0
129, 0: 104, 127.90523555837825
This round: 40,0
129, 1: 68, 121.96352036886671
This round: 40,2
129, 2: 34, 119.01518793101262
This round: 40,0
129, 3: 72, 124.02833752640385
5.2795000000000005
This round: 24,0
130, 0: 105, 128.90523555837825
This round: 24,0
130, 1: 69, 122.96352036886671
This round: 24,1
130, 2: 34, 119.97352126434595
This round: 24,0
130, 3: 73, 125.02833752640385
5.518199999999999
This round: 24,0
131, 0: 106, 129.90523555837825
This round: 24,0
131, 1: 70, 123.96352036886671
This round: 24,2
131, 2: 34, 120.89018793101262
This round: 24,2
131, 3: 73, 125.94500419307052
5.438000000000001
This round: 50,3
132, 0: 106, 130.84523555837825
This round: 50,3
132, 1: 70, 124.90352036886671
This round: 50,11
132, 2: 34, 121.67018793101262
This round: 50,10
132, 3: 73, 126.74500419307051
5.132000000000001
This round: 52,43
133, 0: 106, 131.01831248145518
This round: 52,43
133, 1: 70, 125.07659729194363
This round: 52,44
133, 2: 34, 121.82403408485878
This round: 52,43
133, 3: 73, 126.91808111614743
5.3934
This round: 20,2
134, 0: 106, 131.9183124814552
This round: 20,6
134, 1: 70, 125.77659729194363
This round: 20,6
134, 2: 34, 122.52403408485878
This round: 20,2
134, 3: 73, 127.81808111614744
5.384600000000001
5.3754
This round: 80,0
135, 0: 107, 132.9183124814552
This round: 80,34
135, 1: 70, 126.35159729194363
This round: 80,35
135, 2: 34, 123.08653408485878
This round: 80,34
135, 3: 73, 128.39308111614744
5.6076
5.4289000000000005
This round: 53,0
136, 0: 108, 133.9183124814552
This round: 53,4
136, 1: 70, 127.27612559383043
This round: 53,0
136, 2: 35, 124.08653408485878
This round: 53,0
136, 3: 74, 129.39308111614744
5.4224000000000006
5.4646
This round: 33,1
137, 0: 108, 134.88800945115216
This round: 33,1
137, 1: 70, 128.2458225635274
This round: 33,3
137, 2: 35, 124.99562499394969
This round: 33,1
137, 3: 74, 130.3627780858444
5.643400000000001
5.500400000000001
5.312899999999999
This round: 30,8
138, 0: 108, 135.62134278448548
This round: 30,8
138, 1: 70, 128.97915589686073
This round: 30,18
138, 2: 35, 125.3956249939497
This round: 30,8
138, 3: 74, 131.09611141917773
5.4737
This round: 23,2
139, 0: 108, 136.53438626274635
This round: 23,2
139, 1: 70, 129.8921993751216
This round: 23,6
139, 2: 35, 126.1347554287323
This round: 23,2
139, 3: 74, 132.0091548974386
5.451200000000001
This round: 18,0
140, 0: 109, 137.53438626274635
This round: 18,0
140, 1: 71, 130.8921993751216
This round: 18,1
140, 2: 35, 127.07919987317675
This round: 18,0
140, 3: 75, 133.0091548974386
5.214799999999999
This round: 28,0
141, 0: 110, 138.53438626274635
This round: 28,0
141, 1: 72, 131.8921993751216
This round: 28,0
141, 2: 36, 128.07919987317675
This round: 28,0
141, 3: 76, 134.0091548974386
5.540800000000001
This round: 16,0
142, 0: 111, 139.53438626274635
This round: 16,0
142, 1: 73, 132.8921993751216
This round: 16,0
142, 2: 37, 129.07919987317675
This round: 16,0
142, 3: 77, 135.0091548974386
5.3397
5.344200000000001
This round: 16,0
143, 0: 112, 140.53438626274635
This round: 16,1
143, 1: 73, 133.8296993751216
This round: 16,1
143, 2: 37, 130.01669987317675
This round: 16,1
143, 3: 77, 135.9466548974386
5.4827
5.2505
This round: 32,5
144, 0: 112, 141.37813626274635
This round: 32,1
144, 1: 73, 134.7984493751216
This round: 32,6
144, 2: 37, 130.82919987317675
This round: 32,5
144, 3: 77, 136.7904048974386
5.3129
5.3218000000000005
This round: 58,0
145, 0: 113, 142.37813626274635
This round: 58,0
145, 1: 74, 135.7984493751216
This round: 58,1
145, 2: 37, 131.8119584938664
This round: 58,0
145, 3: 78, 137.7904048974386
5.500400000000001
5.3309999999999995
5.1080000000000005
This round: 26,0
146, 0: 114, 143.37813626274635
This round: 26,0
146, 1: 75, 136.7984493751216
This round: 26,0
146, 2: 38, 132.8119584938664
This round: 26,0
146, 3: 79, 138.7904048974386
5.447099999999999
5.5764000000000005
5.3039
This round: 23,0
147, 0: 115, 144.37813626274635
This round: 23,1
147, 1: 75, 137.75497111425204
This round: 23,1
147, 2: 38, 133.76848023299684
This round: 23,0
147, 3: 80, 139.7904048974386
5.3933
This round: 17,0
148, 0: 116, 145.37813626274635
This round: 17,0
148, 1: 76, 138.75497111425204
This round: 17,0
148, 2: 39, 134.76848023299684
This round: 17,0
148, 3: 81, 140.7904048974386
5.3933
This round: 26,0
149, 0: 117, 146.37813626274635
This round: 26,1
149, 1: 76, 139.7165095757905
This round: 26,1
149, 2: 39, 135.7300186945353
This round: 26,1
149, 3: 81, 141.75194335897706
5.3622
This round: 14,1
150, 0: 117, 147.30670769131777
This round: 14,1
150, 1: 76, 140.6450810043619
This round: 14,2
150, 2: 39, 136.58716155167815
This round: 14,1
150, 3: 81, 142.68051478754847
5.3398
This round: 26,0
151, 0: 118, 148.30670769131777
This round: 26,0
151, 1: 77, 141.6450810043619
This round: 26,2
151, 2: 39, 137.51023847475508
This round: 26,0
151, 3: 82, 143.68051478754847
5.3844
This round: 42,6
152, 0: 118, 149.16385054846063
This round: 42,6
152, 1: 77, 142.50222386150477
This round: 42,11
152, 2: 39, 138.24833371285033
This round: 42,3
152, 3: 82, 144.6090862161199
5.3664
This round: 160,0
153, 0: 119, 150.16385054846063
This round: 160,1
153, 1: 77, 143.49597386150478
This round: 160,1
153, 2: 39, 139.24208371285033
This round: 160,1
153, 3: 82, 145.6028362161199
5.232500000000001
This round: 27,0
154, 0: 120, 151.16385054846063
This round: 27,0
154, 1: 78, 144.49597386150478
This round: 27,1
154, 2: 39, 140.2050466758133
This round: 27,1
154, 3: 82, 146.56579917908286
5.375700000000001
This round: 30,0
155, 0: 121, 152.16385054846063
This round: 30,0
155, 1: 79, 145.49597386150478
This round: 30,1
155, 2: 39, 141.17171334247996
This round: 30,0
155, 3: 83, 147.56579917908286
5.5004
This round: 22,0
156, 0: 122, 153.16385054846063
This round: 22,0
156, 1: 80, 146.49597386150478
This round: 22,0
156, 2: 40, 142.17171334247996
This round: 22,0
156, 3: 84, 148.56579917908286
5.303999999999999
5.2504
This round: 60,0
157, 0: 123, 154.16385054846063
This round: 60,0
157, 1: 81, 147.49597386150478
This round: 60,0
157, 2: 41, 143.17171334247996
This round: 60,0
157, 3: 85, 149.56579917908286
5.3419
5.34
This round: 43,0
158, 0: 124, 155.16385054846063
This round: 43,3
158, 1: 81, 148.4262064196443
This round: 43,3
158, 2: 41, 144.10194590061948
This round: 43,2
158, 3: 85, 150.5192875511759
5.2325
This round: 24,0
159, 0: 125, 156.16385054846063
This round: 24,0
159, 1: 82, 149.4262064196443
This round: 24,0
159, 2: 42, 145.10194590061948
This round: 24,0
159, 3: 86, 151.5192875511759
5.5183
This round: 35,1
160, 0: 125, 157.1352791198892
This round: 35,1
160, 1: 82, 150.39763499107286
This round: 35,1
160, 2: 42, 146.07337447204804
This round: 35,1
160, 3: 86, 152.49071612260445
5.4737
This round: 82,0
161, 0: 126, 158.1352791198892
This round: 82,0
161, 1: 83, 151.39763499107286
This round: 82,1
161, 2: 42, 147.06117935009684
This round: 82,0
161, 3: 87, 153.49071612260445
5.696999999999999
5.5363
5.415900000000001
5.2684999999999995
5.3403
This round: 20,1
162, 0: 126, 159.08527911988918
This round: 20,1
162, 1: 83, 152.34763499107285
This round: 20,1
162, 2: 42, 148.01117935009682
This round: 20,1
162, 3: 87, 154.44071612260444
5.607400000000001
5.268000000000001
This round: 28,7
163, 0: 126, 159.83527911988918
This round: 28,7
163, 1: 83, 153.09763499107285
This round: 28,7
163, 2: 42, 148.76117935009682
This round: 28,7
163, 3: 87, 155.19071612260444
5.357600000000001
This round: 42,1
164, 0: 126, 160.81146959607966
This round: 42,30
164, 1: 83, 153.38334927678713
This round: 42,30
164, 2: 42, 149.0468936358111
This round: 42,8
164, 3: 87, 156.00023993212824
5.339900000000001
5.5229
5.3933
This round: 22,0
165, 0: 127, 161.81146959607966
This round: 22,3
165, 1: 83, 154.2469856404235
This round: 22,0
165, 2: 43, 150.0468936358111
This round: 22,0
165, 3: 88, 157.00023993212824
5.330699999999999
This round: 30,0
166, 0: 128, 162.81146959607966
This round: 30,1
166, 1: 83, 155.21365230709017
This round: 30,4
166, 2: 43, 150.91356030247778
This round: 30,1
166, 3: 88, 157.9669065987949
5.719400000000001
5.3486
This round: 15,0
167, 0: 129, 163.81146959607966
This round: 15,0
167, 1: 84, 156.21365230709017
This round: 15,0
167, 2: 44, 151.91356030247778
This round: 15,0
167, 3: 89, 158.9669065987949
5.823000000000001
5.715
5.411199999999999
This round: 66,0
168, 0: 130, 164.81146959607966
This round: 66,24
168, 1: 84, 156.8500159434538
This round: 66,16
168, 2: 44, 152.67113606005353
This round: 66,16
168, 3: 89, 159.72448235637066
5.1346
This round: 23,0
169, 0: 131, 165.81146959607966
This round: 23,0
169, 1: 85, 157.8500159434538
This round: 23,0
169, 2: 45, 153.67113606005353
This round: 23,0
169, 3: 90, 160.72448235637066
5.3671000000000015
5.322
This round: 106,1
170, 0: 131, 166.8020356338155
This round: 106,0
170, 1: 86, 158.8500159434538
This round: 106,43
170, 2: 45, 154.26547568269504
This round: 106,2
170, 3: 90, 161.70561443184235
5.5721
This round: 30,0
171, 0: 132, 167.8020356338155
This round: 30,4
171, 1: 86, 159.71668261012047
This round: 30,3
171, 2: 45, 155.16547568269505
This round: 30,0
171, 3: 91, 162.70561443184235
5.5362
This round: 26,0
172, 0: 133, 168.8020356338155
This round: 26,0
172, 1: 87, 160.71668261012047
This round: 26,0
172, 2: 46, 156.16547568269505
This round: 26,0
172, 3: 92, 163.70561443184235
5.4826
5.4559999999999995
This round: 72,0
173, 0: 134, 169.8020356338155
This round: 72,16
173, 1: 87, 161.49446038789824
This round: 72,16
173, 2: 46, 156.94325346047282
This round: 72,16
173, 3: 92, 164.48339220962012
5.5362
5.572100000000001
This round: 50,0
174, 0: 135, 170.8020356338155
This round: 50,1
174, 1: 87, 162.47446038789823
This round: 50,1
174, 2: 46, 157.9232534604728
This round: 50,0
174, 3: 93, 165.48339220962012
5.4291
This round: 185,17
175, 0: 135, 171.71014374192362
This round: 185,6
175, 1: 87, 163.4420279554658
This round: 185,2
175, 2: 46, 158.91244264966198
This round: 185,2
175, 3: 93, 166.4725813988093
5.5361
This round: 31,0
176, 0: 136, 172.71014374192362
This round: 31,0
176, 1: 88, 164.4420279554658
This round: 31,0
176, 2: 47, 159.91244264966198
This round: 31,0
176, 3: 94, 167.4725813988093
5.500600000000001
This round: 24,1
177, 0: 136, 173.66847707525696
This round: 24,1
177, 1: 88, 165.40036128879913
This round: 24,1
177, 2: 47, 160.87077598299533
This round: 24,0
177, 3: 95, 168.4725813988093
5.5543000000000005
5.433700000000001
5.643400000000001
5.3932
This round: 28,0
178, 0: 137, 174.66847707525696
This round: 28,2
178, 1: 88, 166.32893271737055
This round: 28,7
178, 2: 47, 161.62077598299533
This round: 28,4
178, 3: 95, 169.32972425595216
5.375500000000001
5.5542
5.250300000000001
This round: 33,0
179, 0: 138, 175.66847707525696
This round: 33,0
179, 1: 89, 167.32893271737055
This round: 33,0
179, 2: 48, 162.62077598299533
This round: 33,0
179, 3: 96, 170.32972425595216
5.4736
5.4144000000000005
This round: 63,0
180, 0: 139, 176.66847707525696
This round: 63,22
180, 1: 89, 167.9797263681642
This round: 63,0
180, 2: 49, 163.62077598299533
This round: 63,0
180, 3: 97, 171.32972425595216
5.393400000000001
This round: 14,0
181, 0: 140, 177.66847707525696
This round: 14,0
181, 1: 90, 168.9797263681642
This round: 14,3
181, 2: 49, 164.4064902687096
This round: 14,0
181, 3: 98, 172.32972425595216
5.2549
This round: 30,0
182, 0: 141, 178.66847707525696
This round: 30,4
182, 1: 90, 169.84639303483087
This round: 30,3
182, 2: 49, 165.3064902687096
This round: 30,4
182, 3: 98, 173.19639092261883
5.536200000000001
5.4825
This round: 220,0
183, 0: 142, 179.66847707525696
This round: 220,3
183, 1: 90, 170.83275667119452
This round: 220,0
183, 2: 50, 166.3064902687096
This round: 220,0
183, 3: 99, 174.19639092261883
5.1255
This round: 36,0
184, 0: 143, 180.66847707525696
This round: 36,0
184, 1: 91, 171.83275667119452
This round: 36,0
184, 2: 51, 167.3064902687096
This round: 36,0
184, 3: 100, 175.19639092261883
5.4289
This round: 43,0
185, 0: 144, 181.66847707525696
This round: 43,0
185, 1: 92, 172.83275667119452
This round: 43,1
185, 2: 51, 168.28323445475613
This round: 43,0
185, 3: 101, 176.19639092261883
5.732600000000001
This round: 57,0
186, 0: 145, 182.66847707525696
This round: 57,11
186, 1: 92, 173.63977421505416
This round: 57,11
186, 2: 51, 169.09025199861577
This round: 57,0
186, 3: 102, 177.19639092261883
5.3264
This round: 32,5
187, 0: 145, 183.51222707525696
This round: 32,5
187, 1: 92, 174.48352421505416
This round: 32,5
187, 2: 51, 169.93400199861577
This round: 32,5
187, 3: 102, 178.04014092261883
5.339700000000001
This round: 48,1
188, 0: 145, 184.49139374192362
This round: 48,0
188, 1: 93, 175.48352421505416
This round: 48,0
188, 2: 52, 170.93400199861577
This round: 48,0
188, 3: 103, 179.04014092261883
5.3932
This round: 30,0
189, 0: 146, 185.49139374192362
This round: 30,0
189, 1: 94, 176.48352421505416
This round: 30,0
189, 2: 53, 171.93400199861577
This round: 30,0
189, 3: 104, 180.04014092261883
5.303999999999999
This round: 16,0
190, 0: 147, 186.49139374192362
This round: 16,0
190, 1: 95, 177.48352421505416
This round: 16,0
190, 2: 54, 172.93400199861577
This round: 16,0
190, 3: 105, 181.04014092261883
5.6347000000000005
5.3173
This round: 22,1
191, 0: 147, 187.44593919646908
This round: 22,2
191, 1: 95, 178.39261512414507
This round: 22,3
191, 2: 54, 173.79763836225214
This round: 22,1
191, 3: 105, 181.9946863771643
5.375899999999999
This round: 30,1
192, 0: 147, 188.41260586313575
This round: 30,1
192, 1: 95, 179.35928179081174
This round: 30,2
192, 2: 54, 174.73097169558548
This round: 30,1
192, 3: 105, 182.96135304383097
5.679100000000001
5.2013
This round: 32,0
193, 0: 148, 189.41260586313575
This round: 32,0
193, 1: 96, 180.35928179081174
This round: 32,0
193, 2: 55, 175.73097169558548
This round: 32,1
193, 3: 105, 183.93010304383097
5.464700000000001
5.4112
This round: 18,0
194, 0: 149, 190.41260586313575
This round: 18,0
194, 1: 97, 181.35928179081174
This round: 18,0
194, 2: 56, 176.73097169558548
This round: 18,0
194, 3: 106, 184.93010304383097
5.554200000000001
This round: 13,0
195, 0: 150, 191.41260586313575
This round: 13,0
195, 1: 98, 182.35928179081174
This round: 13,1
195, 2: 56, 177.65404861866242
This round: 13,0
195, 3: 107, 185.93010304383097
5.3576
5.178999999999999
This round: 20,0
196, 0: 151, 192.41260586313575
This round: 20,0
196, 1: 99, 183.35928179081174
This round: 20,0
196, 2: 57, 178.65404861866242
This round: 20,0
196, 3: 108, 186.93010304383097
5.312799999999999
This round: 115,0
197, 0: 152, 193.41260586313575
This round: 115,19
197, 1: 99, 184.1940643995074
This round: 115,55
197, 2: 57, 179.1757877490972
This round: 115,5
197, 3: 108, 187.8866247829614
5.4513
5.393299999999999
This round: 27,2
198, 0: 152, 194.33853178906168
This round: 27,0
198, 1: 100, 185.1940643995074
This round: 27,2
198, 2: 57, 180.10171367502312
This round: 27,2
198, 3: 108, 188.81255070888733
5.366300000000001
This round: 16,0
199, 0: 153, 195.33853178906168
This round: 16,1
199, 1: 100, 186.1315643995074
This round: 16,1
199, 2: 57, 181.03921367502312
This round: 16,1
199, 3: 108, 189.75005070888733
