5.500399999999999
This round: 56,11
0, 0: 0, 0.8035714285714286
This round: 56,12
0, 1: 0, 0.7857142857142857
This round: 56,16
0, 2: 0, 0.7142857142857143
This round: 56,13
0, 3: 0, 0.7678571428571429
5.178799999999999
This round: 144,64
1, 0: 0, 1.3591269841269842
This round: 144,36
1, 1: 0, 1.5357142857142856
This round: 144,30
1, 2: 0, 1.505952380952381
This round: 144,32
1, 3: 0, 1.5456349206349207
5.5764000000000005
5.2683
This round: 99,17
2, 0: 0, 2.1874098124098125
This round: 99,25
2, 1: 0, 2.283189033189033
This round: 99,28
2, 2: 0, 2.223124098124098
This round: 99,28
2, 3: 0, 2.262806637806638
5.2883000000000004
This round: 91,10
3, 0: 0, 3.0775197025197025
This round: 91,10
3, 1: 0, 3.173298923298923
This round: 91,35
3, 2: 0, 2.8385087135087135
This round: 91,20
3, 3: 0, 3.043026418026418
5.554199999999999
5.6255999999999995
This round: 71,13
4, 0: 0, 3.8944211109704066
This round: 71,14
4, 1: 0, 3.9761158247073736
This round: 71,23
4, 2: 0, 3.5145650515368825
This round: 71,17
4, 3: 0, 3.803589798308108
5.3374999999999995
This round: 145,11
5, 0: 0, 4.818559042004889
This round: 145,33
5, 1: 0, 4.748529617810822
This round: 145,38
5, 2: 0, 4.252496086019641
This round: 145,14
5, 3: 0, 4.707038074170177
5.5339
This round: 76,11
6, 0: 0, 5.673822199899626
This round: 76,19
6, 1: 0, 5.498529617810822
This round: 76,32
6, 2: 0, 4.831443454440693
This round: 76,14
6, 3: 0, 5.522827547854388
5.3127
This round: 237,35
7, 0: 0, 6.526142875005111
This round: 237,51
7, 1: 0, 6.2833397443931
This round: 237,7
7, 2: 0, 5.80190758946179
This round: 237,7
7, 3: 0, 6.493291682875485
5.404599999999999
5.464699999999999
This round: 93,7
8, 0: 0, 7.45087405780081
This round: 93,28
8, 1: 0, 6.982264475575896
This round: 93,14
8, 2: 0, 6.651369955053188
This round: 93,9
8, 3: 0, 7.396517489327098
5.1989
This round: 97,32
9, 0: 0, 8.120977150584315
This round: 97,19
9, 1: 0, 7.786388186916102
This round: 97,13
9, 2: 0, 7.517349336496487
This round: 97,10
9, 3: 0, 8.293424705821943
5.500500000000001
This round: 158,4
10, 0: 0, 9.095660694888112
This round: 158,15
10, 1: 0, 8.691451478055342
This round: 158,13
10, 2: 0, 8.43507085548383
This round: 158,6
10, 3: 0, 9.255450022277639
5.161200000000001
This round: 52,11
11, 0: 0, 9.88412223334965
This round: 52,11
11, 1: 0, 9.47991301651688
This round: 52,11
11, 2: 0, 9.223532393945368
This round: 52,13
11, 3: 0, 10.005450022277639
5.5362
5.402200000000001
This round: 73,8
12, 0: 0, 10.77453319225376
This round: 73,10
12, 1: 0, 10.342926715147017
This round: 73,16
12, 2: 0, 10.004354311753588
This round: 73,9
12, 3: 0, 10.882162351044762
5.4312000000000005
This round: 69,6
13, 0: 0, 11.687576670514629
This round: 69,7
13, 1: 0, 11.241477439784699
This round: 69,10
13, 2: 0, 10.859426775521703
This round: 69,9
13, 3: 0, 11.751727568436067
5.232399999999999
This round: 184,40
14, 0: 0, 12.470185366166803
This round: 184,104
14, 1: 0, 11.676260048480351
This round: 184,75
14, 2: 0, 11.451818079869529
This round: 184,41
14, 3: 0, 12.528901481479545
5.2504
5.333
This round: 47,25
15, 0: 0, 12.938270472549782
This round: 47,24
15, 1: 0, 12.165621750608011
This round: 47,24
15, 2: 0, 11.941179781997189
This round: 47,24
15, 3: 0, 13.018263183607205
5.4647
This round: 127,10
16, 0: 0, 13.859530315069467
This round: 127,7
16, 1: 0, 13.11050364037179
This round: 127,15
16, 2: 0, 12.823069545776717
This round: 127,14
16, 3: 0, 13.908026963134764
5.3219
This round: 95,12
17, 0: 0, 14.733214525595782
This round: 95,11
17, 1: 0, 13.99471416668758
This round: 95,25
17, 2: 0, 13.559911651039874
This round: 95,24
17, 3: 0, 14.655395384187395
5.536200000000001
This round: 664,63
18, 0: 0, 15.638335007523493
This round: 664,103
18, 1: 0, 14.839593684759869
This round: 664,299
18, 2: 0, 14.109610446220596
This round: 664,184
18, 3: 0, 15.378286950452456
5.3497
This round: 111,19
19, 0: 0, 16.46716383635232
This round: 111,5
19, 1: 0, 15.794548639714824
This round: 111,17
19, 2: 0, 14.956457293067443
This round: 111,8
19, 3: 0, 16.306214878380384
5.1145
This round: 45,4
20, 0: 0, 17.37827494746343
This round: 45,7
20, 1: 0, 16.638993084159267
This round: 45,14
20, 2: 0, 15.64534618195633
This round: 45,12
20, 3: 0, 17.03954821171372
5.5006
5.255000000000001
This round: 70,5
21, 0: 0, 18.30684637603486
This round: 70,12
21, 1: 0, 17.467564512730696
This round: 70,20
21, 2: 0, 16.359631896242046
This round: 70,8
21, 3: 0, 17.925262497428005
5.6433
5.411099999999999
This round: 99,20
22, 0: 0, 19.104826174014658
This round: 99,20
22, 1: 0, 18.265544310710496
This round: 99,36
22, 2: 0, 16.995995532605683
This round: 99,26
22, 3: 0, 18.66263623480174
5.5721
This round: 183,50
23, 0: 0, 19.831602130298812
This round: 183,27
23, 1: 0, 19.11800332710394
This round: 183,15
23, 2: 0, 17.914028319490928
This round: 183,20
23, 3: 0, 19.553346617315402
5.3664000000000005
This round: 78,3
24, 0: 0, 20.793140591837272
This round: 78,5
24, 1: 0, 20.053900763001373
This round: 78,6
24, 2: 0, 18.83710524256785
This round: 78,7
24, 3: 0, 20.46360302757181
5.3576
This round: 70,15
25, 0: 0, 21.578854877551557
This round: 70,8
25, 1: 0, 20.93961504871566
This round: 70,18
25, 2: 0, 19.579962385424995
This round: 70,14
25, 3: 0, 21.26360302757181
5.402200000000001
This round: 108,17
26, 0: 0, 22.421447470144148
This round: 108,24
26, 1: 0, 21.717392826493437
This round: 108,24
26, 2: 0, 20.357740163202774
This round: 108,19
26, 3: 0, 22.087677101645884
5.250500000000001
This round: 232,28
27, 0: 0, 23.300757814971735
This round: 232,23
27, 1: 0, 22.618254895458954
This round: 232,56
27, 2: 0, 21.116360852857945
This round: 232,40
27, 3: 0, 22.915263308542436
5.473599999999999
This round: 145,31
28, 0: 0, 24.08696471152346
This round: 145,33
28, 1: 0, 23.390668688562403
This round: 145,55
28, 2: 0, 21.737050508030357
This round: 145,42
28, 3: 0, 23.625608136128644
5.179
This round: 83,5
29, 0: 0, 25.02672374766804
This round: 83,6
29, 1: 0, 24.318379531935896
This round: 83,6
29, 2: 0, 22.66476135140385
This round: 83,5
29, 3: 0, 24.565367172273223
5.286200000000001
This round: 70,10
30, 0: 0, 25.883866604810898
This round: 70,15
30, 1: 0, 25.10409381765018
This round: 70,16
30, 2: 0, 23.436189922832423
This round: 70,14
30, 3: 0, 25.365367172273224
5.2856000000000005
This round: 156,12
31, 0: 0, 26.80694352788782
This round: 156,8
31, 1: 0, 26.05281176636813
This round: 156,13
31, 2: 0, 24.35285658949909
This round: 156,14
31, 3: 0, 26.275623582529633
5.178999999999999
This round: 140,3
32, 0: 0, 27.78551495645925
This round: 140,26
32, 1: 0, 26.867097480653843
This round: 140,13
32, 2: 0, 25.25999944664195
This round: 140,29
32, 3: 0, 27.068480725386777
5.447
This round: 68,7
33, 0: 0, 28.68257377998866
This round: 68,11
33, 1: 0, 27.70533277477149
This round: 68,13
33, 2: 0, 26.068822976053713
This round: 68,11
33, 3: 0, 27.906716019504426
5.2681000000000004
This round: 70,8
34, 0: 0, 29.568288065702948
This round: 70,12
34, 1: 0, 28.53390420334292
This round: 70,15
34, 2: 0, 26.854537261767998
This round: 70,14
34, 3: 0, 28.706716019504427
5.4292
This round: 140,44
35, 0: 0, 30.254002351417235
This round: 140,21
35, 1: 0, 29.383904203342922
This round: 140,19
35, 2: 0, 27.718822976053712
This round: 140,19
35, 3: 0, 29.57100173379014
5.393200000000001
5.4291
This round: 137,25
36, 0: 0, 31.071520599592418
This round: 137,44
36, 1: 0, 30.062736320131243
This round: 137,67
36, 2: 0, 28.229771881163202
This round: 137,67
36, 3: 0, 30.08195063889963
5.616600000000001
5.216900000000001
This round: 79,7
37, 0: 0, 31.98291300465571
This round: 79,7
37, 1: 0, 30.974128725194536
This round: 79,6
37, 2: 0, 29.153822514074594
This round: 79,10
37, 3: 0, 30.955368360418618
5.3666
This round: 76,8
38, 0: 0, 32.877649846760974
This round: 76,13
38, 1: 0, 31.803076093615587
This round: 76,13
38, 2: 0, 29.982769882495646
This round: 76,5
38, 3: 0, 31.88957888673441
5.3396
This round: 127,29
39, 0: 0, 33.64930339006806
This round: 127,45
39, 1: 0, 32.44874538495417
This round: 127,56
39, 2: 0, 30.541825000605883
This round: 127,43
39, 3: 0, 32.55099620956906
5.446900000000001
This round: 96,8
40, 0: 0, 34.56597005673473
This round: 96,9
40, 1: 0, 33.35499538495417
This round: 96,17
40, 2: 0, 31.36474166727255
This round: 96,8
40, 3: 0, 33.46766287623572
5.4514000000000005
5.500400000000001
This round: 78,6
41, 0: 0, 35.48904697981165
This round: 78,5
41, 1: 0, 34.29089282085161
This round: 78,8
41, 2: 0, 32.262177564708445
This round: 78,6
41, 3: 0, 34.39073979931264
5.3765
This round: 160,60
42, 0: 0, 36.11404697981165
This round: 160,107
42, 1: 0, 34.62214282085161
This round: 160,107
42, 2: 0, 32.59342756470844
This round: 160,81
42, 3: 0, 34.88448979931264
5.3218
This round: 174,15
43, 0: 0, 37.027840083259925
This round: 174,23
43, 1: 0, 35.48995891280563
This round: 174,38
43, 2: 0, 33.37503676011074
This round: 174,16
43, 3: 0, 35.79253577632414
5.447
This round: 350,14
44, 0: 0, 37.987840083259925
This round: 349,64
44, 1: 0, 36.30657782398042
This round: 350,73
44, 2: 0, 34.16646533153931
This round: 349,22
44, 3: 0, 36.72949852704047
5.1431
This round: 54,5
45, 0: 0, 38.89524749066733
This round: 54,5
45, 1: 0, 37.213985231387824
This round: 54,8
45, 2: 0, 35.01831718339116
This round: 54,6
45, 3: 0, 37.618387415929355
5.5718
This round: 54,6
46, 0: 0, 39.784136379556216
This round: 54,5
46, 1: 0, 38.12139263879523
This round: 54,10
46, 2: 0, 35.83313199820598
This round: 54,6
46, 3: 0, 38.50727630481824
5.482700000000001
This round: 83,17
47, 0: 0, 40.57931710244778
This round: 83,12
47, 1: 0, 38.976814325542215
This round: 83,16
47, 2: 0, 36.640360913868626
This round: 83,17
47, 3: 0, 39.302457027709806
5.4646
This round: 196,13
48, 0: 0, 41.51299057183554
This round: 196,33
48, 1: 0, 39.80844697860344
This round: 196,58
48, 2: 0, 37.34444254652169
This round: 196,17
48, 3: 0, 40.215722333832254
5.2855
This round: 116,16
49, 0: 0, 42.375059537352776
This round: 116,23
49, 1: 0, 40.610171116534474
This round: 116,24
49, 2: 0, 38.137545994797556
This round: 116,19
49, 3: 0, 41.051929230383976
5.484999999999999
This round: 648,302
50, 0: 0, 42.909010154636725
This round: 648,360
50, 1: 0, 41.05461556097892
This round: 648,405
50, 2: 0, 38.512545994797556
This round: 648,564
50, 3: 0, 41.1815588600136
5.538400000000001
This round: 177,13
51, 0: 0, 43.83556382695311
This round: 177,17
51, 1: 0, 41.958570363238806
This round: 177,32
51, 2: 0, 39.331755034345576
This round: 177,16
51, 3: 0, 42.091163379787616
5.2498
This round: 108,5
52, 0: 0, 44.789267530656815
This round: 108,20
52, 1: 0, 42.77338517805362
This round: 108,23
52, 2: 0, 40.118792071382614
This round: 108,17
52, 3: 0, 42.93375597238021
5.4736
This round: 94,21
53, 0: 0, 45.56586327533767
This round: 94,35
53, 1: 0, 43.401044752521706
This round: 94,46
53, 2: 0, 40.629430369254955
This round: 94,24
53, 3: 0, 43.67843682344404
5.214499999999999
This round: 274,11
54, 0: 0, 46.52571728993621
This round: 274,11
54, 1: 0, 44.36089876712025
This round: 274,25
54, 2: 0, 41.53818949334254
This round: 274,27
54, 3: 0, 44.579896677458635
5.536300000000001
5.5899
5.5808
5.5896
5.161
This round: 91,11
55, 0: 0, 47.404838169057086
This round: 91,18
55, 1: 0, 45.16309656931805
This round: 91,9
55, 2: 0, 42.43928839444144
This round: 91,13
55, 3: 0, 45.43703953460149
5.826599999999999
5.2548
This round: 99,8
56, 0: 0, 48.324030088249
This round: 99,13
56, 1: 0, 46.03178343800492
This round: 99,6
56, 2: 0, 43.37868233383538
This round: 99,7
56, 3: 0, 46.366332463894416
5.554100000000001
5.3129
This round: 227,21
57, 0: 0, 49.23151907503314
This round: 227,28
57, 1: 0, 46.908435420383775
This round: 227,55
57, 2: 0, 44.1363915849367
This round: 227,62
57, 3: 0, 47.09320471059045
5.6813
5.4288
This round: 57,7
58, 0: 0, 50.10871205748928
This round: 57,8
58, 1: 0, 47.768084543190795
This round: 57,12
58, 2: 0, 44.92586526914723
This round: 57,8
58, 3: 0, 47.95285383339747
5.625500000000001
5.715000000000001
This round: 104,6
59, 0: 0, 51.05101974979697
This round: 104,10
59, 1: 0, 48.67193069703695
This round: 104,17
59, 2: 0, 45.76240373068569
This round: 104,15
59, 3: 0, 48.8086230641667
5.6435
5.1878
This round: 58,6
60, 0: 0, 51.9475714739349
This round: 58,27
60, 1: 0, 49.20641345565764
This round: 58,27
60, 2: 0, 46.29688648930638
This round: 58,25
60, 3: 0, 49.377588581408084
5.2147
This round: 117,7
61, 0: 0, 52.88774241410584
This round: 117,22
61, 1: 0, 50.01837926762345
This round: 117,20
61, 2: 0, 47.12594631836621
This round: 117,6
61, 3: 0, 50.32630653012603
5.7504
5.1208
This round: 49,6
62, 0: 0, 53.765293434514
This round: 49,5
62, 1: 0, 50.91633845129692
This round: 49,9
62, 2: 0, 47.942272848978455
This round: 49,7
62, 3: 0, 51.18344938726889
5.4649
This round: 112,19
63, 0: 0, 54.595650577371146
This round: 112,19
63, 1: 0, 51.74669559415407
This round: 112,33
63, 2: 0, 48.6476299918356
This round: 112,30
63, 3: 0, 51.91559224441174
5.5005
5.429200000000001
5.2125
This round: 68,6
64, 0: 0, 55.5074152832535
This round: 68,6
64, 1: 0, 52.658460300036424
This round: 68,14
64, 2: 0, 49.44174763889443
This round: 68,5
64, 3: 0, 52.84206283264704
5.3027999999999995
5.2236
This round: 51,13
65, 0: 0, 56.252513322469184
This round: 51,13
65, 1: 0, 53.40355833925211
This round: 51,13
65, 2: 0, 50.18684567811011
This round: 51,13
65, 3: 0, 53.58716087186272
5.3309
5.331600000000001
This round: 130,56
66, 0: 0, 56.821744091699955
This round: 130,57
66, 1: 0, 53.96509680079057
This round: 130,53
66, 2: 0, 50.7791533704178
This round: 130,57
66, 3: 0, 54.14869933340118
5.321899999999999
This round: 188,30
67, 0: 0, 57.66216962361485
This round: 188,35
67, 1: 0, 54.77892658802461
This round: 188,21
67, 2: 0, 51.667451242758226
This round: 188,6
67, 3: 0, 55.11678443978416
5.3577
This round: 77,5
68, 0: 0, 58.59723455867979
This round: 77,5
68, 1: 0, 55.71399152308955
This round: 77,8
68, 2: 0, 52.56355513886212
This round: 77,14
68, 3: 0, 55.93496625796598
5.410900000000001
This round: 62,13
69, 0: 0, 59.38755713932495
This round: 62,18
69, 1: 0, 56.42366894244439
This round: 62,18
69, 2: 0, 53.27323255821696
This round: 62,12
69, 3: 0, 56.741417870869206
5.5542
5.4604
5.3532
5.500400000000001
5.3575
This round: 247,7
70, 0: 0, 60.35921705835329
This round: 247,45
70, 1: 0, 57.241482707626574
This round: 247,46
70, 2: 0, 54.0869977404032
This round: 247,15
70, 3: 0, 57.68068912592994
5.322000000000001
5.3041
5.3218000000000005
5.4827
This round: 61,11
71, 0: 0, 61.17888918950083
This round: 61,17
71, 1: 0, 57.96279418303641
This round: 61,24
71, 2: 0, 54.69355511745238
This round: 61,21
71, 3: 0, 58.33642683084797
5.6792
5.6054
This round: 62,7
72, 0: 0, 62.06598596369438
This round: 62,14
72, 1: 0, 58.736987731423504
This round: 62,14
72, 2: 0, 55.46774866583947
This round: 62,13
72, 3: 0, 59.12674941149313
5.5899
5.3218
This round: 112,30
73, 0: 0, 62.798128820837235
This round: 112,19
73, 1: 0, 59.56734487428065
This round: 112,41
73, 2: 0, 56.10167723726804
This round: 112,32
73, 3: 0, 59.841035125778845
5.509899999999999
This round: 41,8
74, 0: 0, 63.60300686961772
This round: 41,10
74, 1: 0, 60.32344243525626
This round: 41,15
74, 2: 0, 56.735823578731456
This round: 41,9
74, 3: 0, 60.621522930656894
5.3133
This round: 116,4
75, 0: 0, 64.56852411099703
This round: 116,4
75, 1: 0, 61.28895967663557
This round: 116,11
75, 2: 0, 57.64099599252456
This round: 116,6
75, 3: 0, 61.56979879272586
5.3399
5.188000000000001
This round: 33,10
76, 0: 0, 65.26549380796673
This round: 33,13
76, 1: 0, 61.89502028269618
This round: 33,15
76, 2: 0, 58.186450537979105
This round: 33,13
76, 3: 0, 62.17585939878647
5.313
This round: 63,5
77, 0: 0, 66.18612872860166
This round: 63,12
77, 1: 0, 62.70454409221999
This round: 63,13
77, 2: 0, 58.980101331629896
This round: 63,13
77, 3: 0, 62.96951019243726
5.3419
This round: 94,20
78, 0: 0, 66.97336277115485
This round: 94,19
78, 1: 0, 63.502416432645525
This round: 94,38
78, 2: 0, 59.57584601248096
This round: 94,23
78, 3: 0, 63.724829341373436
5.5362
This round: 87,13
79, 0: 0, 67.82393748379853
This round: 87,20
79, 1: 0, 64.27253137517427
This round: 87,19
79, 2: 0, 60.357455207883255
This round: 87,17
79, 3: 0, 64.52942704252285
5.5706999999999995
This round: 93,14
80, 0: 0, 68.67339984938992
This round: 93,13
80, 1: 0, 65.13274642893771
This round: 93,34
80, 2: 0, 60.99186381003379
This round: 93,14
80, 3: 0, 65.37888940811425
5.598800000000001
This round: 89,13
81, 0: 0, 69.52733243365958
This round: 89,17
81, 1: 0, 65.94173519298265
This round: 89,15
81, 2: 0, 61.8233244841911
This round: 89,20
81, 3: 0, 66.15417030699065
5.2326
This round: 109,6
82, 0: 0, 70.47228656209995
This round: 109,11
82, 1: 0, 66.84081776178999
This round: 109,15
82, 2: 0, 62.685709805292014
This round: 109,12
82, 3: 0, 67.04407856387138
5.2905999999999995
This round: 126,43
83, 0: 0, 71.13101672083012
This round: 126,50
83, 1: 0, 67.4439923649646
This round: 126,50
83, 2: 0, 63.288884408466615
This round: 126,39
83, 3: 0, 67.73455475434757
5.1484
This round: 153,92
84, 0: 0, 71.52970953128764
This round: 153,100
84, 1: 0, 67.79039759372277
This round: 153,102
84, 2: 0, 63.62221774179995
This round: 153,101
84, 3: 0, 68.07442403539332
5.3219
This round: 147,49
85, 0: 0, 72.19637619795431
This round: 147,8
85, 1: 0, 68.73597582501529
This round: 147,5
85, 2: 0, 64.58820413635777
This round: 147,5
85, 3: 0, 69.04041042995114
5.357600000000001
This round: 284,10
86, 0: 0, 73.16116493034868
This round: 284,74
86, 1: 0, 69.47541244473359
This round: 284,32
86, 2: 0, 65.47552808001974
This round: 284,14
86, 3: 0, 69.99111465530325
5.509600000000001
This round: 67,8
87, 0: 0, 74.04176194527405
This round: 67,7
87, 1: 0, 70.3709348327933
This round: 67,11
87, 2: 0, 66.31134897554213
This round: 67,12
87, 3: 0, 70.8120101776913
5.7506
5.308599999999999
This round: 86,19
88, 0: 0, 74.8208317127159
This round: 86,11
88, 1: 0, 71.24302785604911
This round: 86,24
88, 2: 0, 67.03227920810028
This round: 86,18
88, 3: 0, 71.60270785210992
5.714700000000001
5.2595
This round: 108,72
89, 0: 0, 75.15416504604923
This round: 108,28
89, 1: 0, 71.98376859678986
This round: 108,26
89, 2: 0, 67.79153846735953
This round: 108,26
89, 3: 0, 72.36196711136917
5.7147
5.277099999999999
This round: 48,6
90, 0: 0, 76.02916504604923
This round: 48,8
90, 1: 0, 72.81710193012319
This round: 48,8
90, 2: 0, 68.62487180069286
This round: 48,7
90, 3: 0, 73.21613377803584
5.2504
5.4379
This round: 150,7
91, 0: 0, 76.98249837938256
This round: 150,16
91, 1: 0, 73.71043526345652
This round: 150,72
91, 2: 0, 69.14487180069285
This round: 150,10
91, 3: 0, 74.14946711136918
5.545100000000001
5.5005
5.17
This round: 56,21
92, 0: 0, 77.60749837938256
This round: 56,21
92, 1: 0, 74.33543526345652
This round: 56,16
92, 2: 0, 69.85915751497856
This round: 56,22
92, 3: 0, 74.75660996851204
5.2283
This round: 46,7
93, 0: 0, 78.45532446633908
This round: 46,10
93, 1: 0, 75.11804395910869
This round: 46,15
93, 2: 0, 70.53307055845683
This round: 46,10
93, 3: 0, 75.53921866416421
5.3933
This round: 117,6
94, 0: 0, 79.40404241505702
This round: 117,16
94, 1: 0, 75.98129182235655
This round: 117,11
94, 2: 0, 71.43905346443974
This round: 117,9
94, 3: 0, 76.46229558724113
5.1801
This round: 55,9
95, 0: 0, 80.24040605142066
This round: 55,11
95, 1: 0, 76.78129182235655
This round: 55,14
95, 2: 0, 72.18450800989429
This round: 55,13
95, 3: 0, 77.2259319508775
5.4647
This round: 52,11
96, 0: 0, 81.0288675898822
This round: 52,10
96, 1: 0, 77.58898413004886
This round: 52,13
96, 2: 0, 72.93450800989429
This round: 52,10
96, 3: 0, 78.0336242585698
5.2995
This round: 113,37
97, 0: 0, 81.70143396156361
This round: 113,28
97, 1: 0, 78.34119651942939
This round: 113,50
97, 2: 0, 73.49203013378809
This round: 113,32
97, 3: 0, 78.75043841786184
5.3933
5.5586
This round: 87,17
98, 0: 0, 82.50603166271303
This round: 87,17
98, 1: 0, 79.14579422057881
This round: 87,22
98, 2: 0, 74.2391565705697
This round: 87,18
98, 3: 0, 79.5435418661377
5.4738
5.464700000000001
5.643400000000001
This round: 335,72
99, 0: 0, 83.29110628957869
This round: 335,23
99, 1: 0, 80.0771375041609
This round: 335,29
99, 2: 0, 75.1525894063906
This round: 335,13
99, 3: 0, 80.50473589598845
5.3308
This round: 145,45
100, 0: 0, 83.98076146199249
This round: 145,14
100, 1: 0, 80.98058578002298
This round: 145,19
100, 2: 0, 76.02155492363198
This round: 145,42
100, 3: 0, 81.21508072357466
5.3487
5.4736
This round: 123,16
101, 0: 0, 84.85068016117948
This round: 123,15
101, 1: 0, 81.85863456051078
This round: 123,30
101, 2: 0, 76.77765248460759
This round: 123,31
101, 3: 0, 81.96304820324946
5.3042
This round: 86,11
102, 0: 0, 85.7227731844353
This round: 86,18
102, 1: 0, 82.64933223492939
This round: 86,22
102, 2: 0, 77.52183853111922
This round: 86,13
102, 3: 0, 82.81188541255179
5.250400000000001
This round: 84,11
103, 0: 0, 86.59182080348292
This round: 84,29
103, 1: 0, 83.30409413969129
This round: 84,32
103, 2: 0, 78.14088615016684
This round: 84,31
103, 3: 0, 83.44283779350417
5.5898
This round: 67,19
104, 0: 0, 87.30823871393068
This round: 67,14
104, 1: 0, 84.0951389158107
This round: 67,21
104, 2: 0, 78.82745331434595
This round: 67,21
104, 3: 0, 84.12940495768328
5.5006
5.732600000000001
5.1589
This round: 60,10
105, 0: 0, 88.141572047264
This round: 60,9
105, 1: 0, 84.94513891581069
This round: 60,12
105, 2: 0, 79.62745331434594
This round: 60,8
105, 3: 0, 84.99607162434994
5.214999999999999
This round: 214,12
106, 0: 0, 89.08549728090887
This round: 214,12
106, 1: 0, 85.88906414945555
This round: 214,10
106, 2: 0, 80.58072434238332
This round: 214,12
106, 3: 0, 85.9399968579948
5.4827
This round: 198,4
107, 0: 0, 90.06529526070685
This round: 198,27
107, 1: 0, 86.75270051309191
This round: 198,65
107, 2: 0, 81.2524415141005
This round: 198,65
107, 3: 0, 86.61171402971198
5.2189000000000005
This round: 83,5
108, 0: 0, 91.00505429685143
This round: 83,6
108, 1: 0, 87.6804113564654
This round: 83,8
108, 2: 0, 82.15605597193182
This round: 83,5
108, 3: 0, 87.55147306585656
5.455699999999999
This round: 133,7
109, 0: 0, 91.95242271790406
This round: 133,16
109, 1: 0, 88.5601106045857
This round: 133,32
109, 2: 0, 82.91545446817243
This round: 133,29
109, 3: 0, 88.3334279530746
5.322
5.4469
5.4647
5.643200000000001
This round: 123,14
110, 0: 0, 92.83860157969268
This round: 123,48
110, 1: 0, 89.16986670214668
This round: 123,49
110, 2: 0, 83.5170804844326
This round: 123,51
110, 3: 0, 88.91879380673313
5.2325
This round: 87,14
111, 0: 0, 93.6776820394628
This round: 87,19
111, 1: 0, 89.95147589754897
This round: 87,33
111, 2: 0, 84.13777013960501
This round: 87,23
111, 3: 0, 89.65442599064119
5.2861
5.661099999999999
5.563
This round: 91,6
112, 0: 0, 94.61174797352872
This round: 91,7
112, 1: 0, 90.8745528206259
This round: 91,11
112, 2: 0, 85.01689101872589
This round: 91,9
112, 3: 0, 90.55552489174009
5.2973
This round: 133,9
113, 0: 0, 95.5440788005964
This round: 133,10
113, 1: 0, 91.79936485070108
This round: 133,15
113, 2: 0, 85.90410906383867
This round: 133,10
113, 3: 0, 91.48033692181528
5.545100000000001
This round: 183,14
114, 0: 0, 96.46757606835595
This round: 183,59
114, 1: 0, 92.47696047911639
This round: 183,49
114, 2: 0, 86.63634950099714
This round: 183,45
114, 3: 0, 92.23443528247101
5.3575
This round: 72,9
115, 0: 0, 97.34257606835595
This round: 72,9
115, 1: 0, 93.35196047911639
This round: 72,8
115, 2: 0, 87.52523838988603
This round: 72,9
115, 3: 0, 93.10943528247101
5.4826
This round: 87,18
116, 0: 0, 98.13567951663181
This round: 87,6
116, 1: 0, 94.282994961875
This round: 87,13
116, 2: 0, 88.3758131025297
This round: 87,12
116, 3: 0, 93.97150424798825
5.252599999999999
This round: 93,10
117, 0: 0, 99.02815263491138
This round: 93,11
117, 1: 0, 95.16471539198253
This round: 93,10
117, 2: 0, 89.26828622080927
This round: 93,16
117, 3: 0, 94.79946123723556
5.446899999999999
5.2951
This round: 131,11
118, 0: 0, 99.94418316926253
This round: 131,15
118, 1: 0, 96.05021157518863
This round: 131,51
118, 2: 0, 89.87897324371004
This round: 131,9
118, 3: 0, 95.73075894715923
5.7507
5.3575
5.3219
This round: 85,6
119, 0: 0, 100.8735949339684
This round: 85,7
119, 1: 0, 96.96785863401216
This round: 85,8
119, 2: 0, 90.78485559665121
This round: 85,7
119, 3: 0, 96.64840600598276
5.3934999999999995
This round: 117,24
120, 0: 0, 101.6684667288402
This round: 117,13
120, 1: 0, 97.85674752290105
This round: 117,24
120, 2: 0, 91.57972739152301
This round: 117,25
120, 3: 0, 97.43473079230755
5.4201999999999995
This round: 97,16
121, 0: 0, 102.50351827523195
This round: 97,11
121, 1: 0, 98.74334546104538
This round: 97,23
121, 2: 0, 92.34261398946116
This round: 97,14
121, 3: 0, 98.29040089540032
5.2591
This round: 395,134
122, 0: 0, 103.16427776890283
This round: 395,214
122, 1: 0, 99.20157330914664
This round: 396,169
122, 2: 0, 92.91584631269347
This round: 395,179
122, 3: 0, 98.8372363384383
5.4157
This round: 50,12
123, 0: 0, 103.92427776890284
This round: 50,8
123, 1: 0, 100.04157330914664
This round: 50,9
123, 2: 0, 93.73584631269347
This round: 50,9
123, 3: 0, 99.6572363384383
5.3241
This round: 127,9
124, 0: 0, 104.85341162717056
This round: 127,11
124, 1: 0, 100.9549591359183
This round: 127,14
124, 2: 0, 94.62561009222102
This round: 127,9
124, 3: 0, 100.58637019670601
5.277300000000001
This round: 76,19
125, 0: 0, 105.60341162717056
This round: 76,23
125, 1: 0, 101.65232755697093
This round: 76,20
125, 2: 0, 95.36245219748419
This round: 76,20
125, 3: 0, 101.32321230196918
5.345400000000001
This round: 264,41
126, 0: 0, 106.44810859686753
This round: 264,39
126, 1: 0, 102.50460028424366
This round: 264,93
126, 2: 0, 96.01017947021145
This round: 264,24
126, 3: 0, 102.23230321106008
5.482800000000001
5.447
5.5776
5.554100000000001
This round: 129,25
127, 0: 0, 107.25431014725513
This round: 129,13
127, 1: 0, 103.40382509044521
This round: 129,30
127, 2: 0, 96.77762133067657
This round: 129,13
127, 3: 0, 103.13152801726163
5.500400000000001
5.393
This round: 32,14
128, 0: 0, 107.81681014725513
This round: 32,14
128, 1: 0, 103.96632509044521
This round: 32,15
128, 2: 0, 97.30887133067657
This round: 32,14
128, 3: 0, 103.69402801726163
5.2505
5.393199999999999
5.303900000000001
This round: 54,5
129, 0: 0, 108.72421755466253
This round: 54,4
129, 1: 0, 104.89225101637113
This round: 54,5
129, 2: 0, 98.21627873808397
This round: 54,4
129, 3: 0, 104.61995394318755
5.1968
This round: 176,36
130, 0: 0, 109.51967210011708
This round: 176,9
130, 1: 0, 105.84111465273477
This round: 176,17
130, 2: 0, 99.11968782899307
This round: 176,11
130, 3: 0, 105.55745394318755
5.571899999999999
This round: 65,7
131, 0: 0, 110.41197979242477
This round: 65,20
131, 1: 0, 106.53342234504247
This round: 65,15
131, 2: 0, 99.88891859822384
This round: 65,17
131, 3: 0, 106.29591548164909
5.2952
5.4223
5.3932
5.3844
This round: 103,6
132, 0: 0, 111.3537273652403
This round: 103,23
132, 1: 0, 107.31012137416869
This round: 103,13
132, 2: 0, 100.76270500599082
This round: 103,17
132, 3: 0, 107.13086693795977
5.2192
This round: 90,35
133, 0: 0, 111.96483847635142
This round: 90,6
133, 1: 0, 108.24345470750202
This round: 90,31
133, 2: 0, 101.41826056154638
This round: 90,32
133, 3: 0, 107.77531138240421
5.6077
This round: 100,27
134, 0: 0, 112.69483847635142
This round: 100,27
134, 1: 0, 108.97345470750203
This round: 100,32
134, 2: 0, 102.09826056154638
This round: 100,36
134, 3: 0, 108.41531138240421
5.4648
5.3398
This round: 77,14
135, 0: 0, 113.51302029453323
This round: 77,15
135, 1: 0, 109.77864951269683
This round: 77,19
135, 2: 0, 102.85150731479314
This round: 77,15
135, 3: 0, 109.22050618759901
5.429
This round: 259,17
136, 0: 0, 114.44738322889617
This round: 259,40
136, 1: 0, 110.62420935825668
This round: 259,28
136, 2: 0, 103.74339920668503
This round: 259,127
136, 3: 0, 109.73015869725153
5.428999999999999
This round: 95,11
137, 0: 0, 115.33159375521195
This round: 95,17
137, 1: 0, 111.44526198983563
This round: 95,25
137, 2: 0, 104.48024131194819
This round: 95,16
137, 3: 0, 110.56173764461995
5.393200000000001
This round: 91,9
138, 0: 0, 116.23269265631086
This round: 91,8
138, 1: 0, 112.35734990192354
This round: 91,11
138, 2: 0, 105.35936219106907
This round: 91,12
138, 3: 0, 111.42986951275182
5.3309
This round: 68,19
139, 0: 0, 116.95328089160498
This round: 68,18
139, 1: 0, 113.0926440195706
This round: 68,22
139, 2: 0, 106.03583277930436
This round: 68,23
139, 3: 0, 112.09163421863417
5.2322999999999995
This round: 64,8
140, 0: 0, 117.82828089160498
This round: 64,10
140, 1: 0, 113.9363940195706
This round: 64,20
140, 2: 0, 106.72333277930436
This round: 64,9
140, 3: 0, 112.95100921863417
5.8199
5.2861
This round: 93,9
141, 0: 0, 118.73150669805659
This round: 93,8
141, 1: 0, 114.85037251419425
This round: 93,10
141, 2: 0, 107.61580589758393
This round: 93,25
141, 3: 0, 113.6821920143331
5.393400000000001
5.643400000000001
5.2101999999999995
This round: 69,3
142, 0: 0, 119.68802843718703
This round: 69,10
142, 1: 0, 115.70544497796236
This round: 69,13
142, 2: 0, 108.42740010048247
This round: 69,12
142, 3: 0, 114.50827897085483
5.3577
This round: 125,9
143, 0: 0, 120.61602843718703
This round: 125,9
143, 1: 0, 116.63344497796236
This round: 125,22
143, 2: 0, 109.25140010048247
This round: 125,11
143, 3: 0, 115.42027897085484
5.572000000000001
5.3397
This round: 180,30
144, 0: 0, 121.44936177052035
This round: 180,37
144, 1: 0, 117.4278894224068
This round: 180,32
144, 2: 0, 110.0736223227047
This round: 180,17
144, 3: 0, 116.32583452641039
5.6793
5.4828
5.429100000000001
This round: 306,21
145, 0: 0, 122.38073431953997
This round: 306,55
145, 1: 0, 118.2481508603153
This round: 306,50
145, 2: 0, 110.91022362989423
This round: 306,30
145, 3: 0, 117.22779531072412
5.429
This round: 161,26
146, 0: 0, 123.21924363631015
This round: 161,28
146, 1: 0, 119.07423781683704
This round: 161,116
146, 2: 0, 111.1897267354843
This round: 161,44
146, 3: 0, 117.95450338525828
5.2728
This round: 525,41
147, 0: 0, 124.14114839821491
This round: 525,376
147, 1: 0, 119.35804734064656
This round: 524,361
147, 2: 0, 111.50079543777437
This round: 525,378
147, 3: 0, 118.23450338525828
5.7193
5.5764000000000005
5.429
This round: 61,9
148, 0: 0, 124.99360741460835
This round: 61,9
148, 1: 0, 120.21050635704
This round: 61,16
148, 2: 0, 112.23850035580716
This round: 61,10
148, 3: 0, 119.07056895902878
5.589700000000001
This round: 130,23
149, 0: 0, 125.81668433768527
This round: 130,24
149, 1: 0, 121.02589097242462
This round: 130,30
149, 2: 0, 113.00773112503794
This round: 130,14
149, 3: 0, 119.96287665133647
5.3195
This round: 85,10
150, 0: 0, 126.69903727886174
This round: 85,10
150, 1: 0, 121.90824391360108
This round: 85,28
150, 2: 0, 113.67831936033205
This round: 85,7
150, 3: 0, 120.88052371016
5.589799999999999
5.377800000000001
5.536200000000001
5.482600000000001
This round: 49,11
151, 0: 0, 127.47454748294336
This round: 49,11
151, 1: 0, 122.68375411768271
This round: 49,14
151, 2: 0, 114.39260507461776
This round: 49,15
151, 3: 0, 121.57440126118041
5.857900000000001
5.4245
This round: 114,3
152, 0: 0, 128.4482316934697
This round: 114,4
152, 1: 0, 123.64866639838446
This round: 114,47
152, 2: 0, 114.98032437286338
This round: 114,6
152, 3: 0, 122.52176968223304
5.6433
5.6077
This round: 83,7
153, 0: 0, 129.3638943440721
This round: 83,16
153, 1: 0, 124.45589531404711
This round: 83,18
153, 2: 0, 115.76345690298386
This round: 83,12
153, 3: 0, 123.37719136898004
5.3609
This round: 80,14
154, 0: 0, 130.18889434407208
This round: 80,31
154, 1: 0, 125.06839531404711
This round: 80,32
154, 2: 0, 116.36345690298386
This round: 80,20
154, 3: 0, 124.12719136898004
5.4828
5.4024
5.6168000000000005
5.357499999999999
5.7082
5.3219
This round: 152,16
155, 0: 0, 131.08363118617734
This round: 152,49
155, 1: 0, 125.74602689299448
This round: 152,44
155, 2: 0, 117.07398321877334
This round: 152,36
155, 3: 0, 124.89034926371687
5.348599999999999
This round: 212,78
156, 0: 0, 131.71570665787544
This round: 212,75
156, 1: 0, 126.39225330808881
This round: 212,97
156, 2: 0, 117.61643604896202
This round: 212,103
156, 3: 0, 125.4045002071131
5.589700000000001
5.255800000000001
This round: 134,46
157, 0: 0, 132.3724230757859
This round: 134,33
157, 1: 0, 127.14598465137239
This round: 134,60
157, 2: 0, 118.16867485493216
This round: 134,60
157, 3: 0, 125.95673901308325
5.4245
This round: 69,7
158, 0: 0, 133.27097380042358
This round: 69,5
158, 1: 0, 128.07352088325644
This round: 69,23
158, 2: 0, 118.83534152159883
This round: 69,10
158, 3: 0, 126.81181147685136
5.3934
5.5005000000000015
This round: 79,15
159, 0: 0, 134.08110038270206
This round: 79,26
159, 1: 0, 128.7444069592058
This round: 79,24
159, 2: 0, 119.5315440532444
This round: 79,26
159, 3: 0, 127.48269755280073
5.2593
This round: 71,6
160, 0: 0, 134.99659334044853
This round: 71,6
160, 1: 0, 129.65989991695227
This round: 71,9
160, 2: 0, 120.40478348986412
This round: 71,5
160, 3: 0, 128.41227501758945
5.3666
5.339799999999999
This round: 225,39
161, 0: 0, 135.82326000711518
This round: 225,39
161, 1: 0, 130.48656658361892
This round: 225,61
161, 2: 0, 121.133672378753
This round: 225,35
161, 3: 0, 129.25671946203389
5.643199999999999
5.3130999999999995
This round: 220,26
162, 0: 0, 136.70507818893336
This round: 220,15
162, 1: 0, 131.4183847654371
This round: 220,79
162, 2: 0, 121.7745814696621
This round: 220,49
162, 3: 0, 130.03399218930662
5.1974
This round: 159,39
163, 0: 0, 137.45979517006543
This round: 159,48
163, 1: 0, 132.1164979729843
This round: 159,68
163, 2: 0, 122.34690851368725
This round: 159,46
163, 3: 0, 130.74468401320598
5.4468000000000005
This round: 95,15
164, 0: 0, 138.30190043322332
This round: 95,19
164, 1: 0, 132.9164979729843
This round: 95,18
164, 2: 0, 123.15743482947673
This round: 95,17
164, 3: 0, 131.56573664478492
5.2414000000000005
This round: 49,6
165, 0: 0, 139.1794514536315
This round: 49,8
165, 1: 0, 133.75323266686186
This round: 49,8
165, 2: 0, 123.99416952335427
This round: 49,7
165, 3: 0, 132.42287950192778
5.6948
5.2683
This round: 74,16
166, 0: 0, 139.96323523741526
This round: 74,10
166, 1: 0, 134.61809753172673
This round: 74,32
166, 2: 0, 124.56173709092184
This round: 74,27
166, 3: 0, 133.0580146370629
5.3581
5.3933
This round: 182,8
167, 0: 0, 140.9192791934592
This round: 182,43
167, 1: 0, 135.381833795463
This round: 182,7
167, 2: 0, 125.5232755524603
This round: 182,8
167, 3: 0, 134.01405859310685
5.3217
This round: 79,14
168, 0: 0, 141.7420640035858
This round: 79,12
168, 1: 0, 136.22993506128577
This round: 79,15
168, 2: 0, 126.33340213473879
This round: 79,15
168, 3: 0, 134.82418517538534
5.3219
5.0985000000000005
This round: 79,8
169, 0: 0, 142.640798180801
This round: 79,16
169, 1: 0, 137.02740341571615
This round: 79,18
169, 2: 0, 127.10555403347297
This round: 79,18
169, 3: 0, 135.5963370741195
5.429
This round: 173,10
170, 0: 0, 143.58299471259292
This round: 173,11
170, 1: 0, 137.96381960068726
This round: 173,17
170, 2: 0, 128.00728813751923
This round: 173,12
170, 3: 0, 136.5269729122698
5.4112
This round: 74,10
171, 0: 0, 144.4478595774578
This round: 74,13
171, 1: 0, 138.78814392501158
This round: 74,13
171, 2: 0, 128.83161246184355
This round: 74,13
171, 3: 0, 137.35129723659412
5.2683
This round: 55,6
172, 0: 0, 145.3387686683669
This round: 55,7
172, 1: 0, 139.66087119773886
This round: 55,10
172, 2: 0, 129.64979428002536
This round: 55,7
172, 3: 0, 138.2240245093214
5.2504
5.464799999999999
5.4113
This round: 79,11
173, 0: 0, 146.19952816203778
This round: 79,19
173, 1: 0, 140.42036486862494
This round: 79,31
173, 2: 0, 130.25738921673423
This round: 79,9
173, 3: 0, 139.1101004586885
5.429099999999999
This round: 95,5
174, 0: 0, 147.1468965830904
This round: 95,26
174, 1: 0, 141.14668065809863
This round: 95,23
174, 2: 0, 131.01528395357633
This round: 95,30
174, 3: 0, 139.79431098500427
5.1434999999999995
This round: 95,23
175, 0: 0, 147.9047913199325
This round: 95,29
175, 1: 0, 141.8414175002039
This round: 95,41
175, 2: 0, 131.5837050062079
This round: 95,32
175, 3: 0, 140.45746887974113
5.3219
This round: 120,22
176, 0: 0, 148.72145798659918
This round: 120,15
176, 1: 0, 142.7164175002039
This round: 120,26
176, 2: 0, 132.36703833954124
This round: 120,18
176, 3: 0, 141.30746887974112
5.6346
5.438
This round: 71,7
177, 0: 0, 149.6228664373034
This round: 71,13
177, 1: 0, 143.53331890865462
This round: 71,17
177, 2: 0, 133.12760171982293
This round: 71,6
177, 3: 0, 142.2229618374876
5.2414000000000005
This round: 132,7
178, 0: 0, 150.5698361342731
This round: 132,16
178, 1: 0, 144.4121067874425
This round: 132,17
178, 2: 0, 133.99881384103506
This round: 132,19
178, 3: 0, 143.07902244354818
5.572000000000001
5.5226999999999995
This round: 82,10
179, 0: 0, 151.4478849147609
This round: 82,18
179, 1: 0, 145.19259459232055
This round: 82,19
179, 2: 0, 134.7671065239619
This round: 82,13
179, 3: 0, 143.92048585818233
5.7237
5.5361
5.4983
5.411300000000001
5.3577
This round: 94,10
180, 0: 0, 152.34150193603747
This round: 94,7
180, 1: 0, 146.11812650721416
This round: 94,17
180, 2: 0, 135.58625546013212
This round: 94,18
180, 3: 0, 144.7289964964802
5.4112
This round: 71,4
181, 0: 0, 153.28516390786845
This round: 71,10
181, 1: 0, 146.97728143679163
This round: 71,14
181, 2: 0, 136.38907236154057
This round: 71,17
181, 3: 0, 145.4895598767619
5.467599999999999
5.1118
This round: 154,34
182, 0: 0, 154.06438468708924
This round: 154,8
182, 1: 0, 147.92533338484358
This round: 154,6
182, 2: 0, 137.35011132257952
This round: 154,6
182, 3: 0, 146.45059883780084
5.3754
5.2996
This round: 70,21
183, 0: 0, 154.76438468708923
This round: 70,12
183, 1: 0, 148.753904813415
This round: 70,25
183, 2: 0, 137.99296846543666
This round: 70,23
183, 3: 0, 147.12202740922942
5.1433
This round: 58,13
184, 0: 0, 155.54024675605476
This round: 58,12
184, 1: 0, 149.54700826169088
This round: 58,13
184, 2: 0, 138.76883053440218
This round: 58,13
184, 3: 0, 147.89788947819494
5.7863
This round: 91,23
185, 0: 0, 156.28749950330752
This round: 91,33
185, 1: 0, 150.1843708990535
This round: 91,53
185, 2: 0, 139.1864129519846
This round: 91,33
185, 3: 0, 148.53525211555757
5.3129
This round: 65,12
186, 0: 0, 157.10288411869212
This round: 65,12
186, 1: 0, 150.9997555144381
This round: 65,18
186, 2: 0, 139.90948987506152
This round: 65,12
186, 3: 0, 149.35063673094217
5.3488
This round: 331,11
187, 0: 0, 158.06965149029332
This round: 331,13
187, 1: 0, 151.9604805899668
This round: 331,21
187, 2: 0, 140.8460457663002
This round: 331,15
187, 3: 0, 150.30531951039836
5.313199999999999
This round: 156,15
188, 0: 0, 158.97349764413948
This round: 156,17
188, 1: 0, 152.85150623099244
This round: 156,31
188, 2: 0, 141.64732781758224
This round: 156,52
188, 3: 0, 150.97198617706502
5.3754
5.4291
This round: 204,30
189, 0: 0, 159.82643882061006
This round: 204,64
189, 1: 0, 153.53778074079636
This round: 204,11
189, 2: 0, 142.59340624895478
This round: 204,11
189, 3: 0, 151.91806460843756
5.3933
5.2372
This round: 63,12
190, 0: 0, 160.63596263013386
This round: 63,9
190, 1: 0, 154.39492359793923
This round: 63,15
190, 2: 0, 143.35531101085954
This round: 63,13
190, 3: 0, 152.71171540208834
5.4378
This round: 299,5
191, 0: 0, 161.6192402221071
This round: 299,9
191, 1: 0, 155.36482326349108
This round: 299,11
191, 2: 0, 144.31852171320068
This round: 299,10
191, 3: 0, 153.67827058603484
5.4289
This round: 60,7
192, 0: 0, 162.50257355544042
This round: 60,5
192, 1: 0, 156.28148993015773
This round: 60,5
192, 2: 0, 145.23518837986734
This round: 60,6
192, 3: 0, 154.57827058603485
5.520499999999999
This round: 66,4
193, 0: 0, 163.44196749483436
This round: 66,11
193, 1: 0, 157.11482326349108
This round: 66,15
193, 2: 0, 146.00791565259462
This round: 66,9
193, 3: 0, 155.44190694967122
5.2683
This round: 54,6
194, 0: 0, 164.33085638372324
This round: 54,14
194, 1: 0, 157.8555640042318
This round: 54,17
194, 2: 0, 146.6931008377798
This round: 54,9
194, 3: 0, 156.27524028300456
5.402200000000001
5.321899999999999
5.232600000000001
This round: 107,5
195, 0: 0, 165.28412741176064
This round: 107,8
195, 1: 0, 158.78079764909162
This round: 107,14
195, 2: 0, 147.56225971628447
This round: 107,15
195, 3: 0, 157.1350533671167
5.2683
This round: 98,4
196, 0: 0, 166.24331108523003
This round: 98,3
196, 1: 0, 159.75018540419367
This round: 98,20
196, 2: 0, 148.3581780836314
This round: 98,12
196, 3: 0, 158.01260438752487
5.7707999999999995
5.446999999999999
5.1813
This round: 346,26
197, 0: 0, 167.1681665765595
This round: 346,27
197, 1: 0, 160.67215072211275
This round: 346,27
197, 2: 0, 149.28014340155048
This round: 346,27
197, 3: 0, 158.93456970544395
5.1867
This round: 66,31
198, 0: 0, 167.69846960686255
This round: 66,14
198, 1: 0, 161.46002950999153
This round: 66,15
198, 2: 0, 150.05287067427776
This round: 66,12
198, 3: 0, 159.75275152362576
5.3173
This round: 67,12
199, 0: 0, 168.51936512925062
This round: 67,19
199, 1: 0, 162.1764474204393
This round: 67,18
199, 2: 0, 150.78421395785983
This round: 67,14
199, 3: 0, 160.54379629974517
