5.42
This round: 8,0
0, 0: 1, 1.0
This round: 8,0
0, 1: 1, 1.0
This round: 8,0
0, 2: 1, 1.0
This round: 8,0
0, 3: 1, 1.0
5.3486
This round: 3,0
1, 0: 2, 2.0
This round: 3,0
1, 1: 2, 2.0
This round: 3,0
1, 2: 2, 2.0
This round: 3,0
1, 3: 2, 2.0
5.2683
This round: 2,0
2, 0: 3, 3.0
This round: 2,0
2, 1: 3, 3.0
This round: 2,0
2, 2: 3, 3.0
This round: 2,0
2, 3: 3, 3.0
5.304
This round: 11,0
3, 0: 4, 4.0
This round: 11,0
3, 1: 4, 4.0
This round: 11,0
3, 2: 4, 4.0
This round: 11,0
3, 3: 4, 4.0
5.3218
This round: 4,0
4, 0: 5, 5.0
This round: 4,0
4, 1: 5, 5.0
This round: 4,0
4, 2: 5, 5.0
This round: 4,0
4, 3: 5, 5.0
5.214700000000001
This round: 60,0
5, 0: 6, 6.0
This round: 60,0
5, 1: 6, 6.0
This round: 60,0
5, 2: 6, 6.0
This round: 60,0
5, 3: 6, 6.0
5.6076
5.500500000000001
This round: 3,0
6, 0: 7, 7.0
This round: 3,0
6, 1: 7, 7.0
This round: 3,0
6, 2: 7, 7.0
This round: 3,0
6, 3: 7, 7.0
5.3353
This round: 2,0
7, 0: 8, 8.0
This round: 2,0
7, 1: 8, 8.0
This round: 2,0
7, 2: 8, 8.0
This round: 2,0
7, 3: 8, 8.0
5.2861
5.357600000000001
5.2504
This round: 7,0
8, 0: 9, 9.0
This round: 7,0
8, 1: 9, 9.0
This round: 7,0
8, 2: 9, 9.0
This round: 7,0
8, 3: 9, 9.0
5.232600000000001
This round: 1,0
9, 0: 10, 10.0
This round: 1,0
9, 1: 10, 10.0
This round: 1,0
9, 2: 10, 10.0
This round: 1,0
9, 3: 10, 10.0
5.7596
5.388800000000001
This round: 6,0
10, 0: 11, 11.0
This round: 6,0
10, 1: 11, 11.0
This round: 6,0
10, 2: 11, 11.0
This round: 6,0
10, 3: 11, 11.0
5.5006
5.2414000000000005
This round: 5,0
11, 0: 12, 12.0
This round: 5,0
11, 1: 12, 12.0
This round: 5,0
11, 2: 12, 12.0
This round: 5,0
11, 3: 12, 12.0
5.2616
This round: 1,0
12, 0: 13, 13.0
This round: 1,0
12, 1: 13, 13.0
This round: 1,0
12, 2: 13, 13.0
This round: 1,0
12, 3: 13, 13.0
5.187900000000001
This round: 2,0
13, 0: 14, 14.0
This round: 2,0
13, 1: 14, 14.0
This round: 2,0
13, 2: 14, 14.0
This round: 2,0
13, 3: 14, 14.0
5.1788
This round: 125,0
14, 0: 15, 15.0
This round: 125,0
14, 1: 15, 15.0
This round: 125,0
14, 2: 15, 15.0
This round: 125,0
14, 3: 15, 15.0
5.1577
This round: 2,0
15, 0: 16, 16.0
This round: 2,0
15, 1: 16, 16.0
This round: 2,0
15, 2: 16, 16.0
This round: 2,0
15, 3: 16, 16.0
5.215700000000001
This round: 8,0
16, 0: 17, 17.0
This round: 8,0
16, 1: 17, 17.0
This round: 8,0
16, 2: 17, 17.0
This round: 8,0
16, 3: 17, 17.0
5.357799999999999
This round: 4,0
17, 0: 18, 18.0
This round: 4,0
17, 1: 18, 18.0
This round: 4,0
17, 2: 18, 18.0
This round: 4,0
17, 3: 18, 18.0
5.4291
This round: 5,0
18, 0: 19, 19.0
This round: 5,0
18, 1: 19, 19.0
This round: 5,0
18, 2: 19, 19.0
This round: 5,0
18, 3: 19, 19.0
5.3731
5.5719
5.312999999999999
This round: 7,0
19, 0: 20, 20.0
This round: 7,0
19, 1: 20, 20.0
This round: 7,0
19, 2: 20, 20.0
This round: 7,0
19, 3: 20, 20.0
5.4826
5.4336
This round: 3,0
20, 0: 21, 21.0
This round: 3,0
20, 1: 21, 21.0
This round: 3,0
20, 2: 21, 21.0
This round: 3,0
20, 3: 21, 21.0
5.3931
This round: 119,0
21, 0: 22, 22.0
This round: 119,0
21, 1: 22, 22.0
This round: 119,0
21, 2: 22, 22.0
This round: 119,0
21, 3: 22, 22.0
5.4380999999999995
This round: 5,0
22, 0: 23, 23.0
This round: 5,0
22, 1: 23, 23.0
This round: 5,0
22, 2: 23, 23.0
This round: 5,0
22, 3: 23, 23.0
5.3486
This round: 4,0
23, 0: 24, 24.0
This round: 4,0
23, 1: 24, 24.0
This round: 4,0
23, 2: 24, 24.0
This round: 4,0
23, 3: 24, 24.0
5.64
This round: 5,0
24, 0: 25, 25.0
This round: 5,0
24, 1: 25, 25.0
This round: 5,0
24, 2: 25, 25.0
This round: 5,0
24, 3: 25, 25.0
5.3575
This round: 7,0
25, 0: 26, 26.0
This round: 7,0
25, 1: 26, 26.0
This round: 7,0
25, 2: 26, 26.0
This round: 7,0
25, 3: 26, 26.0
5.6099
5.348700000000001
This round: 15,0
26, 0: 27, 27.0
This round: 15,0
26, 1: 27, 27.0
This round: 15,0
26, 2: 27, 27.0
This round: 15,0
26, 3: 27, 27.0
5.428999999999999
5.5853
5.4827
5.5897
5.3218
5.8221
5.643300000000001
This round: 2,0
27, 0: 28, 28.0
This round: 2,0
27, 1: 28, 28.0
This round: 2,0
27, 2: 28, 28.0
This round: 2,0
27, 3: 28, 28.0
5.3992
This round: 5,0
28, 0: 29, 29.0
This round: 5,0
28, 1: 29, 29.0
This round: 5,0
28, 2: 29, 29.0
This round: 5,0
28, 3: 29, 29.0
5.3397
This round: 2,0
29, 0: 30, 30.0
This round: 2,0
29, 1: 30, 30.0
This round: 2,0
29, 2: 30, 30.0
This round: 2,0
29, 3: 30, 30.0
5.179
This round: 2,0
30, 0: 31, 31.0
This round: 2,0
30, 1: 31, 31.0
This round: 2,0
30, 2: 31, 31.0
This round: 2,0
30, 3: 31, 31.0
5.279300000000001
This round: 1,0
31, 0: 32, 32.0
This round: 1,0
31, 1: 32, 32.0
This round: 1,0
31, 2: 32, 32.0
This round: 1,0
31, 3: 32, 32.0
5.2864
This round: 6,0
32, 0: 33, 33.0
This round: 6,0
32, 1: 33, 33.0
This round: 6,0
32, 2: 33, 33.0
This round: 6,0
32, 3: 33, 33.0
5.4458
This round: 3,0
33, 0: 34, 34.0
This round: 3,0
33, 1: 34, 34.0
This round: 3,0
33, 2: 34, 34.0
This round: 3,0
33, 3: 34, 34.0
5.536099999999999
This round: 3,0
34, 0: 35, 35.0
This round: 3,0
34, 1: 35, 35.0
This round: 3,0
34, 2: 35, 35.0
This round: 3,0
34, 3: 35, 35.0
5.616700000000001
This round: 9,0
35, 0: 36, 36.0
This round: 9,0
35, 1: 36, 36.0
This round: 9,0
35, 2: 36, 36.0
This round: 9,0
35, 3: 36, 36.0
5.4648
This round: 5,0
36, 0: 37, 37.0
This round: 5,0
36, 1: 37, 37.0
This round: 5,0
36, 2: 37, 37.0
This round: 5,0
36, 3: 37, 37.0
5.0449
This round: 1,0
37, 0: 38, 38.0
This round: 1,0
37, 1: 38, 38.0
This round: 1,0
37, 2: 38, 38.0
This round: 1,0
37, 3: 38, 38.0
5.375399999999999
5.1979
5.2593
This round: 3,0
38, 0: 39, 39.0
This round: 3,0
38, 1: 39, 39.0
This round: 3,0
38, 2: 39, 39.0
This round: 3,0
38, 3: 39, 39.0
5.3933
5.6433
5.2883000000000004
5.3217
This round: 6,0
39, 0: 40, 40.0
This round: 6,0
39, 1: 40, 40.0
This round: 6,0
39, 2: 40, 40.0
This round: 6,0
39, 3: 40, 40.0
5.3217
This round: 4,0
40, 0: 41, 41.0
This round: 4,0
40, 1: 41, 41.0
This round: 4,0
40, 2: 41, 41.0
This round: 4,0
40, 3: 41, 41.0
5.3799
This round: 6,0
41, 0: 42, 42.0
This round: 6,0
41, 1: 42, 42.0
This round: 6,0
41, 2: 42, 42.0
This round: 6,0
41, 3: 42, 42.0
5.1789
This round: 2,0
42, 0: 43, 43.0
This round: 2,0
42, 1: 43, 43.0
This round: 2,0
42, 2: 43, 43.0
This round: 2,0
42, 3: 43, 43.0
5.3307
This round: 5,0
43, 0: 44, 44.0
This round: 5,0
43, 1: 44, 44.0
This round: 5,0
43, 2: 44, 44.0
This round: 5,0
43, 3: 44, 44.0
5.473800000000001
This round: 2,0
44, 0: 45, 45.0
This round: 2,0
44, 1: 45, 45.0
This round: 2,0
44, 2: 45, 45.0
This round: 2,0
44, 3: 45, 45.0
5.5296
This round: 1,0
45, 0: 46, 46.0
This round: 1,0
45, 1: 46, 46.0
This round: 1,0
45, 2: 46, 46.0
This round: 1,0
45, 3: 46, 46.0
5.3578
5.500500000000001
5.5698
5.482800000000001
5.4289000000000005
This round: 7,0
46, 0: 47, 47.0
This round: 7,0
46, 1: 47, 47.0
This round: 7,0
46, 2: 47, 47.0
This round: 7,0
46, 3: 47, 47.0
5.6433
5.4288
This round: 6,0
47, 0: 48, 48.0
This round: 6,0
47, 1: 48, 48.0
This round: 6,0
47, 2: 48, 48.0
This round: 6,0
47, 3: 48, 48.0
5.2146
This round: 2,0
48, 0: 49, 49.0
This round: 2,0
48, 1: 49, 49.0
This round: 2,0
48, 2: 49, 49.0
This round: 2,0
48, 3: 49, 49.0
5.3128
This round: 8,0
49, 0: 50, 50.0
This round: 8,0
49, 1: 50, 50.0
This round: 8,0
49, 2: 50, 50.0
This round: 8,0
49, 3: 50, 50.0
5.339700000000001
This round: 4,0
50, 0: 51, 51.0
This round: 4,0
50, 1: 51, 51.0
This round: 4,0
50, 2: 51, 51.0
This round: 4,0
50, 3: 51, 51.0
5.216800000000001
This round: 3,0
51, 0: 52, 52.0
This round: 3,0
51, 1: 52, 52.0
This round: 3,0
51, 2: 52, 52.0
This round: 3,0
51, 3: 52, 52.0
5.2459999999999996
This round: 1,0
52, 0: 53, 53.0
This round: 1,0
52, 1: 53, 53.0
This round: 1,0
52, 2: 53, 53.0
This round: 1,0
52, 3: 53, 53.0
5.3442
This round: 4,0
53, 0: 54, 54.0
This round: 4,0
53, 1: 54, 54.0
This round: 4,0
53, 2: 54, 54.0
This round: 4,0
53, 3: 54, 54.0
5.272799999999999
This round: 4,0
54, 0: 55, 55.0
This round: 4,0
54, 1: 55, 55.0
This round: 4,0
54, 2: 55, 55.0
This round: 4,0
54, 3: 55, 55.0
5.505
5.554400000000001
5.4651
5.598700000000001
5.2506
This round: 1,0
55, 0: 56, 56.0
This round: 1,0
55, 1: 56, 56.0
This round: 1,0
55, 2: 56, 56.0
This round: 1,0
55, 3: 56, 56.0
5.5363
5.3621
5.4023
5.500400000000001
5.4874
This round: 11,0
56, 0: 57, 57.0
This round: 11,0
56, 1: 57, 57.0
This round: 11,0
56, 2: 57, 57.0
This round: 11,0
56, 3: 57, 57.0
5.607500000000001
5.357600000000001
5.161
This round: 8,0
57, 0: 58, 58.0
This round: 8,0
57, 1: 58, 58.0
This round: 8,0
57, 2: 58, 58.0
This round: 8,0
57, 3: 58, 58.0
5.2505
This round: 21,0
58, 0: 59, 59.0
This round: 21,0
58, 1: 59, 59.0
This round: 21,0
58, 2: 59, 59.0
This round: 21,0
58, 3: 59, 59.0
5.1644
5.6525
5.5005999999999995
5.268199999999999
This round: 6,0
59, 0: 60, 60.0
This round: 6,0
59, 1: 60, 60.0
This round: 6,0
59, 2: 60, 60.0
This round: 6,0
59, 3: 60, 60.0
5.2145
This round: 4,0
60, 0: 61, 61.0
This round: 4,0
60, 1: 61, 61.0
This round: 4,0
60, 2: 61, 61.0
This round: 4,0
60, 3: 61, 61.0
5.179
5.482500000000001
This round: 3,0
61, 0: 62, 62.0
This round: 3,0
61, 1: 62, 62.0
This round: 3,0
61, 2: 62, 62.0
This round: 3,0
61, 3: 62, 62.0
5.500700000000001
This round: 2,0
62, 0: 63, 63.0
This round: 2,0
62, 1: 63, 63.0
This round: 2,0
62, 2: 63, 63.0
This round: 2,0
62, 3: 63, 63.0
5.357600000000001
This round: 14,0
63, 0: 64, 64.0
This round: 14,0
63, 1: 64, 64.0
This round: 14,0
63, 2: 64, 64.0
This round: 14,0
63, 3: 64, 64.0
5.3039
This round: 1,0
64, 0: 65, 65.0
This round: 1,0
64, 1: 65, 65.0
This round: 1,0
64, 2: 65, 65.0
This round: 1,0
64, 3: 65, 65.0
5.4292
This round: 12,0
65, 0: 66, 66.0
This round: 12,0
65, 1: 66, 66.0
This round: 12,0
65, 2: 66, 66.0
This round: 12,0
65, 3: 66, 66.0
5.286199999999999
5.5015
This round: 3,0
66, 0: 67, 67.0
This round: 3,0
66, 1: 67, 67.0
This round: 3,0
66, 2: 67, 67.0
This round: 3,0
66, 3: 67, 67.0
5.2816
This round: 2,0
67, 0: 68, 68.0
This round: 2,0
67, 1: 68, 68.0
This round: 2,0
67, 2: 68, 68.0
This round: 2,0
67, 3: 68, 68.0
5.1789
This round: 6,0
68, 0: 69, 69.0
This round: 6,0
68, 1: 69, 69.0
This round: 6,0
68, 2: 69, 69.0
This round: 6,0
68, 3: 69, 69.0
5.2505
This round: 2,0
69, 0: 70, 70.0
This round: 2,0
69, 1: 70, 70.0
This round: 2,0
69, 2: 70, 70.0
This round: 2,0
69, 3: 70, 70.0
5.428999999999999
5.3753
This round: 1,0
70, 0: 71, 71.0
This round: 1,0
70, 1: 71, 71.0
This round: 1,0
70, 2: 71, 71.0
This round: 1,0
70, 3: 71, 71.0
5.6076
5.1924
This round: 3,0
71, 0: 72, 72.0
This round: 3,0
71, 1: 72, 72.0
This round: 3,0
71, 2: 72, 72.0
This round: 3,0
71, 3: 72, 72.0
5.428999999999999
This round: 1,0
72, 0: 73, 73.0
This round: 1,0
72, 1: 73, 73.0
This round: 1,0
72, 2: 73, 73.0
This round: 1,0
72, 3: 73, 73.0
5.3933
This round: 1,0
73, 0: 74, 74.0
This round: 1,0
73, 1: 74, 74.0
This round: 1,0
73, 2: 74, 74.0
This round: 1,0
73, 3: 74, 74.0
5.4872
5.4649
5.1433
This round: 5,0
74, 0: 75, 75.0
This round: 5,0
74, 1: 75, 75.0
This round: 5,0
74, 2: 75, 75.0
This round: 5,0
74, 3: 75, 75.0
5.572000000000001
5.357600000000001
This round: 13,0
75, 0: 76, 76.0
This round: 13,0
75, 1: 76, 76.0
This round: 13,0
75, 2: 76, 76.0
This round: 13,0
75, 3: 76, 76.0
5.2527
This round: 11,0
76, 0: 77, 77.0
This round: 11,0
76, 1: 77, 77.0
This round: 11,0
76, 2: 77, 77.0
This round: 11,0
76, 3: 77, 77.0
5.351000000000001
5.5185
5.4379
This round: 7,0
77, 0: 78, 78.0
This round: 7,0
77, 1: 78, 78.0
This round: 7,0
77, 2: 78, 78.0
This round: 7,0
77, 3: 78, 78.0
5.5451
5.3935
5.2681
This round: 11,0
78, 0: 79, 79.0
This round: 11,0
78, 1: 79, 79.0
This round: 11,0
78, 2: 79, 79.0
This round: 11,0
78, 3: 79, 79.0
5.429200000000001
This round: 9,0
79, 0: 80, 80.0
This round: 9,0
79, 1: 80, 80.0
This round: 9,0
79, 2: 80, 80.0
This round: 9,0
79, 3: 80, 80.0
5.362100000000001
5.5361
5.243799999999999
This round: 10,0
80, 0: 81, 81.0
This round: 10,0
80, 1: 81, 81.0
This round: 10,0
80, 2: 81, 81.0
This round: 10,0
80, 3: 81, 81.0
5.3933
5.375399999999999
5.286899999999999
5.322100000000001
This round: 21,0
81, 0: 82, 82.0
This round: 21,0
81, 1: 82, 82.0
This round: 21,0
81, 2: 82, 82.0
This round: 21,0
81, 3: 82, 82.0
5.1253
This round: 5,0
82, 0: 83, 83.0
This round: 5,0
82, 1: 83, 83.0
This round: 5,0
82, 2: 83, 83.0
This round: 5,0
82, 3: 83, 83.0
5.4648
5.4826999999999995
This round: 5,0
83, 0: 84, 84.0
This round: 5,0
83, 1: 84, 84.0
This round: 5,0
83, 2: 84, 84.0
This round: 5,0
83, 3: 84, 84.0
5.6076
5.1348
This round: 41,0
84, 0: 85, 85.0
This round: 41,0
84, 1: 85, 85.0
This round: 41,0
84, 2: 85, 85.0
This round: 41,0
84, 3: 85, 85.0
5.2503
This round: 9,0
85, 0: 86, 86.0
This round: 9,0
85, 1: 86, 86.0
This round: 9,0
85, 2: 86, 86.0
This round: 9,0
85, 3: 86, 86.0
5.2728
This round: 5,0
86, 0: 87, 87.0
This round: 5,0
86, 1: 87, 87.0
This round: 5,0
86, 2: 87, 87.0
This round: 5,0
86, 3: 87, 87.0
5.464500000000001
This round: 8,0
87, 0: 88, 88.0
This round: 8,0
87, 1: 88, 88.0
This round: 8,0
87, 2: 88, 88.0
This round: 8,0
87, 3: 88, 88.0
5.447
This round: 4,0
88, 0: 89, 89.0
This round: 4,0
88, 1: 89, 89.0
This round: 4,0
88, 2: 89, 89.0
This round: 4,0
88, 3: 89, 89.0
5.645600000000001
5.5004
This round: 3,0
89, 0: 90, 90.0
This round: 3,0
89, 1: 90, 90.0
This round: 3,0
89, 2: 90, 90.0
This round: 3,0
89, 3: 90, 90.0
5.5718000000000005
This round: 2,0
90, 0: 91, 91.0
This round: 2,0
90, 1: 91, 91.0
This round: 2,0
90, 2: 91, 91.0
This round: 2,0
90, 3: 91, 91.0
5.536199999999999
5.5361
5.2192
This round: 2,0
91, 0: 92, 92.0
This round: 2,0
91, 1: 92, 92.0
This round: 2,0
91, 2: 92, 92.0
This round: 2,0
91, 3: 92, 92.0
5.4157
This round: 2,0
92, 0: 93, 93.0
This round: 2,0
92, 1: 93, 93.0
This round: 2,0
92, 2: 93, 93.0
This round: 2,0
92, 3: 93, 93.0
5.3754
This round: 3,0
93, 0: 94, 94.0
This round: 3,0
93, 1: 94, 94.0
This round: 3,0
93, 2: 94, 94.0
This round: 3,0
93, 3: 94, 94.0
5.571900000000001
5.3576
This round: 37,0
94, 0: 95, 95.0
This round: 37,0
94, 1: 95, 95.0
This round: 37,0
94, 2: 95, 95.0
This round: 37,0
94, 3: 95, 95.0
5.3176
5.3899
This round: 6,0
95, 0: 96, 96.0
This round: 6,0
95, 1: 96, 96.0
This round: 6,0
95, 2: 96, 96.0
This round: 6,0
95, 3: 96, 96.0
5.6345
5.3086
This round: 6,0
96, 0: 97, 97.0
This round: 6,0
96, 1: 97, 97.0
This round: 6,0
96, 2: 97, 97.0
This round: 6,0
96, 3: 97, 97.0
5.2862
This round: 3,0
97, 0: 98, 98.0
This round: 3,0
97, 1: 98, 98.0
This round: 3,0
97, 2: 98, 98.0
This round: 3,0
97, 3: 98, 98.0
5.5452
5.3262
This round: 4,0
98, 0: 99, 99.0
This round: 4,0
98, 1: 99, 99.0
This round: 4,0
98, 2: 99, 99.0
This round: 4,0
98, 3: 99, 99.0
5.6055
5.3778
This round: 1,0
99, 0: 100, 100.0
This round: 1,0
99, 1: 100, 100.0
This round: 1,0
99, 2: 100, 100.0
This round: 1,0
99, 3: 100, 100.0
5.4291
This round: 6,0
100, 0: 101, 101.0
This round: 6,0
100, 1: 101, 101.0
This round: 6,0
100, 2: 101, 101.0
This round: 6,0
100, 3: 101, 101.0
5.3397
This round: 3,0
101, 0: 102, 102.0
This round: 3,0
101, 1: 102, 102.0
This round: 3,0
101, 2: 102, 102.0
This round: 3,0
101, 3: 102, 102.0
5.8042
This round: 4,0
102, 0: 103, 103.0
This round: 4,0
102, 1: 103, 103.0
This round: 4,0
102, 2: 103, 103.0
This round: 4,0
102, 3: 103, 103.0
5.2348
This round: 7,0
103, 0: 104, 104.0
This round: 7,0
103, 1: 104, 104.0
This round: 7,0
103, 2: 104, 104.0
This round: 7,0
103, 3: 104, 104.0
5.500299999999999
This round: 8,0
104, 0: 105, 105.0
This round: 8,0
104, 1: 105, 105.0
This round: 8,0
104, 2: 105, 105.0
This round: 8,0
104, 3: 105, 105.0
5.2605
This round: 32,0
105, 0: 106, 106.0
This round: 32,0
105, 1: 106, 106.0
This round: 32,0
105, 2: 106, 106.0
This round: 32,0
105, 3: 106, 106.0
5.518299999999999
This round: 16,0
106, 0: 107, 107.0
This round: 16,0
106, 1: 107, 107.0
This round: 16,0
106, 2: 107, 107.0
This round: 16,0
106, 3: 107, 107.0
5.3933
This round: 2,0
107, 0: 108, 108.0
This round: 2,0
107, 1: 108, 108.0
This round: 2,0
107, 2: 108, 108.0
This round: 2,0
107, 3: 108, 108.0
5.3576
5.286100000000001
5.4112
This round: 3,0
108, 0: 109, 109.0
This round: 3,0
108, 1: 109, 109.0
This round: 3,0
108, 2: 109, 109.0
This round: 3,0
108, 3: 109, 109.0
5.2147
This round: 2,0
109, 0: 110, 110.0
This round: 2,0
109, 1: 110, 110.0
This round: 2,0
109, 2: 110, 110.0
This round: 2,0
109, 3: 110, 110.0
5.2166999999999994
This round: 1,0
110, 0: 111, 111.0
This round: 1,0
110, 1: 111, 111.0
This round: 1,0
110, 2: 111, 111.0
This round: 1,0
110, 3: 111, 111.0
5.2593
This round: 1,0
111, 0: 112, 112.0
This round: 1,0
111, 1: 112, 112.0
This round: 1,0
111, 2: 112, 112.0
This round: 1,0
111, 3: 112, 112.0
5.518400000000001
This round: 1,0
112, 0: 113, 113.0
This round: 1,0
112, 1: 113, 113.0
This round: 1,0
112, 2: 113, 113.0
This round: 1,0
112, 3: 113, 113.0
5.339799999999999
5.1967
This round: 3,0
113, 0: 114, 114.0
This round: 3,0
113, 1: 114, 114.0
This round: 3,0
113, 2: 114, 114.0
This round: 3,0
113, 3: 114, 114.0
5.3956
This round: 9,0
114, 0: 115, 115.0
This round: 9,0
114, 1: 115, 115.0
This round: 9,0
114, 2: 115, 115.0
This round: 9,0
114, 3: 115, 115.0
5.3576999999999995
This round: 1,0
115, 0: 116, 116.0
This round: 1,0
115, 1: 116, 116.0
This round: 1,0
115, 2: 116, 116.0
This round: 1,0
115, 3: 116, 116.0
5.5764
This round: 3,0
116, 0: 117, 117.0
This round: 3,0
116, 1: 117, 117.0
This round: 3,0
116, 2: 117, 117.0
This round: 3,0
116, 3: 117, 117.0
5.428999999999999
This round: 2,0
117, 0: 118, 118.0
This round: 2,0
117, 1: 118, 118.0
This round: 2,0
117, 2: 118, 118.0
This round: 2,0
117, 3: 118, 118.0
5.643299999999999
5.679100000000001
5.4288
This round: 3,0
118, 0: 119, 119.0
This round: 3,0
118, 1: 119, 119.0
This round: 3,0
118, 2: 119, 119.0
This round: 3,0
118, 3: 119, 119.0
5.357500000000001
This round: 5,0
119, 0: 120, 120.0
This round: 5,0
119, 1: 120, 120.0
This round: 5,0
119, 2: 120, 120.0
This round: 5,0
119, 3: 120, 120.0
5.5016
This round: 10,0
120, 0: 121, 121.0
This round: 10,0
120, 1: 121, 121.0
This round: 10,0
120, 2: 121, 121.0
This round: 10,0
120, 3: 121, 121.0
5.4277999999999995
This round: 4,0
121, 0: 122, 122.0
This round: 4,0
121, 1: 122, 122.0
This round: 4,0
121, 2: 122, 122.0
This round: 4,0
121, 3: 122, 122.0
5.3218
This round: 7,0
122, 0: 123, 123.0
This round: 7,0
122, 1: 123, 123.0
This round: 7,0
122, 2: 123, 123.0
This round: 7,0
122, 3: 123, 123.0
5.1789
This round: 5,0
123, 0: 124, 124.0
This round: 5,0
123, 1: 124, 124.0
This round: 5,0
123, 2: 124, 124.0
This round: 5,0
123, 3: 124, 124.0
5.3218
5.2682
5.339700000000001
This round: 2,0
124, 0: 125, 125.0
This round: 2,0
124, 1: 125, 125.0
This round: 2,0
124, 2: 125, 125.0
This round: 2,0
124, 3: 125, 125.0
5.2861
This round: 2,0
125, 0: 126, 126.0
This round: 2,0
125, 1: 126, 126.0
This round: 2,0
125, 2: 126, 126.0
This round: 2,0
125, 3: 126, 126.0
5.286300000000001
This round: 1,0
126, 0: 127, 127.0
This round: 1,0
126, 1: 127, 127.0
This round: 1,0
126, 2: 127, 127.0
This round: 1,0
126, 3: 127, 127.0
5.541
This round: 3,0
127, 0: 128, 128.0
This round: 3,0
127, 1: 128, 128.0
This round: 3,0
127, 2: 128, 128.0
This round: 3,0
127, 3: 128, 128.0
5.1939
This round: 3,0
128, 0: 129, 129.0
This round: 3,0
128, 1: 129, 129.0
This round: 3,0
128, 2: 129, 129.0
This round: 3,0
128, 3: 129, 129.0
5.303999999999999
This round: 28,0
129, 0: 130, 130.0
This round: 28,0
129, 1: 130, 130.0
This round: 28,0
129, 2: 130, 130.0
This round: 28,0
129, 3: 130, 130.0
5.313999999999999
This round: 6,0
130, 0: 131, 131.0
This round: 6,0
130, 1: 131, 131.0
This round: 6,0
130, 2: 131, 131.0
This round: 6,0
130, 3: 131, 131.0
5.572
5.5004
5.295000000000001
This round: 2,0
131, 0: 132, 132.0
This round: 2,0
131, 1: 132, 132.0
This round: 2,0
131, 2: 132, 132.0
This round: 2,0
131, 3: 132, 132.0
5.2058
This round: 6,0
132, 0: 133, 133.0
This round: 6,0
132, 1: 133, 133.0
This round: 6,0
132, 2: 133, 133.0
This round: 6,0
132, 3: 133, 133.0
5.3085
This round: 2,0
133, 0: 134, 134.0
This round: 2,0
133, 1: 134, 134.0
This round: 2,0
133, 2: 134, 134.0
This round: 2,0
133, 3: 134, 134.0
5.3577
5.5719
5.2593000000000005
This round: 1,0
134, 0: 135, 135.0
This round: 1,0
134, 1: 135, 135.0
This round: 1,0
134, 2: 135, 135.0
This round: 1,0
134, 3: 135, 135.0
5.3397
This round: 3,0
135, 0: 136, 136.0
This round: 3,0
135, 1: 136, 136.0
This round: 3,0
135, 2: 136, 136.0
This round: 3,0
135, 3: 136, 136.0
5.3932
This round: 3,0
136, 0: 137, 137.0
This round: 3,0
136, 1: 137, 137.0
This round: 3,0
136, 2: 137, 137.0
This round: 3,0
136, 3: 137, 137.0
5.4602
This round: 2,0
137, 0: 138, 138.0
This round: 2,0
137, 1: 138, 138.0
This round: 2,0
137, 2: 138, 138.0
This round: 2,0
137, 3: 138, 138.0
5.8578
5.6614
5.3933
5.464700000000001
This round: 4,0
138, 0: 139, 139.0
This round: 4,0
138, 1: 139, 139.0
This round: 4,0
138, 2: 139, 139.0
This round: 4,0
138, 3: 139, 139.0
5.214600000000001
This round: 2,0
139, 0: 140, 140.0
This round: 2,0
139, 1: 140, 140.0
This round: 2,0
139, 2: 140, 140.0
This round: 2,0
139, 3: 140, 140.0
5.59
5.0851
This round: 1,0
140, 0: 141, 141.0
This round: 1,0
140, 1: 141, 141.0
This round: 1,0
140, 2: 141, 141.0
This round: 1,0
140, 3: 141, 141.0
5.393199999999999
This round: 1,0
141, 0: 142, 142.0
This round: 1,0
141, 1: 142, 142.0
This round: 1,0
141, 2: 142, 142.0
This round: 1,0
141, 3: 142, 142.0
5.3039
This round: 3,0
142, 0: 143, 143.0
This round: 3,0
142, 1: 143, 143.0
This round: 3,0
142, 2: 143, 143.0
This round: 3,0
142, 3: 143, 143.0
5.430000000000001
5.429200000000001
This round: 2,0
143, 0: 144, 144.0
This round: 2,0
143, 1: 144, 144.0
This round: 2,0
143, 2: 144, 144.0
This round: 2,0
143, 3: 144, 144.0
5.1924
This round: 4,0
144, 0: 145, 145.0
This round: 4,0
144, 1: 145, 145.0
This round: 4,0
144, 2: 145, 145.0
This round: 4,0
144, 3: 145, 145.0
5.4202
This round: 2,0
145, 0: 146, 146.0
This round: 2,0
145, 1: 146, 146.0
This round: 2,0
145, 2: 146, 146.0
This round: 2,0
145, 3: 146, 146.0
5.6256
This round: 6,0
146, 0: 147, 147.0
This round: 6,0
146, 1: 147, 147.0
This round: 6,0
146, 2: 147, 147.0
This round: 6,0
146, 3: 147, 147.0
5.356400000000001
This round: 11,0
147, 0: 148, 148.0
This round: 11,0
147, 1: 148, 148.0
This round: 11,0
147, 2: 148, 148.0
This round: 11,0
147, 3: 148, 148.0
5.4112
This round: 4,0
148, 0: 149, 149.0
This round: 4,0
148, 1: 149, 149.0
This round: 4,0
148, 2: 149, 149.0
This round: 4,0
148, 3: 149, 149.0
5.268100000000001
This round: 11,0
149, 0: 150, 150.0
This round: 11,0
149, 1: 150, 150.0
This round: 11,0
149, 2: 150, 150.0
This round: 11,0
149, 3: 150, 150.0
5.4647
5.1968000000000005
This round: 1,0
150, 0: 151, 151.0
This round: 1,0
150, 1: 151, 151.0
This round: 1,0
150, 2: 151, 151.0
This round: 1,0
150, 3: 151, 151.0
5.439099999999999
5.4917
This round: 10,0
151, 0: 152, 152.0
This round: 10,0
151, 1: 152, 152.0
This round: 10,0
151, 2: 152, 152.0
This round: 10,0
151, 3: 152, 152.0
5.357600000000001
This round: 2,0
152, 0: 153, 153.0
This round: 2,0
152, 1: 153, 153.0
This round: 2,0
152, 2: 153, 153.0
This round: 2,0
152, 3: 153, 153.0
5.214700000000001
This round: 7,0
153, 0: 154, 154.0
This round: 7,0
153, 1: 154, 154.0
This round: 7,0
153, 2: 154, 154.0
This round: 7,0
153, 3: 154, 154.0
5.2526
This round: 1,0
154, 0: 155, 155.0
This round: 1,0
154, 1: 155, 155.0
This round: 1,0
154, 2: 155, 155.0
This round: 1,0
154, 3: 155, 155.0
5.5207999999999995
5.4469
5.2861
5.4557
This round: 6,0
155, 0: 156, 156.0
This round: 6,0
155, 1: 156, 156.0
This round: 6,0
155, 2: 156, 156.0
This round: 6,0
155, 3: 156, 156.0
5.2861
5.2949
This round: 11,0
156, 0: 157, 157.0
This round: 11,0
156, 1: 157, 157.0
This round: 11,0
156, 2: 157, 157.0
This round: 11,0
156, 3: 157, 157.0
5.8047
5.3599
This round: 3,0
157, 0: 158, 158.0
This round: 3,0
157, 1: 158, 158.0
This round: 3,0
157, 2: 158, 158.0
This round: 3,0
157, 3: 158, 158.0
5.2682
This round: 16,0
158, 0: 159, 159.0
This round: 16,0
158, 1: 159, 159.0
This round: 16,0
158, 2: 159, 159.0
This round: 16,0
158, 3: 159, 159.0
5.411099999999999
This round: 3,0
159, 0: 160, 160.0
This round: 3,0
159, 1: 160, 160.0
This round: 3,0
159, 2: 160, 160.0
This round: 3,0
159, 3: 160, 160.0
5.2773
This round: 1,0
160, 0: 161, 161.0
This round: 1,0
160, 1: 161, 161.0
This round: 1,0
160, 2: 161, 161.0
This round: 1,0
160, 3: 161, 161.0
5.331
This round: 7,0
161, 0: 162, 162.0
This round: 7,0
161, 1: 162, 162.0
This round: 7,0
161, 2: 162, 162.0
This round: 7,0
161, 3: 162, 162.0
5.732700000000001
5.4291
5.701300000000001
5.491600000000001
5.5407
5.554100000000001
5.286200000000001
This round: 13,0
162, 0: 163, 163.0
This round: 13,0
162, 1: 163, 163.0
This round: 13,0
162, 2: 163, 163.0
This round: 13,0
162, 3: 163, 163.0
5.357500000000001
This round: 7,0
163, 0: 164, 164.0
This round: 7,0
163, 1: 164, 164.0
This round: 7,0
163, 2: 164, 164.0
This round: 7,0
163, 3: 164, 164.0
5.2504
This round: 4,0
164, 0: 165, 165.0
This round: 4,0
164, 1: 165, 165.0
This round: 4,0
164, 2: 165, 165.0
This round: 4,0
164, 3: 165, 165.0
5.4559
This round: 2,0
165, 0: 166, 166.0
This round: 2,0
165, 1: 166, 166.0
This round: 2,0
165, 2: 166, 166.0
This round: 2,0
165, 3: 166, 166.0
5.500699999999999
5.357600000000001
This round: 3,0
166, 0: 167, 167.0
This round: 3,0
166, 1: 167, 167.0
This round: 3,0
166, 2: 167, 167.0
This round: 3,0
166, 3: 167, 167.0
5.4645
This round: 1,0
167, 0: 168, 168.0
This round: 1,0
167, 1: 168, 168.0
This round: 1,0
167, 2: 168, 168.0
This round: 1,0
167, 3: 168, 168.0
5.1835
This round: 4,0
168, 0: 169, 169.0
This round: 4,0
168, 1: 169, 169.0
This round: 4,0
168, 2: 169, 169.0
This round: 4,0
168, 3: 169, 169.0
5.178999999999999
This round: 2,0
169, 0: 170, 170.0
This round: 2,0
169, 1: 170, 170.0
This round: 2,0
169, 2: 170, 170.0
This round: 2,0
169, 3: 170, 170.0
5.3935
This round: 4,0
170, 0: 171, 171.0
This round: 4,0
170, 1: 171, 171.0
This round: 4,0
170, 2: 171, 171.0
This round: 4,0
170, 3: 171, 171.0
5.339700000000001
5.384500000000001
This round: 1,0
171, 0: 172, 172.0
This round: 1,0
171, 1: 172, 172.0
This round: 1,0
171, 2: 172, 172.0
This round: 1,0
171, 3: 172, 172.0
5.370900000000001
This round: 3,0
172, 0: 173, 173.0
This round: 3,0
172, 1: 173, 173.0
This round: 3,0
172, 2: 173, 173.0
This round: 3,0
172, 3: 173, 173.0
5.3039
This round: 9,0
173, 0: 174, 174.0
This round: 9,0
173, 1: 174, 174.0
This round: 9,0
173, 2: 174, 174.0
This round: 9,0
173, 3: 174, 174.0
5.5676
5.214799999999999
This round: 30,0
174, 0: 175, 175.0
This round: 30,0
174, 1: 175, 175.0
This round: 30,0
174, 2: 175, 175.0
This round: 30,0
174, 3: 175, 175.0
5.7147
5.178999999999999
This round: 1,0
175, 0: 176, 176.0
This round: 1,0
175, 1: 176, 176.0
This round: 1,0
175, 2: 176, 176.0
This round: 1,0
175, 3: 176, 176.0
5.286
This round: 34,0
176, 0: 177, 177.0
This round: 34,0
176, 1: 177, 177.0
This round: 34,0
176, 2: 177, 177.0
This round: 34,0
176, 3: 177, 177.0
5.500300000000001
This round: 6,0
177, 0: 178, 178.0
This round: 6,0
177, 1: 178, 178.0
This round: 6,0
177, 2: 178, 178.0
This round: 6,0
177, 3: 178, 178.0
5.5631
This round: 46,0
178, 0: 179, 179.0
This round: 46,0
178, 1: 179, 179.0
This round: 46,0
178, 2: 179, 179.0
This round: 46,0
178, 3: 179, 179.0
5.679
5.2951
This round: 7,0
179, 0: 180, 180.0
This round: 7,0
179, 1: 180, 180.0
This round: 7,0
179, 2: 180, 180.0
This round: 7,0
179, 3: 180, 180.0
5.518199999999999
5.7147
5.304
This round: 15,0
180, 0: 181, 181.0
This round: 15,0
180, 1: 181, 181.0
This round: 15,0
180, 2: 181, 181.0
This round: 15,0
180, 3: 181, 181.0
5.3351999999999995
This round: 2,0
181, 0: 182, 182.0
This round: 2,0
181, 1: 182, 182.0
This round: 2,0
181, 2: 182, 182.0
This round: 2,0
181, 3: 182, 182.0
5.3586
This round: 19,0
182, 0: 183, 183.0
This round: 19,0
182, 1: 183, 183.0
This round: 19,0
182, 2: 183, 183.0
This round: 19,0
182, 3: 183, 183.0
5.4468000000000005
5.536300000000001
This round: 20,0
183, 0: 184, 184.0
This round: 20,0
183, 1: 184, 184.0
This round: 20,0
183, 2: 184, 184.0
This round: 20,0
183, 3: 184, 184.0
5.6434000000000015
5.616500000000001
5.5005999999999995
This round: 8,0
184, 0: 185, 185.0
This round: 8,0
184, 1: 185, 185.0
This round: 8,0
184, 2: 185, 185.0
This round: 8,0
184, 3: 185, 185.0
5.339800000000001
This round: 2,0
185, 0: 186, 186.0
This round: 2,0
185, 1: 186, 186.0
This round: 2,0
185, 2: 186, 186.0
This round: 2,0
185, 3: 186, 186.0
5.2951
This round: 3,0
186, 0: 187, 187.0
This round: 3,0
186, 1: 187, 187.0
This round: 3,0
186, 2: 187, 187.0
This round: 3,0
186, 3: 187, 187.0
5.4379
This round: 7,0
187, 0: 188, 188.0
This round: 7,0
187, 1: 188, 188.0
This round: 7,0
187, 2: 188, 188.0
This round: 7,0
187, 3: 188, 188.0
5.4515
This round: 4,0
188, 0: 189, 189.0
This round: 4,0
188, 1: 189, 189.0
This round: 4,0
188, 2: 189, 189.0
This round: 4,0
188, 3: 189, 189.0
5.4647
This round: 2,0
189, 0: 190, 190.0
This round: 2,0
189, 1: 190, 190.0
This round: 2,0
189, 2: 190, 190.0
This round: 2,0
189, 3: 190, 190.0
5.393400000000001
This round: 12,0
190, 0: 191, 191.0
This round: 12,0
190, 1: 191, 191.0
This round: 12,0
190, 2: 191, 191.0
This round: 12,0
190, 3: 191, 191.0
5.5003
5.6436
This round: 2,0
191, 0: 192, 192.0
This round: 2,0
191, 1: 192, 192.0
This round: 2,0
191, 2: 192, 192.0
This round: 2,0
191, 3: 192, 192.0
5.786300000000001
5.304
This round: 1,0
192, 0: 193, 193.0
This round: 1,0
192, 1: 193, 193.0
This round: 1,0
192, 2: 193, 193.0
This round: 1,0
192, 3: 193, 193.0
5.313000000000001
This round: 5,0
193, 0: 194, 194.0
This round: 5,0
193, 1: 194, 194.0
This round: 5,0
193, 2: 194, 194.0
This round: 5,0
193, 3: 194, 194.0
5.1873000000000005
5.3843
This round: 9,0
194, 0: 195, 195.0
This round: 9,0
194, 1: 195, 195.0
This round: 9,0
194, 2: 195, 195.0
This round: 9,0
194, 3: 195, 195.0
5.274900000000001
This round: 2,0
195, 0: 196, 196.0
This round: 2,0
195, 1: 196, 196.0
This round: 2,0
195, 2: 196, 196.0
This round: 2,0
195, 3: 196, 196.0
5.304100000000001
5.1388
This round: 2,0
196, 0: 197, 197.0
This round: 2,0
196, 1: 197, 197.0
This round: 2,0
196, 2: 197, 197.0
This round: 2,0
196, 3: 197, 197.0
5.3575
This round: 3,0
197, 0: 198, 198.0
This round: 3,0
197, 1: 198, 198.0
This round: 3,0
197, 2: 198, 198.0
This round: 3,0
197, 3: 198, 198.0
5.4291
5.514
This round: 5,0
198, 0: 199, 199.0
This round: 5,0
198, 1: 199, 199.0
This round: 5,0
198, 2: 199, 199.0
This round: 5,0
198, 3: 199, 199.0
5.5184
This round: 5,0
199, 0: 200, 200.0
This round: 5,0
199, 1: 200, 200.0
This round: 5,0
199, 2: 200, 200.0
This round: 5,0
199, 3: 200, 200.0
