5.2953
This round: 200,11
0, 0: 0, 0.945
This round: 200,16
0, 1: 0, 0.92
This round: 200,25
0, 2: 0, 0.875
This round: 200,15
0, 3: 0, 0.925
5.393199999999999
This round: 65,4
1, 0: 0, 1.8834615384615385
This round: 65,4
1, 1: 0, 1.8584615384615386
This round: 65,1
1, 2: 0, 1.8596153846153847
This round: 65,1
1, 3: 0, 1.9096153846153847
5.2860000000000005
This round: 49,2
2, 0: 0, 2.8426452119309262
This round: 49,15
2, 1: 0, 2.5523390894819467
This round: 49,12
2, 2: 0, 2.614717425431711
This round: 49,10
2, 3: 0, 2.7055337519623235
5.2860000000000005
This round: 48,4
3, 0: 0, 3.7593118785975927
This round: 48,4
3, 1: 0, 3.469005756148613
This round: 48,7
3, 2: 0, 3.4688840920983774
This round: 48,7
3, 3: 0, 3.55970041862899
5.237
This round: 395,16
4, 0: 0, 4.718805549483669
This round: 395,12
4, 1: 0, 4.43862600931317
This round: 396,45
4, 2: 0, 4.355247728462014
This round: 395,35
4, 3: 0, 4.471092823692281
5.3756
This round: 57,13
5, 0: 0, 5.490735374045072
This round: 56,13
5, 1: 0, 5.206483152170313
This round: 56,17
5, 2: 0, 5.051676299890585
This round: 57,14
5, 3: 0, 5.225478788604562
5.5897
5.370899999999999
This round: 56,3
6, 0: 0, 6.437163945473643
This round: 56,6
6, 1: 0, 6.0993402950274564
This round: 56,5
6, 2: 0, 5.9623905856048705
This round: 56,5
6, 3: 0, 6.1361930743188475
5.464799999999999
This round: 90,5
7, 0: 0, 7.381608389918088
This round: 90,3
7, 1: 0, 7.066006961694123
This round: 90,10
7, 2: 0, 6.85127947449376
This round: 90,2
7, 3: 0, 7.113970852096625
5.2506
5.306100000000001
This round: 90,2
8, 0: 0, 8.359386167695865
This round: 90,4
8, 1: 0, 8.021562517249679
This round: 90,21
8, 2: 0, 7.617946141160426
This round: 90,19
8, 3: 0, 7.902859740985514
5.2866
This round: 43,5
9, 0: 0, 9.243107097928423
This round: 43,7
9, 1: 0, 8.85877181957526
This round: 43,7
9, 2: 0, 8.455155443486008
This round: 43,5
9, 3: 0, 8.786580671218072
5.3575
This round: 59,8
10, 0: 0, 10.10751387758944
This round: 59,7
10, 1: 0, 9.74012775177865
This round: 59,11
10, 2: 0, 9.268714765519906
This round: 59,10
10, 3: 0, 9.617089145794344
5.2816
This round: 52,27
11, 0: 0, 10.58828310835867
This round: 52,14
11, 1: 0, 10.47089698254788
This round: 52,15
11, 2: 0, 9.980253227058368
This round: 52,28
11, 3: 0, 10.078627607332805
5.3933
This round: 44,2
12, 0: 0, 11.542828562904125
This round: 44,6
12, 1: 0, 11.334533346184243
This round: 44,5
12, 2: 0, 10.866616863422005
This round: 44,3
12, 3: 0, 11.010445789150987
5.4468000000000005
This round: 39,3
13, 0: 0, 12.465905485981049
This round: 39,3
13, 1: 0, 12.257610269261166
This round: 39,3
13, 2: 0, 11.789693786498928
This round: 39,2
13, 3: 0, 11.959163737868936
5.4647
This round: 134,1
14, 0: 0, 13.458442799413884
This round: 134,32
14, 1: 0, 13.018804299111912
This round: 134,44
14, 2: 0, 12.461335577543704
This round: 134,19
14, 3: 0, 12.817372693092816
5.411300000000001
This round: 128,39
15, 0: 0, 14.153755299413884
This round: 128,12
15, 1: 0, 13.925054299111912
This round: 128,29
15, 2: 0, 13.234773077543704
This round: 128,9
15, 3: 0, 13.747060193092816
5.339799999999999
This round: 412,4
16, 0: 0, 15.144046561549807
This round: 412,8
16, 1: 0, 14.905636823383755
This round: 412,15
16, 2: 0, 14.198365310553413
This round: 412,48
16, 3: 0, 14.630555338723884
5.4312
This round: 169,1
17, 0: 0, 16.138129401786493
This round: 169,4
17, 1: 0, 15.881968184330502
This round: 169,14
17, 2: 0, 15.115525073867023
This round: 169,5
17, 3: 0, 15.600969539907316
5.165800000000001
This round: 76,47
18, 0: 0, 16.519708349154914
This round: 76,45
18, 1: 0, 16.289862921172606
This round: 76,49
18, 2: 0, 15.470788231761759
This round: 76,51
18, 3: 0, 15.92991690832837
5.464700000000001
This round: 60,5
19, 0: 0, 17.436375015821582
This round: 60,12
19, 1: 0, 17.089862921172607
This round: 60,10
19, 2: 0, 16.30412156509509
This round: 60,6
19, 3: 0, 16.829916908328368
5.4380999999999995
5.527100000000001
This round: 43,16
20, 0: 0, 18.064281992565768
This round: 43,16
20, 1: 0, 17.717769897916792
This round: 43,16
20, 2: 0, 16.932028541839276
This round: 43,16
20, 3: 0, 17.457823885072553
5.303999999999999
This round: 59,3
21, 0: 0, 19.01343453493865
This round: 59,13
21, 1: 0, 18.497430914865944
This round: 59,15
21, 2: 0, 17.677791253703685
This round: 59,13
21, 3: 0, 18.237484902021706
5.357600000000001
This round: 77,4
22, 0: 0, 19.961486482990598
This round: 77,3
22, 1: 0, 19.458469875904907
This round: 77,22
22, 2: 0, 18.3920769679894
This round: 77,3
22, 3: 0, 19.198523863060668
5.348599999999999
This round: 98,7
23, 0: 0, 20.890057911562025
This round: 98,5
23, 1: 0, 20.407449467741642
This round: 98,7
23, 2: 0, 19.320648396560827
This round: 98,7
23, 3: 0, 20.127095291632095
5.6256
5.429200000000002
5.509500000000001
5.295000000000001
This round: 28,4
24, 0: 0, 21.747200768704882
This round: 28,3
24, 1: 0, 21.300306610598785
This round: 28,3
24, 2: 0, 20.21350553941797
This round: 28,4
24, 3: 0, 20.984238148774953
5.303999999999999
This round: 38,5
25, 0: 0, 22.61562182133646
This round: 38,2
25, 1: 0, 22.247675031651415
This round: 38,5
25, 2: 0, 21.081926592049548
This round: 38,5
25, 3: 0, 21.85265920140653
5.429000000000001
This round: 129,5
26, 0: 0, 23.576862131413982
This round: 129,24
26, 1: 0, 23.061628520023508
This round: 129,25
26, 2: 0, 21.888128142437147
This round: 129,7
26, 3: 0, 22.79839563551506
5.4139
This round: 51,3
27, 0: 0, 24.518038602002218
This round: 51,4
27, 1: 0, 23.98319714747449
This round: 51,3
27, 2: 0, 22.829304613025382
This round: 51,3
27, 3: 0, 23.739572106103296
5.536300000000001
This round: 61,3
28, 0: 0, 25.468858274133364
This round: 61,12
28, 1: 0, 24.786475835999077
This round: 61,10
28, 2: 0, 23.665370186795872
This round: 61,6
28, 3: 0, 24.641211450365592
5.487
5.4378
This round: 58,2
29, 0: 0, 26.434375515512674
This round: 58,3
29, 1: 0, 25.73475169806804
This round: 58,3
29, 2: 0, 24.613646048864837
This round: 58,3
29, 3: 0, 25.589487312434557
5.4646
This round: 54,10
30, 0: 0, 27.249190330327487
This round: 54,8
30, 1: 0, 26.586603549919893
This round: 54,8
30, 2: 0, 25.465497900716688
This round: 54,9
30, 3: 0, 26.42282064576789
5.5005999999999995
This round: 77,6
31, 0: 0, 28.171268252405408
This round: 77,7
31, 1: 0, 27.495694459010803
This round: 77,25
31, 2: 0, 26.140822576041362
This round: 77,27
31, 3: 0, 27.072171295118537
5.322000000000001
This round: 51,4
32, 0: 0, 29.09283687985639
This round: 51,4
32, 1: 0, 28.417263086461784
This round: 51,6
32, 2: 0, 27.023175517217833
This round: 51,5
32, 3: 0, 27.974132079432263
5.3131
This round: 104,3
33, 0: 0, 30.063990726010235
This round: 104,9
33, 1: 0, 29.330724624923324
This round: 104,13
33, 2: 0, 27.898175517217833
This round: 104,3
33, 3: 0, 28.94528592558611
5.2995
This round: 94,1
34, 0: 0, 31.053352428137895
This round: 94,30
34, 1: 0, 30.011575688753112
This round: 94,29
34, 2: 0, 28.58966487891996
This round: 94,1
34, 3: 0, 29.93464762771377
5.250300000000001
This round: 81,0
35, 0: 1, 32.0533524281379
This round: 81,6
35, 1: 0, 30.93750161467904
This round: 81,10
35, 2: 0, 29.466208088796506
This round: 81,10
35, 3: 0, 30.811190837590313
5.5011
This round: 65,3
36, 0: 1, 33.00719858198405
This round: 65,4
36, 1: 0, 31.875963153140578
This round: 65,6
36, 2: 0, 30.373900396488814
This round: 65,5
36, 3: 0, 31.734267760667237
5.4289000000000005
This round: 63,4
37, 0: 1, 33.943706518491986
This round: 63,4
37, 1: 0, 32.81247108964851
This round: 63,5
37, 2: 0, 31.294535317123735
This round: 63,4
37, 3: 0, 32.67077569717517
5.367700000000001
This round: 96,12
38, 0: 1, 34.818706518491986
This round: 96,19
38, 1: 0, 33.61455442298185
This round: 96,16
38, 2: 0, 32.12786865045707
This round: 96,16
38, 3: 0, 33.50410903050851
5.648000000000001
5.6165
This round: 81,2
39, 0: 1, 35.794015160467296
This round: 81,5
39, 1: 0, 34.55282602792012
This round: 81,38
39, 2: 0, 32.658732847987935
This round: 81,4
39, 3: 0, 34.45472631445913
5.1566
This round: 114,12
40, 0: 1, 36.688752002572556
This round: 114,31
40, 1: 0, 35.280896203358715
This round: 114,31
40, 2: 0, 33.38680302342653
This round: 114,17
40, 3: 0, 35.30560350744159
5.4113
This round: 39,5
41, 0: 1, 37.560546874367425
This round: 39,5
41, 1: 0, 36.152691075153584
This round: 39,5
41, 2: 0, 34.2585978952214
This round: 39,6
41, 3: 0, 36.151757353595436
5.286099999999999
This round: 480,3
42, 0: 1, 38.554296874367424
This round: 480,150
42, 1: 0, 36.840191075153584
This round: 480,352
42, 2: 0, 34.525264561888065
This round: 480,349
42, 3: 0, 36.4246740202621
5.424600000000001
This round: 50,6
43, 0: 1, 39.434296874367426
This round: 50,14
43, 1: 0, 37.56019107515358
This round: 50,16
43, 2: 0, 35.205264561888065
This round: 50,14
43, 3: 0, 37.1446740202621
5.357600000000001
This round: 35,0
44, 0: 2, 40.434296874367426
This round: 35,1
44, 1: 0, 38.53161964658215
This round: 35,3
44, 2: 0, 36.119550276173776
This round: 35,3
44, 3: 0, 38.05895973454781
5.5765
5.643300000000001
This round: 147,4
45, 0: 2, 41.407085990013684
This round: 147,5
45, 1: 0, 39.497606041139974
This round: 147,9
45, 2: 0, 37.05832578637786
This round: 147,5
45, 3: 0, 39.024946129105636
5.8947
This round: 60,12
46, 0: 2, 42.20708599001368
This round: 60,5
46, 1: 0, 40.41427270780664
This round: 60,6
46, 2: 0, 37.958325786377856
This round: 60,6
46, 3: 0, 39.924946129105635
5.5182
5.331099999999999
5.5006
5.2859
This round: 93,9
47, 0: 2, 43.1103117964653
This round: 93,13
47, 1: 0, 41.27448776157008
This round: 93,22
47, 2: 0, 38.72176664659291
This round: 93,15
47, 3: 0, 40.76365580652499
5.2639
This round: 96,7
48, 0: 2, 44.03739512979863
This round: 96,10
48, 1: 0, 42.170321094903414
This round: 96,10
48, 2: 0, 39.61759997992625
This round: 96,23
48, 3: 0, 41.52407247319165
5.3578
This round: 54,5
49, 0: 2, 44.94480253720604
This round: 54,10
49, 1: 0, 42.98513590971823
This round: 54,7
49, 2: 0, 40.48797035029662
This round: 54,6
49, 3: 0, 42.41296136208054
5.679200000000001
This round: 98,7
50, 0: 2, 45.87337396577747
This round: 98,15
50, 1: 0, 43.832074685228434
This round: 98,33
50, 2: 0, 41.15123565641907
This round: 98,23
50, 3: 0, 43.17826748452951
5.375500000000001
This round: 62,6
51, 0: 2, 46.77659977222908
This round: 62,4
51, 1: 0, 44.76755855619618
This round: 62,5
51, 2: 0, 42.07059049512875
This round: 62,5
51, 3: 0, 44.09762232323919
5.4916
This round: 45,4
52, 0: 2, 47.687710883340195
This round: 45,4
52, 1: 0, 45.67866966730729
This round: 45,10
52, 2: 0, 42.84836827290653
This round: 45,10
52, 3: 0, 44.87540010101697
5.313000000000001
This round: 95,6
53, 0: 2, 48.624552988603355
This round: 95,21
53, 1: 0, 46.45761703572834
This round: 95,11
53, 2: 0, 43.73257879922232
This round: 95,8
53, 3: 0, 45.791189574701185
5.3978
This round: 96,2
54, 0: 2, 49.60371965527002
This round: 96,4
54, 1: 0, 47.415950369061676
This round: 96,11
54, 2: 0, 44.61799546588898
This round: 96,3
54, 3: 0, 46.759939574701185
5.3844
5.438000000000001
5.3396
This round: 54,3
55, 0: 2, 50.54816409971446
This round: 54,4
55, 1: 0, 48.3418762949876
This round: 54,14
55, 2: 0, 45.35873620662972
This round: 54,9
55, 3: 0, 47.59327290803452
5.3932
This round: 59,2
56, 0: 2, 51.514265794629715
This round: 59,7
56, 1: 0, 49.22323222719099
This round: 59,12
56, 2: 0, 46.155346376121244
This round: 59,6
56, 3: 0, 48.491577992780286
5.3932
5.469500000000001
This round: 57,3
57, 0: 2, 52.461634215682345
This round: 57,4
57, 1: 0, 50.1530567885945
This round: 57,7
57, 2: 0, 47.03253935857738
This round: 57,4
57, 3: 0, 49.42140255418379
5.460400000000001
This round: 56,10
58, 0: 2, 53.283062787110914
This round: 56,9
58, 1: 0, 50.99234250288021
This round: 56,13
58, 2: 0, 47.80039650143453
This round: 56,10
58, 3: 0, 50.24283112561236
5.3932
This round: 40,3
59, 0: 2, 54.20806278711091
This round: 40,7
59, 1: 0, 51.817342502880216
This round: 40,8
59, 2: 0, 48.600396501434524
This round: 40,4
59, 3: 0, 51.14283112561236
5.2593
This round: 54,4
60, 0: 2, 55.133988713036835
This round: 54,8
60, 1: 0, 52.66919435473207
This round: 54,11
60, 2: 0, 49.39669279773082
This round: 54,8
60, 3: 0, 51.994682977464215
5.429
This round: 50,2
61, 0: 2, 56.093988713036836
This round: 50,2
61, 1: 0, 53.62919435473207
This round: 50,5
61, 2: 0, 50.29669279773082
This round: 50,3
61, 3: 0, 52.93468297746421
5.571899999999999
5.500500000000001
This round: 67,12
62, 0: 2, 56.91488423542489
This round: 67,13
62, 1: 0, 54.4351645039858
This round: 67,13
62, 2: 0, 51.10266294698455
This round: 67,12
62, 3: 0, 53.75557849985227
5.196899999999999
This round: 78,6
63, 0: 2, 57.83796115850181
This round: 78,9
63, 1: 0, 55.31977988860119
This round: 78,15
63, 2: 0, 51.91035525467686
This round: 78,10
63, 3: 0, 54.62737337164714
5.272700000000001
This round: 62,2
64, 0: 2, 58.805703093985684
This round: 62,19
64, 1: 0, 56.013328275697965
This round: 62,9
64, 2: 0, 52.765193964354275
This round: 62,6
64, 3: 0, 55.530599178098754
5.679200000000001
5.7506
5.3579
This round: 108,15
65, 0: 2, 59.6668142050968
This round: 108,10
65, 1: 0, 56.92073568310537
This round: 108,34
65, 2: 0, 53.45037914953946
This round: 108,18
65, 3: 0, 56.36393251143209
5.3576
This round: 46,4
66, 0: 2, 60.579857683357666
This round: 46,10
66, 1: 0, 57.70334437875754
This round: 46,11
66, 2: 0, 54.21124871475685
This round: 46,10
66, 3: 0, 57.14654120708426
5.3754
This round: 63,0
67, 0: 3, 61.579857683357666
This round: 63,3
67, 1: 0, 58.65572533113849
This round: 63,4
67, 2: 0, 55.147756651264785
This round: 63,4
67, 3: 0, 58.0830491435922
5.4291
This round: 126,1
68, 0: 3, 62.57192117542116
This round: 126,29
68, 1: 0, 59.425566600979764
This round: 126,29
68, 2: 0, 55.91759792110606
This round: 126,33
68, 3: 0, 58.82114438168744
5.3621
This round: 65,2
69, 0: 3, 63.54115194465193
This round: 65,4
69, 1: 0, 60.3640281394413
This round: 65,6
69, 2: 0, 56.825290228798366
This round: 65,5
69, 3: 0, 59.74422130476436
5.3218
5.361400000000001
This round: 100,2
70, 0: 3, 64.52115194465193
This round: 100,4
70, 1: 0, 61.3240281394413
This round: 100,6
70, 2: 0, 57.765290228798364
This round: 100,5
70, 3: 0, 60.69422130476436
5.3755
5.554200000000001
5.5721
5.393300000000001
5.572000000000001
5.3219
5.554300000000001
5.536199999999999
5.3754
5.393400000000001
This round: 115,37
71, 0: 3, 65.19941281421715
This round: 115,38
71, 1: 0, 61.993593356832605
This round: 115,39
71, 2: 0, 58.42615979401575
This round: 115,38
71, 3: 0, 61.363786522155664
5.5361
5.500500000000001
5.5049
5.572
5.3086
This round: 78,2
72, 0: 3, 66.17377178857613
This round: 78,4
72, 1: 0, 62.942311305550554
This round: 78,5
72, 2: 0, 59.36205722991319
This round: 78,4
72, 3: 0, 62.31250447087361
5.393399999999999
5.330800000000002
This round: 47,6
73, 0: 3, 67.04611221410805
This round: 47,6
73, 1: 0, 63.81465173108247
This round: 47,8
73, 2: 0, 60.191844463955746
This round: 47,9
73, 3: 0, 63.12101510917149
5.4647
This round: 77,11
74, 0: 3, 67.90325507125091
This round: 77,15
74, 1: 0, 64.61984653627728
This round: 77,24
74, 2: 0, 60.88015615226743
This round: 77,16
74, 3: 0, 63.91322290137928
5.6613
5.2526
This round: 52,3
75, 0: 3, 68.8455627635586
This round: 52,10
75, 1: 0, 65.42753884396959
This round: 52,9
75, 2: 0, 61.70707922919051
This round: 52,6
75, 3: 0, 64.79783828599466
5.375300000000001
This round: 30,3
76, 0: 3, 69.74556276355861
This round: 30,3
76, 1: 0, 66.32753884396959
This round: 30,3
76, 2: 0, 62.60707922919051
This round: 30,4
76, 3: 0, 65.66450495266132
5.679
5.2862
This round: 111,2
77, 0: 3, 70.7275447455406
This round: 111,11
77, 1: 0, 67.2284397448705
This round: 111,16
77, 2: 0, 63.46293508504637
This round: 111,15
77, 3: 0, 66.52936981752619
5.4649
This round: 132,4
78, 0: 3, 71.69724171523757
This round: 132,6
78, 1: 0, 68.18298519941595
This round: 132,23
78, 2: 0, 64.28869266080395
This round: 132,11
78, 3: 0, 67.44603648419286
5.2861
This round: 91,7
79, 0: 3, 72.62031863831449
This round: 91,4
79, 1: 0, 69.13902915545991
This round: 91,9
79, 2: 0, 65.18979156190285
This round: 91,10
79, 3: 0, 68.33614637430274
5.3395
This round: 147,24
80, 0: 3, 73.45705333219203
This round: 147,40
80, 1: 0, 69.8669203119225
This round: 147,50
80, 2: 0, 65.84965550748109
This round: 147,20
80, 3: 0, 69.20009195253404
5.2236
This round: 41,1
81, 0: 3, 74.43266308828959
This round: 41,3
81, 1: 0, 70.79374958021518
This round: 41,6
81, 2: 0, 66.70331404406646
This round: 41,1
81, 3: 0, 70.17570170863159
5.4289000000000005
This round: 52,2
82, 0: 3, 75.39420154982805
This round: 52,3
82, 1: 0, 71.73605727252287
This round: 52,8
82, 2: 0, 67.5494678902203
This round: 52,5
82, 3: 0, 71.07954786247775
5.232400000000001
This round: 86,13
83, 0: 3, 76.24303875913039
This round: 86,16
83, 1: 0, 72.55001076089496
This round: 86,18
83, 2: 0, 68.34016556463891
This round: 86,15
83, 3: 0, 71.90512925782659
5.366499999999999
This round: 63,7
84, 0: 3, 77.13192764801927
This round: 63,3
84, 1: 0, 73.50239171327591
This round: 63,7
84, 2: 0, 69.2290544535278
This round: 63,13
84, 3: 0, 72.69878005147739
5.4379
5.214700000000001
This round: 162,6
85, 0: 3, 78.09489061098223
This round: 162,34
85, 1: 0, 74.29251517006604
This round: 162,35
85, 2: 0, 70.01300507081174
This round: 162,26
85, 3: 0, 73.53828622431689
5.4125
This round: 57,1
86, 0: 3, 79.07734675133311
This round: 57,2
86, 1: 0, 75.25742745076779
This round: 57,2
86, 2: 0, 70.9779173515135
This round: 57,2
86, 3: 0, 74.50319850501864
5.239199999999999
This round: 41,4
87, 0: 3, 79.97978577572336
This round: 41,4
87, 1: 0, 76.15986647515804
This round: 41,4
87, 2: 0, 71.88035637590374
This round: 41,4
87, 3: 0, 75.40563752940889
5.278500000000001
5.518300000000001
5.3173
This round: 123,29
88, 0: 3, 80.74401341799978
This round: 123,29
88, 1: 0, 76.92409411743446
This round: 123,32
88, 2: 0, 72.62019377427772
This round: 123,39
88, 3: 0, 76.08856435867719
5.4915
This round: 185,29
89, 0: 3, 81.58725666124302
This round: 185,40
89, 1: 0, 77.70787790121825
This round: 185,74
89, 2: 0, 73.22019377427772
This round: 185,29
89, 3: 0, 76.93180760192043
5.322
This round: 66,6
90, 0: 3, 82.49634757033392
This round: 66,4
90, 1: 0, 78.64727184061219
This round: 66,5
90, 2: 0, 74.14443619852014
This round: 66,4
90, 3: 0, 77.87120154131436
5.3843
This round: 32,5
91, 0: 3, 83.34009757033392
This round: 32,5
91, 1: 0, 79.49102184061219
This round: 32,7
91, 2: 0, 74.92568619852014
This round: 32,5
91, 3: 0, 78.71495154131436
5.330900000000001
This round: 71,15
92, 0: 3, 84.12882996470012
This round: 71,16
92, 1: 0, 80.26566972793613
This round: 71,24
92, 2: 0, 75.58765802950606
This round: 71,16
92, 3: 0, 79.4895994286383
5.4023
This round: 95,15
93, 0: 3, 84.970935227858
This round: 95,53
93, 1: 0, 80.70777499109403
This round: 95,12
93, 2: 0, 76.46134224003238
This round: 95,16
93, 3: 0, 80.32117837600673
5.3821
This round: 40,5
94, 0: 3, 85.845935227858
This round: 40,7
94, 1: 0, 81.53277499109403
This round: 40,5
94, 2: 0, 77.33634224003238
This round: 40,4
94, 3: 0, 81.22117837600673
5.4648
This round: 90,7
95, 0: 3, 86.76815745008022
This round: 90,31
95, 1: 0, 82.18833054664958
This round: 90,31
95, 2: 0, 77.99189779558793
This round: 90,7
95, 3: 0, 82.14340059822895
5.500399999999999
5.2864
5.2860000000000005
This round: 142,6
96, 0: 3, 87.72590392895346
This round: 142,2
96, 1: 0, 83.17424603960733
This round: 142,4
96, 2: 0, 78.96372878150342
This round: 142,5
96, 3: 0, 83.10818933062332
5.0656
This round: 30,7
97, 0: 3, 88.49257059562012
This round: 30,8
97, 1: 0, 83.90757937294066
This round: 30,10
97, 2: 0, 79.63039544817009
This round: 30,7
97, 3: 0, 83.87485599728998
5.1968000000000005
This round: 107,3
98, 0: 3, 89.46453321244255
This round: 107,8
98, 1: 0, 84.83281301780048
This round: 107,38
98, 2: 0, 80.2752552612542
This round: 107,17
98, 3: 0, 84.71597749261709
5.464700000000001
5.4067
This round: 122,9
99, 0: 3, 90.39076272063927
This round: 122,9
99, 1: 0, 85.7590425259972
This round: 122,38
99, 2: 0, 80.96377985141814
This round: 122,11
99, 3: 0, 85.62581355819086
5.5897
5.4469
5.309500000000001
This round: 37,3
100, 0: 3, 91.30968163955819
This round: 37,3
100, 1: 0, 86.67796144491612
This round: 37,4
100, 2: 0, 81.85567174331003
This round: 37,2
100, 3: 0, 86.5717595041368
5.6433
5.1433
This round: 46,1
101, 0: 3, 92.28794250912341
This round: 46,3
101, 1: 0, 87.61274405361178
This round: 46,8
101, 2: 0, 82.68175869983176
This round: 46,5
101, 3: 0, 87.4630638519629
5.3932
5.4112
This round: 83,5
102, 0: 3, 93.22770154526799
This round: 83,11
102, 1: 0, 88.48021393312985
This round: 83,16
102, 2: 0, 83.48898761549441
This round: 83,11
102, 3: 0, 88.33053373148097
5.216900000000001
This round: 72,10
103, 0: 3, 94.0888126563791
This round: 72,10
103, 1: 0, 89.34132504424096
This round: 72,21
103, 2: 0, 84.19732094882774
This round: 72,14
103, 3: 0, 89.13608928703653
5.4381
This round: 88,4
104, 0: 3, 95.04335811092456
This round: 88,3
104, 1: 0, 90.30723413515005
This round: 88,15
104, 2: 0, 85.02686640337319
This round: 88,11
104, 3: 0, 90.01108928703653
5.4289
This round: 146,39
105, 0: 3, 95.77623482325332
This round: 146,98
105, 1: 0, 90.63600125843773
This round: 146,100
105, 2: 0, 85.34193489652388
This round: 146,50
105, 3: 0, 90.66862353361186
5.4024
This round: 132,19
106, 0: 3, 96.63229542931393
This round: 132,19
106, 1: 0, 91.49206186449834
This round: 132,27
106, 2: 0, 86.13738944197843
This round: 132,12
106, 3: 0, 91.57771444270277
5.397899999999999
5.3932
This round: 78,25
107, 0: 3, 97.31178260880111
This round: 78,34
107, 1: 0, 92.05616442860091
This round: 78,41
107, 2: 0, 86.6117484163374
This round: 78,25
107, 3: 0, 92.25720162218995
5.1969
This round: 81,5
108, 0: 3, 98.25005421373938
This round: 81,11
108, 1: 0, 92.92036195946511
This round: 81,16
108, 2: 0, 87.41421755213987
This round: 81,2
108, 3: 0, 93.23251026416526
5.339799999999999
This round: 59,5
109, 0: 3, 99.16530845102751
This round: 59,26
109, 1: 0, 93.47968399336342
This round: 59,11
109, 2: 0, 88.22777687417377
This round: 59,5
109, 3: 0, 94.1477645014534
5.2326000000000015
This round: 93,3
110, 0: 3, 100.13305038651139
This round: 93,3
110, 1: 0, 94.4474259288473
This round: 93,16
110, 2: 0, 89.05573386342108
This round: 93,15
110, 3: 0, 94.98647417887275
5.429
This round: 66,3
111, 0: 3, 101.08759584105684
This round: 66,2
111, 1: 0, 95.41712289854426
This round: 66,18
111, 2: 0, 89.78300659069382
This round: 66,17
111, 3: 0, 95.728898421297
5.4649
This round: 39,11
112, 0: 3, 101.80554455900555
This round: 39,10
112, 1: 0, 96.160712642134
This round: 39,11
112, 2: 0, 90.50095530864253
This round: 39,10
112, 3: 0, 96.47248816488674
5.3218
This round: 84,4
113, 0: 3, 102.7579255113865
This round: 84,3
113, 1: 0, 97.12499835641971
This round: 84,6
113, 2: 0, 91.42952673721396
This round: 84,5
113, 3: 0, 97.41296435536293
5.4648
This round: 53,2
114, 0: 3, 103.7201896623299
This round: 53,1
114, 1: 0, 98.1061304318914
This round: 53,9
114, 2: 0, 92.25971541645924
This round: 53,6
114, 3: 0, 98.29975680819312
5.5095
This round: 65,2
115, 0: 3, 104.68942043156066
This round: 65,6
115, 1: 0, 99.0138227395837
This round: 65,5
115, 2: 0, 93.18279233953616
This round: 65,5
115, 3: 0, 99.22283373127004
5.5004
5.571999999999999
This round: 79,4
116, 0: 3, 105.63878752016826
This round: 79,11
116, 1: 0, 99.87458223325459
This round: 79,5
116, 2: 0, 94.11950120029566
This round: 79,4
116, 3: 0, 100.17220081987765
5.1968000000000005
This round: 54,3
117, 0: 3, 106.58323196461271
This round: 54,11
117, 1: 0, 100.67087852955088
This round: 54,8
117, 2: 0, 94.9713530521475
This round: 54,5
117, 3: 0, 101.07960822728505
5.214600000000001
This round: 86,2
118, 0: 3, 107.55997615065922
This round: 86,20
118, 1: 0, 101.43832039001599
This round: 86,19
118, 2: 0, 95.75042281958936
This round: 86,17
118, 3: 0, 101.8819338086804
5.3575
This round: 26,4
119, 0: 3, 108.40612999681306
This round: 26,6
119, 1: 0, 102.20755115924676
This round: 26,6
119, 2: 0, 96.51965358882013
This round: 26,5
119, 3: 0, 102.68962611637271
5.7504
5.502800000000001
This round: 261,6
120, 0: 3, 109.38314149106594
This round: 261,37
120, 1: 0, 103.06578870713948
This round: 261,18
120, 2: 0, 97.45068807157875
This round: 261,9
120, 3: 0, 103.65514335775202
5.4156
This round: 100,2
121, 0: 3, 110.36314149106595
This round: 100,3
121, 1: 0, 104.03578870713947
This round: 100,12
121, 2: 0, 98.33068807157875
This round: 100,7
121, 3: 0, 104.58514335775203
5.321700000000001
This round: 558,322
122, 0: 3, 110.78608055916631
This round: 558,317
122, 1: 0, 104.46768834871654
This round: 558,332
122, 2: 0, 98.7357059927257
This round: 558,334
122, 3: 0, 104.9865770495083
5.7864
5.446900000000001
5.3774
This round: 52,4
123, 0: 3, 111.70915748224323
This round: 52,10
123, 1: 0, 105.27538065640884
This round: 52,10
123, 2: 0, 99.543398300418
This round: 52,6
123, 3: 0, 105.87119243412369
5.2996
5.3754
This round: 120,38
124, 0: 3, 112.39249081557656
This round: 120,40
124, 1: 0, 105.94204732307551
This round: 120,42
124, 2: 0, 100.19339830041801
This round: 120,40
124, 3: 0, 106.53785910079036
5.2795
This round: 45,5
125, 0: 3, 113.28137970446545
This round: 45,7
125, 1: 0, 106.78649176751996
This round: 45,14
125, 2: 0, 100.8822871893069
This round: 45,9
125, 3: 0, 107.33785910079035
5.661300000000001
This round: 68,5
126, 0: 3, 114.20785029270074
This round: 68,4
126, 1: 0, 107.7276682381082
This round: 68,4
126, 2: 0, 101.82346365989513
This round: 68,4
126, 3: 0, 108.27903557137859
5.3845
5.3587
This round: 96,2
127, 0: 3, 115.18701695936741
This round: 96,4
127, 1: 0, 108.68600157144152
This round: 96,10
127, 2: 0, 102.71929699322845
This round: 96,5
127, 3: 0, 109.22695223804526
5.214700000000001
This round: 202,40
128, 0: 3, 115.98899715738722
This round: 202,42
128, 1: 0, 109.47808077936232
This round: 202,98
128, 2: 0, 103.23414847837697
This round: 202,95
128, 3: 0, 109.75665520834228
5.4468000000000005
This round: 50,2
129, 0: 3, 116.94899715738721
This round: 50,2
129, 1: 0, 110.43808077936231
This round: 50,4
129, 2: 0, 104.15414847837697
This round: 50,3
129, 3: 0, 110.69665520834228
5.3576999999999995
5.1967
This round: 69,2
130, 0: 3, 117.92001165014084
This round: 69,7
130, 1: 0, 111.336631504
This round: 69,13
130, 2: 0, 104.96574268127551
This round: 69,4
130, 3: 0, 111.63868419384953
5.4291
This round: 63,3
131, 0: 3, 118.87239260252178
This round: 63,2
131, 1: 0, 112.30488547225396
This round: 63,21
131, 2: 0, 105.63240934794219
This round: 63,6
131, 3: 0, 112.54344609861143
5.3931
This round: 45,4
132, 0: 3, 119.7835037136329
This round: 45,7
132, 1: 0, 113.1493299166984
This round: 45,7
132, 2: 0, 106.47685379238663
This round: 45,7
132, 3: 0, 113.38789054305587
5.507099999999999
5.304
This round: 79,3
133, 0: 3, 120.74552903008859
This round: 79,9
133, 1: 0, 114.03540586606549
This round: 79,18
133, 2: 0, 107.24900569112081
This round: 79,13
133, 3: 0, 114.22333358103056
5.4159999999999995
This round: 110,9
134, 0: 3, 121.66371084827041
This round: 110,18
134, 1: 0, 114.87176950242913
This round: 110,16
134, 2: 0, 108.10355114566627
This round: 110,21
134, 3: 0, 115.03242449012147
5.429100000000001
5.303999999999999
This round: 59,6
135, 0: 3, 122.56201593301617
This round: 59,6
135, 1: 0, 115.77007458717489
This round: 59,7
135, 2: 0, 108.98490707786966
This round: 59,8
135, 3: 0, 115.89683126978248
5.3576
This round: 57,2
136, 0: 3, 123.52692821371792
This round: 57,3
136, 1: 0, 116.71744300822752
This round: 57,6
136, 2: 0, 109.87964391997492
This round: 57,4
136, 3: 0, 116.82665583118599
5.217
This round: 56,12
137, 0: 3, 124.31264249943222
This round: 56,9
137, 1: 0, 117.55672872251323
This round: 56,10
137, 2: 0, 110.7010724914035
This round: 56,9
137, 3: 0, 117.6659415454717
5.2146
This round: 91,9
138, 0: 3, 125.21374140053112
This round: 91,8
138, 1: 0, 118.46881663460114
This round: 91,7
138, 2: 0, 111.62414941448041
This round: 91,7
138, 3: 0, 118.58901846854862
5.3756
This round: 43,7
139, 0: 3, 126.0509507028567
This round: 43,10
139, 1: 0, 119.23625849506625
This round: 43,16
139, 2: 0, 112.2520563912246
This round: 43,8
139, 3: 0, 119.40297195692071
5.321900000000001
5.259400000000001
This round: 36,6
140, 0: 3, 126.88428403619002
This round: 36,9
140, 1: 0, 119.98625849506625
This round: 36,6
140, 2: 0, 113.08538972455793
This round: 36,6
140, 3: 0, 120.23630529025404
5.6082
5.2325
This round: 55,20
141, 0: 3, 127.52064767255366
This round: 55,4
141, 1: 0, 120.91353122233897
This round: 55,4
141, 2: 0, 114.01266245183065
This round: 55,3
141, 3: 0, 121.18175983570859
5.2169
This round: 84,3
142, 0: 3, 128.48493338683937
This round: 84,3
142, 1: 0, 121.87781693662468
This round: 84,19
142, 2: 0, 114.78647197564017
This round: 84,3
142, 3: 0, 122.1460455499943
5.5093000000000005
This round: 58,12
143, 0: 3, 129.27803683511524
This round: 58,13
143, 1: 0, 122.6536790055902
This round: 58,15
143, 2: 0, 115.527851285985
This round: 58,15
143, 3: 0, 122.88742486033912
5.5986
This round: 40,3
144, 0: 3, 130.20303683511526
This round: 40,3
144, 1: 0, 123.5786790055902
This round: 40,4
144, 2: 0, 116.427851285985
This round: 40,2
144, 3: 0, 123.83742486033913
5.0808
This round: 38,3
145, 0: 3, 131.12408946669422
This round: 38,6
145, 1: 0, 124.4207842687481
This round: 38,1
145, 2: 0, 117.40153549651131
This round: 38,1
145, 3: 0, 124.81110907086544
5.6343
5.3664
This round: 147,99
146, 0: 3, 131.45062007893912
This round: 147,99
146, 1: 0, 124.74731488099299
This round: 146,107
146, 2: 0, 117.66865878418255
This round: 147,101
146, 3: 0, 125.12403424093347
5.571899999999999
5.2861
5.7336
5.295
This round: 63,11
147, 0: 3, 132.27601690433596
This round: 63,11
147, 1: 0, 125.57271170638981
This round: 63,14
147, 2: 0, 118.44643656196033
This round: 63,15
147, 3: 0, 125.88593900283823
5.3307
This round: 50,3
148, 0: 3, 133.21601690433596
This round: 50,4
148, 1: 0, 126.49271170638981
This round: 50,7
148, 2: 0, 119.30643656196033
This round: 50,5
148, 3: 0, 126.78593900283823
5.3062000000000005
5.607600000000001
5.3933
This round: 78,2
149, 0: 3, 134.19037587869494
This round: 78,3
149, 1: 0, 127.45425016792828
This round: 78,2
149, 2: 0, 120.2807955363193
This round: 78,3
149, 3: 0, 127.7474774643767
5.7507
5.5183
This round: 46,9
150, 0: 3, 134.9947237047819
This round: 46,9
150, 1: 0, 128.25859799401525
This round: 46,13
150, 2: 0, 120.99818684066713
This round: 46,9
150, 3: 0, 128.55182529046365
5.8219
5.5363
5.3577
This round: 42,0
151, 0: 4, 135.9947237047819
This round: 42,1
151, 1: 0, 129.23478847020573
This round: 42,6
151, 2: 0, 121.85532969780999
This round: 42,3
151, 3: 0, 129.48039671903507
5.3667
This round: 56,4
152, 0: 4, 136.92329513335332
This round: 56,6
152, 1: 0, 130.12764561306287
This round: 56,12
152, 2: 0, 122.64104398352428
This round: 56,5
152, 3: 0, 130.39111100474935
5.277200000000001
This round: 73,32
153, 0: 4, 137.48493896896977
This round: 73,37
153, 1: 0, 130.62079629799436
This round: 73,42
153, 2: 0, 123.06570151777086
This round: 73,35
153, 3: 0, 130.91165894995484
5.357600000000001
This round: 130,0
154, 0: 5, 138.48493896896977
This round: 130,2
154, 1: 0, 131.60541168260974
This round: 130,6
154, 2: 0, 124.01954767161702
This round: 130,6
154, 3: 0, 131.86550510380098
5.214600000000001
This round: 62,4
155, 0: 5, 139.42042283993752
This round: 62,17
155, 1: 0, 132.33121813422264
This round: 62,13
155, 2: 0, 124.80987025226219
This round: 62,5
155, 3: 0, 132.78485994251065
5.3397
5.1967
5.3576
This round: 523,89
156, 0: 5, 140.25025075580749
This round: 523,9
156, 1: 0, 133.3140097212207
This round: 523,166
156, 2: 0, 125.49247063467136
This round: 523,167
156, 3: 0, 133.4655482790307
5.679200000000001
5.268199999999998
This round: 50,3
157, 0: 5, 141.19025075580748
This round: 50,16
157, 1: 0, 133.99400972122072
This round: 50,10
157, 2: 0, 126.29247063467136
This round: 50,4
157, 3: 0, 134.3855482790307
5.6791
5.607700000000001
This round: 46,3
158, 0: 5, 142.12503336450314
This round: 46,4
158, 1: 0, 134.9070531994816
This round: 46,8
158, 2: 0, 127.1185575911931
This round: 46,8
158, 3: 0, 135.21163523555245
5.5899
5.375399999999999
This round: 68,14
159, 0: 5, 142.91915101156195
This round: 68,13
159, 1: 0, 135.71587672889336
This round: 68,14
159, 2: 0, 127.91267523825192
This round: 68,8
159, 3: 0, 136.0939881767289
5.286
This round: 60,1
160, 0: 5, 143.90248434489527
This round: 60,5
160, 1: 0, 136.63254339556002
This round: 60,6
160, 2: 0, 128.81267523825193
This round: 60,4
160, 3: 0, 137.02732151006225
5.2862
This round: 112,1
161, 0: 5, 144.8935557734667
This round: 112,2
161, 1: 0, 137.61468625270288
This round: 112,4
161, 2: 0, 129.77696095253765
This round: 112,2
161, 3: 0, 138.0094643672051
5.6434
5.4024
5.2862
This round: 60,12
162, 0: 5, 145.6935557734667
This round: 60,22
162, 1: 0, 138.2480195860362
This round: 60,16
162, 2: 0, 130.51029428587097
This round: 60,6
162, 3: 0, 138.90946436720512
5.3397
This round: 93,10
163, 0: 5, 146.58602889174628
This round: 93,12
163, 1: 0, 139.1189873279717
This round: 93,10
163, 2: 0, 131.40276740415055
This round: 93,22
163, 3: 0, 139.67290522742016
5.5184
5.321699999999999
This round: 125,3
164, 0: 5, 147.56202889174628
This round: 125,1
164, 1: 0, 140.11098732797169
This round: 125,9
164, 2: 0, 132.33076740415055
This round: 125,3
164, 3: 0, 140.64890522742016
5.2148
This round: 119,1
165, 0: 5, 148.55362553040175
This round: 120,1
165, 1: 0, 141.10265399463836
This round: 120,1
165, 2: 0, 133.32243407081722
This round: 119,1
165, 3: 0, 141.64050186607562
5.2258000000000004
This round: 150,17
166, 0: 5, 149.4402921970684
This round: 150,29
166, 1: 0, 141.90932066130503
This round: 149,17
166, 2: 0, 134.20834011108568
This round: 150,17
166, 3: 0, 142.52716853274228
5.411
This round: 305,9
167, 0: 5, 150.4107840003471
This round: 305,4
167, 1: 0, 142.89620590720668
This round: 305,10
167, 2: 0, 135.17555322583976
This round: 305,7
167, 3: 0, 143.50421771307015
5.192399999999999
This round: 37,3
168, 0: 5, 151.329702919266
This round: 37,4
168, 1: 0, 143.78809779909858
This round: 37,5
168, 2: 0, 136.04041809070463
This round: 37,3
168, 3: 0, 144.42313663198905
5.5005
5.7773
This round: 102,26
169, 0: 5, 152.0748009584817
This round: 102,42
169, 1: 0, 144.37633309321623
This round: 102,45
169, 2: 0, 136.5992416201164
This round: 102,41
169, 3: 0, 145.02117584767532
5.4291
This round: 78,22
170, 0: 5, 152.79274967643042
This round: 78,12
170, 1: 0, 145.22248693937007
This round: 78,13
170, 2: 0, 137.43257495344974
This round: 78,7
170, 3: 0, 145.93143225793173
5.1098
This round: 38,1
171, 0: 5, 153.76643388695675
This round: 38,3
171, 1: 0, 146.14353957094903
This round: 38,4
171, 2: 0, 138.327311795555
This round: 38,3
171, 3: 0, 146.8524848895107
5.3218000000000005
5.1389000000000005
This round: 28,2
172, 0: 5, 154.69500531552816
This round: 28,6
172, 1: 0, 146.9292538566633
This round: 28,5
172, 2: 0, 139.1487403669836
This round: 28,6
172, 3: 0, 147.63819917522497
5.6612
5.5763
This round: 113,2
173, 0: 5, 155.6773062004839
This round: 113,6
173, 1: 0, 147.87615651153055
This round: 113,7
173, 2: 0, 140.0867934643287
This round: 113,13
173, 3: 0, 148.52315492743736
5.5181
5.2860000000000005
This round: 65,6
174, 0: 5, 156.58499850817623
This round: 65,5
174, 1: 0, 148.7992334346075
This round: 65,12
174, 2: 0, 140.9021780797133
This round: 65,10
174, 3: 0, 149.3693087735912
5.7147000000000014
5.804
5.4378
This round: 92,69
175, 0: 5, 156.83499850817623
This round: 92,69
175, 1: 0, 149.0492334346075
This round: 92,69
175, 2: 0, 141.1521780797133
This round: 92,69
175, 3: 0, 149.6193087735912
5.5452
5.3665
This round: 230,0
176, 0: 6, 157.83499850817623
This round: 230,68
176, 1: 0, 149.75358126069443
This round: 230,28
176, 2: 0, 142.03043894927853
This round: 230,23
176, 3: 0, 150.5193087735912
5.377700000000001
This round: 128,55
177, 0: 6, 158.40531100817623
This round: 128,62
177, 1: 0, 150.26920626069443
This round: 128,36
177, 2: 0, 142.74918894927853
This round: 128,15
177, 3: 0, 151.4021212735912
5.348399999999999
This round: 69,27
178, 0: 6, 159.01400666035013
This round: 69,29
178, 1: 0, 150.84891640562196
This round: 69,31
178, 2: 0, 143.2999135869597
This round: 69,28
178, 3: 0, 151.99632417214193
5.357399999999999
This round: 38,1
179, 0: 6, 159.98769087087646
This round: 38,3
179, 1: 0, 151.76996903720092
This round: 38,2
179, 2: 0, 144.24728200801232
This round: 38,2
179, 3: 0, 152.94369259319456
5.2327
This round: 63,14
180, 0: 6, 160.76546864865423
This round: 63,12
180, 1: 0, 152.57949284672472
This round: 63,17
180, 2: 0, 144.97744073817105
This round: 63,17
180, 3: 0, 153.6738513233533
5.3129
This round: 55,11
181, 0: 6, 161.56546864865425
This round: 55,6
181, 1: 0, 153.47040193763382
This round: 55,6
181, 2: 0, 145.86834982908016
This round: 55,8
181, 3: 0, 154.52839677789873
5.4289000000000005
This round: 106,3
182, 0: 6, 162.53716676186178
This round: 106,37
182, 1: 0, 154.12134533386023
This round: 106,16
182, 2: 0, 146.71740643285375
This round: 106,14
182, 3: 0, 155.39632130620063
5.3842
This round: 38,6
183, 0: 6, 163.37927202501967
This round: 38,6
183, 1: 0, 154.96345059701812
This round: 38,10
183, 2: 0, 147.4542485381169
This round: 38,8
183, 3: 0, 156.18579499041115
5.554
5.317500000000001
This round: 38,2
184, 0: 6, 164.3266404460723
This round: 38,2
184, 1: 0, 155.91081901807075
This round: 38,7
184, 2: 0, 148.27003801180112
This round: 38,4
184, 3: 0, 157.0805318325164
5.2146
This round: 57,0
185, 0: 7, 165.3266404460723
This round: 57,3
185, 1: 0, 156.85818743912338
This round: 57,1
185, 2: 0, 149.252494152152
This round: 57,1
185, 3: 0, 158.0629879728673
5.152299999999999
This round: 72,9
186, 0: 7, 166.2016404460723
This round: 72,21
186, 1: 0, 157.56652077245673
This round: 72,13
186, 2: 0, 150.07193859659645
This round: 72,9
186, 3: 0, 158.9379879728673
5.429
5.4113
This round: 335,193
187, 0: 7, 166.62552104308722
This round: 335,194
187, 1: 0, 157.9874162948448
This round: 335,183
187, 2: 0, 150.52566993988003
This round: 335,193
187, 3: 0, 159.3618685698822
5.7860000000000005
5.1969
This round: 48,4
188, 0: 7, 167.54218770975388
This round: 48,11
188, 1: 0, 158.75824962817813
This round: 48,4
188, 2: 0, 151.4423366065467
This round: 48,4
188, 3: 0, 160.27853523654886
5.429
This round: 69,5
189, 0: 7, 168.46972394163794
This round: 69,11
189, 1: 0, 159.59882933832307
This round: 69,7
189, 2: 0, 152.34088733118438
This round: 69,9
189, 3: 0, 161.14810045394017
5.7194
5.505
5.2235000000000005
5.4647
5.1566
This round: 48,10
190, 0: 7, 169.2613906083046
This round: 48,20
190, 1: 0, 160.1821626716564
This round: 48,30
190, 2: 0, 152.71588733118438
This round: 48,7
190, 3: 0, 162.00226712060683
5.304099999999999
This round: 59,2
191, 0: 7, 170.22749230321986
This round: 59,4
191, 1: 0, 161.11436606148692
This round: 59,6
191, 2: 0, 153.61419241593015
This round: 59,9
191, 3: 0, 162.84972474772547
5.357500000000001
This round: 73,3
192, 0: 7, 171.1863964128089
This round: 73,4
192, 1: 0, 162.05957154093898
This round: 73,8
192, 2: 0, 154.50460337483426
This round: 73,2
192, 3: 0, 163.8223274874515
5.590000000000001
5.5027
5.366599999999999
This round: 50,4
193, 0: 7, 172.1063964128089
This round: 50,8
193, 1: 0, 162.89957154093898
This round: 50,10
193, 2: 0, 155.30460337483427
This round: 50,11
193, 3: 0, 164.6023274874515
5.3933
5.437899999999999
This round: 36,4
194, 0: 7, 172.99528530169778
This round: 36,5
194, 1: 0, 163.7606826520501
This round: 36,5
194, 2: 0, 156.1657144859454
This round: 36,4
194, 3: 0, 165.4912163763404
5.4291
This round: 34,7
195, 0: 7, 173.7894029487566
This round: 34,5
195, 1: 0, 164.61362382852067
This round: 34,11
195, 2: 0, 156.8421850741807
This round: 34,8
195, 3: 0, 166.25592225869332
5.3934
This round: 76,1
196, 0: 7, 174.77624505401974
This round: 76,24
196, 1: 0, 165.29783435483645
This round: 76,23
196, 2: 0, 157.53955349523332
This round: 76,24
196, 3: 0, 166.9401327850091
5.3042
This round: 40,5
197, 0: 7, 175.65124505401974
This round: 40,7
197, 1: 0, 166.12283435483644
This round: 40,11
197, 2: 0, 158.26455349523332
This round: 40,11
197, 3: 0, 167.6651327850091
5.4828
5.2147
This round: 106,3
198, 0: 7, 176.62294316722728
This round: 106,26
198, 1: 0, 166.87755133596852
This round: 106,30
198, 2: 0, 158.98153462730878
This round: 106,8
198, 3: 0, 168.5896610868959
5.571899999999999
5.4379
This round: 240,2
199, 0: 7, 177.61460983389395
This round: 240,3
199, 1: 0, 167.86505133596853
This round: 240,2
199, 2: 0, 159.97320129397545
This round: 240,3
199, 3: 0, 169.5771610868959
