5.357600000000001
This round: 22,0
0, 0: 1, 1.0
This round: 22,0
0, 1: 1, 1.0
This round: 22,1
0, 2: 0, 0.9545454545454546
This round: 22,0
0, 3: 1, 1.0
5.2503
This round: 20,0
1, 0: 2, 2.0
This round: 20,3
1, 1: 1, 1.85
This round: 20,3
1, 2: 0, 1.8045454545454547
This round: 20,3
1, 3: 1, 1.85
5.2428
This round: 13,0
2, 0: 3, 3.0
This round: 13,0
2, 1: 2, 2.85
This round: 13,1
2, 2: 0, 2.727622377622378
This round: 13,0
2, 3: 2, 2.85
5.241299999999999
This round: 12,0
3, 0: 4, 4.0
This round: 12,0
3, 1: 3, 3.85
This round: 12,0
3, 2: 1, 3.727622377622378
This round: 12,0
3, 3: 3, 3.85
5.6703
This round: 14,0
4, 0: 5, 5.0
This round: 14,0
4, 1: 4, 4.85
This round: 14,0
4, 2: 2, 4.727622377622378
This round: 14,0
4, 3: 4, 4.85
5.4649
5.5016
5.3374
This round: 94,5
5, 0: 5, 5.946808510638298
This round: 94,2
5, 1: 4, 5.828723404255319
This round: 94,2
5, 2: 2, 5.7063457818776975
This round: 94,2
5, 3: 4, 5.828723404255319
5.554
This round: 22,0
6, 0: 6, 6.946808510638298
This round: 22,0
6, 1: 5, 6.828723404255319
This round: 22,0
6, 2: 3, 6.7063457818776975
This round: 22,0
6, 3: 5, 6.828723404255319
5.3397
This round: 19,0
7, 0: 7, 7.946808510638298
This round: 19,0
7, 1: 6, 7.828723404255319
This round: 19,2
7, 2: 3, 7.60108262398296
This round: 19,0
7, 3: 6, 7.828723404255319
5.2951000000000015
This round: 38,0
8, 0: 8, 8.946808510638299
This round: 38,0
8, 1: 7, 8.828723404255319
This round: 38,1
8, 2: 3, 8.574766834509276
This round: 38,0
8, 3: 7, 8.828723404255319
5.3486
5.5473
5.4647
This round: 89,0
9, 0: 9, 9.946808510638299
This round: 89,24
9, 1: 7, 9.559060482907004
This round: 89,10
9, 2: 3, 9.462407283947478
This round: 89,1
9, 3: 7, 9.81748744919914
5.714799999999999
5.7997000000000005
5.2906
This round: 15,1
10, 0: 9, 10.880141843971632
This round: 15,0
10, 1: 8, 10.559060482907004
This round: 15,1
10, 2: 3, 10.395740617280811
This round: 15,0
10, 3: 8, 10.81748744919914
5.8042
5.5185
5.2146
This round: 28,0
11, 0: 10, 11.880141843971632
This round: 28,3
11, 1: 8, 11.451917625764146
This round: 28,1
11, 2: 3, 11.360026331566525
This round: 28,1
11, 3: 8, 11.781773163484853
5.574200000000001
5.518300000000001
5.321700000000001
This round: 45,0
12, 0: 11, 12.880141843971632
This round: 45,5
12, 1: 8, 12.340806514653035
This round: 45,14
12, 2: 3, 12.048915220455413
This round: 45,13
12, 3: 8, 12.492884274595964
5.0807
This round: 12,0
13, 0: 12, 13.880141843971632
This round: 12,0
13, 1: 9, 13.340806514653035
This round: 12,0
13, 2: 4, 13.048915220455413
This round: 12,0
13, 3: 9, 13.492884274595964
5.446899999999999
5.2326
This round: 26,0
14, 0: 13, 14.880141843971632
This round: 26,0
14, 1: 10, 14.340806514653035
This round: 26,0
14, 2: 5, 14.048915220455413
This round: 26,0
14, 3: 10, 14.492884274595964
5.4694
5.286199999999999
This round: 26,0
15, 0: 14, 15.880141843971632
This round: 26,0
15, 1: 11, 15.340806514653035
This round: 26,2
15, 2: 5, 14.971992143532336
This round: 26,0
15, 3: 11, 15.492884274595964
5.607700000000001
5.428999999999999
This round: 72,0
16, 0: 15, 16.880141843971632
This round: 72,0
16, 1: 12, 16.340806514653035
This round: 72,0
16, 2: 6, 15.971992143532336
This round: 72,0
16, 3: 12, 16.492884274595966
5.464700000000001
This round: 34,2
17, 0: 15, 17.821318314559868
This round: 34,0
17, 1: 13, 17.340806514653035
This round: 34,0
17, 2: 7, 16.971992143532336
This round: 34,0
17, 3: 13, 17.492884274595966
5.2282
5.411
This round: 120,0
18, 0: 16, 18.821318314559868
This round: 120,10
18, 1: 13, 18.257473181319703
This round: 120,2
18, 2: 7, 17.95532547686567
This round: 120,2
18, 3: 13, 18.4762176079293
5.5406
5.3308
This round: 11,2
19, 0: 16, 19.639500132741684
This round: 11,2
19, 1: 13, 19.07565499950152
This round: 11,2
19, 2: 7, 18.773507295047487
This round: 11,2
19, 3: 13, 19.294399426111116
5.161
This round: 50,0
20, 0: 17, 20.639500132741684
This round: 50,17
20, 1: 13, 19.73565499950152
This round: 50,0
20, 2: 8, 19.773507295047487
This round: 50,0
20, 3: 14, 20.294399426111116
5.589899999999999
5.6434
5.4336
5.643400000000001
5.4111
5.2303
This round: 25,0
21, 0: 18, 21.639500132741684
This round: 25,3
21, 1: 13, 20.61565499950152
This round: 25,4
21, 2: 8, 20.613507295047487
This round: 25,4
21, 3: 14, 21.134399426111116
5.6166
5.375500000000001
This round: 57,0
22, 0: 19, 22.639500132741684
This round: 57,16
22, 1: 13, 21.334953245115553
This round: 57,0
22, 2: 9, 21.613507295047487
This round: 57,0
22, 3: 15, 22.134399426111116
5.3664
This round: 21,0
23, 0: 20, 23.639500132741684
This round: 21,0
23, 1: 14, 22.334953245115553
This round: 21,0
23, 2: 10, 22.613507295047487
This round: 21,0
23, 3: 16, 23.134399426111116
5.3933
This round: 166,101
24, 0: 20, 24.031066397801926
This round: 166,79
24, 1: 14, 22.859049630657722
This round: 166,13
24, 2: 10, 23.53519404203544
This round: 166,2
24, 3: 16, 24.122351233340034
5.3621
This round: 25,0
25, 0: 21, 25.031066397801926
This round: 25,7
25, 1: 14, 23.57904963065772
This round: 25,8
25, 2: 10, 24.21519404203544
This round: 25,7
25, 3: 16, 24.842351233340032
5.4292
5.464700000000001
This round: 52,3
26, 0: 21, 25.97337409010962
This round: 52,2
26, 1: 14, 24.54058809219618
This round: 52,5
26, 2: 10, 25.119040195881592
This round: 52,3
26, 3: 16, 25.784658925647726
5.264900000000001
This round: 49,0
27, 0: 22, 26.97337409010962
This round: 49,0
27, 1: 15, 25.54058809219618
This round: 49,0
27, 2: 11, 26.119040195881592
This round: 49,0
27, 3: 17, 26.784658925647726
5.3399
This round: 27,1
28, 0: 22, 27.93633705307258
This round: 27,1
28, 1: 15, 26.503551055159143
This round: 27,7
28, 2: 11, 26.859780936622332
This round: 27,0
28, 3: 18, 27.784658925647726
5.3599000000000006
5.362
5.429
This round: 15,0
29, 0: 23, 28.93633705307258
This round: 15,0
29, 1: 16, 27.503551055159143
This round: 15,1
29, 2: 11, 27.793114269955666
This round: 15,0
29, 3: 19, 28.784658925647726
5.3842
This round: 17,0
30, 0: 24, 29.93633705307258
This round: 17,0
30, 1: 17, 28.503551055159143
This round: 17,0
30, 2: 12, 28.793114269955666
This round: 17,0
30, 3: 20, 29.784658925647726
5.5181000000000004
This round: 45,1
31, 0: 24, 30.91411483085036
This round: 45,2
31, 1: 17, 29.4591066107147
This round: 45,1
31, 2: 12, 29.770892047733444
This round: 45,0
31, 3: 21, 30.784658925647726
5.599
5.251
This round: 27,0
32, 0: 25, 31.91411483085036
This round: 27,0
32, 1: 18, 30.4591066107147
This round: 27,0
32, 2: 13, 30.770892047733444
This round: 27,0
32, 3: 22, 31.784658925647726
5.5183
5.4826999999999995
This round: 31,0
33, 0: 26, 32.91411483085036
This round: 31,0
33, 1: 19, 31.4591066107147
This round: 31,1
33, 2: 13, 31.738633983217316
This round: 31,0
33, 3: 23, 32.784658925647726
5.3755
5.216900000000001
This round: 23,0
34, 0: 27, 33.91411483085036
This round: 23,4
34, 1: 19, 32.28519356723644
This round: 23,7
34, 2: 13, 32.43428615713036
This round: 23,0
34, 3: 24, 33.784658925647726
5.2593
This round: 34,0
35, 0: 28, 34.91411483085036
This round: 34,0
35, 1: 20, 33.28519356723644
This round: 34,3
35, 2: 13, 33.346050863012714
This round: 34,0
35, 3: 25, 34.784658925647726
5.2905
This round: 25,0
36, 0: 29, 35.91411483085036
This round: 25,0
36, 1: 21, 34.28519356723644
This round: 25,0
36, 2: 14, 34.346050863012714
This round: 25,0
36, 3: 26, 35.784658925647726
5.384700000000001
5.4334
5.348599999999999
This round: 22,0
37, 0: 30, 36.91411483085036
This round: 22,6
37, 1: 21, 35.01246629450917
This round: 22,6
37, 2: 14, 35.07332359028544
This round: 22,4
37, 3: 26, 36.602840743829546
5.3043000000000005
5.464900000000001
This round: 44,0
38, 0: 31, 37.91411483085036
This round: 44,0
38, 1: 22, 36.01246629450917
This round: 44,0
38, 2: 15, 36.07332359028544
This round: 44,0
38, 3: 27, 37.602840743829546
5.2548
This round: 20,0
39, 0: 32, 38.91411483085036
This round: 20,0
39, 1: 23, 37.01246629450917
This round: 20,0
39, 2: 16, 37.07332359028544
This round: 20,0
39, 3: 28, 38.602840743829546
5.571899999999999
5.3933
This round: 37,0
40, 0: 33, 39.91411483085036
This round: 37,3
40, 1: 23, 37.931385213428086
This round: 37,0
40, 2: 17, 38.07332359028544
This round: 37,0
40, 3: 29, 39.602840743829546
5.2951999999999995
5.6432
This round: 22,0
41, 0: 34, 40.91411483085036
This round: 22,0
41, 1: 24, 38.931385213428086
This round: 22,2
41, 2: 17, 38.98241449937635
This round: 22,0
41, 3: 30, 40.602840743829546
5.6076999999999995
5.2681
This round: 15,0
42, 0: 35, 41.91411483085036
This round: 15,0
42, 1: 25, 39.931385213428086
This round: 15,2
42, 2: 17, 39.849081166043014
This round: 15,0
42, 3: 31, 41.602840743829546
5.397800000000001
5.268400000000001
5.3218000000000005
This round: 21,0
43, 0: 36, 42.91411483085036
This round: 21,0
43, 1: 26, 40.931385213428086
This round: 21,0
43, 2: 18, 40.849081166043014
This round: 21,0
43, 3: 32, 42.602840743829546
5.464700000000001
5.2861
This round: 11,0
44, 0: 37, 43.91411483085036
This round: 11,6
44, 1: 26, 41.38593066797354
This round: 11,6
44, 2: 18, 41.30362662058847
This round: 11,0
44, 3: 33, 43.602840743829546
5.3576
This round: 20,4
45, 0: 37, 44.714114830850356
This round: 20,4
45, 1: 26, 42.18593066797354
This round: 20,6
45, 2: 18, 42.00362662058847
This round: 20,4
45, 3: 33, 44.40284074382954
5.500399999999999
This round: 16,0
46, 0: 38, 45.714114830850356
This round: 16,0
46, 1: 27, 43.18593066797354
This round: 16,0
46, 2: 19, 43.00362662058847
This round: 16,0
46, 3: 34, 45.40284074382954
5.7149
5.1432
This round: 18,0
47, 0: 39, 46.714114830850356
This round: 18,3
47, 1: 27, 44.01926400130687
This round: 18,3
47, 2: 19, 43.836959953921806
This round: 18,0
47, 3: 35, 46.40284074382954
5.2884
This round: 29,0
48, 0: 40, 47.714114830850356
This round: 29,1
48, 1: 27, 44.98478124268618
This round: 29,0
48, 2: 20, 44.836959953921806
This round: 29,0
48, 3: 36, 47.40284074382954
5.3576
This round: 23,1
49, 0: 40, 48.67063656998079
This round: 23,1
49, 1: 27, 45.94130298181662
This round: 23,6
49, 2: 20, 45.576090388704415
This round: 23,1
49, 3: 36, 48.35936248295998
5.5003
This round: 31,0
50, 0: 41, 49.67063656998079
This round: 31,0
50, 1: 28, 46.94130298181662
This round: 31,5
50, 2: 20, 46.41480006612377
This round: 31,5
50, 3: 36, 49.19807216037933
5.2192
This round: 15,0
51, 0: 42, 50.67063656998079
This round: 15,0
51, 1: 29, 47.94130298181662
This round: 15,0
51, 2: 21, 47.41480006612377
This round: 15,0
51, 3: 37, 50.19807216037933
5.3577
This round: 18,1
52, 0: 42, 51.615081014425236
This round: 18,1
52, 1: 29, 48.88574742626106
This round: 18,1
52, 2: 21, 48.35924451056821
This round: 18,1
52, 3: 37, 51.142516604823776
5.303999999999999
This round: 22,0
53, 0: 43, 52.615081014425236
This round: 22,0
53, 1: 30, 49.88574742626106
This round: 22,0
53, 2: 22, 49.35924451056821
This round: 22,0
53, 3: 38, 52.142516604823776
5.4468
This round: 53,0
54, 0: 44, 53.615081014425236
This round: 53,0
54, 1: 31, 50.88574742626106
This round: 53,0
54, 2: 23, 50.35924451056821
This round: 53,0
54, 3: 39, 53.142516604823776
5.5361
5.2526
This round: 21,0
55, 0: 45, 54.615081014425236
This round: 21,0
55, 1: 32, 51.88574742626106
This round: 21,0
55, 2: 24, 51.35924451056821
This round: 21,0
55, 3: 40, 54.142516604823776
5.2057
This round: 14,0
56, 0: 46, 55.615081014425236
This round: 14,0
56, 1: 33, 52.88574742626106
This round: 14,0
56, 2: 25, 52.35924451056821
This round: 14,0
56, 3: 41, 55.142516604823776
5.237
5.42
5.370900000000001
This round: 38,0
57, 0: 47, 56.615081014425236
This round: 38,0
57, 1: 34, 53.88574742626106
This round: 38,2
57, 2: 25, 53.30661293162084
This round: 38,2
57, 3: 41, 56.089885025876406
5.455799999999999
5.6078
5.3397
This round: 60,0
58, 0: 48, 57.615081014425236
This round: 60,1
58, 1: 34, 54.8690807595944
This round: 60,0
58, 2: 26, 54.30661293162084
This round: 60,0
58, 3: 42, 57.089885025876406
5.518400000000001
5.5283
This round: 51,0
59, 0: 49, 58.615081014425236
This round: 51,0
59, 1: 35, 55.8690807595944
This round: 51,0
59, 2: 27, 55.30661293162084
This round: 51,0
59, 3: 43, 58.089885025876406
5.3487
This round: 21,0
60, 0: 50, 59.615081014425236
This round: 21,0
60, 1: 36, 56.8690807595944
This round: 21,0
60, 2: 28, 56.30661293162084
This round: 21,0
60, 3: 44, 59.089885025876406
5.4289000000000005
This round: 16,0
61, 0: 51, 60.615081014425236
This round: 16,0
61, 1: 37, 57.8690807595944
This round: 16,0
61, 2: 29, 57.30661293162084
This round: 16,0
61, 3: 45, 60.089885025876406
5.536199999999999
5.2326
This round: 21,0
62, 0: 52, 61.615081014425236
This round: 21,2
62, 1: 37, 58.7738426643563
This round: 21,2
62, 2: 29, 58.211374836382745
This round: 21,2
62, 3: 45, 60.99464693063831
5.768500000000001
5.6077
5.295100000000001
5.679200000000001
5.464700000000001
5.2861
5.2884
This round: 38,0
63, 0: 53, 62.615081014425236
This round: 38,0
63, 1: 38, 59.7738426643563
This round: 38,0
63, 2: 30, 59.211374836382745
This round: 38,0
63, 3: 46, 61.99464693063831
5.7862
5.250500000000001
This round: 15,0
64, 0: 54, 63.615081014425236
This round: 15,1
64, 1: 38, 60.70717599768963
This round: 15,1
64, 2: 30, 60.144708169716075
This round: 15,1
64, 3: 46, 62.92798026397164
5.108499999999999
This round: 50,0
65, 0: 55, 64.61508101442524
This round: 50,0
65, 1: 39, 61.70717599768963
This round: 50,0
65, 2: 31, 61.144708169716075
This round: 50,8
65, 3: 46, 63.767980263971644
5.6255
5.5073
5.589799999999999
This round: 35,0
66, 0: 56, 65.61508101442524
This round: 35,0
66, 1: 40, 62.70717599768963
This round: 35,0
66, 2: 32, 62.144708169716075
This round: 35,0
66, 3: 47, 64.76798026397165
5.5451999999999995
This round: 13,1
67, 0: 56, 66.53815793750216
This round: 13,1
67, 1: 40, 63.63025292076655
This round: 13,1
67, 2: 32, 63.067785092792995
This round: 13,1
67, 3: 47, 65.69105718704857
5.3218000000000005
This round: 34,0
68, 0: 57, 67.53815793750216
This round: 34,0
68, 1: 41, 64.63025292076655
This round: 34,1
68, 2: 32, 64.03837332808712
This round: 34,0
68, 3: 48, 66.69105718704857
5.4021
This round: 26,0
69, 0: 58, 68.53815793750216
This round: 26,0
69, 1: 42, 65.63025292076655
This round: 26,1
69, 2: 32, 64.99991178962559
This round: 26,1
69, 3: 48, 67.65259564858704
5.4601999999999995
This round: 32,0
70, 0: 59, 69.53815793750216
This round: 32,0
70, 1: 43, 66.63025292076655
This round: 32,0
70, 2: 33, 65.99991178962559
This round: 32,0
70, 3: 49, 68.65259564858704
5.3041
This round: 35,0
71, 0: 60, 70.53815793750216
This round: 35,0
71, 1: 44, 67.63025292076655
This round: 35,0
71, 2: 34, 66.99991178962559
This round: 35,0
71, 3: 50, 69.65259564858704
5.3131
This round: 28,0
72, 0: 61, 71.53815793750216
This round: 28,0
72, 1: 45, 68.63025292076655
This round: 28,0
72, 2: 35, 67.99991178962559
This round: 28,0
72, 3: 51, 70.65259564858704
5.487000000000001
5.42
This round: 321,3
73, 0: 61, 72.52881214310963
This round: 321,120
73, 1: 45, 69.25642114506562
This round: 321,4
73, 2: 35, 68.98745073043555
This round: 321,2
73, 3: 51, 71.64636511899202
5.5363
5.294900000000001
This round: 19,0
74, 0: 62, 73.52881214310963
This round: 19,0
74, 1: 46, 70.25642114506562
This round: 19,0
74, 2: 36, 69.98745073043555
This round: 19,0
74, 3: 52, 72.64636511899202
5.6433
5.411
This round: 48,3
75, 0: 62, 74.46631214310963
This round: 48,3
75, 1: 46, 71.19392114506562
This round: 48,15
75, 2: 36, 70.67495073043555
This round: 48,3
75, 3: 52, 73.58386511899202
5.3487
This round: 28,0
76, 0: 63, 75.46631214310963
This round: 28,0
76, 1: 47, 72.19392114506562
This round: 28,0
76, 2: 37, 71.67495073043555
This round: 28,0
76, 3: 53, 74.58386511899202
5.3933
This round: 12,0
77, 0: 64, 76.46631214310963
This round: 12,0
77, 1: 48, 73.19392114506562
This round: 12,0
77, 2: 38, 72.67495073043555
This round: 12,0
77, 3: 54, 75.58386511899202
5.339600000000001
This round: 22,0
78, 0: 65, 77.46631214310963
This round: 22,0
78, 1: 49, 74.19392114506562
This round: 22,0
78, 2: 39, 73.67495073043555
This round: 22,0
78, 3: 55, 76.58386511899202
5.4469
5.6076
5.469200000000002
This round: 110,0
79, 0: 66, 78.46631214310963
This round: 110,43
79, 1: 49, 74.80301205415653
This round: 110,46
79, 2: 39, 74.25676891225373
This round: 110,0
79, 3: 56, 77.58386511899202
5.3575
This round: 16,0
80, 0: 67, 79.46631214310963
This round: 16,0
80, 1: 50, 75.80301205415653
This round: 16,0
80, 2: 40, 75.25676891225373
This round: 16,0
80, 3: 57, 78.58386511899202
5.357600000000001
This round: 40,0
81, 0: 68, 80.46631214310963
This round: 40,5
81, 1: 50, 76.67801205415653
This round: 40,3
81, 2: 40, 76.18176891225373
This round: 40,2
81, 3: 57, 79.53386511899203
5.286099999999999
This round: 35,0
82, 0: 69, 81.46631214310963
This round: 35,0
82, 1: 51, 77.67801205415653
This round: 35,0
82, 2: 41, 77.18176891225373
This round: 35,1
82, 3: 57, 80.5052936904206
5.228800000000001
This round: 21,0
83, 0: 70, 82.46631214310963
This round: 21,0
83, 1: 52, 78.67801205415653
This round: 21,0
83, 2: 42, 78.18176891225373
This round: 21,0
83, 3: 58, 81.5052936904206
5.4559
5.453700000000001
5.152000000000001
This round: 83,27
84, 0: 70, 83.14101093829035
This round: 83,20
84, 1: 52, 79.43704819873484
This round: 83,27
84, 2: 42, 78.85646770743445
This round: 83,27
84, 3: 58, 82.17999248560132
5.4736
This round: 20,0
85, 0: 71, 84.14101093829035
This round: 20,1
85, 1: 52, 80.38704819873485
This round: 20,4
85, 2: 42, 79.65646770743444
This round: 20,3
85, 3: 58, 83.02999248560131
5.223700000000001
This round: 31,0
86, 0: 72, 85.14101093829035
This round: 31,0
86, 1: 53, 81.38704819873485
This round: 31,3
86, 2: 42, 80.55969351388606
This round: 31,0
86, 3: 59, 84.02999248560131
5.251
This round: 14,0
87, 0: 73, 86.14101093829035
This round: 14,0
87, 1: 54, 82.38704819873485
This round: 14,0
87, 2: 43, 81.55969351388606
This round: 14,0
87, 3: 60, 85.02999248560131
5.3576
This round: 15,0
88, 0: 74, 87.14101093829035
This round: 15,0
88, 1: 55, 83.38704819873485
This round: 15,1
88, 2: 43, 82.4930268472194
This round: 15,1
88, 3: 60, 85.96332581893465
5.2773
This round: 41,0
89, 0: 75, 88.14101093829035
This round: 41,0
89, 1: 56, 84.38704819873485
This round: 41,0
89, 2: 44, 83.4930268472194
This round: 41,0
89, 3: 61, 86.96332581893465
5.1613
This round: 24,0
90, 0: 76, 89.14101093829035
This round: 24,0
90, 1: 57, 85.38704819873485
This round: 24,0
90, 2: 45, 84.4930268472194
This round: 24,0
90, 3: 62, 87.96332581893465
5.4556000000000004
This round: 27,0
91, 0: 77, 90.14101093829035
This round: 27,0
91, 1: 58, 86.38704819873485
This round: 27,0
91, 2: 46, 85.4930268472194
This round: 27,0
91, 3: 63, 88.96332581893465
5.230199999999999
This round: 25,9
92, 0: 77, 90.78101093829035
This round: 25,9
92, 1: 58, 87.02704819873485
This round: 25,9
92, 2: 46, 86.1330268472194
This round: 25,9
92, 3: 63, 89.60332581893465
5.3667
This round: 47,4
93, 0: 77, 91.69590455531163
This round: 47,4
93, 1: 58, 87.94194181575612
This round: 47,4
93, 2: 46, 87.04792046424068
This round: 47,4
93, 3: 63, 90.51821943595593
5.572
This round: 37,0
94, 0: 78, 92.69590455531163
This round: 37,0
94, 1: 59, 88.94194181575612
This round: 37,0
94, 2: 47, 88.04792046424068
This round: 37,0
94, 3: 64, 91.51821943595593
5.4828
5.304600000000001
This round: 26,0
95, 0: 79, 93.69590455531163
This round: 26,0
95, 1: 60, 89.94194181575612
This round: 25,2
95, 2: 47, 88.96792046424068
This round: 25,0
95, 3: 65, 92.51821943595593
5.6969
This round: 30,2
96, 0: 79, 94.62923788864497
This round: 30,2
96, 1: 60, 90.87527514908946
This round: 30,1
96, 2: 47, 89.93458713090735
This round: 30,0
96, 3: 66, 93.51821943595593
5.536199999999999
5.268200000000001
This round: 16,0
97, 0: 80, 95.62923788864497
This round: 16,0
97, 1: 61, 91.87527514908946
This round: 16,0
97, 2: 48, 90.93458713090735
This round: 16,0
97, 3: 67, 94.51821943595593
5.572
5.362
This round: 23,0
98, 0: 81, 96.62923788864497
This round: 23,0
98, 1: 62, 92.87527514908946
This round: 23,0
98, 2: 49, 91.93458713090735
This round: 23,0
98, 3: 68, 95.51821943595593
5.5718000000000005
5.2058
This round: 68,44
99, 0: 81, 96.98217906511556
This round: 68,30
99, 1: 62, 93.43409867850123
This round: 68,44
99, 2: 49, 92.28752830737794
This round: 68,44
99, 3: 68, 95.87116061242652
5.6344
5.1878
This round: 19,0
100, 0: 82, 97.98217906511556
This round: 19,0
100, 1: 63, 94.43409867850123
This round: 19,0
100, 2: 50, 93.28752830737794
This round: 19,0
100, 3: 69, 96.87116061242652
5.2683
This round: 19,0
101, 0: 83, 98.98217906511556
This round: 19,0
101, 1: 64, 95.43409867850123
This round: 19,0
101, 2: 51, 94.28752830737794
This round: 19,0
101, 3: 70, 97.87116061242652
5.196700000000001
This round: 10,0
102, 0: 84, 99.98217906511556
This round: 10,0
102, 1: 65, 96.43409867850123
This round: 10,0
102, 2: 52, 95.28752830737794
This round: 10,0
102, 3: 71, 98.87116061242652
5.500500000000001
5.3577
This round: 10,0
103, 0: 85, 100.98217906511556
This round: 10,0
103, 1: 66, 97.43409867850123
This round: 10,0
103, 2: 53, 96.28752830737794
This round: 10,0
103, 3: 72, 99.87116061242652
5.228
This round: 11,0
104, 0: 86, 101.98217906511556
This round: 11,0
104, 1: 67, 98.43409867850123
This round: 11,0
104, 2: 54, 97.28752830737794
This round: 11,0
104, 3: 73, 100.87116061242652
5.456
This round: 16,0
105, 0: 87, 102.98217906511556
This round: 16,0
105, 1: 68, 99.43409867850123
This round: 16,0
105, 2: 55, 98.28752830737794
This round: 16,0
105, 3: 74, 101.87116061242652
5.429200000000001
5.2592
5.4447
This round: 36,0
106, 0: 88, 103.98217906511556
This round: 36,0
106, 1: 69, 100.43409867850123
This round: 36,3
106, 2: 55, 99.20419497404461
This round: 36,1
106, 3: 74, 102.84338283464875
5.393400000000001
This round: 54,0
107, 0: 89, 104.98217906511556
This round: 54,4
107, 1: 69, 101.36002460442715
This round: 54,4
107, 2: 55, 100.13012089997054
This round: 54,4
107, 3: 74, 103.76930876057467
5.6433
5.107399999999999
This round: 20,1
108, 0: 89, 105.93217906511556
This round: 20,0
108, 1: 70, 102.36002460442715
This round: 20,0
108, 2: 56, 101.13012089997054
This round: 20,0
108, 3: 75, 104.76930876057467
5.3396
This round: 41,7
109, 0: 89, 106.76144735779849
This round: 41,10
109, 1: 70, 103.11612216540276
This round: 41,16
109, 2: 56, 101.73987699753151
This round: 41,1
109, 3: 75, 105.74491851667223
5.4736
This round: 26,0
110, 0: 90, 107.76144735779849
This round: 26,1
110, 1: 70, 104.07766062694122
This round: 26,3
110, 2: 56, 102.6244923821469
This round: 26,0
110, 3: 76, 106.74491851667223
5.5764000000000005
5.3039000000000005
This round: 33,0
111, 0: 91, 108.76144735779849
This round: 33,0
111, 1: 71, 105.07766062694122
This round: 33,6
111, 2: 56, 103.44267420032871
This round: 33,3
111, 3: 76, 107.65400942576314
5.3932
This round: 5,0
112, 0: 92, 109.76144735779849
This round: 5,0
112, 1: 72, 106.07766062694122
This round: 5,0
112, 2: 57, 104.44267420032871
This round: 5,0
112, 3: 77, 108.65400942576314
5.394600000000001
5.500299999999999
This round: 31,0
113, 0: 93, 110.76144735779849
This round: 31,0
113, 1: 73, 107.07766062694122
This round: 31,0
113, 2: 58, 105.44267420032871
This round: 31,0
113, 3: 78, 109.65400942576314
5.2862
This round: 47,0
114, 0: 94, 111.76144735779849
This round: 47,5
114, 1: 73, 107.97127764821782
This round: 47,1
114, 2: 58, 106.42139760458403
This round: 47,0
114, 3: 79, 110.65400942576314
5.438000000000001
5.179
This round: 22,0
115, 0: 95, 112.76144735779849
This round: 22,0
115, 1: 74, 108.97127764821782
This round: 22,0
115, 2: 59, 107.42139760458403
This round: 22,0
115, 3: 80, 111.65400942576314
5.3578
This round: 15,0
116, 0: 96, 113.76144735779849
This round: 15,0
116, 1: 75, 109.97127764821782
This round: 15,1
116, 2: 59, 108.35473093791737
This round: 15,1
116, 3: 80, 112.58734275909647
5.161200000000001
This round: 34,0
117, 0: 97, 114.76144735779849
This round: 34,0
117, 1: 76, 110.97127764821782
This round: 34,0
117, 2: 60, 109.35473093791737
This round: 34,0
117, 3: 81, 113.58734275909647
5.546300000000001
This round: 67,0
118, 0: 98, 115.76144735779849
This round: 67,0
118, 1: 77, 111.97127764821782
This round: 67,1
118, 2: 60, 110.33980556478303
This round: 67,1
118, 3: 81, 114.57241738596214
5.3756
5.464799999999999
5.5361
5.5229
This round: 11,0
119, 0: 99, 116.76144735779849
This round: 11,0
119, 1: 78, 112.97127764821782
This round: 11,1
119, 2: 60, 111.24889647387394
This round: 11,0
119, 3: 82, 115.57241738596214
5.7148
5.321900000000001
5.375500000000001
This round: 15,2
120, 0: 99, 117.62811402446515
This round: 15,2
120, 1: 78, 113.83794431488448
This round: 15,2
120, 2: 60, 112.1155631405406
This round: 15,2
120, 3: 82, 116.4390840526288
5.4111
5.5006
This round: 22,0
121, 0: 100, 118.62811402446515
This round: 22,1
121, 1: 78, 114.79248976942993
This round: 22,2
121, 2: 60, 113.02465404963151
This round: 22,0
121, 3: 83, 117.4390840526288
5.1657
This round: 67,0
122, 0: 101, 119.62811402446515
This round: 67,0
122, 1: 79, 115.79248976942993
This round: 67,0
122, 2: 61, 114.02465404963151
This round: 67,0
122, 3: 84, 118.4390840526288
5.5005
This round: 26,0
123, 0: 102, 120.62811402446515
This round: 26,1
123, 1: 79, 116.7540282309684
This round: 26,1
123, 2: 61, 114.98619251116997
This round: 26,1
123, 3: 84, 119.40062251416727
5.2282
This round: 28,0
124, 0: 103, 121.62811402446515
This round: 28,1
124, 1: 79, 117.71831394525411
This round: 28,0
124, 2: 62, 115.98619251116997
This round: 28,0
124, 3: 85, 120.40062251416727
5.397799999999999
This round: 25,0
125, 0: 104, 122.62811402446515
This round: 25,0
125, 1: 80, 118.71831394525411
This round: 25,0
125, 2: 63, 116.98619251116997
This round: 25,0
125, 3: 86, 121.40062251416727
5.357399999999999
5.643299999999999
5.3264
This round: 16,0
126, 0: 105, 123.62811402446515
This round: 16,0
126, 1: 81, 119.71831394525411
This round: 16,2
126, 2: 63, 117.86119251116997
This round: 16,0
126, 3: 87, 122.40062251416727
5.4289
This round: 28,0
127, 0: 106, 124.62811402446515
This round: 28,0
127, 1: 82, 120.71831394525411
This round: 28,0
127, 2: 64, 118.86119251116997
This round: 28,0
127, 3: 88, 123.40062251416727
5.3174
This round: 29,0
128, 0: 107, 125.62811402446515
This round: 29,0
128, 1: 83, 121.71831394525411
This round: 29,0
128, 2: 65, 119.86119251116997
This round: 29,0
128, 3: 89, 124.40062251416727
5.190300000000001
This round: 29,6
129, 0: 107, 126.421217472741
This round: 29,7
129, 1: 83, 122.47693463490928
This round: 29,6
129, 2: 65, 120.65429595944583
This round: 29,6
129, 3: 89, 125.19372596244312
5.430199999999999
This round: 11,0
130, 0: 108, 127.421217472741
This round: 11,0
130, 1: 84, 123.47693463490928
This round: 11,0
130, 2: 66, 121.65429595944583
This round: 11,0
130, 3: 90, 126.19372596244312
5.4203
This round: 17,1
131, 0: 108, 128.36239394332924
This round: 17,1
131, 1: 84, 124.41811110549752
This round: 17,1
131, 2: 66, 122.59547243003406
This round: 17,1
131, 3: 90, 127.13490243303136
5.428999999999999
This round: 21,0
132, 0: 109, 129.36239394332924
This round: 21,0
132, 1: 85, 125.41811110549752
This round: 21,0
132, 2: 67, 123.59547243003406
This round: 21,0
132, 3: 91, 128.13490243303136
5.4558
5.1589
This round: 23,0
133, 0: 110, 130.36239394332924
This round: 23,0
133, 1: 86, 126.41811110549752
This round: 23,3
133, 2: 67, 124.46503764742536
This round: 22,2
133, 3: 91, 129.04399334212226
5.3399
This round: 53,0
134, 0: 111, 131.36239394332924
This round: 53,0
134, 1: 87, 127.41811110549752
This round: 53,0
134, 2: 68, 125.46503764742536
This round: 53,0
134, 3: 92, 130.04399334212226
5.4649
This round: 40,0
135, 0: 112, 132.36239394332924
This round: 40,1
135, 1: 87, 128.39311110549752
This round: 40,1
135, 2: 68, 126.44003764742536
This round: 40,1
135, 3: 92, 131.01899334212226
5.411099999999999
5.429
This round: 40,0
136, 0: 113, 133.36239394332924
This round: 40,1
136, 1: 87, 129.36811110549752
This round: 40,2
136, 2: 68, 127.39003764742536
This round: 40,1
136, 3: 92, 131.99399334212225
5.286200000000001
This round: 15,0
137, 0: 114, 134.36239394332924
This round: 15,0
137, 1: 88, 130.36811110549752
This round: 15,2
137, 2: 68, 128.25670431409202
This round: 15,1
137, 3: 92, 132.9273266754556
5.2058
This round: 65,7
138, 0: 114, 135.25470163563693
This round: 65,24
138, 1: 88, 130.99888033626675
This round: 65,8
138, 2: 68, 129.1336273910151
This round: 65,8
138, 3: 92, 133.80424975237867
5.393300000000001
This round: 67,1
139, 0: 114, 136.2397762625026
This round: 67,1
139, 1: 88, 131.98395496313242
This round: 67,3
139, 2: 68, 130.0888512716121
This round: 67,3
139, 3: 92, 134.75947363297567
5.6835
This round: 21,1
140, 0: 114, 137.19215721488357
This round: 21,0
140, 1: 89, 132.98395496313242
This round: 21,1
140, 2: 68, 131.04123222399306
This round: 21,0
140, 3: 93, 135.75947363297567
5.321899999999999
5.3308
This round: 14,1
141, 0: 114, 138.12072864345498
This round: 14,1
141, 1: 89, 133.91252639170384
This round: 14,1
141, 2: 68, 131.96980365256448
This round: 14,1
141, 3: 93, 136.6880450615471
5.3621
This round: 24,0
142, 0: 115, 139.12072864345498
This round: 24,2
142, 1: 89, 134.8291930583705
This round: 24,0
142, 2: 69, 132.96980365256448
This round: 24,0
142, 3: 94, 137.6880450615471
5.2683
5.3577
This round: 35,0
143, 0: 116, 140.12072864345498
This round: 35,0
143, 1: 90, 135.8291930583705
This round: 35,3
143, 2: 69, 133.8840893668502
This round: 35,2
143, 3: 94, 138.63090220440424
5.4111
This round: 11,0
144, 0: 117, 141.12072864345498
This round: 11,1
144, 1: 90, 136.7382839674614
This round: 11,1
144, 2: 69, 134.7931802759411
This round: 11,0
144, 3: 95, 139.63090220440424
5.315200000000001
This round: 38,23
145, 0: 117, 141.51546548556024
This round: 38,23
145, 1: 90, 137.13302080956666
This round: 38,23
145, 2: 69, 135.18791711804636
This round: 38,23
145, 3: 95, 140.0256390465095
5.5809000000000015
5.571899999999999
This round: 24,0
146, 0: 118, 142.51546548556024
This round: 24,0
146, 1: 91, 138.13302080956666
This round: 24,0
146, 2: 70, 136.18791711804636
This round: 24,0
146, 3: 96, 141.0256390465095
5.2415
This round: 21,0
147, 0: 119, 143.51546548556024
This round: 21,0
147, 1: 92, 139.13302080956666
This round: 21,0
147, 2: 71, 137.18791711804636
This round: 21,0
147, 3: 97, 142.0256390465095
5.3039
This round: 32,4
148, 0: 119, 144.39046548556024
This round: 32,0
148, 1: 93, 140.13302080956666
This round: 32,5
148, 2: 71, 138.03166711804636
This round: 32,0
148, 3: 98, 143.0256390465095
5.554100000000001
5.4647
5.4117999999999995
This round: 19,0
149, 0: 120, 145.39046548556024
This round: 19,0
149, 1: 94, 141.13302080956666
This round: 19,0
149, 2: 72, 139.03166711804636
This round: 19,0
149, 3: 99, 144.0256390465095
5.536099999999999
This round: 26,7
150, 0: 120, 146.12123471632947
This round: 26,2
150, 1: 94, 142.0560977326436
This round: 26,7
150, 2: 72, 139.76243634881558
This round: 26,7
150, 3: 99, 144.75640827727872
5.2058
This round: 19,0
151, 0: 121, 147.12123471632947
This round: 19,0
151, 1: 95, 143.0560977326436
This round: 19,0
151, 2: 73, 140.76243634881558
This round: 19,0
151, 3: 100, 145.75640827727872
5.504799999999999
5.3956
This round: 52,2
152, 0: 121, 148.08277317786792
This round: 52,2
152, 1: 95, 144.01763619418205
This round: 52,0
152, 2: 74, 141.76243634881558
This round: 52,0
152, 3: 101, 146.75640827727872
5.4649
5.572100000000001
5.4871
This round: 12,2
153, 0: 121, 148.91610651120126
This round: 12,2
153, 1: 95, 144.8509695275154
This round: 12,2
153, 2: 74, 142.59576968214893
This round: 12,2
153, 3: 101, 147.58974161061207
5.857800000000001
5.3577
This round: 18,0
154, 0: 122, 149.91610651120126
This round: 18,0
154, 1: 96, 145.8509695275154
This round: 18,1
154, 2: 74, 143.54021412659338
This round: 18,0
154, 3: 102, 148.58974161061207
5.607799999999999
5.269099999999999
This round: 9,0
155, 0: 123, 150.91610651120126
This round: 9,0
155, 1: 97, 146.8509695275154
This round: 9,0
155, 2: 75, 144.54021412659338
This round: 9,0
155, 3: 103, 149.58974161061207
5.4825
5.3219
This round: 19,0
156, 0: 124, 151.91610651120126
This round: 19,0
156, 1: 98, 147.8509695275154
This round: 19,2
156, 2: 75, 145.43495096869864
This round: 19,2
156, 3: 103, 150.48447845271733
5.485
This round: 59,0
157, 0: 125, 152.91610651120126
This round: 59,9
157, 1: 98, 148.69842715463403
This round: 59,3
157, 2: 75, 146.38410351107152
This round: 59,2
157, 3: 103, 151.4505801476326
5.3399
This round: 18,0
158, 0: 126, 153.91610651120126
This round: 18,0
158, 1: 99, 149.69842715463403
This round: 18,0
158, 2: 76, 147.38410351107152
This round: 18,0
158, 3: 104, 152.4505801476326
5.5371999999999995
This round: 36,0
159, 0: 127, 154.91610651120126
This round: 36,2
159, 1: 99, 150.6428715990785
This round: 36,0
159, 2: 77, 148.38410351107152
This round: 36,0
159, 3: 105, 153.4505801476326
5.330900000000001
5.647800000000001
5.429099999999999
5.268199999999999
This round: 18,0
160, 0: 128, 155.91610651120126
This round: 18,0
160, 1: 100, 151.6428715990785
This round: 18,1
160, 2: 77, 149.32854795551597
This round: 18,0
160, 3: 106, 154.4505801476326
5.2995
5.393399999999999
This round: 44,1
161, 0: 128, 156.89337923847398
This round: 44,5
161, 1: 100, 152.52923523544212
This round: 44,5
161, 2: 77, 150.2149115918796
This round: 44,5
161, 3: 106, 155.33694378399622
5.319800000000001
5.714599999999999
5.51
5.576300000000001
This round: 18,0
162, 0: 129, 157.89337923847398
This round: 18,0
162, 1: 101, 153.52923523544212
This round: 18,0
162, 2: 78, 151.2149115918796
This round: 18,0
162, 3: 107, 156.33694378399622
5.500299999999999
This round: 32,3
163, 0: 129, 158.79962923847398
This round: 32,3
163, 1: 101, 154.43548523544212
This round: 32,3
163, 2: 78, 152.1211615918796
This round: 32,3
163, 3: 107, 157.24319378399622
5.2862
This round: 10,0
164, 0: 130, 159.79962923847398
This round: 10,0
164, 1: 102, 155.43548523544212
This round: 10,1
164, 2: 78, 153.0211615918796
This round: 10,1
164, 3: 107, 158.14319378399622
5.250299999999999
This round: 32,0
165, 0: 131, 160.79962923847398
This round: 32,0
165, 1: 103, 156.43548523544212
This round: 32,1
165, 2: 78, 153.9899115918796
This round: 32,0
165, 3: 108, 159.14319378399622
5.406700000000001
This round: 33,0
166, 0: 132, 161.79962923847398
This round: 33,2
166, 1: 103, 157.37487917483605
This round: 33,6
166, 2: 78, 154.80809341006142
This round: 33,0
166, 3: 109, 160.14319378399622
5.5451000000000015
5.3006
5.410799999999999
5.469200000000001
This round: 137,17
167, 0: 132, 162.6755416472331
This round: 137,0
167, 1: 104, 158.37487917483605
This round: 137,0
167, 2: 79, 155.80809341006142
This round: 137,0
167, 3: 110, 161.14319378399622
5.2547999999999995
This round: 16,0
168, 0: 133, 163.6755416472331
This round: 16,0
168, 1: 105, 159.37487917483605
This round: 16,0
168, 2: 80, 156.80809341006142
This round: 16,0
168, 3: 111, 162.14319378399622
5.4247000000000005
5.3396
This round: 21,0
169, 0: 134, 164.6755416472331
This round: 21,0
169, 1: 106, 160.37487917483605
This round: 21,0
169, 2: 81, 157.80809341006142
This round: 21,0
169, 3: 112, 163.14319378399622
5.3664
This round: 27,0
170, 0: 135, 165.6755416472331
This round: 27,3
170, 1: 106, 161.26376806372494
This round: 27,3
170, 2: 81, 158.6969822989503
This round: 27,3
170, 3: 112, 164.0320826728851
5.4648
5.393199999999999
This round: 14,0
171, 0: 136, 166.6755416472331
This round: 14,0
171, 1: 107, 162.26376806372494
This round: 14,0
171, 2: 82, 159.6969822989503
This round: 14,0
171, 3: 113, 165.0320826728851
5.536199999999999
This round: 25,0
172, 0: 137, 167.6755416472331
This round: 25,0
172, 1: 108, 163.26376806372494
This round: 25,2
172, 2: 82, 160.6169822989503
This round: 25,0
172, 3: 114, 166.0320826728851
5.330799999999999
This round: 60,0
173, 0: 138, 168.6755416472331
This round: 60,10
173, 1: 108, 164.09710139705828
This round: 60,2
173, 2: 82, 161.58364896561696
This round: 60,2
173, 3: 114, 166.99874933955178
5.3241000000000005
This round: 76,0
174, 0: 139, 169.6755416472331
This round: 76,18
174, 1: 108, 164.86025929179513
This round: 76,10
174, 2: 82, 162.45207001824855
This round: 76,10
174, 3: 114, 167.86717039218337
5.4023
This round: 20,0
175, 0: 140, 170.6755416472331
This round: 20,0
175, 1: 109, 165.86025929179513
This round: 20,0
175, 2: 83, 163.45207001824855
This round: 20,0
175, 3: 115, 168.86717039218337
5.2859
This round: 21,0
176, 0: 141, 171.6755416472331
This round: 21,0
176, 1: 110, 166.86025929179513
This round: 21,0
176, 2: 84, 164.45207001824855
This round: 21,0
176, 3: 116, 169.86717039218337
5.286200000000001
5.371199999999999
This round: 27,0
177, 0: 142, 172.6755416472331
This round: 27,1
177, 1: 110, 167.8232222547581
This round: 27,1
177, 2: 84, 165.4150329812115
This round: 27,0
177, 3: 117, 170.86717039218337
5.3577
This round: 24,0
178, 0: 143, 173.6755416472331
This round: 24,0
178, 1: 111, 168.8232222547581
This round: 24,1
178, 2: 84, 166.37336631454485
This round: 24,1
178, 3: 117, 171.8255037255167
5.3306000000000004
This round: 45,0
179, 0: 144, 174.6755416472331
This round: 45,0
179, 1: 112, 169.8232222547581
This round: 45,0
179, 2: 85, 167.37336631454485
This round: 45,0
179, 3: 118, 172.8255037255167
5.3332999999999995
This round: 55,3
180, 0: 144, 175.62099619268764
This round: 55,0
180, 1: 113, 170.8232222547581
This round: 55,1
180, 2: 85, 168.35518449636302
This round: 55,0
180, 3: 119, 173.8255037255167
5.3934
This round: 16,0
181, 0: 145, 176.62099619268764
This round: 16,0
181, 1: 114, 171.8232222547581
This round: 16,0
181, 2: 86, 169.35518449636302
This round: 16,1
181, 3: 119, 174.7630037255167
5.5768
5.5365
This round: 21,0
182, 0: 146, 177.62099619268764
This round: 21,0
182, 1: 115, 172.8232222547581
This round: 21,0
182, 2: 87, 170.35518449636302
This round: 21,0
182, 3: 120, 175.7630037255167
5.7505
5.473700000000001
5.4737
5.5007
This round: 17,0
183, 0: 147, 178.62099619268764
This round: 17,2
183, 1: 115, 173.70557519593456
This round: 17,4
183, 2: 87, 171.11989037871595
This round: 17,2
183, 3: 120, 176.64535666669317
5.1633
This round: 13,0
184, 0: 148, 179.62099619268764
This round: 13,0
184, 1: 116, 174.70557519593456
This round: 13,1
184, 2: 87, 172.04296730179288
This round: 13,0
184, 3: 121, 177.64535666669317
5.5094
5.3665
This round: 78,0
185, 0: 149, 180.62099619268764
This round: 78,0
185, 1: 117, 175.70557519593456
This round: 78,12
185, 2: 87, 172.88912114794672
This round: 78,0
185, 3: 122, 178.64535666669317
5.3755
This round: 17,3
186, 0: 149, 181.44452560445234
This round: 17,3
186, 1: 117, 176.52910460769925
This round: 17,3
186, 2: 87, 173.71265055971142
This round: 17,3
186, 3: 122, 179.46888607845787
5.5003
This round: 17,0
187, 0: 150, 182.44452560445234
This round: 17,0
187, 1: 118, 177.52910460769925
This round: 17,1
187, 2: 87, 174.65382703029965
This round: 17,1
187, 3: 122, 180.4100625490461
5.3933
This round: 31,0
188, 0: 151, 183.44452560445234
This round: 31,0
188, 1: 119, 178.52910460769925
This round: 31,1
188, 2: 87, 175.62156896578352
This round: 31,1
188, 3: 122, 181.37780448452997
5.5897
5.2863
This round: 26,0
189, 0: 152, 184.44452560445234
This round: 26,0
189, 1: 120, 179.52910460769925
This round: 26,6
189, 2: 87, 176.3907997350143
This round: 26,0
189, 3: 123, 182.37780448452997
5.576299999999999
This round: 26,0
190, 0: 153, 185.44452560445234
This round: 26,0
190, 1: 121, 180.52910460769925
This round: 26,1
190, 2: 87, 177.35233819655275
This round: 26,0
190, 3: 124, 183.37780448452997
5.3542000000000005
This round: 44,1
191, 0: 153, 186.42179833172506
This round: 44,1
191, 1: 121, 181.50637733497197
This round: 44,3
191, 2: 87, 178.28415637837094
This round: 44,0
191, 3: 125, 184.37780448452997
5.3932
This round: 18,0
192, 0: 154, 187.42179833172506
This round: 18,0
192, 1: 122, 182.50637733497197
This round: 18,0
192, 2: 88, 179.28415637837094
This round: 18,0
192, 3: 126, 185.37780448452997
5.391100000000001
This round: 37,0
193, 0: 155, 188.42179833172506
This round: 37,1
193, 1: 122, 183.47935030794494
This round: 37,1
193, 2: 88, 180.2571293513439
This round: 37,1
193, 3: 126, 186.35077745750294
5.3933
5.482400000000001
This round: 28,0
194, 0: 156, 189.42179833172506
This round: 28,0
194, 1: 123, 184.47935030794494
This round: 28,0
194, 2: 89, 181.2571293513439
This round: 28,0
194, 3: 127, 187.35077745750294
5.3563
This round: 23,0
195, 0: 157, 190.42179833172506
This round: 23,0
195, 1: 124, 185.47935030794494
This round: 23,1
195, 2: 89, 182.21365109047434
This round: 23,0
195, 3: 128, 188.35077745750294
5.3128
This round: 26,0
196, 0: 158, 191.42179833172506
This round: 26,0
196, 1: 125, 186.47935030794494
This round: 26,1
196, 2: 89, 183.1751895520128
This round: 26,1
196, 3: 128, 189.3123159190414
5.339600000000001
This round: 43,0
197, 0: 159, 192.42179833172506
This round: 43,0
197, 1: 126, 187.47935030794494
This round: 43,14
197, 2: 89, 183.84960815666395
This round: 43,14
197, 3: 128, 189.98673452369255
5.2415
This round: 15,0
198, 0: 160, 193.42179833172506
This round: 15,4
198, 1: 126, 188.21268364127826
This round: 15,4
198, 2: 89, 184.58294148999727
This round: 15,4
198, 3: 128, 190.72006785702587
5.2157
This round: 16,0
199, 0: 161, 194.42179833172506
This round: 16,0
199, 1: 127, 189.21268364127826
This round: 16,0
199, 2: 90, 185.58294148999727
This round: 16,0
199, 3: 129, 191.72006785702587
