5.286199999999999
This round: 37,1
0, 0: 0, 0.972972972972973
This round: 37,5
0, 1: 0, 0.8648648648648649
This round: 37,5
0, 2: 0, 0.8648648648648649
This round: 37,2
0, 3: 0, 0.9459459459459459
5.3843
5.36
5.3039
This round: 57,6
1, 0: 0, 1.867709815078236
This round: 57,8
1, 1: 0, 1.7245139876718825
This round: 57,18
1, 2: 0, 1.5490753911806543
This round: 57,4
1, 3: 0, 1.8757705073494546
5.4293000000000005
This round: 42,1
2, 0: 0, 2.8439002912687124
This round: 42,0
2, 1: 1, 2.7245139876718825
This round: 42,5
2, 2: 0, 2.4300277721330352
This round: 42,1
2, 3: 0, 2.851960983539931
5.196700000000001
This round: 347,55
3, 0: 0, 3.6853988503465223
This round: 347,151
3, 1: 1, 3.2893554862309604
This round: 347,2
3, 2: 0, 3.424264083372228
This round: 347,2
3, 3: 0, 3.846197294779124
5.5719
5.3019
5.714800000000001
5.4646
This round: 61,2
4, 0: 0, 4.65261196510062
This round: 61,2
4, 1: 1, 4.256568600985059
This round: 61,6
4, 2: 0, 4.325903427634524
This round: 61,1
4, 3: 0, 4.829803852156173
5.3397
This round: 30,0
5, 0: 1, 5.65261196510062
This round: 30,0
5, 1: 2, 5.256568600985059
This round: 30,2
5, 2: 0, 5.259236760967857
This round: 30,0
5, 3: 1, 5.829803852156173
5.2504
This round: 26,2
6, 0: 1, 6.5756888881775435
This round: 26,2
6, 1: 2, 6.179645524061982
This round: 26,3
6, 2: 0, 6.143852145583242
This round: 26,4
6, 3: 1, 6.675957698310019
5.2682
5.464699999999999
This round: 60,0
7, 0: 2, 7.5756888881775435
This round: 60,2
7, 1: 2, 7.146312190728649
This round: 60,3
7, 2: 0, 7.093852145583242
This round: 60,3
7, 3: 1, 7.625957698310019
5.464600000000001
This round: 389,10
8, 0: 2, 8.549981947303507
This round: 389,119
8, 1: 2, 7.840399594327621
This round: 389,36
8, 2: 0, 8.001307158436713
This round: 389,2
8, 3: 1, 8.620816310135211
5.5362
5.2904
This round: 98,8
9, 0: 2, 9.468349294242284
This round: 98,8
9, 1: 2, 8.758766941266396
This round: 98,13
9, 2: 0, 8.868654097212223
This round: 98,8
9, 3: 1, 9.539183657073988
5.4651
5.348700000000001
This round: 110,1
10, 0: 2, 10.459258385151374
This round: 110,24
10, 1: 2, 9.540585123084577
This round: 110,2
10, 2: 0, 9.850472279030406
This round: 110,2
10, 3: 1, 10.52100183889217
5.393400000000001
This round: 158,10
11, 0: 2, 11.395967245910867
This round: 158,0
11, 1: 3, 10.540585123084577
This round: 158,15
11, 2: 0, 10.755535570169647
This round: 158,0
11, 3: 2, 11.52100183889217
5.5718000000000005
This round: 37,0
12, 0: 3, 12.395967245910867
This round: 37,1
12, 1: 3, 11.513558096057551
This round: 37,5
12, 2: 0, 11.620400435034512
This round: 37,1
12, 3: 2, 12.493974811865144
5.482800000000001
5.3351
This round: 17,0
13, 0: 4, 13.395967245910867
This round: 17,1
13, 1: 3, 12.454734566645786
This round: 17,1
13, 2: 0, 12.561576905622747
This round: 17,0
13, 3: 3, 13.493974811865144
5.357600000000001
This round: 99,13
14, 0: 4, 14.264654114597736
This round: 99,18
14, 1: 3, 13.272916384827605
This round: 99,19
14, 2: 0, 13.369657713703555
This round: 99,17
14, 3: 3, 14.322257640147972
5.2911
This round: 90,0
15, 0: 5, 15.264654114597736
This round: 90,2
15, 1: 3, 14.250694162605383
This round: 90,0
15, 2: 1, 14.369657713703555
This round: 90,0
15, 3: 4, 15.322257640147972
5.5004
5.518399999999999
5.385600000000002
5.5093
5.4737
This round: 33,1
16, 0: 5, 16.234351084294705
This round: 33,4
16, 1: 3, 15.129482041393262
This round: 33,2
16, 2: 1, 15.309051653097494
This round: 33,1
16, 3: 4, 16.291954609844943
5.7149
5.4468
This round: 54,2
17, 0: 5, 17.197314047257667
This round: 54,5
17, 1: 3, 16.036889448800668
This round: 54,8
17, 2: 1, 16.160903504949346
This round: 54,10
17, 3: 4, 17.106769424659756
5.4625
This round: 29,4
18, 0: 5, 18.05938301277491
This round: 29,5
18, 1: 3, 16.86447565569722
This round: 29,10
18, 2: 1, 16.81607591874245
This round: 29,4
18, 3: 4, 17.968838390176998
5.5004
5.3754
This round: 47,0
19, 0: 6, 19.05938301277491
This round: 47,0
19, 1: 4, 17.86447565569722
This round: 47,2
19, 2: 1, 17.773522727253088
This round: 47,1
19, 3: 4, 18.947561794432318
5.0918
This round: 37,0
20, 0: 7, 20.05938301277491
This round: 37,4
20, 1: 4, 18.75636754758911
This round: 37,4
20, 2: 1, 18.66541461914498
This round: 37,0
20, 3: 5, 19.947561794432318
5.438000000000001
5.286
This round: 24,0
21, 0: 8, 21.05938301277491
This round: 24,0
21, 1: 5, 19.75636754758911
This round: 24,1
21, 2: 1, 19.62374795247831
This round: 24,1
21, 3: 5, 20.90589512776565
5.304
This round: 18,1
22, 0: 8, 22.00382745721935
This round: 18,1
22, 1: 5, 20.700811992033554
This round: 18,0
22, 2: 2, 20.62374795247831
This round: 18,0
22, 3: 6, 21.90589512776565
5.086200000000001
This round: 25,0
23, 0: 9, 23.00382745721935
This round: 25,0
23, 1: 6, 21.700811992033554
This round: 25,6
23, 2: 2, 21.383747952478313
This round: 25,5
23, 3: 6, 22.70589512776565
5.402100000000001
This round: 36,1
24, 0: 9, 23.976049679441573
This round: 36,3
24, 1: 6, 22.61747865870022
This round: 36,3
24, 2: 2, 22.30041461914498
This round: 36,1
24, 3: 6, 23.678117349987872
5.1633
This round: 40,1
25, 0: 9, 24.951049679441574
This round: 40,11
25, 1: 6, 23.342478658700223
This round: 40,2
25, 2: 2, 23.25041461914498
This round: 40,1
25, 3: 6, 24.653117349987873
5.536200000000001
5.500500000000001
This round: 35,7
26, 0: 9, 25.751049679441575
This round: 35,7
26, 1: 6, 24.142478658700224
This round: 35,12
26, 2: 2, 23.90755747628784
This round: 35,8
26, 3: 6, 25.424545921416446
5.6166
5.2238
5.652200000000001
5.3665
This round: 134,0
27, 0: 10, 26.751049679441575
This round: 134,1
27, 1: 6, 25.13501597213306
This round: 134,13
27, 2: 2, 24.810542550914704
This round: 134,6
27, 3: 6, 26.37976980201346
5.366599999999999
This round: 29,0
28, 0: 11, 27.751049679441575
This round: 29,2
28, 1: 6, 26.06605045489168
This round: 29,3
28, 2: 2, 25.707094275052636
This round: 29,0
28, 3: 7, 27.37976980201346
5.4992
5.214799999999999
This round: 127,51
29, 0: 11, 28.349474876291968
This round: 127,59
29, 1: 6, 26.60148352575782
This round: 127,2
29, 2: 2, 26.691346243556573
This round: 127,0
29, 3: 8, 28.37976980201346
5.2515
This round: 61,0
30, 0: 12, 29.349474876291968
This round: 61,7
30, 1: 6, 27.486729427397165
This round: 61,2
30, 2: 2, 27.658559358310672
This round: 61,0
30, 3: 9, 29.37976980201346
5.411
This round: 55,8
31, 0: 12, 30.204020330837423
This round: 55,9
31, 1: 6, 28.3230930637608
This round: 55,5
31, 2: 2, 28.567650267401582
This round: 55,1
31, 3: 9, 30.36158798383164
5.455900000000001
5.5363
5.3663
This round: 46,10
32, 0: 12, 30.9866290264896
This round: 46,21
32, 1: 6, 28.866571324630367
This round: 46,19
32, 2: 2, 29.15460678914071
This round: 46,13
32, 3: 9, 31.078979288179465
5.3041
This round: 76,1
33, 0: 12, 31.973471131752756
This round: 76,6
33, 1: 6, 29.787623956209316
This round: 76,4
33, 2: 2, 30.10197521019334
This round: 76,3
33, 3: 9, 32.03950560396894
5.339799999999999
This round: 21,0
34, 0: 13, 32.97347113175276
This round: 21,3
34, 1: 6, 30.644766813352174
This round: 21,3
34, 2: 2, 30.9591180673362
This round: 21,2
34, 3: 9, 32.944267508730846
5.4737
This round: 54,11
35, 0: 13, 33.76976742804906
This round: 54,1
35, 1: 6, 31.626248294833655
This round: 54,1
35, 2: 2, 31.94059954881768
This round: 54,1
35, 3: 9, 33.92574899021233
5.1968000000000005
5.2549
This round: 42,4
36, 0: 13, 34.67452933281096
This round: 42,6
36, 1: 6, 32.48339115197651
This round: 42,5
36, 2: 2, 32.82155192977006
This round: 42,4
36, 3: 9, 34.83051089497423
5.428999999999999
This round: 29,0
37, 0: 14, 35.67452933281096
This round: 29,0
37, 1: 7, 33.48339115197651
This round: 29,1
37, 2: 2, 33.78706917114937
This round: 29,0
37, 3: 10, 35.83051089497423
5.4291
This round: 56,0
38, 0: 15, 36.67452933281096
This round: 56,9
38, 1: 7, 34.32267686626223
This round: 56,1
38, 2: 2, 34.76921202829222
This round: 56,3
38, 3: 10, 36.7769394664028
5.3753
This round: 34,2
39, 0: 15, 37.615705803399194
This round: 34,5
39, 1: 7, 35.175618042732815
This round: 34,5
39, 2: 2, 35.62215320476281
This round: 34,1
39, 3: 10, 37.74752770169692
5.553999999999999
5.465
This round: 15,4
40, 0: 15, 38.34903913673253
This round: 15,5
40, 1: 7, 35.84228470939948
This round: 15,7
40, 2: 2, 36.15548653809614
This round: 15,4
40, 3: 10, 38.48086103503025
5.3041
5.3754
5.3397
This round: 67,14
41, 0: 15, 39.140083912851935
This round: 67,38
41, 1: 7, 36.275120530295
This round: 67,1
41, 2: 2, 37.14056116496182
This round: 67,8
41, 3: 10, 39.36145804995562
5.643300000000001
This round: 192,8
42, 0: 15, 40.09841724618527
This round: 192,7
42, 1: 7, 37.23866219696166
This round: 192,19
42, 2: 2, 38.04160283162848
This round: 192,19
42, 3: 10, 40.26249971662229
5.2593000000000005
This round: 87,4
43, 0: 15, 41.05244023469102
This round: 87,20
43, 1: 7, 38.0087771394904
This round: 87,11
43, 2: 2, 38.91516605001929
This round: 87,11
43, 3: 10, 41.13606293501309
5.5679
5.2681000000000004
This round: 27,3
44, 0: 15, 41.941329123579905
This round: 27,3
44, 1: 7, 38.897666028379284
This round: 27,4
44, 2: 2, 39.76701790187114
This round: 27,2
44, 3: 10, 42.06198886093902
5.179
5.464799999999999
This round: 96,0
45, 0: 16, 42.941329123579905
This round: 96,5
45, 1: 7, 39.84558269504595
This round: 96,4
45, 2: 2, 40.72535123520448
This round: 96,7
45, 3: 10, 42.98907219427235
5.214700000000001
This round: 23,0
46, 0: 17, 43.941329123579905
This round: 23,0
46, 1: 8, 40.84558269504595
This round: 23,3
46, 2: 2, 41.59491645259578
This round: 23,1
46, 3: 10, 43.94559393340279
5.2548
This round: 49,0
47, 0: 18, 44.941329123579905
This round: 49,2
47, 1: 8, 41.80476636851534
This round: 49,2
47, 2: 2, 42.55410012606517
This round: 49,1
47, 3: 10, 44.92518577013748
5.4502
5.3933
This round: 61,15
48, 0: 18, 45.695427484235644
This round: 61,1
48, 1: 8, 42.78837292589239
This round: 61,1
48, 2: 2, 43.537706683442224
This round: 61,1
48, 3: 10, 45.90879232751453
5.1969
This round: 32,1
49, 0: 18, 46.664177484235644
This round: 32,2
49, 1: 8, 43.72587292589239
This round: 32,2
49, 2: 2, 44.475206683442224
This round: 32,3
49, 3: 10, 46.81504232751453
5.2706
This round: 66,0
50, 0: 19, 47.664177484235644
This round: 66,3
50, 1: 8, 44.68041838043784
This round: 66,2
50, 2: 2, 45.44490365313919
This round: 66,1
50, 3: 10, 47.79989081236302
5.272800000000001
This round: 70,0
51, 0: 20, 48.664177484235644
This round: 70,3
51, 1: 8, 45.6375612375807
This round: 70,8
51, 2: 2, 46.33061793885348
This round: 70,8
51, 3: 10, 48.6856050980773
5.348499999999999
This round: 153,48
52, 0: 20, 49.35045199403957
This round: 153,48
52, 1: 8, 46.32383574738462
This round: 153,50
52, 2: 2, 47.003820553232565
This round: 153,48
52, 3: 10, 49.371879607881226
5.3217
This round: 41,7
53, 0: 20, 50.17972028672249
This round: 41,7
53, 1: 8, 47.15310404006755
This round: 41,9
53, 2: 2, 47.784308358110614
This round: 41,7
53, 3: 10, 50.20114790056415
5.268300000000001
This round: 31,3
54, 0: 20, 51.08294609317411
This round: 31,2
54, 1: 8, 48.08858791103529
This round: 31,5
54, 2: 2, 48.62301803552997
This round: 31,2
54, 3: 10, 51.136631771531896
5.732900000000001
5.0986
This round: 24,1
55, 0: 20, 52.041279426507444
This round: 24,2
55, 1: 8, 49.005254577701955
This round: 24,2
55, 2: 2, 49.53968470219663
This round: 24,2
55, 3: 10, 52.05329843819856
5.286
This round: 34,0
56, 0: 21, 53.041279426507444
This round: 34,1
56, 1: 8, 49.97584281299607
This round: 34,5
56, 2: 2, 50.39262587866722
This round: 34,4
56, 3: 10, 52.93565137937503
5.3935
5.2860000000000005
This round: 107,0
57, 0: 22, 54.041279426507444
This round: 107,5
57, 1: 8, 50.929113841033455
This round: 107,35
57, 2: 2, 51.0655230749289
This round: 107,11
57, 3: 10, 53.83284764105727
5.2503
This round: 69,0
58, 0: 23, 55.041279426507444
This round: 69,12
58, 1: 8, 51.7552007975552
This round: 69,15
58, 2: 2, 51.84813177058107
This round: 69,13
58, 3: 10, 54.64444184395582
5.589799999999999
5.518300000000001
5.6791
5.3889
This round: 41,1
59, 0: 23, 56.016889182605006
This round: 41,1
59, 1: 8, 52.73081055365276
This round: 41,4
59, 2: 2, 52.75057079497132
This round: 41,3
59, 3: 10, 55.5712711122485
5.304000000000001
This round: 12,1
60, 0: 23, 56.93355584927167
This round: 12,3
60, 1: 8, 53.48081055365276
This round: 12,3
60, 2: 2, 53.50057079497132
This round: 12,1
60, 3: 10, 56.48793777891517
5.5362
This round: 58,1
61, 0: 23, 57.91631446996133
This round: 58,1
61, 1: 8, 54.46356917434242
This round: 58,1
61, 2: 2, 54.483329415660975
This round: 58,0
61, 3: 11, 57.48793777891517
5.4558
This round: 32,0
62, 0: 24, 58.91631446996133
This round: 32,2
62, 1: 8, 55.40106917434242
This round: 32,4
62, 2: 2, 55.358329415660975
This round: 32,2
62, 3: 11, 58.42543777891517
5.429100000000001
5.563
5.357399999999999
This round: 44,0
63, 0: 25, 59.91631446996133
This round: 44,6
63, 1: 8, 56.264705537978784
This round: 44,7
63, 2: 2, 56.19923850657007
This round: 44,0
63, 3: 12, 59.42543777891517
5.1878
This round: 33,0
64, 0: 26, 60.91631446996133
This round: 33,0
64, 1: 9, 57.264705537978784
This round: 33,0
64, 2: 3, 57.19923850657007
This round: 33,0
64, 3: 13, 60.42543777891517
5.2593000000000005
This round: 31,0
65, 0: 27, 61.91631446996133
This round: 31,3
65, 1: 9, 58.1679313444304
This round: 31,4
65, 2: 3, 58.07020624850555
This round: 31,5
65, 3: 13, 61.26414745633452
5.359800000000001
This round: 29,0
66, 0: 28, 62.91631446996133
This round: 29,0
66, 1: 10, 59.1679313444304
This round: 29,1
66, 2: 3, 59.03572348988486
This round: 29,0
66, 3: 14, 62.26414745633452
5.4670000000000005
This round: 35,1
67, 0: 28, 63.887743041389896
This round: 35,1
67, 1: 10, 60.13935991585897
This round: 35,2
67, 2: 3, 59.978580632742
This round: 35,4
67, 3: 14, 63.149861742048806
5.357600000000001
5.448999999999999
This round: 24,0
68, 0: 29, 64.8877430413899
This round: 24,1
68, 1: 10, 61.097693249192304
This round: 24,1
68, 2: 3, 60.93691396607534
This round: 24,1
68, 3: 14, 64.10819507538214
5.321999999999999
This round: 218,5
69, 0: 29, 65.86480726157339
This round: 218,5
69, 1: 10, 62.07475746937579
This round: 218,86
69, 2: 3, 61.5424185532313
This round: 218,20
69, 3: 14, 65.01645195611609
5.375500000000001
This round: 60,6
70, 0: 29, 66.7648072615734
This round: 60,22
70, 1: 10, 62.70809080270912
This round: 60,22
70, 2: 3, 62.17575188656463
This round: 60,10
70, 3: 14, 65.84978528944941
5.4493
This round: 23,2
71, 0: 29, 67.67785073983427
This round: 23,4
71, 1: 10, 63.534177759230865
This round: 23,4
71, 2: 3, 63.001838843086375
This round: 23,4
71, 3: 14, 66.67587224597115
5.3932
5.464899999999999
This round: 31,2
72, 0: 29, 68.61333461080201
This round: 31,3
72, 1: 10, 64.43740356568247
This round: 31,4
72, 2: 3, 63.872806585021856
This round: 31,2
72, 3: 14, 67.6113561169389
5.2327
This round: 57,0
73, 0: 30, 69.61333461080201
This round: 57,3
73, 1: 10, 65.3847719867351
This round: 57,6
73, 2: 3, 64.76754342712712
This round: 57,2
73, 3: 14, 68.57626839764065
5.268399999999999
This round: 26,0
74, 0: 31, 70.61333461080201
This round: 26,2
74, 1: 10, 66.30784890981202
This round: 26,5
74, 2: 3, 65.57523573481943
This round: 26,6
74, 3: 14, 69.34549916687142
5.5551
5.339799999999999
5.266
This round: 37,1
75, 0: 31, 71.58630758377498
This round: 37,4
75, 1: 10, 67.19974080170391
This round: 37,2
75, 2: 3, 66.52118168076538
This round: 37,1
75, 3: 14, 70.31847213984439
5.5718
5.714799999999999
5.5807
5.1254
5.4736
This round: 69,1
76, 0: 31, 72.5718148301518
This round: 69,16
76, 1: 10, 67.9678567437329
This round: 69,20
76, 2: 3, 67.23132660830161
This round: 69,18
76, 3: 14, 71.057602574627
5.4289000000000005
5.4381
5.357800000000001
This round: 32,1
77, 0: 31, 73.5405648301518
This round: 32,4
77, 1: 10, 68.8428567437329
This round: 32,4
77, 2: 3, 68.10632660830161
This round: 32,4
77, 3: 14, 71.932602574627
5.1789
This round: 163,0
78, 0: 32, 74.5405648301518
This round: 163,56
78, 1: 10, 69.4992984615243
This round: 163,36
78, 2: 3, 68.8854677125961
This round: 163,57
78, 3: 14, 72.58290932309326
5.3219
5.2504
5.429
This round: 39,0
79, 0: 33, 75.5405648301518
This round: 39,0
79, 1: 11, 70.4992984615243
This round: 39,1
79, 2: 3, 69.85982668695507
This round: 39,1
79, 3: 14, 73.55726829745224
5.420000000000001
5.370999999999999
5.411299999999999
This round: 56,0
80, 0: 34, 76.5405648301518
This round: 56,5
80, 1: 11, 71.4100127472386
This round: 56,6
80, 2: 3, 70.75268382981221
This round: 56,10
80, 3: 14, 74.37869686888081
5.2503
This round: 68,0
81, 0: 35, 77.5405648301518
This round: 68,0
81, 1: 12, 72.4100127472386
This round: 68,1
81, 2: 3, 71.73797794745927
This round: 68,0
81, 3: 15, 75.37869686888081
5.433600000000001
5.3218
This round: 90,2
82, 0: 35, 78.51834260792957
This round: 90,20
82, 1: 12, 73.18779052501637
This round: 90,9
82, 2: 3, 72.63797794745928
This round: 91,20
82, 3: 15, 76.15891664910059
5.3421
This round: 44,2
83, 0: 35, 79.47288806247502
This round: 44,6
83, 1: 12, 74.05142688865273
This round: 44,9
83, 2: 3, 73.43343249291382
This round: 44,6
83, 3: 15, 77.02255301273695
5.4289
This round: 51,16
84, 0: 35, 80.15916257227894
This round: 51,4
84, 1: 12, 74.97299551610371
This round: 51,10
84, 2: 3, 74.23735406154127
This round: 51,4
84, 3: 15, 77.94412164018793
5.2526
This round: 31,9
85, 0: 35, 80.86883999163378
This round: 31,9
85, 1: 12, 75.68267293545854
This round: 31,19
85, 2: 3, 74.62445083573482
This round: 31,10
85, 3: 15, 78.62154099502663
5.4112
5.2639000000000005
This round: 69,1
86, 0: 35, 81.85434723801059
This round: 69,25
86, 1: 12, 76.32035409487884
This round: 69,29
86, 2: 3, 75.20416098066235
This round: 69,27
86, 3: 15, 79.23023664720054
5.428999999999999
5.3129
This round: 20,2
87, 0: 35, 82.7543472380106
This round: 20,1
87, 1: 12, 77.27035409487884
This round: 20,4
87, 2: 3, 76.00416098066235
This round: 20,1
87, 3: 15, 80.18023664720054
5.286
This round: 32,0
88, 0: 36, 83.7543472380106
This round: 32,0
88, 1: 13, 78.27035409487884
This round: 32,2
88, 2: 3, 76.94166098066235
This round: 32,2
88, 3: 15, 81.11773664720054
5.4291
5.1297999999999995
This round: 46,3
89, 0: 36, 84.68912984670625
This round: 46,8
89, 1: 13, 79.09644105140057
This round: 46,5
89, 2: 3, 77.83296532848844
This round: 46,3
89, 3: 15, 82.0525192558962
5.268199999999999
This round: 116,0
90, 0: 37, 85.68912984670625
This round: 116,4
90, 1: 13, 80.06195829277989
This round: 116,1
90, 2: 3, 78.82434463883327
This round: 116,0
90, 3: 16, 83.0525192558962
5.2057
This round: 47,2
91, 0: 37, 86.64657665521689
This round: 47,5
91, 1: 13, 80.95557531405649
This round: 47,3
91, 2: 3, 79.76051485159923
This round: 47,3
91, 3: 16, 83.98868946866216
5.732600000000001
5.5764000000000005
5.357500000000001
This round: 53,2
92, 0: 37, 87.60884080616029
This round: 53,1
92, 1: 13, 81.93670738952818
This round: 53,0
92, 2: 4, 80.76051485159923
This round: 53,5
92, 3: 16, 84.89434984602065
5.357600000000001
This round: 22,1
93, 0: 37, 88.56338626070574
This round: 22,1
93, 1: 13, 82.89125284407363
This round: 22,3
93, 2: 4, 81.62415121523559
This round: 22,3
93, 3: 16, 85.757986209657
5.6791
5.643400000000001
5.5005
5.3398
This round: 33,2
94, 0: 37, 89.50278020009968
This round: 33,0
94, 1: 14, 83.89125284407363
This round: 33,3
94, 2: 4, 82.53324212432649
This round: 33,3
94, 3: 16, 86.66707711874791
5.214599999999999
This round: 77,0
95, 0: 38, 90.50278020009968
This round: 77,5
95, 1: 14, 84.82631777913856
This round: 77,0
95, 2: 5, 83.53324212432649
This round: 77,0
95, 3: 17, 87.66707711874791
5.3755
This round: 46,6
96, 0: 38, 91.37234541749098
This round: 46,7
96, 1: 14, 85.67414386609508
This round: 46,3
96, 2: 5, 84.46802473302215
This round: 46,5
96, 3: 17, 88.558381466574
5.249700000000001
This round: 30,0
97, 0: 39, 92.37234541749098
This round: 30,0
97, 1: 15, 86.67414386609508
This round: 30,2
97, 2: 5, 85.40135806635548
This round: 30,0
97, 3: 18, 89.558381466574
5.464800000000001
5.3218
This round: 78,0
98, 0: 40, 93.37234541749098
This round: 78,5
98, 1: 15, 87.61004130199251
This round: 78,1
98, 2: 5, 86.38853755353497
This round: 78,0
98, 3: 19, 90.558381466574
5.179
This round: 30,0
99, 0: 41, 94.37234541749098
This round: 30,1
99, 1: 15, 88.57670796865918
This round: 30,2
99, 2: 5, 87.32187088686831
This round: 30,0
99, 3: 20, 91.558381466574
5.389
This round: 98,1
100, 0: 41, 95.36214133585833
This round: 98,1
100, 1: 15, 89.56650388702653
This round: 98,5
100, 2: 5, 88.27085047870504
This round: 98,2
100, 3: 20, 92.5379733033087
5.232399999999999
This round: 31,0
101, 0: 42, 96.36214133585833
This round: 31,5
101, 1: 15, 90.40521356444589
This round: 31,6
101, 2: 5, 89.07730209160827
This round: 31,3
101, 3: 20, 93.44119910976032
5.3398
This round: 28,1
102, 0: 42, 97.32642705014403
This round: 28,1
102, 1: 15, 91.3694992787316
This round: 28,6
102, 2: 5, 89.86301637732257
This round: 28,2
102, 3: 20, 94.36977053833175
5.3242
This round: 40,0
103, 0: 43, 98.32642705014403
This round: 40,2
103, 1: 15, 92.3194992787316
This round: 40,4
103, 2: 5, 90.76301637732257
This round: 40,2
103, 3: 20, 95.31977053833175
5.152299999999999
This round: 29,5
104, 0: 43, 99.15401325704059
This round: 29,4
104, 1: 15, 93.18156824424884
This round: 29,4
104, 2: 5, 91.62508534283981
This round: 29,2
104, 3: 20, 96.25080502109037
5.2995
This round: 58,0
105, 0: 44, 100.15401325704059
This round: 58,0
105, 1: 16, 94.18156824424884
This round: 58,3
105, 2: 5, 92.57336120490878
This round: 58,1
105, 3: 20, 97.23356364178002
5.429100000000001
5.5093
This round: 67,5
106, 0: 44, 101.07938639136894
This round: 67,8
106, 1: 16, 95.06216525917421
This round: 67,5
106, 2: 5, 93.49873433923713
This round: 67,9
106, 3: 20, 98.09923528357106
5.362
This round: 21,0
107, 0: 45, 102.07938639136894
This round: 21,0
107, 1: 17, 96.06216525917421
This round: 21,1
107, 2: 5, 94.45111529161808
This round: 21,0
107, 3: 21, 99.09923528357106
5.2145
This round: 52,2
108, 0: 45, 103.04092485290741
This round: 52,2
108, 1: 17, 97.02370372071267
This round: 52,2
108, 2: 5, 95.41265375315655
This round: 52,5
108, 3: 21, 100.00308143741722
5.4647
This round: 205,14
109, 0: 45, 103.97263216998059
This round: 205,24
109, 1: 17, 97.90663054998097
This round: 205,12
109, 2: 5, 96.35411716779069
This round: 205,13
109, 3: 21, 100.93966680327088
5.4289000000000005
This round: 25,1
110, 0: 45, 104.93263216998058
This round: 25,1
110, 1: 17, 98.86663054998097
This round: 25,7
110, 2: 5, 97.07411716779069
This round: 25,2
110, 3: 21, 101.85966680327088
5.2547
This round: 54,0
111, 0: 46, 105.93263216998058
This round: 54,1
111, 1: 17, 99.84811203146245
This round: 54,3
111, 2: 5, 98.01856161223513
This round: 54,1
111, 3: 21, 102.84114828475236
5.3933
5.4111
5.371
This round: 30,4
112, 0: 46, 106.79929883664724
This round: 30,2
112, 1: 17, 100.78144536479579
This round: 30,5
112, 2: 5, 98.85189494556846
This round: 30,4
112, 3: 21, 103.70781495141902
5.2203
This round: 21,1
113, 0: 46, 107.75167978902819
This round: 21,3
113, 1: 17, 101.63858822193865
This round: 21,6
113, 2: 5, 99.56618065985417
This round: 21,3
113, 3: 21, 104.56495780856189
5.5183
5.0997
This round: 166,37
114, 0: 46, 108.52878822276313
This round: 166,10
114, 1: 17, 102.57834725808323
This round: 166,72
114, 2: 5, 100.13244572009513
This round: 166,71
114, 3: 21, 105.1372469651884
5.3843000000000005
This round: 16,2
115, 0: 46, 109.40378822276313
This round: 16,3
115, 1: 17, 103.39084725808323
This round: 16,3
115, 2: 5, 100.94494572009513
This round: 16,2
115, 3: 21, 106.0122469651884
5.393299999999999
This round: 28,3
116, 0: 46, 110.29664536562026
This round: 28,6
116, 1: 17, 104.17656154379752
This round: 28,5
116, 2: 5, 101.7663742915237
This round: 28,3
116, 3: 21, 106.90510410804553
5.393300000000001
This round: 58,1
117, 0: 46, 111.27940398630992
This round: 58,9
117, 1: 17, 105.02138913000441
This round: 58,22
117, 2: 5, 102.38706394669612
This round: 58,2
117, 3: 21, 107.87062134942485
5.5184
5.312900000000001
5.0717
This round: 14,1
118, 0: 46, 112.20797541488135
This round: 14,1
118, 1: 17, 105.94996055857584
This round: 14,2
118, 2: 5, 103.24420680383898
This round: 14,1
118, 3: 21, 108.79919277799628
5.6433
5.415699999999999
This round: 29,3
119, 0: 46, 113.10452713901928
This round: 29,2
119, 1: 17, 106.88099504133446
This round: 29,2
119, 2: 5, 104.1752412865976
This round: 29,3
119, 3: 21, 109.69574450213422
5.750700000000001
5.3621
This round: 127,0
120, 0: 47, 114.10452713901928
This round: 127,1
120, 1: 17, 107.87312102558643
This round: 127,2
120, 2: 5, 105.15949325510154
This round: 127,0
120, 3: 22, 110.69574450213422
5.2862
This round: 110,25
121, 0: 47, 114.87725441174655
This round: 110,25
121, 1: 17, 108.6458482983137
This round: 110,29
121, 2: 5, 105.89585689146517
This round: 110,9
121, 3: 22, 111.61392632031604
5.6794
5.5722000000000005
5.3755999999999995
5.304499999999999
5.121
This round: 59,1
122, 0: 47, 115.86030525920418
This round: 59,11
122, 1: 17, 109.45940762034759
This round: 59,2
122, 2: 5, 106.86195858638042
This round: 59,1
122, 3: 22, 112.59697716777367
5.3755
This round: 22,0
123, 0: 48, 116.86030525920418
This round: 22,0
123, 1: 18, 110.45940762034759
This round: 22,1
123, 2: 5, 107.81650404092588
This round: 22,1
123, 3: 22, 113.55152262231913
5.562900000000001
5.536300000000001
This round: 81,37
124, 0: 48, 117.4035151357474
This round: 81,33
124, 1: 18, 111.05200021294019
This round: 81,21
124, 2: 5, 108.55724478166663
This round: 81,37
124, 3: 22, 114.09473249886234
5.5808
This round: 128,4
125, 0: 48, 118.3722651357474
This round: 128,12
125, 1: 18, 111.95825021294019
This round: 128,33
125, 2: 5, 109.29943228166663
This round: 128,35
125, 3: 22, 114.82129499886234
5.2234
This round: 37,6
126, 0: 48, 119.21010297358524
This round: 37,7
126, 1: 18, 112.769061023751
This round: 37,7
126, 2: 5, 110.11024309247743
This round: 37,3
126, 3: 22, 115.74021391778126
5.3564
This round: 32,2
127, 0: 48, 120.14760297358524
This round: 32,2
127, 1: 18, 113.706561023751
This round: 32,10
127, 2: 5, 110.79774309247743
This round: 32,2
127, 3: 22, 116.67771391778126
5.4289000000000005
This round: 87,2
128, 0: 48, 121.12461446783811
This round: 87,2
128, 1: 18, 114.68357251800387
This round: 87,7
128, 2: 5, 111.71728332236249
This round: 87,2
128, 3: 22, 117.65472541203414
5.3754
This round: 35,0
129, 0: 49, 122.12461446783811
This round: 35,0
129, 1: 19, 115.68357251800387
This round: 35,2
129, 2: 5, 112.66014046521963
This round: 35,5
129, 3: 22, 118.511868269177
5.2321
This round: 24,10
130, 0: 49, 122.70794780117144
This round: 24,10
130, 1: 19, 116.2669058513372
This round: 24,10
130, 2: 5, 113.24347379855296
This round: 24,10
130, 3: 22, 119.09520160251033
5.429
This round: 54,3
131, 0: 49, 123.65239224561589
This round: 54,5
131, 1: 19, 117.1743132587446
This round: 54,4
131, 2: 5, 114.16939972447888
This round: 54,0
131, 3: 23, 120.09520160251033
5.3050999999999995
This round: 16,0
132, 0: 50, 124.65239224561589
This round: 16,1
132, 1: 19, 118.1118132587446
This round: 16,1
132, 2: 5, 115.10689972447888
This round: 16,0
132, 3: 24, 121.09520160251033
5.3843000000000005
This round: 25,1
133, 0: 50, 125.61239224561588
This round: 25,1
133, 1: 19, 119.0718132587446
This round: 25,2
133, 2: 5, 116.02689972447888
This round: 25,2
133, 3: 24, 122.01520160251033
5.2905
This round: 51,0
134, 0: 51, 126.61239224561588
This round: 51,1
134, 1: 19, 120.05220541560735
This round: 51,5
134, 2: 5, 116.92886050879261
This round: 51,1
134, 3: 24, 122.99559375937308
5.442299999999999
This round: 35,0
135, 0: 52, 127.61239224561588
This round: 35,0
135, 1: 20, 121.05220541560735
This round: 35,2
135, 2: 5, 117.87171765164975
This round: 35,1
135, 3: 24, 123.96702233080165
5.4289
This round: 94,1
136, 0: 52, 128.60175394774353
This round: 94,2
136, 1: 20, 122.03092881986267
This round: 94,0
136, 2: 6, 118.87171765164975
This round: 94,0
136, 3: 25, 124.96702233080165
5.2236
This round: 51,0
137, 0: 53, 129.60175394774353
This round: 51,4
137, 1: 20, 122.95249744731365
This round: 51,3
137, 2: 6, 119.81289412223798
This round: 51,1
137, 3: 25, 125.9474144876644
5.500500000000001
This round: 25,0
138, 0: 54, 130.60175394774353
This round: 25,2
138, 1: 20, 123.87249744731365
This round: 25,3
138, 2: 6, 120.69289412223797
This round: 25,1
138, 3: 25, 126.9074144876644
5.286099999999999
This round: 34,0
139, 0: 55, 131.60175394774353
This round: 34,1
139, 1: 20, 124.84308568260776
This round: 34,2
139, 2: 6, 121.6340705928262
This round: 34,2
139, 3: 25, 127.84859095825263
5.2146
This round: 93,12
140, 0: 55, 132.47272168967902
This round: 93,2
140, 1: 20, 125.82158030626368
This round: 93,25
140, 2: 6, 122.36525338852513
This round: 93,10
140, 3: 25, 128.7410640765322
5.431400000000001
This round: 14,3
141, 0: 55, 133.2584359753933
This round: 14,3
141, 1: 20, 126.60729459197798
This round: 14,3
141, 2: 6, 123.15096767423942
This round: 14,3
141, 3: 25, 129.5267783622465
5.4468
This round: 81,0
142, 0: 56, 134.2584359753933
This round: 81,21
142, 1: 20, 127.34803533271872
This round: 81,9
142, 2: 6, 124.03985656312831
This round: 81,3
142, 3: 25, 130.48974132520945
5.554200000000001
5.2707
This round: 20,0
143, 0: 57, 135.2584359753933
This round: 20,2
143, 1: 20, 128.24803533271873
This round: 20,2
143, 2: 6, 124.93985656312832
This round: 20,2
143, 3: 25, 131.38974132520946
5.4113
This round: 48,11
144, 0: 57, 136.02926930872664
This round: 48,11
144, 1: 20, 129.01886866605207
This round: 48,20
144, 2: 6, 125.52318989646164
This round: 48,15
144, 3: 25, 132.07724132520946
5.230300000000001
5.4493
This round: 36,1
145, 0: 57, 137.00149153094887
This round: 36,1
145, 1: 20, 129.9910908882743
This round: 36,7
145, 2: 6, 126.3287454520172
This round: 36,7
145, 3: 25, 132.882796880765
5.411100000000001
This round: 22,6
146, 0: 57, 137.7287642582216
This round: 22,6
146, 1: 20, 130.71836361554702
This round: 22,6
146, 2: 6, 127.05601817928994
This round: 22,6
146, 3: 25, 133.61006960803772
5.5005999999999995
This round: 22,2
147, 0: 57, 138.6378551673125
This round: 22,5
147, 1: 20, 131.4910908882743
This round: 22,5
147, 2: 6, 127.8287454520172
This round: 22,3
147, 3: 25, 134.4737059716741
5.3933
5.4647
This round: 111,19
148, 0: 57, 139.4666839961413
This round: 111,31
148, 1: 20, 132.21181160899502
This round: 111,6
148, 2: 6, 128.77469139796315
This round: 111,6
148, 3: 25, 135.41965191762003
5.438000000000001
This round: 27,1
149, 0: 57, 140.42964695910428
This round: 27,0
149, 1: 21, 133.21181160899502
This round: 27,4
149, 2: 6, 129.626543249815
This round: 27,2
149, 3: 25, 136.34557784354595
5.563000000000001
5.455699999999999
This round: 83,0
150, 0: 58, 141.42964695910428
This round: 83,5
150, 1: 21, 134.1515706451396
This round: 83,9
150, 2: 6, 130.51810951487525
This round: 83,2
150, 3: 25, 137.32148145800377
5.4111
This round: 120,0
151, 0: 59, 142.42964695910428
This round: 121,25
151, 1: 21, 134.94495907489167
This round: 121,28
151, 2: 6, 131.28670455619758
This round: 120,1
151, 3: 25, 138.31314812467045
5.2728
This round: 40,3
152, 0: 59, 143.3546469591043
This round: 40,3
152, 1: 21, 135.86995907489168
This round: 40,9
152, 2: 6, 132.06170455619758
This round: 40,2
152, 3: 25, 139.26314812467044
5.2952
5.339600000000001
This round: 49,3
153, 0: 59, 144.29342246930838
This round: 49,7
153, 1: 21, 136.72710193203454
This round: 49,4
153, 2: 6, 132.98007190313635
This round: 49,7
153, 3: 25, 140.1202909818133
5.2147
This round: 26,6
154, 0: 59, 145.06265323853916
This round: 26,5
154, 1: 21, 137.53479423972686
This round: 26,7
154, 2: 6, 133.71084113390557
This round: 26,3
154, 3: 25, 141.00490636642868
5.188899999999999
This round: 29,5
155, 0: 59, 145.8902394454357
This round: 29,5
155, 1: 21, 138.3623804466234
This round: 29,6
155, 2: 6, 134.50394458218145
This round: 29,5
155, 3: 25, 141.83249257332523
5.2728
5.643400000000001
5.263800000000001
This round: 120,5
156, 0: 59, 146.84857277876904
This round: 120,4
156, 1: 21, 139.32904711329007
This round: 120,16
156, 2: 6, 135.37061124884812
This round: 120,18
156, 3: 25, 142.68249257332522
5.5713
This round: 90,1
157, 0: 59, 147.83746166765792
This round: 90,1
157, 1: 21, 140.31793600217895
This round: 90,41
157, 2: 6, 135.91505569329257
This round: 90,1
157, 3: 25, 143.6713814622141
5.3396
This round: 21,2
158, 0: 59, 148.74222357241982
This round: 21,2
158, 1: 21, 141.22269790694085
This round: 21,3
158, 2: 6, 136.77219855043543
This round: 21,2
158, 3: 25, 144.576143366976
5.5184
5.63
5.339700000000001
This round: 39,0
159, 0: 60, 149.74222357241982
This round: 39,0
159, 1: 22, 142.22269790694085
This round: 39,1
159, 2: 6, 137.7465575247944
This round: 39,0
159, 3: 26, 145.576143366976
5.1613999999999995
This round: 42,0
160, 0: 61, 150.74222357241982
This round: 42,6
160, 1: 22, 143.0798407640837
This round: 42,3
160, 2: 6, 138.67512895336583
This round: 42,2
160, 3: 26, 146.52852431935696
5.268199999999999
This round: 44,2
161, 0: 61, 151.69676902696528
This round: 44,2
161, 1: 22, 144.03438621862918
This round: 44,5
161, 2: 6, 139.56149258972945
This round: 44,3
161, 3: 26, 147.46034250117515
5.500500000000001
5.4024
This round: 30,3
162, 0: 61, 152.5967690269653
This round: 30,4
162, 1: 22, 144.90105288529585
This round: 30,7
162, 2: 6, 140.32815925639613
This round: 30,4
162, 3: 26, 148.32700916784182
5.2783999999999995
This round: 54,3
163, 0: 61, 153.54121347140975
This round: 54,3
163, 1: 22, 145.8454973297403
This round: 54,6
163, 2: 6, 141.21704814528502
This round: 54,2
163, 3: 26, 149.28997213080478
5.277
This round: 110,0
164, 0: 62, 154.54121347140975
This round: 110,12
164, 1: 22, 146.73640642064942
This round: 110,3
164, 2: 6, 142.1897754180123
This round: 110,1
164, 3: 26, 150.28088122171388
5.5283000000000015
5.241499999999999
5.4514999999999985
5.330900000000001
This round: 41,0
165, 0: 63, 155.54121347140975
This round: 41,0
165, 1: 23, 147.73640642064942
This round: 41,2
165, 2: 6, 143.1409949302074
This round: 41,1
165, 3: 26, 151.25649097781144
5.4827
This round: 33,0
166, 0: 64, 156.54121347140975
This round: 33,0
166, 1: 24, 148.73640642064942
This round: 33,2
166, 2: 6, 144.08038886960134
This round: 33,4
166, 3: 26, 152.1352788565993
5.314100000000001
This round: 48,0
167, 0: 65, 157.54121347140975
This round: 48,0
167, 1: 25, 149.73640642064942
This round: 48,2
167, 2: 6, 145.03872220293468
This round: 48,0
167, 3: 27, 153.1352788565993
5.5361
This round: 56,4
168, 0: 65, 158.46978489998116
This round: 56,0
168, 1: 26, 150.73640642064942
This round: 56,7
168, 2: 6, 145.91372220293468
This round: 56,4
168, 3: 27, 154.06385028517073
5.1075
This round: 31,0
169, 0: 66, 159.46978489998116
This round: 31,0
169, 1: 27, 151.73640642064942
This round: 31,4
169, 2: 6, 146.78468994487017
This round: 31,3
169, 3: 27, 154.96707609162235
5.232600000000001
This round: 22,3
170, 0: 66, 160.33342126361754
This round: 22,3
170, 1: 27, 152.6000427842858
This round: 22,7
170, 2: 6, 147.46650812668835
This round: 22,3
170, 3: 27, 155.83071245525872
5.2547999999999995
This round: 28,0
171, 0: 67, 161.33342126361754
This round: 28,0
171, 1: 28, 153.6000427842858
This round: 28,1
171, 2: 6, 148.43079384097408
This round: 28,0
171, 3: 28, 156.83071245525872
5.7148
5.254899999999999
5.357599999999999
This round: 31,0
172, 0: 68, 162.33342126361754
This round: 31,5
172, 1: 28, 154.43875246170515
This round: 31,7
172, 2: 6, 149.20498738936118
This round: 31,5
172, 3: 28, 157.66942213267808
5.288399999999999
This round: 30,0
173, 0: 69, 163.33342126361754
This round: 30,3
173, 1: 28, 155.33875246170516
This round: 30,3
173, 2: 6, 150.10498738936118
This round: 30,0
173, 3: 29, 158.66942213267808
5.3486
This round: 13,1
174, 0: 69, 164.25649818669447
This round: 13,2
174, 1: 28, 156.184906307859
This round: 13,2
174, 2: 6, 150.95114123551502
This round: 13,2
174, 3: 29, 159.51557597883192
5.230400000000001
This round: 52,2
175, 0: 69, 165.21803664823292
This round: 52,6
175, 1: 28, 157.06952169247438
This round: 52,7
175, 2: 6, 151.81652585089964
This round: 52,2
175, 3: 29, 160.47711444037037
5.2528
This round: 118,60
176, 0: 69, 165.70956207196173
This round: 118,43
176, 1: 28, 157.70511491281337
This round: 118,54
176, 2: 6, 152.35889873225557
This round: 118,52
176, 3: 29, 161.03643647426867
5.3575
5.156599999999999
This round: 21,1
177, 0: 69, 166.6619430243427
This round: 21,4
177, 1: 28, 158.51463872233717
This round: 21,4
177, 2: 6, 153.16842254177936
This round: 21,0
177, 3: 30, 162.03643647426867
5.1163
This round: 42,0
178, 0: 70, 167.6619430243427
This round: 42,1
178, 1: 28, 159.49082919852765
This round: 42,7
178, 2: 6, 154.0017558751127
This round: 42,1
178, 3: 30, 163.01262695045915
5.5273
5.3221
This round: 28,2
179, 0: 70, 168.5905144529141
This round: 28,2
179, 1: 28, 160.41940062709907
This round: 28,5
179, 2: 6, 154.8231844465413
This round: 28,5
179, 3: 30, 163.83405552188773
5.3083
This round: 40,0
180, 0: 71, 169.5905144529141
This round: 40,3
180, 1: 28, 161.34440062709908
This round: 40,1
180, 2: 6, 155.79818444654128
This round: 40,0
180, 3: 31, 164.83405552188773
5.5093000000000005
5.3309999999999995
This round: 54,1
181, 0: 71, 170.5719959343956
This round: 54,11
181, 1: 28, 162.14069692339538
This round: 54,13
181, 2: 6, 156.55744370580055
This round: 54,9
181, 3: 31, 165.66738885522108
5.3934
This round: 46,0
182, 0: 72, 171.5719959343956
This round: 46,2
182, 1: 28, 163.09721866252582
This round: 46,18
182, 2: 6, 157.16613935797446
This round: 46,5
182, 3: 31, 166.55869320304717
5.473700000000001
This round: 69,10
183, 0: 72, 172.42706839816373
This round: 69,0
183, 1: 29, 164.09721866252582
This round: 69,7
183, 2: 6, 158.06469008261215
This round: 69,4
183, 3: 31, 167.50072218855442
5.429100000000001
5.225899999999999
This round: 34,0
184, 0: 73, 173.42706839816373
This round: 34,6
184, 1: 29, 164.92074807429051
This round: 34,6
184, 2: 6, 158.88821949437684
This round: 34,2
184, 3: 31, 168.44189865914265
5.366499999999999
5.1792
5.5047999999999995
This round: 55,1
185, 0: 73, 174.4088865799819
This round: 55,0
185, 1: 30, 165.92074807429051
This round: 55,10
185, 2: 6, 159.70640131255865
This round: 55,0
185, 3: 32, 169.44189865914265
5.5051
This round: 99,0
186, 0: 74, 175.4088865799819
This round: 99,1
186, 1: 30, 166.9106470641895
This round: 99,2
186, 2: 6, 160.68619929235663
This round: 99,1
186, 3: 32, 170.43179764904164
5.7326999999999995
This round: 39,0
187, 0: 75, 176.4088865799819
This round: 39,2
187, 1: 30, 167.85936501290746
This round: 39,2
187, 2: 6, 161.6349172410746
This round: 39,1
187, 3: 32, 171.40615662340062
5.3934
This round: 40,0
188, 0: 76, 177.4088865799819
This round: 40,1
188, 1: 30, 168.83436501290745
This round: 40,7
188, 2: 6, 162.45991724107458
This round: 40,2
188, 3: 32, 172.3561566234006
5.3218000000000005
5.340800000000001
This round: 34,2
189, 0: 76, 178.35006305057013
This round: 34,0
189, 1: 31, 169.83436501290745
This round: 34,4
189, 2: 6, 163.34227018225104
This round: 34,2
189, 3: 32, 173.29733309398884
5.4557
5.330700000000001
This round: 26,0
190, 0: 77, 179.35006305057013
This round: 26,1
190, 1: 31, 170.7959034744459
This round: 26,2
190, 2: 6, 164.26534710532798
This round: 26,1
190, 3: 32, 174.2588715555273
5.2783999999999995
5.5451
5.3931000000000004
This round: 35,0
191, 0: 78, 180.35006305057013
This round: 35,0
191, 1: 32, 171.7959034744459
This round: 35,2
191, 2: 6, 165.20820424818513
This round: 35,1
191, 3: 32, 175.23030012695585
5.1343
This round: 37,1
192, 0: 78, 181.3230360235431
This round: 37,2
192, 1: 32, 172.74184942039184
This round: 37,3
192, 2: 6, 166.12712316710403
This round: 37,5
192, 3: 32, 176.09516499182072
5.2861
5.3844
5.536300000000001
5.5005000000000015
This round: 101,0
193, 0: 79, 182.3230360235431
This round: 101,5
193, 1: 32, 173.6923444698968
This round: 101,4
193, 2: 6, 167.08751920670798
This round: 101,4
193, 3: 32, 177.05556103142467
5.464900000000001
5.3665
This round: 500,2
194, 0: 79, 183.3190360235431
This round: 500,250
194, 1: 32, 174.1923444698968
This round: 500,321
194, 2: 6, 167.44551920670798
This round: 500,0
194, 3: 33, 178.05556103142467
5.534000000000001
5.429
This round: 49,5
195, 0: 79, 184.21699520721657
This round: 49,10
195, 1: 32, 174.98826283724372
This round: 49,27
195, 2: 6, 167.89449879854473
This round: 49,10
195, 3: 33, 178.8514793987716
5.7597
5.2684
This round: 22,1
196, 0: 79, 185.17154066176204
This round: 22,2
196, 1: 32, 175.89735374633463
This round: 22,3
196, 2: 6, 168.7581351621811
This round: 22,2
196, 3: 33, 179.7605703078625
5.371
This round: 68,0
197, 0: 80, 186.17154066176204
This round: 68,4
197, 1: 32, 176.83853021692286
This round: 68,1
197, 2: 6, 169.74342927982818
This round: 68,1
197, 3: 33, 180.74586442550958
5.3932
This round: 190,22
198, 0: 80, 187.05575118807783
This round: 190,22
198, 1: 32, 177.72274074323866
This round: 190,39
198, 2: 6, 170.53816612193344
This round: 190,56
198, 3: 33, 181.45112758340431
5.5674
5.447
5.3386000000000005
This round: 22,2
199, 0: 80, 187.96484209716874
This round: 22,3
199, 1: 32, 178.58637710687503
This round: 22,1
199, 2: 6, 171.4927115764789
This round: 22,1
199, 3: 33, 182.40567303794978
