5.3218000000000005
5.236999999999999
This round: 24,0
0, 0: 1, 1.0
This round: 24,0
0, 1: 1, 1.0
This round: 24,1
0, 2: 0, 0.9583333333333334
This round: 24,0
0, 3: 1, 1.0
5.3206999999999995
5.482500000000001
This round: 149,3
1, 0: 1, 1.9798657718120807
This round: 149,0
1, 1: 2, 2.0
This round: 149,27
1, 2: 0, 1.7771252796420582
This round: 149,0
1, 3: 2, 2.0
5.196899999999999
This round: 34,0
2, 0: 2, 2.9798657718120807
This round: 34,0
2, 1: 3, 3.0
This round: 34,0
2, 2: 1, 2.7771252796420582
This round: 34,0
2, 3: 3, 3.0
5.6435
This round: 53,0
3, 0: 3, 3.9798657718120807
This round: 53,2
3, 1: 3, 3.9622641509433962
This round: 53,0
3, 2: 2, 3.7771252796420582
This round: 53,0
3, 3: 4, 4.0
5.5049
5.4514000000000005
5.2504
This round: 42,1
4, 0: 3, 4.9560562480025565
This round: 42,6
4, 1: 3, 4.819407008086253
This round: 42,6
4, 2: 2, 4.6342681367849154
This round: 42,1
4, 3: 4, 4.976190476190476
5.1967
This round: 39,0
5, 0: 4, 5.9560562480025565
This round: 39,3
5, 1: 3, 5.742483931163177
This round: 39,9
5, 2: 2, 5.403498906015685
This round: 39,9
5, 3: 4, 5.745421245421245
5.2860000000000005
This round: 29,2
6, 0: 4, 6.8870907307611775
This round: 29,1
6, 1: 3, 6.708001172542487
This round: 29,3
6, 2: 2, 6.300050630153615
This round: 29,1
6, 3: 4, 6.710938486800556
5.152200000000001
This round: 55,2
7, 0: 4, 7.850727094397541
This round: 55,0
7, 1: 4, 7.708001172542487
This round: 55,1
7, 2: 2, 7.281868811971797
This round: 55,1
7, 3: 4, 7.692756668618737
5.491700000000001
5.4146
This round: 35,0
8, 0: 5, 8.850727094397541
This round: 35,12
8, 1: 4, 8.365144029685345
This round: 35,15
8, 2: 2, 7.853297383400368
This round: 35,0
8, 3: 5, 8.692756668618738
5.6612
5.4872000000000005
5.3933
This round: 23,0
9, 0: 6, 9.850727094397541
This round: 23,0
9, 1: 5, 9.365144029685345
This round: 23,1
9, 2: 2, 8.809819122530802
This round: 23,1
9, 3: 5, 9.649278407749174
5.3575
This round: 65,6
10, 0: 6, 10.75841940208985
This round: 65,6
10, 1: 5, 10.272836337377653
This round: 65,3
10, 2: 2, 9.763665276376956
This round: 65,3
10, 3: 5, 10.603124561595328
5.357500000000001
This round: 14,0
11, 0: 7, 11.75841940208985
This round: 14,0
11, 1: 6, 11.272836337377653
This round: 14,1
11, 2: 2, 10.692236704948385
This round: 14,0
11, 3: 6, 11.603124561595328
5.330799999999999
This round: 26,0
12, 0: 8, 12.75841940208985
This round: 26,0
12, 1: 7, 12.272836337377653
This round: 26,3
12, 2: 2, 11.57685208956377
This round: 26,0
12, 3: 7, 12.603124561595328
5.6075
This round: 120,0
13, 0: 9, 13.75841940208985
This round: 120,0
13, 1: 8, 13.272836337377653
This round: 120,2
13, 2: 2, 12.560185422897103
This round: 120,0
13, 3: 8, 13.603124561595328
5.2198
This round: 38,2
14, 0: 9, 14.705787823142481
This round: 38,2
14, 1: 8, 14.220204758430285
This round: 38,4
14, 2: 2, 13.454922265002367
This round: 38,3
14, 3: 8, 14.524177193174275
5.2349000000000006
5.3374
This round: 21,0
15, 0: 10, 15.705787823142481
This round: 21,1
15, 1: 8, 15.172585710811237
This round: 21,0
15, 2: 3, 14.454922265002367
This round: 21,0
15, 3: 9, 15.524177193174275
5.4826
5.3597
5.270600000000001
This round: 20,1
16, 0: 10, 16.655787823142482
This round: 20,1
16, 1: 8, 16.122585710811236
This round: 20,1
16, 2: 3, 15.404922265002366
This round: 20,1
16, 3: 9, 16.474177193174274
5.3931000000000004
This round: 59,0
17, 0: 11, 17.655787823142482
This round: 59,12
17, 1: 8, 16.919195880302762
This round: 59,15
17, 2: 3, 16.150684976866774
This round: 59,0
17, 3: 10, 17.474177193174274
5.6791
5.371
This round: 42,0
18, 0: 12, 18.655787823142482
This round: 42,2
18, 1: 8, 17.871576832683715
This round: 42,0
18, 2: 4, 17.150684976866774
This round: 42,0
18, 3: 11, 18.474177193174274
5.2056
This round: 21,2
19, 0: 12, 19.560549727904387
This round: 21,4
19, 1: 8, 18.681100642207525
This round: 21,4
19, 2: 4, 17.960208786390584
This round: 21,2
19, 3: 11, 19.37893909793618
5.947
5.3041
This round: 67,0
20, 0: 13, 20.560549727904387
This round: 67,19
20, 1: 8, 19.397518552655285
This round: 67,10
20, 2: 4, 18.8109550550473
This round: 67,10
20, 3: 11, 20.229685366592896
5.5005999999999995
This round: 156,5
21, 0: 13, 21.528498445853106
This round: 156,2
21, 1: 8, 20.384698039834774
This round: 156,1
21, 2: 4, 19.804544798637046
This round: 156,1
21, 3: 11, 21.22327511018264
5.482600000000001
This round: 39,0
22, 0: 14, 22.528498445853106
This round: 39,0
22, 1: 9, 21.384698039834774
This round: 39,4
22, 2: 4, 20.701980696072944
This round: 39,3
22, 3: 11, 22.146352033259564
5.6480000000000015
5.661199999999999
5.6434999999999995
5.500400000000001
5.2236
5.1030999999999995
This round: 59,0
23, 0: 15, 23.528498445853106
This round: 59,12
23, 1: 9, 22.1813082093263
This round: 59,16
23, 2: 4, 21.43079425539498
This round: 59,0
23, 3: 12, 23.146352033259564
5.3308
5.3756
This round: 223,1
24, 0: 15, 24.52401414092037
This round: 223,41
24, 1: 9, 22.997451707084146
This round: 223,74
24, 2: 4, 22.098955690372556
This round: 223,1
24, 3: 12, 24.14186772832683
5.2705
This round: 25,0
25, 0: 16, 25.52401414092037
This round: 25,0
25, 1: 10, 23.997451707084146
This round: 25,2
25, 2: 4, 23.018955690372557
This round: 25,0
25, 3: 13, 25.14186772832683
5.572
This round: 53,1
26, 0: 16, 26.50514621639207
This round: 53,0
26, 1: 11, 24.997451707084146
This round: 53,29
26, 2: 4, 23.471785879051804
This round: 53,1
26, 3: 13, 26.12299980379853
5.2413
This round: 16,1
27, 0: 16, 27.44264621639207
This round: 16,1
27, 1: 11, 25.934951707084146
This round: 16,1
27, 2: 4, 24.409285879051804
This round: 16,1
27, 3: 13, 27.06049980379853
5.1566
This round: 36,1
28, 0: 16, 28.414868438614292
This round: 36,2
28, 1: 11, 26.87939615152859
This round: 36,1
28, 2: 4, 25.381508101274026
This round: 36,1
28, 3: 13, 28.03272202602075
5.5184999999999995
5.5764000000000005
This round: 20,0
29, 0: 17, 29.414868438614292
This round: 20,0
29, 1: 12, 27.87939615152859
This round: 20,0
29, 2: 5, 26.381508101274026
This round: 20,0
29, 3: 14, 29.03272202602075
5.2057
This round: 41,1
30, 0: 17, 30.390478194711854
This round: 41,12
30, 1: 12, 28.58671322469932
This round: 41,13
30, 2: 5, 27.06443493054232
This round: 41,3
30, 3: 14, 29.95955129431343
5.393300000000001
5.5005
5.5005
5.5362
This round: 30,10
31, 0: 17, 31.05714486137852
This round: 30,10
31, 1: 12, 29.253379891365988
This round: 30,12
31, 2: 5, 27.66443493054232
This round: 30,10
31, 3: 14, 30.6262179609801
5.6435
This round: 53,2
32, 0: 17, 32.019409012321915
This round: 53,1
32, 1: 12, 30.234511966837687
This round: 53,14
32, 2: 5, 28.400283987146093
This round: 53,14
32, 3: 14, 31.362067017583872
5.2839
This round: 57,1
33, 0: 17, 33.00186515267279
This round: 57,12
33, 1: 12, 31.023985651048214
This round: 57,3
33, 2: 5, 29.347652408198723
This round: 57,3
33, 3: 14, 32.309435438636505
5.554
5.528600000000001
5.4827
5.5406
This round: 30,0
34, 0: 18, 34.00186515267279
This round: 30,0
34, 1: 13, 32.023985651048214
This round: 30,6
34, 2: 5, 30.147652408198724
This round: 30,6
34, 3: 14, 33.1094354386365
5.4429
This round: 39,0
35, 0: 19, 35.00186515267279
This round: 39,1
35, 1: 13, 32.998344625407185
This round: 39,7
35, 2: 5, 30.968165228711545
This round: 39,0
35, 3: 15, 34.1094354386365
5.428999999999999
5.522799999999999
This round: 60,0
36, 0: 20, 36.00186515267279
This round: 60,6
36, 1: 13, 33.898344625407184
This round: 60,6
36, 2: 5, 31.868165228711543
This round: 60,0
36, 3: 16, 35.1094354386365
5.4737
5.5765
This round: 32,0
37, 0: 21, 37.00186515267279
This round: 32,1
37, 1: 13, 34.867094625407184
This round: 32,2
37, 2: 5, 32.80566522871155
This round: 32,1
37, 3: 16, 36.0781854386365
5.4557
5.2325
5.4316
This round: 14,1
38, 0: 21, 37.93043658124422
This round: 14,1
38, 1: 13, 35.795666053978614
This round: 14,1
38, 2: 5, 33.73423665728298
This round: 14,0
38, 3: 17, 37.0781854386365
5.549799999999999
This round: 15,0
39, 0: 22, 38.93043658124422
This round: 15,0
39, 1: 14, 36.795666053978614
This round: 15,0
39, 2: 6, 34.73423665728298
This round: 15,0
39, 3: 18, 38.0781854386365
5.4556000000000004
This round: 25,0
40, 0: 23, 39.93043658124422
This round: 25,3
40, 1: 14, 37.67566605397862
This round: 25,2
40, 2: 6, 35.65423665728298
This round: 25,2
40, 3: 18, 38.998185438636504
5.3605
This round: 155,1
41, 0: 23, 40.923984968340996
This round: 155,10
41, 1: 14, 38.61114992494636
This round: 155,16
41, 2: 6, 36.55101085083137
This round: 155,16
41, 3: 18, 39.89495963218489
5.321800000000001
This round: 166,0
42, 0: 24, 41.923984968340996
This round: 166,1
42, 1: 14, 39.605125828560816
This round: 166,0
42, 2: 7, 37.55101085083137
This round: 166,0
42, 3: 19, 40.89495963218489
5.3713
This round: 33,0
43, 0: 25, 42.923984968340996
This round: 33,0
43, 1: 15, 40.605125828560816
This round: 33,8
43, 2: 7, 38.308586608407126
This round: 33,0
43, 3: 20, 41.89495963218489
5.2238
This round: 15,0
44, 0: 26, 43.923984968340996
This round: 15,2
44, 1: 15, 41.47179249522748
This round: 15,3
44, 2: 7, 39.10858660840712
This round: 15,2
44, 3: 20, 42.76162629885156
5.2649
This round: 91,0
45, 0: 27, 44.923984968340996
This round: 91,0
45, 1: 16, 42.47179249522748
This round: 91,1
45, 2: 7, 40.097597597418115
This round: 91,0
45, 3: 21, 43.76162629885156
5.4827
This round: 210,0
46, 0: 28, 45.923984968340996
This round: 210,0
46, 1: 17, 43.47179249522748
This round: 210,14
46, 2: 7, 41.030930930751445
This round: 210,4
46, 3: 21, 44.74257867980394
5.590000000000001
This round: 48,16
47, 0: 28, 46.59065163500766
This round: 48,15
47, 1: 17, 44.15929249522748
This round: 48,15
47, 2: 7, 41.718430930751445
This round: 48,14
47, 3: 21, 45.45091201313728
5.430200000000001
This round: 24,0
48, 0: 29, 47.59065163500766
This round: 24,2
48, 1: 17, 45.07595916189415
This round: 24,2
48, 2: 7, 42.63509759741811
This round: 24,0
48, 3: 22, 46.45091201313728
5.5543000000000005
5.1297999999999995
This round: 52,0
49, 0: 30, 48.59065163500766
This round: 52,2
49, 1: 17, 46.03749762343261
This round: 52,1
49, 2: 7, 43.61586682818734
This round: 52,0
49, 3: 23, 47.45091201313728
5.4022
This round: 22,0
50, 0: 31, 49.59065163500766
This round: 22,0
50, 1: 18, 47.03749762343261
This round: 22,0
50, 2: 8, 44.61586682818734
This round: 22,0
50, 3: 24, 48.45091201313728
5.5362
5.3263
This round: 20,0
51, 0: 32, 50.59065163500766
This round: 20,0
51, 1: 19, 48.03749762343261
This round: 20,1
51, 2: 8, 45.565866828187346
This round: 20,1
51, 3: 24, 49.40091201313728
5.2860000000000005
This round: 24,0
52, 0: 33, 51.59065163500766
This round: 24,3
52, 1: 19, 48.91249762343261
This round: 24,2
52, 2: 8, 46.48253349485401
This round: 24,2
52, 3: 24, 50.317578679803944
5.500500000000001
This round: 25,1
53, 0: 33, 52.55065163500766
This round: 25,1
53, 1: 19, 49.87249762343261
This round: 25,1
53, 2: 8, 47.44253349485401
This round: 25,1
53, 3: 24, 51.277578679803945
5.576500000000001
5.2459
This round: 22,0
54, 0: 34, 53.55065163500766
This round: 22,0
54, 1: 20, 50.87249762343261
This round: 22,2
54, 2: 8, 48.35162440394492
This round: 22,0
54, 3: 25, 52.277578679803945
5.3218000000000005
5.241300000000001
This round: 28,0
55, 0: 35, 54.55065163500766
This round: 28,6
55, 1: 20, 51.65821190914689
This round: 28,6
55, 2: 8, 49.1373386896592
This round: 28,1
55, 3: 25, 53.24186439408966
5.786400000000001
5.3042
This round: 83,1
56, 0: 35, 55.53860344223658
This round: 83,2
56, 1: 20, 52.63411552360473
This round: 83,3
56, 2: 8, 50.10119411134595
This round: 83,6
56, 3: 25, 54.16957523746316
5.3932
This round: 45,0
57, 0: 36, 56.53860344223658
This round: 45,4
57, 1: 20, 53.54522663471584
This round: 45,4
57, 2: 8, 51.01230522245706
This round: 45,1
57, 3: 25, 55.14735301524093
5.3665
This round: 36,2
58, 0: 36, 57.48304788668102
This round: 36,3
58, 1: 20, 54.4618933013825
This round: 36,3
58, 2: 8, 51.92897188912372
This round: 36,2
58, 3: 25, 56.091797459685374
5.527200000000001
This round: 33,2
59, 0: 36, 58.42244182607496
This round: 33,2
59, 1: 20, 55.40128724077644
This round: 33,2
59, 2: 8, 52.86836582851766
This round: 33,2
59, 3: 25, 57.03119139907931
5.196600000000001
This round: 25,0
60, 0: 37, 59.42244182607496
This round: 25,0
60, 1: 21, 56.40128724077644
This round: 25,1
60, 2: 8, 53.82836582851766
This round: 25,1
60, 3: 25, 57.99119139907931
5.571900000000001
This round: 151,1
61, 0: 37, 60.41581930951867
This round: 151,29
61, 1: 21, 57.20923426064399
This round: 151,15
61, 2: 8, 54.72902808017329
This round: 151,1
61, 3: 25, 58.98456888252302
5.5363
5.465000000000001
5.518400000000001
5.3935
5.278499999999999
5.554200000000001
5.413400000000001
This round: 34,0
62, 0: 38, 61.41581930951867
This round: 34,1
62, 1: 21, 58.179822495938105
This round: 34,0
62, 2: 9, 55.72902808017329
This round: 34,1
62, 3: 25, 59.95515711781714
5.165500000000001
This round: 18,0
63, 0: 39, 62.41581930951867
This round: 18,0
63, 1: 22, 59.179822495938105
This round: 18,1
63, 2: 9, 56.673472524617736
This round: 18,1
63, 3: 25, 60.89960156226158
5.5362
This round: 19,0
64, 0: 40, 63.41581930951867
This round: 19,0
64, 1: 23, 60.179822495938105
This round: 19,1
64, 2: 9, 57.620840945670366
This round: 19,0
64, 3: 26, 61.89960156226158
5.3307
This round: 80,2
65, 0: 40, 64.39081930951866
This round: 80,5
65, 1: 23, 61.117322495938105
This round: 80,26
65, 2: 9, 58.29584094567036
This round: 80,5
65, 3: 26, 62.83710156226158
5.5541
5.3142000000000005
This round: 50,14
66, 0: 40, 65.11081930951866
This round: 50,12
66, 1: 23, 61.8773224959381
This round: 50,14
66, 2: 9, 59.01584094567036
This round: 50,1
66, 3: 26, 63.81710156226158
5.214600000000001
5.321899999999999
This round: 23,0
67, 0: 41, 66.11081930951866
This round: 23,1
67, 1: 23, 62.83384423506854
This round: 23,1
67, 2: 9, 59.9723626848008
This round: 23,1
67, 3: 26, 64.773623301392
5.500400000000001
This round: 37,0
68, 0: 42, 67.11081930951866
This round: 37,2
68, 1: 23, 63.779790181014484
This round: 37,2
68, 2: 9, 60.91830863074674
This round: 37,0
68, 3: 27, 65.773623301392
5.464600000000001
This round: 33,0
69, 0: 43, 68.11081930951866
This round: 33,4
69, 1: 23, 64.65857805980237
This round: 33,2
69, 2: 9, 61.85770257014068
This round: 33,2
69, 3: 27, 66.71301724078594
5.286099999999999
This round: 35,0
70, 0: 44, 69.11081930951866
This round: 35,0
70, 1: 24, 65.65857805980237
This round: 35,0
70, 2: 10, 62.85770257014068
This round: 35,1
70, 3: 27, 67.68444581221452
5.393400000000001
This round: 35,0
71, 0: 45, 70.11081930951866
This round: 35,3
71, 1: 24, 66.57286377408808
This round: 35,0
71, 2: 11, 63.85770257014068
This round: 35,0
71, 3: 28, 68.68444581221452
5.4692
5.3219
This round: 18,0
72, 0: 46, 71.11081930951866
This round: 18,3
72, 1: 24, 67.4061971074214
This round: 18,1
72, 2: 11, 64.80214701458513
This round: 18,1
72, 3: 28, 69.62889025665896
5.3264000000000005
5.376199999999999
5.6257
This round: 47,0
73, 0: 47, 72.11081930951866
This round: 47,11
73, 1: 24, 68.17215455422992
This round: 47,5
73, 2: 11, 65.69576403586173
This round: 47,1
73, 3: 28, 70.60761366091428
5.4648
This round: 33,6
74, 0: 47, 72.92900112770047
This round: 33,6
74, 1: 24, 68.99033637241173
This round: 33,14
74, 2: 11, 66.2715216116193
This round: 33,9
74, 3: 28, 71.33488638818702
5.143200000000001
This round: 22,0
75, 0: 48, 73.92900112770047
This round: 22,3
75, 1: 24, 69.85397273604809
This round: 22,1
75, 2: 11, 67.22606706616476
This round: 22,1
75, 3: 28, 72.28943184273247
5.4292
This round: 16,1
76, 0: 48, 74.86650112770047
This round: 16,1
76, 1: 24, 70.79147273604809
This round: 16,1
76, 2: 11, 68.16356706616476
This round: 16,2
76, 3: 28, 73.16443184273247
5.485900000000001
5.2069
This round: 49,1
77, 0: 48, 75.84609296443517
This round: 49,3
77, 1: 24, 71.73024824625217
This round: 49,3
77, 2: 11, 69.10234257636884
This round: 49,4
77, 3: 28, 74.08279918967125
5.214600000000001
This round: 16,1
78, 0: 48, 76.78359296443517
This round: 16,2
78, 1: 24, 72.60524824625217
This round: 16,2
78, 2: 11, 69.97734257636884
This round: 16,1
78, 3: 28, 75.02029918967125
5.17
This round: 36,0
79, 0: 49, 77.78359296443517
This round: 36,0
79, 1: 25, 73.60524824625217
This round: 36,8
79, 2: 11, 70.75512035414661
This round: 36,7
79, 3: 28, 75.8258547452268
5.4836
This round: 24,0
80, 0: 50, 78.78359296443517
This round: 24,1
80, 1: 25, 74.5635815795855
This round: 24,1
80, 2: 11, 71.71345368747994
This round: 24,1
80, 3: 28, 76.78418807856013
5.136500000000001
5.5718
This round: 26,0
81, 0: 51, 79.78359296443517
This round: 26,0
81, 1: 26, 75.5635815795855
This round: 26,1
81, 2: 11, 72.67499214901841
This round: 26,1
81, 3: 28, 77.7457265400986
5.2682
This round: 15,0
82, 0: 52, 80.78359296443517
This round: 15,2
82, 1: 26, 76.43024824625216
This round: 15,2
82, 2: 11, 73.54165881568507
This round: 15,1
82, 3: 28, 78.67905987343194
5.3666
5.4289000000000005
This round: 21,0
83, 0: 53, 81.78359296443517
This round: 21,0
83, 1: 27, 77.43024824625216
This round: 21,0
83, 2: 12, 74.54165881568507
This round: 21,0
83, 3: 29, 79.67905987343194
5.6434
5.2726
This round: 18,5
84, 0: 53, 82.5058151866574
This round: 18,5
84, 1: 27, 78.15247046847439
This round: 18,5
84, 2: 12, 75.2638810379073
This round: 18,5
84, 3: 29, 80.40128209565417
5.3687000000000005
5.2593000000000005
This round: 26,0
85, 0: 54, 83.5058151866574
This round: 26,0
85, 1: 28, 79.15247046847439
This round: 26,0
85, 2: 13, 76.2638810379073
This round: 26,0
85, 3: 30, 81.40128209565417
5.5183
This round: 24,0
86, 0: 55, 84.5058151866574
This round: 24,0
86, 1: 29, 80.15247046847439
This round: 24,1
86, 2: 13, 77.22221437124063
This round: 24,0
86, 3: 31, 82.40128209565417
5.393199999999999
5.2330000000000005
This round: 53,1
87, 0: 55, 85.48694726212909
This round: 53,3
87, 1: 29, 81.09586669488948
This round: 53,0
87, 2: 14, 78.22221437124063
This round: 53,0
87, 3: 32, 83.40128209565417
5.625699999999999
5.259200000000001
5.5005
This round: 28,0
88, 0: 56, 86.48694726212909
This round: 28,1
88, 1: 29, 82.06015240917519
This round: 28,3
88, 2: 14, 79.11507151409776
This round: 28,3
88, 3: 32, 84.2941392385113
5.339600000000001
This round: 41,0
89, 0: 57, 87.48694726212909
This round: 41,0
89, 1: 30, 83.06015240917519
This round: 41,1
89, 2: 14, 80.09068127019532
This round: 41,0
89, 3: 33, 85.2941392385113
5.3218000000000005
This round: 39,0
90, 0: 58, 88.48694726212909
This round: 39,0
90, 1: 31, 84.06015240917519
This round: 39,0
90, 2: 15, 81.09068127019532
This round: 39,0
90, 3: 34, 86.2941392385113
5.268300000000001
This round: 25,0
91, 0: 59, 89.48694726212909
This round: 25,1
91, 1: 31, 85.02015240917518
This round: 25,5
91, 2: 15, 81.89068127019532
This round: 25,5
91, 3: 34, 87.0941392385113
5.4469
This round: 157,0
92, 0: 60, 90.48694726212909
This round: 157,7
92, 1: 31, 85.97556642191404
This round: 157,5
92, 2: 15, 82.85883413643735
This round: 157,5
92, 3: 34, 88.06229210475334
5.295
This round: 18,0
93, 0: 61, 91.48694726212909
This round: 18,0
93, 1: 32, 86.97556642191404
This round: 18,0
93, 2: 16, 83.85883413643735
This round: 18,0
93, 3: 35, 89.06229210475334
5.4739
5.5719
5.5718
5.3754
5.661
This round: 41,0
94, 0: 62, 92.48694726212909
This round: 41,0
94, 1: 33, 87.97556642191404
This round: 41,4
94, 2: 16, 84.7612731608276
This round: 41,0
94, 3: 36, 90.06229210475334
5.555200000000001
5.956000000000001
5.482499999999999
This round: 155,1
95, 0: 62, 93.48049564922587
This round: 155,15
95, 1: 33, 88.87879222836565
This round: 155,3
95, 2: 16, 85.74191832211793
This round: 155,1
95, 3: 36, 91.05584049185012
5.572
5.2694
This round: 63,0
96, 0: 63, 94.48049564922587
This round: 63,1
96, 1: 33, 89.86291921249264
This round: 63,2
96, 2: 16, 86.71017229037189
This round: 63,0
96, 3: 37, 92.05584049185012
5.1255
This round: 135,9
97, 0: 63, 95.41382898255921
This round: 135,11
97, 1: 33, 90.78143773101117
This round: 135,17
97, 2: 16, 87.58424636444596
This round: 135,15
97, 3: 37, 92.944729380739
5.433599999999999
This round: 21,2
98, 0: 63, 96.31859088732111
This round: 21,1
98, 1: 33, 91.73381868339212
This round: 21,2
98, 2: 16, 88.48900826920786
This round: 21,2
98, 3: 37, 93.8494912855009
5.9293000000000005
5.661200000000001
5.219200000000001
This round: 487,265
99, 0: 63, 96.7744430433786
This round: 487,275
99, 1: 33, 92.16913695854612
This round: 487,259
99, 2: 16, 88.95718075380745
This round: 487,285
99, 3: 37, 94.26427567975142
5.5542
5.2784
This round: 15,1
100, 0: 63, 97.70777637671193
This round: 15,1
100, 1: 33, 93.10247029187946
This round: 15,2
100, 2: 16, 89.82384742047411
This round: 15,1
100, 3: 37, 95.19760901308476
5.446700000000001
5.393299999999999
This round: 37,0
101, 0: 64, 98.70777637671193
This round: 37,6
101, 1: 33, 93.9403081297173
This round: 37,6
101, 2: 16, 90.66168525831195
This round: 37,1
101, 3: 37, 96.17058198605773
5.313
This round: 190,0
102, 0: 65, 99.70777637671193
This round: 190,0
102, 1: 34, 94.9403081297173
This round: 190,8
102, 2: 16, 91.61957999515406
This round: 190,4
102, 3: 37, 97.14952935447877
5.2684
This round: 21,0
103, 0: 66, 100.70777637671193
This round: 21,0
103, 1: 35, 95.9403081297173
This round: 21,0
103, 2: 17, 92.61957999515406
This round: 21,0
103, 3: 38, 98.14952935447877
5.250399999999999
This round: 43,0
104, 0: 67, 101.70777637671193
This round: 43,0
104, 1: 36, 96.9403081297173
This round: 43,1
104, 2: 17, 93.59632418120057
This round: 43,0
104, 3: 39, 99.14952935447877
5.375500000000001
5.357399999999999
This round: 36,0
105, 0: 68, 102.70777637671193
This round: 36,0
105, 1: 37, 97.9403081297173
This round: 36,0
105, 2: 18, 94.59632418120057
This round: 36,0
105, 3: 40, 100.14952935447877
5.5719
This round: 85,1
106, 0: 68, 103.69601167082958
This round: 85,1
106, 1: 37, 98.92854342383494
This round: 85,1
106, 2: 18, 95.58455947531822
This round: 85,1
106, 3: 40, 101.13776464859642
5.505000000000001
5.348599999999999
This round: 17,0
107, 0: 69, 104.69601167082958
This round: 17,0
107, 1: 38, 99.92854342383494
This round: 17,0
107, 2: 19, 96.58455947531822
This round: 17,0
107, 3: 41, 102.13776464859642
5.1254
This round: 20,1
108, 0: 69, 105.64601167082958
This round: 20,1
108, 1: 38, 100.87854342383494
This round: 20,2
108, 2: 19, 97.48455947531822
This round: 20,2
108, 3: 41, 103.03776464859642
5.5361
5.3041
This round: 18,0
109, 0: 70, 106.64601167082958
This round: 18,0
109, 1: 39, 101.87854342383494
This round: 18,2
109, 2: 19, 98.3734483642071
This round: 18,0
109, 3: 42, 104.03776464859642
5.643199999999999
5.4649
5.196900000000001
This round: 56,0
110, 0: 71, 107.64601167082958
This round: 56,0
110, 1: 40, 102.87854342383494
This round: 56,0
110, 2: 20, 99.3734483642071
This round: 56,0
110, 3: 43, 105.03776464859642
5.1993
This round: 21,0
111, 0: 72, 108.64601167082958
This round: 21,1
111, 1: 40, 103.83092437621589
This round: 21,1
111, 2: 20, 100.32582931658806
This round: 21,1
111, 3: 43, 105.99014560097737
5.1253
This round: 50,0
112, 0: 73, 109.64601167082958
This round: 50,14
112, 1: 40, 104.55092437621589
This round: 50,15
112, 2: 20, 101.02582931658806
This round: 50,15
112, 3: 43, 106.69014560097737
5.2058
This round: 25,0
113, 0: 74, 110.64601167082958
This round: 25,4
113, 1: 40, 105.39092437621589
This round: 25,5
113, 2: 20, 101.82582931658806
This round: 25,2
113, 3: 43, 107.61014560097738
5.4635
This round: 22,1
114, 0: 74, 111.60055712537503
This round: 22,2
114, 1: 40, 106.3000152853068
This round: 22,1
114, 2: 20, 102.78037477113351
This round: 22,1
114, 3: 43, 108.56469105552283
5.714799999999999
5.3575
This round: 21,0
115, 0: 75, 112.60055712537503
This round: 21,0
115, 1: 41, 107.3000152853068
This round: 21,0
115, 2: 21, 103.78037477113351
This round: 21,0
115, 3: 44, 109.56469105552283
5.3398
This round: 162,1
116, 0: 75, 113.59438428586886
This round: 162,1
116, 1: 41, 108.29384244580062
This round: 162,2
116, 2: 21, 104.76802909212117
This round: 162,2
116, 3: 44, 110.55234537651049
5.1755
This round: 67,0
117, 0: 76, 114.59438428586886
This round: 67,19
117, 1: 41, 109.01026035624838
This round: 67,25
117, 2: 21, 105.39489476376296
This round: 67,0
117, 3: 45, 111.55234537651049
5.3042
This round: 84,0
118, 0: 77, 115.59438428586886
This round: 84,3
118, 1: 41, 109.97454607053409
This round: 84,8
118, 2: 21, 106.29965666852486
This round: 84,3
118, 3: 45, 112.5166310907962
5.5005
5.1655
This round: 27,0
119, 0: 78, 116.59438428586886
This round: 27,0
119, 1: 42, 110.97454607053409
This round: 27,3
119, 2: 21, 107.18854555741375
This round: 27,0
119, 3: 46, 113.5166310907962
5.5722000000000005
5.554
5.6789000000000005
5.2594
This round: 38,0
120, 0: 79, 117.59438428586886
This round: 38,0
120, 1: 43, 111.97454607053409
This round: 38,1
120, 2: 21, 108.16222976794006
This round: 38,1
120, 3: 46, 114.49031530132251
5.6880999999999995
5.2504
5.4292
5.554
This round: 42,0
121, 0: 80, 118.59438428586886
This round: 42,0
121, 1: 44, 112.97454607053409
This round: 42,2
121, 2: 21, 109.11461072032101
This round: 42,0
121, 3: 47, 115.49031530132251
5.581000000000001
5.3442
This round: 34,0
122, 0: 81, 119.59438428586886
This round: 34,0
122, 1: 45, 113.97454607053409
This round: 34,0
122, 2: 22, 110.11461072032101
This round: 34,0
122, 3: 48, 116.49031530132251
5.4559
This round: 41,0
123, 0: 82, 120.59438428586886
This round: 41,4
123, 1: 45, 114.87698509492434
This round: 41,3
123, 2: 22, 111.04143998861369
This round: 41,0
123, 3: 49, 117.49031530132251
5.428900000000001
This round: 23,0
124, 0: 83, 121.59438428586886
This round: 23,0
124, 1: 46, 115.87698509492434
This round: 23,2
124, 2: 22, 111.95448346687456
This round: 23,0
124, 3: 50, 118.49031530132251
5.4806
This round: 19,1
125, 0: 83, 122.54175270692149
This round: 19,0
125, 1: 47, 116.87698509492434
This round: 19,3
125, 2: 22, 112.79658873003245
This round: 19,2
125, 3: 50, 119.38505214342777
5.4558
5.536300000000001
5.2236
This round: 25,1
126, 0: 83, 123.50175270692148
This round: 25,0
126, 1: 48, 117.87698509492434
This round: 25,7
126, 2: 22, 113.51658873003245
This round: 25,7
126, 3: 50, 120.10505214342777
5.393200000000001
This round: 19,0
127, 0: 84, 124.50175270692148
This round: 19,0
127, 1: 49, 118.87698509492434
This round: 19,1
127, 2: 22, 114.46395715108508
This round: 19,0
127, 3: 51, 121.10505214342777
5.250299999999999
This round: 18,0
128, 0: 85, 125.50175270692148
This round: 18,0
128, 1: 50, 119.87698509492434
This round: 18,0
128, 2: 23, 115.46395715108508
This round: 18,0
128, 3: 52, 122.10505214342777
5.3931000000000004
This round: 117,108
129, 0: 85, 125.57867578384456
This round: 117,108
129, 1: 50, 119.95390817184742
This round: 117,108
129, 2: 23, 115.54088022800816
This round: 117,108
129, 3: 52, 122.18197522035085
5.3621
This round: 24,1
130, 0: 85, 126.53700911717789
This round: 24,1
130, 1: 50, 120.91224150518075
This round: 24,0
130, 2: 24, 116.54088022800816
This round: 24,1
130, 3: 52, 123.14030855368418
5.2503
This round: 23,0
131, 0: 86, 127.53700911717789
This round: 23,0
131, 1: 51, 121.91224150518075
This round: 23,1
131, 2: 24, 117.4974019671386
This round: 23,0
131, 3: 53, 124.14030855368418
5.4571
This round: 37,0
132, 0: 87, 128.5370091171779
This round: 37,8
132, 1: 51, 122.69602528896453
This round: 37,8
132, 2: 24, 118.28118575092239
This round: 37,5
132, 3: 53, 125.00517341854905
5.4087000000000005
5.538600000000001
5.352000000000001
This round: 92,6
133, 0: 87, 129.47179172587354
This round: 92,7
133, 1: 51, 123.6199383324428
This round: 92,12
133, 2: 24, 119.15075096831369
This round: 92,1
133, 3: 53, 125.99430385333166
5.473700000000001
5.501500000000001
5.5005999999999995
This round: 32,0
134, 0: 88, 130.47179172587354
This round: 32,1
134, 1: 51, 124.5886883324428
This round: 32,2
134, 2: 24, 120.08825096831369
This round: 32,1
134, 3: 53, 126.96305385333166
5.3217
This round: 31,0
135, 0: 89, 131.47179172587354
This round: 31,2
135, 1: 51, 125.52417220341054
This round: 31,2
135, 2: 24, 121.02373483928143
This round: 31,1
135, 3: 53, 127.93079578881553
5.3241000000000005
This round: 43,0
136, 0: 90, 132.47179172587354
This round: 43,0
136, 1: 52, 126.52417220341054
This round: 43,0
136, 2: 25, 122.02373483928143
This round: 43,0
136, 3: 54, 128.93079578881554
5.3061
This round: 61,1
137, 0: 90, 133.4553982832506
This round: 61,19
137, 1: 52, 127.21269679357448
This round: 61,3
137, 2: 25, 122.97455451141258
This round: 61,3
137, 3: 54, 129.8816154609467
5.3217
This round: 20,0
138, 0: 91, 134.4553982832506
This round: 20,0
138, 1: 53, 128.21269679357448
This round: 20,0
138, 2: 26, 123.97455451141258
This round: 20,0
138, 3: 55, 130.8816154609467
5.3085
This round: 62,1
139, 0: 91, 135.4392692509925
This round: 62,3
139, 1: 53, 129.16430969680027
This round: 62,3
139, 2: 26, 124.92616741463839
This round: 62,1
139, 3: 55, 131.86548642868863
5.554
This round: 36,0
140, 0: 92, 136.4392692509925
This round: 36,0
140, 1: 54, 130.16430969680027
This round: 36,5
140, 2: 26, 125.7872785257495
This round: 36,0
140, 3: 56, 132.86548642868863
5.1789000000000005
This round: 286,0
141, 0: 93, 137.4392692509925
This round: 286,10
141, 1: 54, 131.12934466183523
This round: 286,0
141, 2: 27, 126.7872785257495
This round: 286,0
141, 3: 57, 133.86548642868863
5.5808
This round: 15,0
142, 0: 94, 138.4392692509925
This round: 15,0
142, 1: 55, 132.12934466183523
This round: 15,2
142, 2: 27, 127.65394519241616
This round: 15,0
142, 3: 58, 134.86548642868863
5.3575
This round: 28,0
143, 0: 95, 139.4392692509925
This round: 28,0
143, 1: 56, 133.12934466183523
This round: 28,0
143, 2: 28, 128.65394519241616
This round: 28,0
143, 3: 59, 135.86548642868863
5.4646
This round: 17,0
144, 0: 96, 140.4392692509925
This round: 17,1
144, 1: 56, 134.07052113242347
This round: 17,2
144, 2: 28, 129.53629813359262
This round: 17,1
144, 3: 59, 136.80666289927686
5.411200000000001
This round: 62,0
145, 0: 97, 141.4392692509925
This round: 62,13
145, 1: 56, 134.86084371306862
This round: 62,22
145, 2: 28, 130.18145942391521
This round: 62,1
145, 3: 59, 137.79053386701878
5.268299999999999
This round: 45,0
146, 0: 98, 142.4392692509925
This round: 45,0
146, 1: 57, 135.86084371306862
This round: 45,3
146, 2: 28, 131.11479275724855
This round: 45,0
146, 3: 60, 138.79053386701878
5.4111
This round: 40,0
147, 0: 99, 143.4392692509925
This round: 40,3
147, 1: 57, 136.78584371306863
This round: 40,9
147, 2: 28, 131.88979275724856
This round: 40,9
147, 3: 60, 139.5655338670188
5.179000000000001
This round: 59,1
148, 0: 99, 144.42232009845014
This round: 59,0
148, 1: 58, 137.78584371306863
This round: 59,37
148, 2: 28, 132.26267411318076
This round: 59,0
148, 3: 61, 140.5655338670188
5.2437000000000005
This round: 59,0
149, 0: 100, 145.42232009845014
This round: 59,2
149, 1: 58, 138.7519454079839
This round: 59,1
149, 2: 28, 133.2457249606384
This round: 59,0
149, 3: 62, 141.5655338670188
5.1431000000000004
This round: 78,0
150, 0: 101, 146.42232009845014
This round: 78,0
150, 1: 59, 139.7519454079839
This round: 78,10
150, 2: 28, 134.11751983243326
This round: 78,10
150, 3: 62, 142.43732873881365
5.5005
5.616700000000001
This round: 61,0
151, 0: 102, 147.42232009845014
This round: 61,7
151, 1: 59, 140.63719130962323
This round: 61,1
151, 2: 28, 135.1011263898103
This round: 61,0
151, 3: 63, 143.43732873881365
5.3933
This round: 55,0
152, 0: 103, 148.42232009845014
This round: 55,0
152, 1: 60, 141.63719130962323
This round: 55,6
152, 2: 28, 135.9920354807194
This round: 55,5
152, 3: 63, 144.34641964790455
5.429
This round: 58,0
153, 0: 104, 149.42232009845014
This round: 58,4
153, 1: 60, 142.56822579238187
This round: 58,4
153, 2: 28, 136.92306996347804
This round: 58,4
153, 3: 63, 145.2774541306632
5.433600000000001
5.2258000000000004
This round: 78,9
154, 0: 104, 150.30693548306553
This round: 78,23
154, 1: 60, 143.27335399751007
This round: 78,20
154, 2: 28, 137.6666597070678
This round: 78,26
154, 3: 63, 145.94412079732984
5.4379
This round: 27,0
155, 0: 105, 151.30693548306553
This round: 27,0
155, 1: 61, 144.27335399751007
This round: 27,0
155, 2: 29, 138.6666597070678
This round: 27,0
155, 3: 64, 146.94412079732984
5.2951
This round: 25,2
156, 0: 105, 152.22693548306552
This round: 25,3
156, 1: 61, 145.15335399751007
This round: 25,6
156, 2: 29, 139.42665970706778
This round: 25,2
156, 3: 64, 147.86412079732983
5.3085
This round: 12,0
157, 0: 106, 153.22693548306552
This round: 12,0
157, 1: 62, 146.15335399751007
This round: 12,2
157, 2: 29, 140.25999304040113
This round: 12,0
157, 3: 65, 148.86412079732983
5.2236
This round: 72,0
158, 0: 107, 154.22693548306552
This round: 72,33
158, 1: 62, 146.69502066417672
This round: 72,14
158, 2: 29, 141.06554859595667
This round: 72,14
158, 3: 65, 149.66967635288538
5.6791
This round: 38,0
159, 0: 108, 155.22693548306552
This round: 38,2
159, 1: 62, 147.64238908522935
This round: 38,2
159, 2: 29, 142.0129170170093
This round: 38,0
159, 3: 66, 150.66967635288538
5.3575
This round: 45,0
160, 0: 109, 156.22693548306552
This round: 45,0
160, 1: 63, 148.64238908522935
This round: 45,3
160, 2: 29, 142.94625035034264
This round: 45,0
160, 3: 67, 151.66967635288538
5.3644
This round: 17,3
161, 0: 109, 157.0504648948302
This round: 17,4
161, 1: 63, 149.40709496758228
This round: 17,6
161, 2: 29, 143.59330917387206
This round: 17,6
161, 3: 67, 152.3167351764148
5.357599999999999
5.536100000000001
5.5184
This round: 16,0
162, 0: 110, 158.0504648948302
This round: 16,0
162, 1: 64, 150.40709496758228
This round: 16,5
162, 2: 29, 144.28080917387206
This round: 16,2
162, 3: 67, 153.1917351764148
5.143199999999999
This round: 445,140
163, 0: 110, 158.73585815325717
This round: 445,164
163, 1: 64, 151.03855564173958
This round: 445,82
163, 2: 29, 145.09653951095072
This round: 445,86
163, 3: 67, 153.9984767494485
5.5632
5.071300000000001
This round: 19,2
164, 0: 110, 159.63059499536243
This round: 19,7
164, 1: 64, 151.670134589108
This round: 19,7
164, 2: 29, 145.72811845831913
This round: 19,2
164, 3: 67, 154.89321359155377
5.464700000000001
This round: 30,0
165, 0: 111, 160.63059499536243
This round: 30,0
165, 1: 65, 152.670134589108
This round: 30,1
165, 2: 29, 146.6947851249858
This round: 30,0
165, 3: 68, 155.89321359155377
5.429000000000001
This round: 160,0
166, 0: 112, 161.63059499536243
This round: 160,2
166, 1: 65, 153.657634589108
This round: 160,2
166, 2: 29, 147.6822851249858
This round: 160,0
166, 3: 69, 156.89321359155377
5.2591
This round: 14,0
167, 0: 113, 162.63059499536243
This round: 14,1
167, 1: 65, 154.58620601767942
This round: 14,1
167, 2: 29, 148.61085655355723
This round: 14,2
167, 3: 69, 157.75035644869664
5.4291
This round: 28,0
168, 0: 114, 163.63059499536243
This round: 28,3
168, 1: 65, 155.47906316053655
This round: 28,3
168, 2: 29, 149.50371369641437
This round: 28,3
168, 3: 69, 158.64321359155377
5.1252
This round: 24,0
169, 0: 115, 164.63059499536243
This round: 24,0
169, 1: 66, 156.47906316053655
This round: 24,1
169, 2: 29, 150.4620470297477
This round: 24,0
169, 3: 70, 159.64321359155377
5.3219
This round: 27,1
170, 0: 115, 165.5935579583254
This round: 27,5
170, 1: 66, 157.29387797535136
This round: 27,6
170, 2: 29, 151.23982480752548
This round: 27,6
170, 3: 70, 160.42099136933155
5.5185
This round: 28,0
171, 0: 116, 166.5935579583254
This round: 28,0
171, 1: 67, 158.29387797535136
This round: 28,0
171, 2: 30, 152.23982480752548
This round: 28,0
171, 3: 71, 161.42099136933155
5.2236
5.3935
This round: 155,0
172, 0: 117, 167.5935579583254
This round: 155,10
172, 1: 67, 159.2293618463191
This round: 155,74
172, 2: 30, 152.76240545268678
This round: 155,10
172, 3: 71, 162.3564752402993
5.4827
This round: 46,0
173, 0: 118, 168.5935579583254
This round: 46,8
173, 1: 67, 160.05544880284086
This round: 46,0
173, 2: 31, 153.76240545268678
This round: 46,0
173, 3: 72, 163.3564752402993
5.4693000000000005
This round: 38,0
174, 0: 119, 169.5935579583254
This round: 38,5
174, 1: 67, 160.92386985547245
This round: 37,3
174, 2: 31, 154.68132437160568
This round: 38,1
174, 3: 72, 164.33015945082562
5.536200000000001
5.393299999999999
This round: 20,0
175, 0: 120, 170.5935579583254
This round: 20,1
175, 1: 67, 161.87386985547244
This round: 20,1
175, 2: 31, 155.63132437160567
This round: 20,0
175, 3: 73, 165.33015945082562
5.3576
5.304900000000001
This round: 50,5
176, 0: 120, 171.4935579583254
This round: 50,24
176, 1: 67, 162.39386985547245
This round: 50,27
176, 2: 31, 156.09132437160568
This round: 50,6
176, 3: 73, 166.2101594508256
5.580799999999999
5.428800000000001
This round: 44,0
177, 0: 121, 172.4935579583254
This round: 44,0
177, 1: 68, 163.39386985547245
This round: 44,2
177, 2: 31, 157.04586982615115
This round: 44,0
177, 3: 74, 167.2101594508256
5.6969
5.571900000000001
5.4111
This round: 27,0
178, 0: 122, 173.4935579583254
This round: 27,0
178, 1: 69, 164.39386985547245
This round: 27,2
178, 2: 31, 157.97179575207707
This round: 27,0
178, 3: 75, 168.2101594508256
5.3622000000000005
5.5184
5.2325
This round: 28,0
179, 0: 123, 174.4935579583254
This round: 28,0
179, 1: 70, 165.39386985547245
This round: 28,2
179, 2: 31, 158.9003671806485
This round: 28,0
179, 3: 76, 169.2101594508256
5.2593000000000005
5.2593000000000005
This round: 50,0
180, 0: 124, 175.4935579583254
This round: 50,0
180, 1: 71, 166.39386985547245
This round: 50,29
180, 2: 31, 159.32036718064847
This round: 50,0
180, 3: 77, 170.2101594508256
5.359999999999999
5.6614
5.4113
This round: 103,0
181, 0: 125, 176.4935579583254
This round: 103,9
181, 1: 71, 167.30649121469574
This round: 103,5
181, 2: 31, 160.2718234913281
This round: 103,5
181, 3: 77, 171.16161576150523
5.3576
This round: 13,2
182, 0: 125, 177.33971180447924
This round: 13,2
182, 1: 71, 168.15264506084958
This round: 13,2
182, 2: 31, 161.11797733748193
This round: 13,2
182, 3: 77, 172.00776960765907
5.5986
5.4737
5.4649
This round: 31,0
183, 0: 126, 178.33971180447924
This round: 31,0
183, 1: 72, 169.15264506084958
This round: 31,6
183, 2: 31, 161.92442895038516
This round: 31,1
183, 3: 77, 172.97551154314294
5.3574
This round: 45,0
184, 0: 127, 179.33971180447924
This round: 45,0
184, 1: 73, 170.15264506084958
This round: 45,9
184, 2: 31, 162.72442895038517
This round: 45,9
184, 3: 77, 173.77551154314295
5.4469
5.500299999999999
5.2324
This round: 74,0
185, 0: 128, 180.33971180447924
This round: 74,25
185, 1: 73, 170.81480722301174
This round: 74,8
185, 2: 31, 163.61632084227708
This round: 74,6
185, 3: 77, 174.69443046206186
5.330699999999999
This round: 43,0
186, 0: 129, 181.33971180447924
This round: 43,10
186, 1: 73, 171.58224908347685
This round: 43,0
186, 2: 32, 164.61632084227708
This round: 43,0
186, 3: 78, 175.69443046206186
5.5094
5.572
5.2904
5.7149
5.393199999999999
This round: 232,0
187, 0: 130, 182.33971180447924
This round: 232,0
187, 1: 74, 172.58224908347685
This round: 232,1
187, 2: 32, 165.6120104974495
This round: 232,0
187, 3: 79, 176.69443046206186
5.491600000000001
This round: 37,15
188, 0: 130, 182.93430639907382
This round: 37,20
188, 1: 74, 173.0417085429363
This round: 37,24
188, 2: 32, 165.96336184880084
This round: 37,21
188, 3: 79, 177.12686289449428
5.482600000000001
This round: 86,1
189, 0: 130, 183.92267849209708
This round: 86,1
189, 1: 74, 174.03008063595956
This round: 86,1
189, 2: 32, 166.9517339418241
This round: 86,1
189, 3: 79, 178.11523498751754
5.3954
This round: 14,0
190, 0: 131, 184.92267849209708
This round: 14,0
190, 1: 75, 175.03008063595956
This round: 14,0
190, 2: 33, 167.9517339418241
This round: 14,0
190, 3: 80, 179.11523498751754
5.1789000000000005
This round: 30,0
191, 0: 132, 185.92267849209708
This round: 30,7
191, 1: 75, 175.79674730262624
This round: 30,5
191, 2: 33, 168.78506727515745
This round: 30,1
191, 3: 80, 180.0819016541842
5.446899999999999
5.678999999999999
This round: 47,0
192, 0: 133, 186.92267849209708
This round: 47,2
192, 1: 75, 176.75419411113688
This round: 47,3
192, 2: 33, 169.7212374879234
This round: 47,1
192, 3: 80, 181.0606250584395
5.7905999999999995
5.3218
This round: 53,0
193, 0: 134, 187.92267849209708
This round: 53,0
193, 1: 76, 177.75419411113688
This round: 53,10
193, 2: 33, 170.53255824264036
This round: 53,8
193, 3: 80, 181.9096816622131
5.3752
This round: 56,1
194, 0: 134, 188.90482134923994
This round: 56,1
194, 1: 76, 178.73633696827974
This round: 56,2
194, 2: 33, 171.49684395692609
This round: 56,0
194, 3: 81, 182.9096816622131
5.107499999999999
This round: 26,0
195, 0: 135, 189.90482134923994
This round: 26,0
195, 1: 77, 179.73633696827974
This round: 26,2
195, 2: 33, 172.41992088000302
This round: 26,0
195, 3: 82, 183.9096816622131
5.3587
This round: 22,2
196, 0: 135, 190.81391225833084
This round: 22,3
196, 1: 77, 180.59997333191612
This round: 22,2
196, 2: 33, 173.32901178909393
This round: 22,3
196, 3: 82, 184.77331802584948
5.2772
This round: 16,0
197, 0: 136, 191.81391225833084
This round: 16,0
197, 1: 78, 181.59997333191612
This round: 16,3
197, 2: 33, 174.14151178909393
This round: 16,0
197, 3: 83, 185.77331802584948
5.2771
This round: 38,1
198, 0: 136, 192.78759646885717
This round: 38,3
198, 1: 78, 182.52102596349508
This round: 38,8
198, 2: 33, 174.93098547330445
This round: 38,1
198, 3: 83, 186.7470022363758
5.5005999999999995
5.536300000000001
5.3397
This round: 47,2
199, 0: 136, 193.7450432773678
This round: 47,2
199, 1: 78, 183.47847277200572
This round: 47,5
199, 2: 33, 175.82460249458103
This round: 47,4
199, 3: 83, 187.66189585339708
