5.2862
This round: 84,12
0, 0: 0, 0.8571428571428571
This round: 84,11
0, 1: 0, 0.8690476190476191
This round: 84,16
0, 2: 0, 0.8095238095238095
This round: 84,12
0, 3: 0, 0.8571428571428571
5.357599999999999
This round: 253,7
1, 0: 0, 1.8294748729531338
This round: 253,15
1, 1: 0, 1.8097590814982119
This round: 253,30
1, 2: 0, 1.6909467344249953
This round: 253,57
1, 3: 0, 1.6318464144551101
5.264
This round: 80,25
2, 0: 0, 2.516974872953134
This round: 80,24
2, 1: 0, 2.5097590814982116
This round: 80,31
2, 2: 0, 2.3034467344249956
This round: 80,26
2, 3: 0, 2.3068464144551104
5.3219
This round: 76,11
3, 0: 0, 3.3722380308478708
This round: 76,15
3, 1: 0, 3.31239066044558
This round: 76,19
3, 2: 0, 3.0534467344249956
This round: 76,27
3, 3: 0, 2.9515832565603737
5.2860000000000005
This round: 121,12
4, 0: 0, 4.273064477128862
This round: 121,21
4, 1: 0, 4.138836941437316
This round: 121,28
4, 2: 0, 3.8220417757473095
This round: 121,7
4, 3: 0, 3.893732016890952
5.1612
This round: 251,10
5, 0: 0, 5.233223839678663
This round: 251,8
5, 1: 0, 5.106964431477157
This round: 251,13
5, 2: 0, 4.770248947062051
This round: 251,8
5, 3: 0, 4.861859506930793
5.545300000000001
5.2146
This round: 79,10
6, 0: 0, 6.106641561197651
This round: 79,28
6, 1: 0, 5.752534051730321
This round: 79,6
6, 2: 0, 5.694299579973443
This round: 79,7
6, 3: 0, 5.773251911994084
5.3932
This round: 90,7
7, 0: 0, 7.028863783419873
This round: 90,18
7, 1: 0, 6.552534051730321
This round: 90,26
7, 2: 0, 6.405410691084554
This round: 90,18
7, 3: 0, 6.573251911994084
5.411200000000001
This round: 181,98
8, 0: 0, 7.487427319331475
This round: 181,125
8, 1: 0, 6.861926316923691
This round: 181,134
8, 2: 0, 6.665079199371847
This round: 181,105
8, 3: 0, 6.993141414756515
5.415699999999999
This round: 127,32
9, 0: 0, 8.235458815394468
This round: 127,42
9, 1: 0, 7.531217655506368
This round: 127,13
9, 2: 0, 7.562716994647437
This round: 127,11
9, 3: 0, 7.906527241528169
5.3085
This round: 65,14
10, 0: 0, 9.020074200009853
This round: 65,17
10, 1: 0, 8.269679193967907
This round: 65,14
10, 2: 0, 8.347332379262822
This round: 65,16
10, 3: 0, 8.660373395374322
5.464899999999999
This round: 102,36
11, 0: 0, 9.667133023539265
This round: 102,47
11, 1: 0, 8.808894880242416
This round: 102,30
11, 2: 0, 9.053214732203998
This round: 102,30
11, 3: 0, 9.366255748315497
5.5543000000000005
This round: 97,15
12, 0: 0, 10.512493848281533
This round: 97,19
12, 1: 0, 9.613018591582623
This round: 97,25
12, 2: 0, 9.795482773441112
This round: 97,21
12, 3: 0, 10.149760902954673
5.6969
5.419899999999999
This round: 228,31
13, 0: 0, 11.376528936000831
This round: 228,112
13, 1: 0, 10.121790521407185
This round: 228,35
13, 2: 0, 10.641974001511286
This round: 228,35
13, 3: 0, 10.996252131024848
5.491600000000001
This round: 36,13
14, 0: 0, 12.01541782488972
This round: 36,11
14, 1: 0, 10.81623496585163
This round: 36,17
14, 2: 0, 11.169751779289065
This round: 36,9
14, 3: 0, 11.746252131024848
5.7148
5.2414
This round: 104,12
15, 0: 0, 12.900033209505105
This round: 104,10
15, 1: 0, 11.720081119697783
This round: 104,49
15, 2: 0, 11.698597933135218
This round: 104,13
15, 3: 0, 12.621252131024848
5.2125
This round: 66,8
16, 0: 0, 13.778821088292984
This round: 66,25
16, 1: 0, 12.341293240909904
This round: 66,30
16, 2: 0, 12.244052478589763
This round: 66,7
16, 3: 0, 13.515191524964242
5.4916
This round: 101,38
17, 0: 0, 14.402583464530608
This round: 101,51
17, 1: 0, 12.8363427458604
This round: 101,63
17, 2: 0, 12.62029010235214
This round: 101,68
17, 3: 0, 13.841924198231569
5.2307
This round: 115,7
18, 0: 0, 15.341713899313216
This round: 115,8
18, 1: 0, 13.766777528469095
This round: 115,31
18, 2: 0, 13.350724884960835
This round: 115,16
18, 3: 0, 14.70279376344896
5.397799999999999
This round: 223,3
19, 0: 0, 16.32826098451501
This round: 223,40
19, 1: 0, 14.587405331159678
This round: 223,9
19, 2: 0, 14.310366140566217
This round: 223,41
19, 3: 0, 15.518937261206808
5.5356000000000005
This round: 67,19
20, 0: 0, 17.044678894962768
This round: 67,18
20, 1: 0, 15.318748614741768
This round: 67,18
20, 2: 0, 15.041709424148307
This round: 67,14
20, 3: 0, 16.30998203732621
5.3931
This round: 235,50
21, 0: 0, 17.83191293751596
This round: 235,94
21, 1: 0, 15.918748614741768
This round: 235,57
21, 2: 0, 15.799156232658945
This round: 235,55
21, 3: 0, 17.07593948413472
5.322
This round: 104,10
22, 0: 0, 18.735759091362112
This round: 104,8
22, 1: 0, 16.84182553781869
This round: 104,11
22, 2: 0, 16.693387001889715
This round: 104,11
22, 3: 0, 17.97017025336549
5.6524
5.5718000000000005
5.6076
5.7104
5.3264
This round: 34,9
23, 0: 0, 19.47105320900917
This round: 34,6
23, 1: 0, 17.665354949583396
This round: 34,7
23, 2: 0, 17.487504648948537
This round: 34,7
23, 3: 0, 18.764287900424314
5.321899999999999
5.357800000000001
This round: 72,10
24, 0: 0, 20.33216432012028
This round: 72,12
24, 1: 0, 18.498688282916728
This round: 72,14
24, 2: 0, 18.293060204504094
This round: 72,12
24, 3: 0, 19.597621233757646
5.5003
5.277200000000001
5.3217
5.366500000000001
This round: 83,6
25, 0: 0, 21.259875163493774
This round: 83,6
25, 1: 0, 19.42639912629022
This round: 83,9
25, 2: 0, 19.184626469564336
This round: 83,8
25, 3: 0, 20.50123569158897
5.3621
5.303800000000001
This round: 47,14
26, 0: 0, 21.962002823068243
This round: 47,13
26, 1: 0, 20.14980338160937
This round: 47,17
26, 2: 0, 19.822924341904763
This round: 47,9
26, 3: 0, 21.309746329886842
5.179
This round: 70,7
27, 0: 0, 22.86200282306824
This round: 70,28
27, 1: 0, 20.74980338160937
This round: 70,9
27, 2: 0, 20.694352913333333
This round: 70,5
27, 3: 0, 22.23831775845827
5.429100000000001
This round: 93,13
28, 0: 0, 23.72221787683168
This round: 93,15
28, 1: 0, 21.588513059028728
This round: 93,19
28, 2: 0, 21.490051838064517
This round: 93,25
28, 3: 0, 22.969500554157193
5.5452
5.3754
5.295100000000001
This round: 103,10
29, 0: 0, 24.625130498190906
This round: 103,12
29, 1: 0, 22.472008204659794
This round: 103,15
29, 2: 0, 22.34442077010335
This round: 103,7
29, 3: 0, 23.90153938910865
5.607600000000001
This round: 157,4
30, 0: 0, 25.599652791184536
This round: 157,36
30, 1: 0, 23.242708841602468
This round: 157,5
30, 2: 0, 23.31257363634539
This round: 157,10
30, 3: 0, 24.837845121592725
5.500400000000002
5.2236
This round: 87,6
31, 0: 0, 26.530687273943155
This round: 87,7
31, 1: 0, 24.162249071487526
This round: 87,14
31, 2: 0, 24.151654096115507
This round: 87,10
31, 3: 0, 25.722902592857093
5.4112
This round: 47,9
32, 0: 0, 27.339197912241026
This round: 47,7
32, 1: 0, 25.01331290127476
This round: 47,9
32, 2: 0, 24.96016473441338
This round: 47,9
32, 3: 0, 26.531413231154964
5.305
This round: 50,8
33, 0: 0, 28.179197912241026
This round: 50,7
33, 1: 0, 25.87331290127476
This round: 50,9
33, 2: 0, 25.78016473441338
This round: 50,11
33, 3: 0, 27.311413231154965
5.331
5.3085
This round: 32,7
34, 0: 0, 28.960447912241026
This round: 32,7
34, 1: 0, 26.65456290127476
This round: 32,10
34, 2: 0, 26.46766473441338
This round: 32,9
34, 3: 0, 28.030163231154965
5.375500000000001
This round: 58,5
35, 0: 0, 29.874241015689304
This round: 58,7
35, 1: 0, 27.533873246102345
This round: 58,6
35, 2: 0, 27.36421645855131
This round: 58,8
35, 3: 0, 28.892232196672207
5.3130999999999995
5.313000000000001
This round: 71,15
36, 0: 0, 30.6629734100555
This round: 71,16
36, 1: 0, 28.30852113342629
This round: 71,18
36, 2: 0, 28.110695331790748
This round: 71,17
36, 3: 0, 29.6527955769539
5.1879
This round: 86,4
37, 0: 0, 31.616461782148523
This round: 86,23
37, 1: 0, 29.041079272961174
This round: 86,7
37, 2: 0, 29.02929998295354
This round: 86,4
37, 3: 0, 30.606283949046922
5.6433
5.3217
This round: 65,11
38, 0: 0, 32.447231012917754
This round: 65,11
38, 1: 0, 29.871848503730405
This round: 65,11
38, 2: 0, 29.86006921372277
This round: 65,11
38, 3: 0, 31.437053179816154
5.554
5.3217
This round: 118,4
39, 0: 0, 33.41333270783301
This round: 118,18
39, 1: 0, 30.71930613084905
This round: 118,10
39, 2: 0, 30.775323451010905
This round: 118,5
39, 3: 0, 32.39468029846022
5.5228
This round: 154,12
40, 0: 0, 34.33541062991093
This round: 154,10
40, 1: 0, 31.654371065913985
This round: 154,29
40, 2: 0, 31.587011762699216
This round: 154,16
40, 3: 0, 33.29078419456412
5.250299999999999
This round: 238,79
41, 0: 0, 35.00347785680169
This round: 238,107
41, 1: 0, 32.20479123398121
This round: 238,63
41, 2: 0, 32.32230588034628
This round: 238,21
41, 3: 0, 34.20254890044647
5.3576
5.4468
This round: 64,4
42, 0: 0, 35.94097785680169
This round: 64,6
42, 1: 0, 33.11104123398121
This round: 64,16
42, 2: 0, 33.07230588034628
This round: 64,7
42, 3: 0, 35.09317390044647
5.330800000000001
This round: 184,59
43, 0: 0, 36.62032568288864
This round: 184,59
43, 1: 0, 33.790389060068165
This round: 184,59
43, 2: 0, 33.75165370643323
This round: 184,66
43, 3: 0, 35.73447824827256
5.6076
5.5363999999999995
5.429
This round: 42,19
44, 0: 0, 37.16794473050769
This round: 42,19
44, 1: 0, 34.338008107687216
This round: 42,19
44, 2: 0, 34.29927275405228
This round: 42,19
44, 3: 0, 36.28209729589161
5.6076999999999995
5.536099999999999
This round: 85,20
45, 0: 0, 37.932650612860634
This round: 85,19
45, 1: 0, 35.11447869592251
This round: 85,30
45, 2: 0, 34.946331577581695
This round: 85,24
45, 3: 0, 36.99974435471514
5.7505
This round: 97,12
46, 0: 0, 38.80893927265445
This round: 97,20
46, 1: 0, 35.9082931289122
This round: 97,16
46, 2: 0, 35.78138312397345
This round: 97,15
46, 3: 0, 37.845105179457406
5.554
5.3933
This round: 54,8
47, 0: 0, 39.660791124506304
This round: 54,7
47, 1: 0, 36.77866349928257
This round: 54,10
47, 2: 0, 36.596197938788265
This round: 54,8
47, 3: 0, 38.69695703130926
5.2862
This round: 129,30
48, 0: 0, 40.42823298497142
This round: 129,26
48, 1: 0, 37.57711311168568
This round: 129,41
48, 2: 0, 37.278368481423925
This round: 129,40
48, 3: 0, 39.386879511929415
5.393400000000001
This round: 80,11
49, 0: 0, 41.29073298497142
This round: 80,21
49, 1: 0, 38.314613111685674
This round: 80,14
49, 2: 0, 38.10336848142393
This round: 80,18
49, 3: 0, 40.16187951192941
5.326399999999999
This round: 138,18
50, 0: 0, 42.160298202362725
This round: 138,37
50, 1: 0, 39.04649716965669
This round: 138,42
50, 2: 0, 38.799020655336975
This round: 138,34
50, 3: 0, 40.91550270033521
5.536300000000001
5.393400000000001
5.2145
This round: 67,10
51, 0: 0, 43.01104447101944
This round: 67,14
51, 1: 0, 39.837541945776096
This round: 67,11
51, 2: 0, 39.63484155085936
This round: 67,7
51, 3: 0, 41.81102508839491
5.367700000000001
This round: 70,19
52, 0: 0, 43.739615899590866
This round: 70,33
52, 1: 0, 40.36611337434753
This round: 70,33
52, 2: 0, 40.163412979430795
This round: 70,16
52, 3: 0, 42.582453659823486
5.375300000000001
This round: 42,8
53, 0: 0, 44.54913970911468
This round: 42,8
53, 1: 0, 41.17563718387134
This round: 42,7
53, 2: 0, 40.99674631276413
This round: 42,7
53, 3: 0, 43.41578699315682
5.286000000000001
5.4659
5.2503
This round: 100,13
54, 0: 0, 45.419139709114674
This round: 100,12
54, 1: 0, 42.05563718387134
This round: 100,9
54, 2: 0, 41.90674631276413
This round: 100,9
54, 3: 0, 44.32578699315682
5.3306
This round: 438,178
55, 0: 0, 46.01274701505075
This round: 438,261
55, 1: 0, 42.45974677291244
This round: 438,190
55, 2: 0, 42.47295635842623
This round: 438,191
55, 3: 0, 44.88971393379609
5.283899999999999
5.4289000000000005
This round: 48,5
56, 0: 0, 46.908580348384085
This round: 48,5
56, 1: 0, 43.355580106245775
This round: 48,10
56, 2: 0, 43.264623025092895
This round: 48,7
56, 3: 0, 45.74388060046275
5.465
This round: 94,7
57, 0: 0, 47.8341122632777
This round: 94,16
57, 1: 0, 44.18536734028833
This round: 94,18
57, 2: 0, 44.07313366339077
This round: 94,16
57, 3: 0, 46.57366783450531
5.357600000000001
This round: 115,7
58, 0: 0, 48.773242698060315
This round: 115,12
58, 1: 0, 45.08101951420137
This round: 115,24
58, 2: 0, 44.864438011216855
This round: 115,18
58, 3: 0, 47.417146095374875
5.4022
This round: 64,4
59, 0: 0, 49.710742698060315
This round: 64,11
59, 1: 0, 45.90914451420137
This round: 64,19
59, 2: 0, 45.567563011216855
This round: 64,16
59, 3: 0, 48.167146095374875
5.3842
This round: 467,56
60, 0: 0, 50.59082835116524
This round: 467,14
60, 1: 0, 46.8791659274776
This round: 467,208
60, 2: 0, 46.12216686560657
This round: 467,59
60, 3: 0, 49.040807765610424
5.183399999999999
This round: 92,3
61, 0: 0, 51.55821965551307
This round: 92,6
61, 1: 0, 47.81394853617325
This round: 92,12
61, 2: 0, 46.99173208299788
This round: 92,5
61, 3: 0, 49.98645993952347
5.3978
This round: 63,9
62, 0: 0, 52.415362512655925
This round: 63,9
62, 1: 0, 48.671091393316104
This round: 63,10
62, 2: 0, 47.83300192426772
This round: 63,10
62, 3: 0, 50.82772978079331
5.714700000000001
5.3933
This round: 168,13
63, 0: 0, 53.337981560274976
This round: 168,22
63, 1: 0, 49.540139012363724
This round: 168,29
63, 2: 0, 48.66038287664867
This round: 168,8
63, 3: 0, 51.78011073317426
5.3217
This round: 83,4
64, 0: 0, 54.28978878919064
This round: 83,7
64, 1: 0, 50.45580166296613
This round: 83,7
64, 2: 0, 49.576045527251075
This round: 83,9
64, 3: 0, 52.6716769982345
5.268300000000001
This round: 92,9
65, 0: 0, 55.191962702234115
This round: 92,29
65, 1: 0, 51.14058427166178
This round: 92,29
65, 2: 0, 50.260828135946724
This round: 92,12
65, 3: 0, 53.54124221562581
5.5184
5.286200000000001
This round: 68,5
66, 0: 0, 56.11843329046941
This round: 68,11
66, 1: 0, 51.978819565779425
This round: 68,14
66, 2: 0, 51.05494578300555
This round: 68,11
66, 3: 0, 54.37947750974345
5.384399999999999
This round: 115,9
67, 0: 0, 57.04017242090419
This round: 115,41
67, 1: 0, 52.62229782664899
This round: 115,41
67, 2: 0, 51.698424043875114
This round: 115,8
67, 3: 0, 55.309912292352145
5.3039
This round: 93,17
68, 0: 0, 57.85737672197946
This round: 93,10
68, 1: 0, 53.51477094492856
This round: 93,18
68, 2: 0, 52.50487565677834
This round: 93,29
68, 3: 0, 55.9980843353629
5.393199999999999
This round: 55,4
69, 0: 0, 58.78464944925219
This round: 55,4
69, 1: 0, 54.44204367220129
This round: 55,4
69, 2: 0, 53.43214838405107
This round: 55,4
69, 3: 0, 56.92535706263563
5.500900000000001
This round: 93,30
70, 0: 0, 59.462068804090904
This round: 93,33
70, 1: 0, 55.08720496252387
This round: 93,31
70, 2: 0, 54.09881505071773
This round: 93,29
70, 3: 0, 57.61352910564638
5.1098
This round: 160,4
71, 0: 0, 60.437068804090906
This round: 160,9
71, 1: 0, 56.03095496252387
This round: 160,30
71, 2: 0, 54.91131505071773
This round: 160,5
71, 3: 0, 58.58227910564638
5.5003
5.5007
This round: 137,17
72, 0: 0, 61.31298121285003
This round: 137,19
72, 1: 0, 56.89226883113701
This round: 137,21
72, 2: 0, 55.75803037918489
This round: 137,16
72, 3: 0, 59.4654907844785
5.1968000000000005
This round: 233,5
73, 0: 0, 62.291521985382225
This round: 233,8
73, 1: 0, 57.85793406718851
This round: 233,8
73, 2: 0, 56.72369561523639
This round: 233,12
73, 3: 0, 60.41398863855575
5.464799999999999
This round: 66,3
74, 0: 0, 63.24606743992768
This round: 66,3
74, 1: 0, 58.81247952173396
This round: 66,7
74, 2: 0, 57.61763500917578
This round: 66,6
74, 3: 0, 61.32307954764666
5.683500000000001
5.4022
This round: 112,5
75, 0: 0, 64.20142458278482
This round: 112,8
75, 1: 0, 59.74105095030539
This round: 112,11
75, 2: 0, 58.519420723461494
This round: 112,28
75, 3: 0, 62.07307954764666
5.536300000000001
5.482700000000001
5.304000000000001
This round: 249,20
76, 0: 0, 65.12110329764427
This round: 249,91
76, 1: 0, 60.37558910291583
This round: 249,38
76, 2: 0, 59.36681028169443
This round: 249,30
76, 3: 0, 62.952597619935815
5.6077
5.5185
5.1878
This round: 178,19
77, 0: 0, 66.01436172461057
This round: 178,65
77, 1: 0, 61.01042056358999
This round: 178,24
77, 2: 0, 60.23197882102027
This round: 178,21
77, 3: 0, 63.83462009184593
5.3666
This round: 76,17
78, 0: 0, 66.79067751408425
This round: 76,10
78, 1: 0, 61.87884161622157
This round: 76,18
78, 2: 0, 60.99513671575711
This round: 76,23
78, 3: 0, 64.53198851289856
5.5718000000000005
5.393400000000001
This round: 93,9
79, 0: 0, 67.69390332053587
This round: 93,12
79, 1: 0, 62.74980935815705
This round: 93,20
79, 2: 0, 61.78008295231625
This round: 93,12
79, 3: 0, 65.40295625483405
5.5362
5.4648
This round: 612,224
80, 0: 0, 68.32789024864044
This round: 612,174
80, 1: 0, 63.46549563266686
This round: 612,241
80, 2: 0, 62.38629210264305
This round: 612,240
80, 3: 0, 66.01079939208896
5.3598
This round: 135,5
81, 0: 0, 69.2908532116034
This round: 135,5
81, 1: 0, 64.42845859562982
This round: 135,24
81, 2: 0, 63.20851432486527
This round: 135,5
81, 3: 0, 66.97376235505192
5.465000000000001
5.3217
This round: 67,4
82, 0: 0, 70.23115171906609
This round: 67,7
82, 1: 0, 65.32398098368952
This round: 67,14
82, 2: 0, 63.999559100984676
This round: 67,5
82, 3: 0, 67.89913548938027
5.2861
This round: 27,4
83, 0: 0, 71.08300357091794
This round: 27,4
83, 1: 0, 66.17583283554137
This round: 27,5
83, 2: 0, 64.8143739157995
This round: 27,4
83, 3: 0, 68.75098734123212
5.252699999999999
This round: 248,9
84, 0: 0, 72.0467132483373
This round: 248,14
84, 1: 0, 67.11938122263814
This round: 248,16
84, 2: 0, 65.74985778676724
This round: 248,9
84, 3: 0, 69.71469701865148
5.3219
This round: 98,8
85, 0: 0, 72.96508059527608
This round: 98,13
85, 1: 0, 67.98672816141365
This round: 98,32
85, 2: 0, 66.42332717452234
This round: 98,9
85, 3: 0, 70.6228602839576
5.8399
This round: 133,13
86, 0: 0, 73.86733623437382
This round: 133,18
86, 1: 0, 68.85138981554898
This round: 133,20
86, 2: 0, 67.27295123467272
This round: 133,19
86, 3: 0, 71.48000314110047
5.1119
This round: 159,23
87, 0: 0, 74.7226821463235
This round: 159,51
87, 1: 0, 69.53063509856786
This round: 159,78
87, 2: 0, 67.78238519693687
This round: 159,20
87, 3: 0, 72.35421697757846
5.3397000000000014
This round: 171,31
88, 0: 0, 75.5413955966159
This round: 171,31
88, 1: 0, 70.34934854886025
This round: 171,29
88, 2: 0, 68.61279455366201
This round: 171,13
88, 3: 0, 73.27819358576559
5.2683
5.375499999999999
This round: 65,2
89, 0: 0, 76.51062636584666
This round: 65,7
89, 1: 0, 71.24165624116795
This round: 65,7
89, 2: 0, 69.50510224596971
This round: 65,8
89, 3: 0, 74.15511666268867
5.3934999999999995
5.4564
This round: 267,32
90, 0: 0, 77.39077617858075
This round: 267,147
90, 1: 0, 71.69109444341514
This round: 267,38
90, 2: 0, 70.36278014859143
This round: 267,55
90, 3: 0, 74.94912415332537
5.643600000000001
5.4066
This round: 80,6
91, 0: 0, 78.31577617858075
This round: 80,12
91, 1: 0, 72.54109444341513
This round: 80,12
91, 2: 0, 71.21278014859142
This round: 80,7
91, 3: 0, 75.86162415332537
5.3043
This round: 160,9
92, 0: 0, 79.25952617858074
This round: 160,32
92, 1: 0, 73.34109444341513
This round: 160,59
92, 2: 0, 71.84403014859141
This round: 160,24
92, 3: 0, 76.71162415332536
5.5006
5.295099999999999
This round: 526,6
93, 0: 0, 80.24811933447428
This round: 526,6
93, 1: 0, 74.32968759930867
This round: 526,11
93, 2: 0, 72.8231176010629
This round: 526,19
93, 3: 0, 77.67550248032155
5.4647
5.7373
5.2906
This round: 127,25
94, 0: 0, 81.0512689407735
This round: 127,31
94, 1: 0, 75.08559311111969
This round: 127,41
94, 2: 0, 73.50028295539362
This round: 127,26
94, 3: 0, 78.47077807087274
5.625500000000001
5.268199999999999
This round: 139,18
95, 0: 0, 81.9217725378958
This round: 139,24
95, 1: 0, 75.91293124061609
This round: 139,55
95, 2: 0, 74.1045995021562
This round: 139,54
95, 3: 0, 79.08228886223965
5.572100000000001
5.3219
This round: 55,13
96, 0: 0, 82.68540890153217
This round: 55,8
96, 1: 0, 76.76747669516155
This round: 55,10
96, 2: 0, 74.92278132033802
This round: 55,9
96, 3: 0, 79.9186524986033
5.3575
5.4646
5.2193000000000005
This round: 326,17
97, 0: 0, 83.63326166226837
This round: 326,41
97, 1: 0, 77.64170982399591
This round: 326,49
97, 2: 0, 75.77247457187175
This round: 326,102
97, 3: 0, 80.60576906302047
5.1409
This round: 226,24
98, 0: 0, 84.52706697200288
This round: 226,52
98, 1: 0, 78.4116213284207
This round: 226,34
98, 2: 0, 76.62203209399564
This round: 226,47
98, 3: 0, 81.39780446125056
5.486999999999999
5.3217
This round: 55,7
99, 0: 0, 85.39979424473016
This round: 55,4
99, 1: 0, 79.33889405569342
This round: 55,4
99, 2: 0, 77.54930482126836
This round: 55,7
99, 3: 0, 82.27053173397783
5.317400000000001
This round: 65,5
100, 0: 0, 86.32287116780708
This round: 65,8
100, 1: 0, 80.2158171326165
This round: 65,21
100, 2: 0, 78.22622789819144
This round: 65,7
100, 3: 0, 83.16283942628553
5.6435
5.473800000000001
5.2728
This round: 69,7
101, 0: 0, 87.22142189244477
This round: 69,26
101, 1: 0, 80.83900553841359
This round: 69,8
101, 2: 0, 79.11028586920594
This round: 69,9
101, 3: 0, 84.03240464367683
5.5004
This round: 42,11
102, 0: 0, 87.95951713054001
This round: 42,12
102, 1: 0, 81.5532912526993
This round: 42,9
102, 2: 0, 79.89600015492023
This round: 42,12
102, 3: 0, 84.74669035796254
5.536300000000001
5.7149
5.3755
5.6121
5.393199999999999
5.4289
This round: 192,13
103, 0: 0, 88.89180879720668
This round: 192,6
103, 1: 0, 82.5220412526993
This round: 192,26
103, 2: 0, 80.76058348825356
This round: 192,25
103, 3: 0, 85.6164820246292
5.572
5.7326000000000015
5.118600000000001
This round: 241,152
104, 0: 0, 89.26110340301581
This round: 241,180
104, 1: 0, 82.77515328589432
This round: 241,181
104, 2: 0, 81.00954614385522
This round: 241,194
104, 3: 0, 85.81150277151717
5.3955
5.6435
5.464700000000001
This round: 39,9
105, 0: 0, 90.03033417224658
This round: 39,7
105, 1: 0, 83.59566610640714
This round: 39,10
105, 2: 0, 81.75313588744496
This round: 39,5
105, 3: 0, 86.68329764331205
5.3599000000000006
This round: 175,40
106, 0: 0, 90.80176274367516
This round: 175,15
106, 1: 0, 84.50995182069285
This round: 175,33
106, 2: 0, 82.56456445887352
This round: 175,20
106, 3: 0, 87.56901192902633
5.3754
This round: 79,10
107, 0: 0, 91.67518046519415
This round: 79,14
107, 1: 0, 85.33273663081943
This round: 79,20
107, 2: 0, 83.3113999019115
This round: 79,15
107, 3: 0, 88.37913851130482
5.2219
This round: 403,317
108, 0: 0, 91.88857996891623
This round: 403,335
108, 1: 0, 85.50147112213456
This round: 403,337
108, 2: 0, 83.4751716140703
This round: 403,336
108, 3: 0, 88.54539161304179
5.4291
5.469100000000001
This round: 85,4
109, 0: 0, 92.84152114538682
This round: 85,8
109, 1: 0, 86.40735347507574
This round: 85,9
109, 2: 0, 84.36928926112913
This round: 85,5
109, 3: 0, 89.48656808363002
5.429000000000001
This round: 57,3
110, 0: 0, 93.78888956643945
This round: 57,9
110, 1: 0, 87.24945873823363
This round: 57,5
110, 2: 0, 85.28156996288351
This round: 57,7
110, 3: 0, 90.36376106608616
5.6792
5.232600000000001
This round: 101,14
111, 0: 0, 94.65027570505332
This round: 102,10
111, 1: 0, 88.15141952254736
This round: 102,12
111, 2: 0, 86.16392290405997
This round: 102,11
111, 3: 0, 91.25591792883125
5.723800000000001
5.3039000000000005
This round: 85,11
112, 0: 0, 95.52086394034744
This round: 85,17
112, 1: 0, 88.95141952254735
This round: 85,17
112, 2: 0, 86.96392290405997
This round: 85,12
112, 3: 0, 92.11474145824302
5.312900000000001
5.3042
This round: 131,16
113, 0: 0, 96.39872653576728
This round: 131,40
113, 1: 0, 89.64607601109697
This round: 131,45
113, 2: 0, 87.62041145367829
This round: 131,13
113, 3: 0, 93.01550481702165
5.518499999999999
5.276999999999999
This round: 182,82
114, 0: 0, 96.94817708521784
This round: 182,88
114, 1: 0, 90.16255952758048
This round: 182,30
114, 2: 0, 88.45557628884312
This round: 182,39
114, 3: 0, 93.80121910273594
5.250299999999999
5.4199
This round: 37,6
115, 0: 0, 97.78601492305567
This round: 37,7
115, 1: 0, 90.97337033839129
This round: 37,11
115, 2: 0, 89.15827899154583
This round: 37,9
115, 3: 0, 94.5579758594927
5.6435
5.411300000000001
This round: 167,7
116, 0: 0, 98.74409875539101
This round: 167,38
116, 1: 0, 91.74582542821165
This round: 167,7
116, 2: 0, 90.11636282388116
This round: 167,22
116, 3: 0, 95.42623933254659
5.2348
This round: 133,8
117, 0: 0, 99.68394837945115
This round: 133,8
117, 1: 0, 92.68567505227179
This round: 133,35
117, 2: 0, 90.85320492914433
This round: 133,14
117, 3: 0, 96.32097617465185
5.5184999999999995
5.429
This round: 78,9
118, 0: 0, 100.56856376406654
This round: 78,9
118, 1: 0, 93.57029043688718
This round: 78,23
118, 2: 0, 91.55833313427253
This round: 78,10
118, 3: 0, 97.19277104644672
5.3577
5.3754
This round: 87,15
119, 0: 0, 101.3961499709631
This round: 87,20
119, 1: 0, 94.34040537941591
This round: 87,17
119, 2: 0, 92.36293083542195
This round: 87,9
119, 3: 0, 98.08932277058466
5.2682
This round: 59,5
120, 0: 0, 102.31140420825123
This round: 59,8
120, 1: 0, 95.20481215907692
This round: 59,11
120, 2: 0, 93.17649015745585
This round: 59,11
120, 3: 0, 98.90288209261855
5.7149
5.1706
This round: 106,10
121, 0: 0, 103.21706458560972
This round: 106,13
121, 1: 0, 96.08217064964296
This round: 106,24
121, 2: 0, 93.95007506311622
This round: 106,18
121, 3: 0, 99.73307077186384
5.4716
5.1122
This round: 69,26
122, 0: 0, 103.84025299140681
This round: 69,27
122, 1: 0, 96.69086630181687
This round: 69,27
122, 2: 0, 94.55877071529012
This round: 69,32
122, 3: 0, 100.2693026559218
5.2585999999999995
5.4289
This round: 131,25
123, 0: 0, 104.64941329675032
This round: 131,39
123, 1: 0, 97.39315637815275
This round: 131,35
123, 2: 0, 95.29159514277104
This round: 131,30
123, 3: 0, 101.04029502233402
5.4492
5.5719
This round: 91,8
124, 0: 0, 105.56150120883824
This round: 91,22
124, 1: 0, 98.1513981363945
This round: 91,11
124, 2: 0, 96.17071602189192
This round: 91,7
124, 3: 0, 101.96337194541094
5.5006
5.1991000000000005
This round: 282,6
125, 0: 0, 106.54022461309356
This round: 282,144
125, 1: 0, 98.64075983852216
This round: 282,18
125, 2: 0, 97.10688623465788
This round: 282,96
125, 3: 0, 102.62294641349605
5.6436
5.5186
This round: 48,13
126, 0: 0, 107.26939127976023
This round: 48,14
126, 1: 0, 99.34909317185549
This round: 48,13
126, 2: 0, 97.83605290132455
This round: 48,14
126, 3: 0, 103.33127974682938
5.2596
This round: 59,5
127, 0: 0, 108.18464551704837
This round: 59,16
127, 1: 0, 100.07790673117752
This round: 59,14
127, 2: 0, 98.59876476573133
This round: 59,8
127, 3: 0, 104.19568652649039
5.447000000000001
This round: 98,9
128, 0: 0, 109.0928087823545
This round: 98,19
128, 1: 0, 100.88402918015711
This round: 98,25
128, 2: 0, 99.343662724915
This round: 98,24
128, 3: 0, 104.95078856730672
5.429
5.3843000000000005
This round: 88,15
129, 0: 0, 109.92235423689995
This round: 88,20
129, 1: 0, 101.65675645288438
This round: 88,34
129, 2: 0, 99.95729908855137
This round: 88,18
129, 3: 0, 105.74624311276126
5.286200000000001
This round: 50,9
130, 0: 0, 110.74235423689994
This round: 50,10
130, 1: 0, 102.45675645288438
This round: 50,10
130, 2: 0, 100.75729908855136
This round: 50,9
130, 3: 0, 106.56624311276126
5.268100000000001
This round: 274,33
131, 0: 0, 111.62191628069556
This round: 274,24
131, 1: 0, 103.36916521200847
This round: 274,132
131, 2: 0, 101.27554726373384
This round: 274,9
131, 3: 0, 107.5333963974328
5.5361
This round: 102,13
132, 0: 0, 112.4944653003034
This round: 102,4
132, 1: 0, 104.32994952573395
This round: 102,5
132, 2: 0, 102.2265276558907
This round: 102,6
132, 3: 0, 108.47457286802103
5.134299999999999
This round: 169,60
133, 0: 0, 113.13943571450459
This round: 169,43
133, 1: 0, 105.07551165591147
This round: 169,31
133, 2: 0, 103.04309570322799
This round: 169,72
133, 3: 0, 109.04853736506244
5.391
This round: 71,7
134, 0: 0, 114.04084416520881
This round: 71,7
134, 1: 0, 105.9769201066157
This round: 71,8
134, 2: 0, 103.93041964688996
This round: 71,7
134, 3: 0, 109.94994581576667
5.395700000000001
5.1968
This round: 88,17
135, 0: 0, 114.847662347027
This round: 88,22
135, 1: 0, 106.7269201066157
This round: 88,25
135, 2: 0, 104.64632873779905
This round: 88,23
135, 3: 0, 110.68858217940303
5.411300000000001
5.732800000000001
5.3588000000000005
This round: 77,3
136, 0: 0, 115.80870130806596
This round: 77,5
136, 1: 0, 107.66198504168062
This round: 77,6
136, 2: 0, 105.56840665987697
This round: 77,4
136, 3: 0, 111.63663412745498
5.2774
This round: 51,7
137, 0: 0, 116.67144640610518
This round: 51,8
137, 1: 0, 108.50512229658258
This round: 51,12
137, 2: 0, 106.33311254222991
This round: 51,11
137, 3: 0, 112.42094785294518
5.4022
This round: 248,5
138, 0: 0, 117.6512851157826
This round: 248,8
138, 1: 0, 109.47286423206646
This round: 248,18
138, 2: 0, 107.26053189706862
This round: 248,17
138, 3: 0, 113.3523994658484
5.2192
This round: 88,19
139, 0: 0, 118.4353760248735
This round: 88,39
139, 1: 0, 110.02968241388464
This round: 88,34
139, 2: 0, 107.87416826070498
This round: 88,16
139, 3: 0, 114.17058128403022
5.3486
This round: 49,5
140, 0: 0, 119.33333520854697
This round: 49,15
140, 1: 0, 110.72355996490505
This round: 49,12
140, 2: 0, 108.6292703015213
This round: 49,14
140, 3: 0, 114.88486699831593
5.375500000000001
5.3977
This round: 80,5
141, 0: 0, 120.27083520854697
This round: 80,5
141, 1: 0, 111.66105996490505
This round: 80,9
141, 2: 0, 109.5167703015213
This round: 80,12
141, 3: 0, 115.73486699831592
5.4647
This round: 69,12
142, 0: 0, 121.0969221650687
This round: 69,13
142, 1: 0, 112.4726541678036
This round: 69,19
142, 2: 0, 110.24140798268073
This round: 69,24
142, 3: 0, 116.3870409113594
5.2504
This round: 64,5
143, 0: 0, 122.0187971650687
This round: 64,9
143, 1: 0, 113.3320291678036
This round: 64,20
143, 2: 0, 110.92890798268073
This round: 64,9
143, 3: 0, 117.2464159113594
5.2928
This round: 54,7
144, 0: 0, 122.88916753543907
This round: 54,8
144, 1: 0, 114.18388101965544
This round: 54,9
144, 2: 0, 111.76224131601406
This round: 54,10
144, 3: 0, 118.06123072617422
5.5095
5.3129
This round: 379,22
145, 0: 0, 123.83112004203538
This round: 379,91
145, 1: 0, 114.94377547875834
This round: 379,85
145, 2: 0, 112.5379669096816
This round: 379,16
145, 3: 0, 119.01901436733516
5.518200000000001
5.5941
This round: 176,76
146, 0: 0, 124.3993018602172
This round: 176,43
146, 1: 0, 115.69945729694015
This round: 176,46
146, 2: 0, 113.27660327331796
This round: 176,80
146, 3: 0, 119.5644689127897
5.500500000000001
This round: 262,116
147, 0: 0, 124.95655376861414
This round: 262,121
147, 1: 0, 116.23762523587145
This round: 262,88
147, 2: 0, 113.94072541072254
This round: 262,113
147, 3: 0, 120.13317120286604
5.3799
This round: 137,7
148, 0: 0, 125.90545887810319
This round: 137,19
148, 1: 0, 117.09893910448459
This round: 137,18
148, 2: 0, 114.80933854940866
This round: 137,14
148, 3: 0, 121.03098142184415
5.1846000000000005
This round: 79,15
149, 0: 0, 126.71558546038167
This round: 79,16
149, 1: 0, 117.89640745891496
This round: 79,28
149, 2: 0, 115.45490816966183
This round: 79,23
149, 3: 0, 121.73984218133782
5.3398
This round: 522,169
150, 0: 0, 127.39183067110964
This round: 522,115
150, 1: 0, 118.676100945505
This round: 522,63
150, 2: 0, 116.33421851448942
This round: 522,11
150, 3: 0, 122.71876938440296
5.313
This round: 75,10
151, 0: 0, 128.2584973377763
This round: 75,6
151, 1: 0, 119.596100945505
This round: 75,13
151, 2: 0, 117.16088518115609
This round: 75,12
151, 3: 0, 123.55876938440296
5.286099999999999
This round: 62,10
152, 0: 0, 129.09720701519566
This round: 62,14
152, 1: 0, 120.3702944938921
This round: 62,11
152, 2: 0, 117.98346582631738
This round: 62,7
152, 3: 0, 124.44586615859652
5.5005
This round: 105,22
153, 0: 0, 129.88768320567186
This round: 105,40
153, 1: 0, 120.98934211293972
This round: 105,53
153, 2: 0, 118.47870392155548
This round: 105,47
153, 3: 0, 124.99824711097747
5.509400000000001
This round: 95,13
154, 0: 0, 130.7508411004087
This round: 95,17
154, 1: 0, 121.81039474451867
This round: 95,26
154, 2: 0, 119.20501971102917
This round: 95,15
154, 3: 0, 125.84035237413536
5.2861
This round: 79,16
155, 0: 0, 131.54830945483909
This round: 79,12
155, 1: 0, 122.65849601034147
This round: 79,27
155, 2: 0, 119.86324755913043
This round: 79,22
155, 3: 0, 126.56187136147713
5.456
5.4335
This round: 104,5
156, 0: 0, 132.50023253176215
This round: 104,21
156, 1: 0, 123.45657293341839
This round: 104,19
156, 2: 0, 120.68055525143812
This round: 104,8
156, 3: 0, 127.48494828455405
5.4247000000000005
This round: 44,8
157, 0: 0, 133.31841434994396
This round: 44,10
157, 1: 0, 124.22930020614565
This round: 44,12
157, 2: 0, 121.40782797871086
This round: 44,12
157, 3: 0, 128.21222101182678
5.6434
This round: 171,8
158, 0: 0, 134.27163072421297
This round: 171,44
158, 1: 0, 124.97199026462519
This round: 171,48
158, 2: 0, 122.1271262243249
This round: 171,44
158, 3: 0, 128.9549110703063
5.353300000000001
This round: 53,10
159, 0: 0, 135.08295147892994
This round: 53,9
159, 1: 0, 125.80217894387047
This round: 53,9
159, 2: 0, 122.95731490357018
This round: 53,10
159, 3: 0, 129.76623182502328
5.6303
5.3050999999999995
This round: 74,3
160, 0: 0, 136.0424109383894
This round: 74,5
160, 1: 0, 126.73461137630291
This round: 74,8
160, 2: 0, 123.84920679546207
This round: 74,8
160, 3: 0, 130.65812371691518
5.7864
This round: 99,9
161, 0: 0, 136.9515018474803
This round: 99,9
161, 1: 0, 127.64370228539381
This round: 99,13
161, 2: 0, 124.71789366414893
This round: 99,10
161, 3: 0, 131.55711361590508
5.295
This round: 59,6
162, 0: 0, 137.84980693222607
This round: 59,9
162, 1: 0, 128.49115991251247
This round: 59,6
162, 2: 0, 125.61619874889469
This round: 59,6
162, 3: 0, 132.45541870065085
5.6076
5.3219
This round: 66,3
163, 0: 0, 138.80435238677154
This round: 66,5
163, 1: 0, 129.4154023367549
This round: 66,7
163, 2: 0, 126.51013814283408
This round: 66,5
163, 3: 0, 133.3796611248933
5.322
This round: 88,11
164, 0: 0, 139.67935238677154
This round: 88,11
164, 1: 0, 130.2904023367549
This round: 88,30
164, 2: 0, 127.16922905192499
This round: 88,7
164, 3: 0, 134.30011567034782
5.2234
This round: 77,11
165, 0: 0, 140.5364952439144
This round: 77,13
165, 1: 0, 131.12157116792375
This round: 77,33
165, 2: 0, 127.74065762335356
This round: 77,12
165, 3: 0, 135.14427151450366
5.4112
This round: 65,4
166, 0: 0, 141.47495678237593
This round: 65,8
166, 1: 0, 131.99849424484682
This round: 65,16
166, 2: 0, 128.4945037771997
This round: 65,6
166, 3: 0, 136.05196382219597
5.2501999999999995
This round: 105,5
167, 0: 0, 142.4273377347569
This round: 105,5
167, 1: 0, 132.9508751972278
This round: 105,18
167, 2: 0, 129.32307520577112
This round: 105,7
167, 3: 0, 136.9852971555293
5.4334999999999996
This round: 235,10
168, 0: 0, 143.38478454326753
This round: 235,12
168, 1: 0, 133.89981136744055
This round: 235,12
168, 2: 0, 130.27201137598388
This round: 235,15
168, 3: 0, 137.92146736829525
5.357600000000001
5.3934
This round: 115,29
169, 0: 0, 144.13261063022404
This round: 115,45
169, 1: 0, 134.50850701961446
This round: 115,15
169, 2: 0, 131.1415765933752
This round: 115,20
169, 3: 0, 138.747554324817
5.330900000000001
5.643200000000001
5.2503
This round: 109,22
170, 0: 0, 144.93077576783872
This round: 109,24
170, 1: 0, 135.28832353337592
This round: 109,40
170, 2: 0, 131.77460411631097
This round: 109,23
170, 3: 0, 139.53654515050508
5.5005
This round: 51,5
171, 0: 0, 145.83273655215245
This round: 51,7
171, 1: 0, 136.15106863141514
This round: 51,12
171, 2: 0, 132.5393099986639
This round: 51,7
171, 3: 0, 140.3992902485443
5.572000000000001
This round: 58,3
172, 0: 0, 146.7810124142214
This round: 58,3
172, 1: 0, 137.0993444934841
This round: 58,6
172, 2: 0, 133.43586172280183
This round: 58,6
172, 3: 0, 141.29584197268224
5.4024
This round: 128,23
173, 0: 0, 147.6013249142214
This round: 128,25
173, 1: 0, 137.9040319934841
This round: 128,27
173, 2: 0, 134.22492422280183
This round: 128,23
173, 3: 0, 142.11615447268224
5.366500000000001
This round: 121,14
174, 0: 0, 148.48562243488257
This round: 121,7
174, 1: 0, 138.84618075381468
This round: 121,13
174, 2: 0, 135.1174862062729
This round: 121,16
174, 3: 0, 142.98392306772357
5.214700000000001
This round: 102,15
175, 0: 0, 149.33856361135315
This round: 102,25
175, 1: 0, 139.601082714599
This round: 102,32
175, 2: 0, 135.80376071607682
This round: 102,24
175, 3: 0, 143.7486289500765
5.4291
This round: 45,7
176, 0: 0, 150.1830080557976
This round: 45,7
176, 1: 0, 140.44552715904342
This round: 45,11
176, 2: 0, 136.55931627163238
This round: 45,7
176, 3: 0, 144.59307339452093
5.321999999999999
This round: 58,16
177, 0: 0, 150.90714598683206
This round: 58,16
177, 1: 0, 141.1696650900779
This round: 58,21
177, 2: 0, 137.19724730611514
This round: 58,21
177, 3: 0, 145.2310044290037
5.252699999999999
This round: 102,5
178, 0: 0, 151.8581263789889
This round: 102,13
178, 1: 0, 142.04221410968574
This round: 102,15
178, 2: 0, 138.05018848258572
This round: 102,25
178, 3: 0, 145.985906389788
5.7149
5.4827
This round: 58,11
179, 0: 0, 152.66847120657513
This round: 58,19
179, 1: 0, 142.7146279027892
This round: 58,22
179, 2: 0, 138.67087813775814
This round: 58,19
179, 3: 0, 146.65832018289146
5.679
5.232600000000001
5.3241
5.6033
5.5094
5.319500000000001
This round: 54,16
180, 0: 0, 153.37217491027883
This round: 54,18
180, 1: 0, 143.38129456945586
This round: 54,18
180, 2: 0, 139.3375448044248
This round: 54,18
180, 3: 0, 147.32498684955812
5.750399999999999
5.648
5.449199999999999
This round: 58,10
181, 0: 0, 154.19976111717537
This round: 58,9
181, 1: 0, 144.22612215566275
This round: 58,11
181, 2: 0, 140.14788963201102
This round: 58,9
181, 3: 0, 148.169814435765
5.429000000000001
This round: 395,39
182, 0: 0, 155.10102693996018
This round: 395,21
182, 1: 0, 145.17295759870072
This round: 395,115
182, 2: 0, 140.85675039150468
This round: 395,50
182, 3: 0, 149.043232157284
5.7149
This round: 93,7
183, 0: 0, 156.0257581227559
This round: 93,15
183, 1: 0, 146.01166727612008
This round: 93,19
183, 2: 0, 141.65244931623585
This round: 93,16
183, 3: 0, 149.8711891465313
5.643400000000001
5.4558
This round: 102,28
184, 0: 0, 156.7512483188343
This round: 102,29
184, 1: 0, 146.72735355062989
This round: 102,60
184, 2: 0, 142.0642140221182
This round: 102,30
184, 3: 0, 150.57707149947248
5.3711
5.2861
This round: 131,8
185, 0: 0, 157.69017961654424
This round: 130,12
185, 1: 0, 147.6350458583222
This round: 130,13
185, 2: 0, 142.9642140221182
This round: 131,11
185, 3: 0, 151.49310203382362
5.2416
5.339899999999999
This round: 100,10
186, 0: 0, 158.59017961654425
This round: 100,20
186, 1: 0, 148.4350458583222
This round: 100,38
186, 2: 0, 143.5842140221182
This round: 100,23
186, 3: 0, 152.26310203382363
5.2861
This round: 76,7
187, 0: 0, 159.49807435338636
This round: 76,9
187, 1: 0, 149.31662480569062
This round: 76,13
187, 2: 0, 144.41316139053924
This round: 76,10
187, 3: 0, 153.13152308645522
5.326299999999999
This round: 64,12
188, 0: 0, 160.31057435338636
This round: 64,11
188, 1: 0, 150.14474980569062
This round: 64,16
188, 2: 0, 145.16316139053924
This round: 64,12
188, 3: 0, 153.94402308645522
5.3041
This round: 60,12
189, 0: 0, 161.11057435338637
This round: 60,14
189, 1: 0, 150.9114164723573
This round: 60,28
189, 2: 0, 145.69649472387258
This round: 60,12
189, 3: 0, 154.74402308645523
5.1521
This round: 78,8
190, 0: 0, 162.00801025082225
This round: 78,17
190, 1: 0, 151.69346775440857
This round: 78,11
190, 2: 0, 146.55546908284694
This round: 78,13
190, 3: 0, 155.57735641978857
5.4113
This round: 42,7
191, 0: 0, 162.8413435841556
This round: 42,10
191, 1: 0, 152.45537251631333
This round: 42,11
191, 2: 0, 147.29356432094218
This round: 42,8
191, 3: 0, 156.38688022931237
5.395600000000001
5.4113
This round: 100,6
192, 0: 0, 163.7813435841556
This round: 100,21
192, 1: 0, 153.24537251631332
This round: 100,17
192, 2: 0, 148.1235643209422
This round: 100,16
192, 3: 0, 157.22688022931237
5.5005
This round: 86,15
193, 0: 0, 164.60692497950444
This round: 86,19
193, 1: 0, 154.02444228375518
This round: 86,19
193, 2: 0, 148.90263408838405
This round: 86,15
193, 3: 0, 158.05246162466122
5.2504
This round: 76,9
194, 0: 0, 165.48850392687285
This round: 76,16
194, 1: 0, 154.8139159679657
This round: 76,18
194, 2: 0, 149.6657919831209
This round: 76,14
194, 3: 0, 158.86825109834544
5.395600000000001
5.384299999999999
5.375500000000001
This round: 102,14
195, 0: 0, 166.35124902491208
This round: 102,11
195, 1: 0, 155.7060728307108
This round: 102,32
195, 2: 0, 150.35206649292482
This round: 102,20
195, 3: 0, 159.6721726669729
5.287
This round: 73,10
196, 0: 0, 167.21426272354222
This round: 73,6
196, 1: 0, 156.6238810498889
This round: 73,8
196, 2: 0, 151.24247745182893
This round: 73,7
196, 3: 0, 160.576282256014
5.250400000000001
5.4156
This round: 54,10
197, 0: 0, 168.02907753835703
This round: 54,14
197, 1: 0, 157.36462179062963
This round: 54,12
197, 2: 0, 152.0202552296067
This round: 54,10
197, 3: 0, 161.3910970708288
5.3487
5.3599
This round: 199,75
198, 0: 0, 168.65219311624648
This round: 199,77
198, 1: 0, 157.9776871172628
This round: 199,148
198, 2: 0, 152.27653663664188
This round: 199,81
198, 3: 0, 161.9840618949494
5.2146
This round: 540,475
199, 0: 0, 168.77256348661686
This round: 540,485
199, 1: 0, 158.07953896911465
This round: 540,487
199, 2: 0, 152.37468478479002
This round: 540,485
199, 3: 0, 162.08591374680125
