This round: 65,0
0, 0: 1, 1.0
This round: 65,0
0, 1: 1, 1.0
This round: 65,8
0, 2: 0, 0.8769230769230769
This round: 65,0
0, 3: 1, 1.0
This round: 45,0
1, 0: 2, 2.0
This round: 45,4
1, 1: 1, 1.911111111111111
This round: 45,0
1, 2: 1, 1.876923076923077
This round: 45,0
1, 3: 2, 2.0
This round: 21,0
2, 0: 3, 3.0
This round: 21,0
2, 1: 2, 2.911111111111111
This round: 21,0
2, 2: 2, 2.876923076923077
This round: 21,0
2, 3: 3, 3.0
This round: 32,8
3, 0: 3, 3.75
This round: 32,8
3, 1: 2, 3.661111111111111
This round: 32,8
3, 2: 2, 3.626923076923077
This round: 32,8
3, 3: 3, 3.75
This round: 11,0
4, 0: 4, 4.75
This round: 11,0
4, 1: 3, 4.661111111111111
This round: 11,0
4, 2: 3, 4.626923076923077
This round: 11,0
4, 3: 4, 4.75
This round: 18,0
5, 0: 5, 5.75
This round: 18,4
5, 1: 3, 5.438888888888889
This round: 18,1
5, 2: 3, 5.571367521367522
This round: 18,0
5, 3: 5, 5.75
This round: 15,0
6, 0: 6, 6.75
This round: 15,0
6, 1: 4, 6.438888888888889
This round: 15,0
6, 2: 4, 6.571367521367522
This round: 15,0
6, 3: 6, 6.75
This round: 13,0
7, 0: 7, 7.75
This round: 13,0
7, 1: 5, 7.438888888888889
This round: 13,0
7, 2: 5, 7.571367521367522
This round: 13,0
7, 3: 7, 7.75
This round: 17,0
8, 0: 8, 8.75
This round: 17,0
8, 1: 6, 8.43888888888889
This round: 17,0
8, 2: 6, 8.571367521367522
This round: 17,0
8, 3: 8, 8.75
This round: 21,0
9, 0: 9, 9.75
This round: 21,0
9, 1: 7, 9.43888888888889
This round: 21,1
9, 2: 6, 9.523748473748475
This round: 21,1
9, 3: 8, 9.702380952380953
This round: 9,0
10, 0: 10, 10.75
This round: 9,0
10, 1: 8, 10.43888888888889
This round: 9,2
10, 2: 6, 10.301526251526253
This round: 9,0
10, 3: 9, 10.702380952380953
This round: 28,0
11, 0: 11, 11.75
This round: 28,3
11, 1: 8, 11.331746031746032
This round: 28,1
11, 2: 6, 11.265811965811967
This round: 28,1
11, 3: 9, 11.666666666666666
This round: 109,0
12, 0: 12, 12.75
This round: 109,0
12, 1: 9, 12.331746031746032
This round: 109,0
12, 2: 7, 12.265811965811967
This round: 109,2
12, 3: 9, 12.648318042813456
This round: 29,0
13, 0: 13, 13.75
This round: 29,1
13, 1: 9, 13.297263273125342
This round: 29,2
13, 2: 7, 13.196846448570588
This round: 29,1
13, 3: 9, 13.613835284192765
This round: 14,0
14, 0: 14, 14.75
This round: 14,0
14, 1: 10, 14.297263273125342
This round: 14,1
14, 2: 7, 14.125417877142016
This round: 14,1
14, 3: 9, 14.542406712764194
This round: 7,1
15, 0: 14, 15.607142857142858
This round: 7,0
15, 1: 11, 15.297263273125342
This round: 7,0
15, 2: 8, 15.125417877142016
This round: 7,0
15, 3: 10, 15.542406712764194
This round: 24,1
16, 0: 14, 16.56547619047619
This round: 24,1
16, 1: 11, 16.255596606458674
This round: 24,4
16, 2: 8, 15.95875121047535
This round: 24,2
16, 3: 10, 16.459073379430862
This round: 13,0
17, 0: 15, 17.56547619047619
This round: 13,0
17, 1: 12, 17.255596606458674
This round: 13,0
17, 2: 9, 16.95875121047535
This round: 13,0
17, 3: 11, 17.459073379430862
This round: 13,0
18, 0: 16, 18.56547619047619
This round: 13,1
18, 1: 12, 18.178673529535597
This round: 13,0
18, 2: 10, 17.95875121047535
This round: 13,0
18, 3: 12, 18.459073379430862
This round: 13,0
19, 0: 17, 19.56547619047619
This round: 13,0
19, 1: 13, 19.178673529535597
This round: 13,0
19, 2: 11, 18.95875121047535
This round: 13,0
19, 3: 13, 19.459073379430862
This round: 160,0
20, 0: 18, 20.56547619047619
This round: 160,0
20, 1: 14, 20.178673529535597
This round: 160,0
20, 2: 12, 19.95875121047535
This round: 160,0
20, 3: 14, 20.459073379430862
This round: 47,4
21, 0: 18, 21.480369807497468
This round: 47,1
21, 1: 14, 21.157396933790917
This round: 47,0
21, 2: 13, 20.95875121047535
This round: 47,0
21, 3: 15, 21.459073379430862
This round: 5,0
22, 0: 19, 22.480369807497468
This round: 5,0
22, 1: 15, 22.157396933790917
This round: 5,0
22, 2: 14, 21.95875121047535
This round: 5,0
22, 3: 16, 22.459073379430862
This round: 19,0
23, 0: 20, 23.480369807497468
This round: 19,0
23, 1: 16, 23.157396933790917
This round: 19,0
23, 2: 15, 22.95875121047535
This round: 19,0
23, 3: 17, 23.459073379430862
This round: 32,0
24, 0: 21, 24.480369807497468
This round: 32,0
24, 1: 17, 24.157396933790917
This round: 32,6
24, 2: 15, 23.77125121047535
This round: 32,0
24, 3: 18, 24.459073379430862
This round: 19,0
25, 0: 22, 25.480369807497468
This round: 19,2
25, 1: 17, 25.05213377589618
This round: 19,0
25, 2: 16, 24.77125121047535
This round: 19,0
25, 3: 19, 25.459073379430862
This round: 29,0
26, 0: 23, 26.480369807497468
This round: 29,3
26, 1: 17, 25.948685500034113
This round: 29,2
26, 2: 16, 25.702285693233968
This round: 29,0
26, 3: 20, 26.459073379430862
This round: 322,293
27, 0: 23, 26.57043191929871
This round: 322,10
27, 1: 17, 26.917629599412994
This round: 322,0
27, 2: 17, 26.702285693233968
This round: 322,0
27, 3: 21, 27.459073379430862
This round: 62,0
28, 0: 24, 27.57043191929871
This round: 62,8
28, 1: 17, 27.788597341348478
This round: 62,6
28, 2: 17, 27.60551149968558
This round: 62,6
28, 3: 21, 28.362299185882474
This round: 32,0
29, 0: 25, 28.57043191929871
This round: 32,0
29, 1: 18, 28.788597341348478
This round: 32,1
29, 2: 17, 28.57426149968558
This round: 32,0
29, 3: 22, 29.362299185882474
This round: 15,0
30, 0: 26, 29.57043191929871
This round: 15,0
30, 1: 19, 29.788597341348478
This round: 15,0
30, 2: 18, 29.57426149968558
This round: 15,0
30, 3: 23, 30.362299185882474
This round: 17,0
31, 0: 27, 30.57043191929871
This round: 17,0
31, 1: 20, 30.788597341348478
This round: 17,0
31, 2: 19, 30.57426149968558
This round: 17,0
31, 3: 24, 31.362299185882474
This round: 21,0
32, 0: 28, 31.57043191929871
This round: 21,0
32, 1: 21, 31.788597341348478
This round: 21,3
32, 2: 19, 31.431404356828438
This round: 21,0
32, 3: 25, 32.36229918588248
This round: 42,0
33, 0: 29, 32.57043191929871
This round: 42,5
33, 1: 21, 32.66954972230086
This round: 42,5
33, 2: 19, 32.31235673778082
This round: 42,5
33, 3: 25, 33.24325156683486
This round: 25,0
34, 0: 30, 33.57043191929871
This round: 25,7
34, 1: 21, 33.389549722300856
This round: 25,7
34, 2: 19, 33.032356737780816
This round: 25,7
34, 3: 25, 33.963251566834856
This round: 39,0
35, 0: 31, 34.57043191929871
This round: 39,1
35, 1: 21, 34.36390869665983
This round: 39,1
35, 2: 19, 34.00671571213979
This round: 39,2
35, 3: 25, 34.911969515552805
This round: 8,0
36, 0: 32, 35.57043191929871
This round: 8,0
36, 1: 22, 35.36390869665983
This round: 8,0
36, 2: 20, 35.00671571213979
This round: 8,0
36, 3: 26, 35.911969515552805
This round: 9,0
37, 0: 33, 36.57043191929871
This round: 9,0
37, 1: 23, 36.36390869665983
This round: 9,0
37, 2: 21, 36.00671571213979
This round: 9,0
37, 3: 27, 36.911969515552805
This round: 28,0
38, 0: 34, 37.57043191929871
This round: 28,0
38, 1: 24, 37.36390869665983
This round: 28,0
38, 2: 22, 37.00671571213979
This round: 28,0
38, 3: 28, 37.911969515552805
This round: 10,0
39, 0: 35, 38.57043191929871
This round: 10,0
39, 1: 25, 38.36390869665983
This round: 10,1
39, 2: 22, 37.906715712139786
This round: 10,0
39, 3: 29, 38.911969515552805
This round: 91,0
40, 0: 36, 39.57043191929871
This round: 91,0
40, 1: 26, 39.36390869665983
This round: 91,0
40, 2: 23, 38.906715712139786
This round: 91,0
40, 3: 30, 39.911969515552805
This round: 14,0
41, 0: 37, 40.57043191929871
This round: 14,0
41, 1: 27, 40.36390869665983
This round: 14,0
41, 2: 24, 39.906715712139786
This round: 14,0
41, 3: 31, 40.911969515552805
This round: 9,0
42, 0: 38, 41.57043191929871
This round: 9,0
42, 1: 28, 41.36390869665983
This round: 9,0
42, 2: 25, 40.906715712139786
This round: 9,0
42, 3: 32, 41.911969515552805
This round: 58,2
43, 0: 38, 42.53594916067802
This round: 58,20
43, 1: 28, 42.01908111045293
This round: 58,0
43, 2: 26, 41.906715712139786
This round: 58,0
43, 3: 33, 42.911969515552805
This round: 16,1
44, 0: 38, 43.47344916067802
This round: 16,0
44, 1: 29, 43.01908111045293
This round: 16,0
44, 2: 27, 42.906715712139786
This round: 16,0
44, 3: 34, 43.911969515552805
This round: 13,0
45, 0: 39, 44.47344916067802
This round: 13,0
45, 1: 30, 44.01908111045293
This round: 13,0
45, 2: 28, 43.906715712139786
This round: 13,2
45, 3: 34, 44.75812336170665
This round: 31,0
46, 0: 40, 45.47344916067802
This round: 31,0
46, 1: 31, 45.01908111045293
This round: 31,1
46, 2: 28, 44.87445764762366
This round: 31,0
46, 3: 35, 45.75812336170665
This round: 15,0
47, 0: 41, 46.47344916067802
This round: 15,0
47, 1: 32, 46.01908111045293
This round: 15,0
47, 2: 29, 45.87445764762366
