5.3085
5.3666
This round: 101,0
0, 0: 1, 1.0
This round: 101,7
0, 1: 0, 0.9306930693069307
This round: 101,23
0, 2: 0, 0.7722772277227723
This round: 101,15
0, 3: 0, 0.8514851485148515
5.7148
5.246
This round: 48,1
1, 0: 1, 1.9791666666666665
This round: 48,6
1, 1: 0, 1.8056930693069306
This round: 48,4
1, 2: 0, 1.688943894389439
This round: 48,2
1, 3: 0, 1.8098184818481848
5.3016
This round: 59,7
2, 0: 1, 2.860522598870056
This round: 59,8
2, 1: 0, 2.6700998489679475
This round: 59,8
2, 2: 0, 2.553350674050456
This round: 59,9
2, 3: 0, 2.657276108966829
5.4646
This round: 66,1
3, 0: 1, 3.845371083718541
This round: 66,2
3, 1: 0, 3.639796818664917
This round: 66,10
3, 2: 0, 3.4018355225353045
This round: 66,11
3, 3: 0, 3.4906094423001623
5.330800000000001
This round: 94,5
4, 0: 1, 4.792179594356839
This round: 94,9
4, 1: 0, 4.544052137813853
This round: 94,4
4, 2: 0, 4.359282331045943
This round: 94,3
4, 3: 0, 4.458694548683141
5.1164
This round: 80,3
5, 0: 1, 5.75467959435684
This round: 80,4
5, 1: 0, 5.494052137813854
This round: 80,16
5, 2: 0, 5.159282331045943
This round: 80,17
5, 3: 0, 5.246194548683141
5.313000000000001
5.4023
This round: 30,2
6, 0: 1, 6.688012927690173
This round: 30,2
6, 1: 0, 6.427385471147187
This round: 30,3
6, 2: 0, 6.059282331045943
This round: 30,2
6, 3: 0, 6.179527882016474
5.464799999999999
5.3665
This round: 34,6
7, 0: 1, 7.511542339454879
This round: 34,6
7, 1: 0, 7.250914882911893
This round: 34,10
7, 2: 0, 6.76516468398712
This round: 34,6
7, 3: 0, 7.00305729378118
5.3218000000000005
This round: 68,2
8, 0: 1, 8.482130574748997
This round: 68,7
8, 1: 0, 8.147973706441304
This round: 68,18
8, 2: 0, 7.500458801634179
This round: 68,7
8, 3: 0, 7.900116117310592
5.3039
This round: 47,2
9, 0: 1, 9.439577383259635
This round: 47,4
9, 1: 0, 9.06286732346258
This round: 47,3
9, 2: 0, 8.436629014400136
This round: 47,3
9, 3: 0, 8.83628633007655
5.3219
This round: 245,3
10, 0: 1, 10.427332485300452
This round: 245,7
10, 1: 0, 10.034295894891152
This round: 245,20
10, 2: 0, 9.354996361338912
This round: 245,8
10, 3: 0, 9.80363326885206
5.643400000000001
5.362100000000001
This round: 318,1
11, 0: 1, 11.424187831212402
This round: 318,78
11, 1: 0, 10.789012876023227
This round: 318,32
11, 2: 0, 10.254367430521302
This round: 318,4
11, 3: 0, 10.79105465249986
5.4646
This round: 32,1
12, 0: 1, 12.392937831212402
This round: 32,3
12, 1: 0, 11.695262876023227
This round: 32,4
12, 2: 0, 11.129367430521302
This round: 32,2
12, 3: 0, 11.72855465249986
5.500300000000001
5.4959999999999996
5.4289000000000005
5.5094
5.1525
This round: 30,5
13, 0: 1, 13.226271164545736
This round: 30,5
13, 1: 0, 12.52859620935656
This round: 30,11
13, 2: 0, 11.762700763854635
This round: 30,9
13, 3: 0, 12.428554652499859
5.4337
This round: 96,2
14, 0: 1, 14.205437831212402
This round: 96,15
14, 1: 0, 13.37234620935656
This round: 96,8
14, 2: 0, 12.679367430521301
This round: 96,5
14, 3: 0, 13.376471319166525
5.2862
5.3932
This round: 61,2
15, 0: 1, 15.1726509459665
This round: 61,2
15, 1: 0, 14.33955932411066
This round: 61,4
15, 2: 0, 13.613793660029499
This round: 61,4
15, 3: 0, 14.310897548674722
5.411200000000001
5.259200000000001
This round: 89,27
16, 0: 1, 15.869280159449646
This round: 89,28
16, 1: 0, 15.024952582537626
This round: 89,9
16, 2: 0, 14.512670064523881
This round: 89,7
16, 3: 0, 15.232245863281463
5.250400000000001
This round: 48,8
17, 0: 1, 16.70261349278298
This round: 48,4
17, 1: 0, 15.941619249204292
This round: 48,12
17, 2: 0, 15.262670064523881
This round: 48,12
17, 3: 0, 15.982245863281463
5.7955000000000005
5.571899999999999
5.2593000000000005
This round: 24,4
18, 0: 1, 17.535946826116312
This round: 24,5
18, 1: 0, 16.733285915870958
This round: 24,6
18, 2: 0, 16.01267006452388
This round: 24,5
18, 3: 0, 16.77391252994813
5.393299999999999
This round: 68,24
19, 0: 1, 18.183005649645725
This round: 68,3
19, 1: 0, 17.689168268812136
This round: 68,16
19, 2: 0, 16.777375946876823
This round: 68,12
19, 3: 0, 17.597441941712837
5.4291
5.1789
This round: 193,16
20, 0: 1, 19.10010409524158
This round: 193,57
20, 1: 0, 18.393831481247368
This round: 193,19
20, 2: 0, 17.6789303510219
This round: 193,19
20, 3: 0, 18.498996345857915
5.3754
This round: 34,0
21, 0: 2, 20.10010409524158
This round: 34,4
21, 1: 0, 19.27618442242384
This round: 34,9
21, 2: 0, 18.41422446866896
This round: 34,1
21, 3: 0, 19.46958458115203
5.2862
This round: 35,2
22, 0: 2, 21.042961238098723
This round: 35,2
22, 1: 0, 20.219041565280982
This round: 35,3
22, 2: 0, 19.328510182954673
This round: 35,3
22, 3: 0, 20.383870295437745
5.2928
This round: 44,0
23, 0: 3, 22.042961238098723
This round: 44,1
23, 1: 0, 21.19631429255371
This round: 44,2
23, 2: 0, 20.283055637500127
This round: 44,2
23, 3: 0, 21.3384157499832
5.571999999999999
5.3172999999999995
5.375500000000001
This round: 111,2
24, 0: 3, 23.024943220080704
This round: 111,28
24, 1: 0, 21.944062040301457
This round: 111,22
24, 2: 0, 21.084857439301928
This round: 111,21
24, 3: 0, 22.14922656079401
5.500500000000001
5.287200000000001
This round: 78,31
25, 0: 3, 23.627507322644806
This round: 78,35
25, 1: 0, 22.495344091583508
This round: 78,35
25, 2: 0, 21.63613949058398
This round: 78,32
25, 3: 0, 22.7389701505376
5.2593000000000005
This round: 39,6
26, 0: 3, 24.473661168798653
This round: 39,4
26, 1: 0, 23.392779989019406
This round: 39,6
26, 2: 0, 22.482293336737825
This round: 39,6
26, 3: 0, 23.585123996691447
5.3219
This round: 167,4
27, 0: 3, 25.44970907299027
This round: 167,22
27, 1: 0, 24.2610434620733
This round: 167,10
27, 2: 0, 23.422413097216868
This round: 167,11
27, 3: 0, 24.519255733218394
5.2149
This round: 156,15
28, 0: 3, 26.353555226836423
This round: 156,24
28, 1: 0, 25.107197308227146
This round: 156,21
28, 2: 0, 24.287797712601485
This round: 156,10
28, 3: 0, 25.455153169115828
5.5096
5.641800000000001
5.562800000000001
This round: 428,13
29, 0: 3, 27.323181395060722
This round: 428,19
29, 1: 0, 26.06280478486266
This round: 428,21
29, 2: 0, 25.238732292040737
This round: 428,34
29, 3: 0, 26.37571391677938
5.572000000000001
5.5719
This round: 50,1
30, 0: 3, 28.303181395060722
This round: 50,4
30, 1: 0, 26.98280478486266
This round: 50,3
30, 2: 0, 26.17873229204074
This round: 50,1
30, 3: 0, 27.35571391677938
5.447
This round: 91,6
31, 0: 3, 29.237247329126657
This round: 91,2
31, 1: 0, 27.96082676288464
This round: 91,5
31, 2: 0, 27.123787237095684
This round: 91,3
31, 3: 0, 28.322746883812346
5.2951
This round: 35,2
32, 0: 3, 30.1801044719838
This round: 35,5
32, 1: 0, 28.817969620027498
This round: 35,10
32, 2: 0, 27.8380729513814
This round: 35,5
32, 3: 0, 29.179889740955204
5.335299999999999
This round: 52,9
33, 0: 3, 31.007027548906876
This round: 52,9
33, 1: 0, 29.644892696950574
This round: 52,10
33, 2: 0, 28.645765259073706
This round: 52,9
33, 3: 0, 30.00681281787828
5.1745
This round: 48,3
34, 0: 3, 31.944527548906876
This round: 48,4
34, 1: 0, 30.561559363617242
This round: 48,4
34, 2: 0, 29.562431925740373
This round: 48,7
34, 3: 0, 30.86097948454495
5.145500000000001
This round: 453,18
35, 0: 3, 32.90479244956913
This round: 453,72
35, 1: 0, 31.40261896626625
This round: 453,18
35, 2: 0, 30.522696826402626
This round: 453,18
35, 3: 0, 31.8212443852072
5.5182
5.2502
This round: 97,31
36, 0: 3, 33.58520482070315
This round: 97,38
36, 1: 0, 32.01086638894666
This round: 97,43
36, 2: 0, 31.079397857330463
This round: 97,38
36, 3: 0, 32.429491807887615
5.4648
This round: 115,4
37, 0: 3, 34.5504222120075
This round: 115,16
37, 1: 0, 32.87173595416405
This round: 115,27
37, 2: 0, 31.84461524863481
This round: 115,16
37, 3: 0, 33.29036137310501
5.4111
This round: 127,0
38, 0: 4, 35.5504222120075
This round: 127,4
38, 1: 0, 33.840239891171926
This round: 127,3
38, 2: 0, 32.82099320139071
This round: 127,1
38, 3: 0, 34.28248735735698
5.3577
This round: 116,14
39, 0: 4, 36.429732556835084
This round: 116,3
39, 1: 0, 34.81437782220641
This round: 116,19
39, 2: 0, 33.657200097942436
This round: 116,21
39, 3: 0, 35.10145287459836
5.4559999999999995
This round: 63,4
40, 0: 4, 37.36624049334302
This round: 63,6
40, 1: 0, 35.719139726968315
This round: 63,6
40, 2: 0, 34.56196200270434
This round: 63,6
40, 3: 0, 36.00621477936026
5.3581
This round: 73,1
41, 0: 4, 38.352541863206035
This round: 73,2
41, 1: 0, 36.69174246669434
This round: 73,2
41, 2: 0, 35.53456474243037
This round: 73,2
41, 3: 0, 36.97881751908629
5.3017
This round: 105,9
42, 0: 4, 39.266827577491746
This round: 105,38
42, 1: 0, 37.32983770478958
This round: 105,51
42, 2: 0, 36.04885045671608
This round: 105,11
42, 3: 0, 37.874055614324384
5.661500000000001
5.429
5.4646
5.3575
5.3976
This round: 67,2
43, 0: 4, 40.23697683122309
This round: 67,3
43, 1: 0, 38.2850615853866
This round: 67,4
43, 2: 0, 36.98914896417877
This round: 66,3
43, 3: 0, 38.82860106886984
5.3039000000000005
This round: 90,4
44, 0: 4, 41.192532386778645
This round: 90,9
44, 1: 0, 39.1850615853866
This round: 90,9
44, 2: 0, 37.889148964178766
This round: 90,9
44, 3: 0, 39.728601068869835
5.250399999999999
This round: 54,2
45, 0: 4, 42.15549534974161
This round: 54,10
45, 1: 0, 39.999876400201416
This round: 54,10
45, 2: 0, 38.70396377899358
This round: 54,2
45, 3: 0, 40.6915640318328
5.4289000000000005
This round: 72,2
46, 0: 4, 43.12771757196383
This round: 72,2
46, 1: 0, 40.97209862242364
This round: 72,4
46, 2: 0, 39.648408223438025
This round: 72,2
46, 3: 0, 41.66378625405502
5.572100000000001
5.3129
This round: 38,3
47, 0: 4, 44.04877020354277
This round: 38,3
47, 1: 0, 41.89315125400258
This round: 38,7
47, 2: 0, 40.46419769712224
This round: 38,4
47, 3: 0, 42.55852309616028
5.330699999999999
This round: 48,0
48, 0: 5, 45.04877020354277
This round: 48,1
48, 1: 0, 42.872317920669246
This round: 48,5
48, 2: 0, 41.36003103045557
This round: 48,2
48, 3: 0, 43.516856429493615
5.3219
This round: 47,4
49, 0: 5, 45.96366382056405
This round: 47,5
49, 1: 0, 43.765934941945844
This round: 47,12
49, 2: 0, 42.1047118815194
This round: 47,4
49, 3: 0, 44.43175004651489
5.3933
5.3933
This round: 195,1
50, 0: 5, 46.95853561543585
This round: 195,3
50, 1: 0, 44.750550326561225
This round: 195,108
50, 2: 0, 42.55086572767325
This round: 195,5
50, 3: 0, 45.40610902087386
5.678999999999999
This round: 50,3
51, 0: 5, 47.89853561543585
This round: 50,2
51, 1: 0, 45.710550326561226
This round: 50,14
51, 2: 0, 43.27086572767325
This round: 50,12
51, 3: 0, 46.16610902087386
5.6801
5.3352
5.309500000000001
This round: 46,6
52, 0: 5, 48.76810083282715
This round: 46,10
52, 1: 0, 46.4931590222134
This round: 46,5
52, 2: 0, 44.16217007549933
This round: 46,7
52, 3: 0, 47.013935107830385
5.411300000000001
This round: 59,1
53, 0: 5, 49.75115168028478
This round: 59,1
53, 1: 0, 47.476209869671024
This round: 59,11
53, 2: 0, 44.97572939753323
This round: 59,4
53, 3: 0, 47.94613849766089
5.219100000000001
This round: 33,2
54, 0: 5, 50.690545619678716
This round: 33,3
54, 1: 0, 48.38530077876193
This round: 33,4
54, 2: 0, 45.854517276321104
This round: 33,3
54, 3: 0, 48.855229406751796
5.2192
This round: 52,1
55, 0: 5, 51.67131485044795
This round: 52,10
55, 1: 0, 49.19299308645424
This round: 52,9
55, 2: 0, 46.681440353244184
This round: 52,4
55, 3: 0, 49.778306329828716
5.5876
5.6076999999999995
5.6078
5.2682
This round: 52,2
56, 0: 5, 52.63285331198641
This round: 52,2
56, 1: 0, 50.1545315479927
This round: 52,2
56, 2: 0, 47.642978814782644
This round: 52,3
56, 3: 0, 50.72061402213641
5.5004
5.591300000000001
5.384400000000001
5.2704
This round: 41,3
57, 0: 5, 53.559682580279095
This round: 41,9
57, 1: 0, 50.935019352870746
This round: 41,8
57, 2: 0, 48.44785686356313
This round: 41,9
57, 3: 0, 51.50110182701446
5.1299
This round: 44,4
58, 0: 5, 54.46877348937
This round: 44,5
58, 1: 0, 51.82138298923438
This round: 44,7
58, 2: 0, 49.288765954472225
This round: 44,7
58, 3: 0, 52.34201091792355
5.2862
This round: 26,4
59, 0: 5, 55.31492733552385
This round: 26,3
59, 1: 0, 52.705998373849766
This round: 26,7
59, 2: 0, 50.01953518524146
This round: 26,6
59, 3: 0, 53.11124168715432
5.281599999999999
This round: 39,2
60, 0: 5, 56.2636452842418
This round: 39,2
60, 1: 0, 53.654716322567715
This round: 39,8
60, 2: 0, 50.814406980113255
This round: 39,4
60, 3: 0, 54.00867758459022
5.5362
This round: 59,3
61, 0: 5, 57.212797826614676
This round: 59,11
61, 1: 0, 54.46827564460161
This round: 59,5
61, 2: 0, 51.72966121740139
This round: 59,5
61, 3: 0, 54.923931821878355
5.6081
5.4391
5.2503
This round: 53,2
62, 0: 5, 58.17506197755807
This round: 53,5
62, 1: 0, 55.373936021960105
This round: 53,5
62, 2: 0, 52.63532159475989
This round: 53,3
62, 3: 0, 55.86732804829345
5.685000000000001
5.536200000000001
5.652299999999999
This round: 82,5
63, 0: 5, 59.114086367801974
This round: 82,10
63, 1: 0, 56.25198480244791
This round: 82,5
63, 2: 0, 53.57434598500379
This round: 82,7
63, 3: 0, 56.781962194634914
5.2058
5.304
5.429
This round: 68,0
64, 0: 6, 60.114086367801974
This round: 68,7
64, 1: 0, 57.14904362597732
This round: 68,7
64, 2: 0, 54.4714048085332
This round: 68,6
64, 3: 0, 57.69372690051727
5.206
This round: 54,3
65, 0: 6, 61.05853081224642
This round: 54,6
65, 1: 0, 58.037932514866206
This round: 54,4
65, 2: 0, 55.397330734459125
This round: 54,3
65, 3: 0, 58.63817134496171
5.2054
This round: 72,14
66, 0: 6, 61.864086367801974
This round: 72,22
66, 1: 0, 58.73237695931065
This round: 72,19
66, 2: 0, 56.13344184557024
This round: 72,19
66, 3: 0, 59.37428245607283
5.500299999999999
This round: 462,12
67, 0: 6, 62.83811234182795
This round: 462,80
67, 1: 0, 59.55921678615048
This round: 462,15
67, 2: 0, 57.100974313102704
This round: 462,93
67, 3: 0, 60.17298375477412
5.715000000000001
5.4293
5.4156
5.304
5.571900000000001
This round: 113,2
68, 0: 6, 63.82041322678371
This round: 113,8
68, 1: 0, 60.488420325973486
This round: 113,4
68, 2: 0, 58.06557608301421
This round: 113,1
68, 3: 0, 61.164134197252
5.393300000000002
This round: 49,7
69, 0: 6, 64.67755608392656
This round: 49,10
69, 1: 0, 61.28433869332042
This round: 49,9
69, 2: 0, 58.88190261362645
This round: 49,8
69, 3: 0, 62.00086889112955
5.4468
This round: 120,25
70, 0: 6, 65.46922275059323
This round: 120,22
70, 1: 0, 62.10100535998709
This round: 120,22
70, 2: 0, 59.69856928029312
This round: 120,25
70, 3: 0, 62.792535557796214
5.715000000000001
5.4649
This round: 51,1
71, 0: 6, 66.44961490745598
This round: 51,5
71, 1: 0, 63.002966144300814
This round: 51,8
71, 2: 0, 60.54170653519508
This round: 51,4
71, 3: 0, 63.714104185247194
5.4114
This round: 65,20
72, 0: 6, 67.14192259976367
This round: 65,14
72, 1: 0, 63.7875815289162
This round: 65,25
72, 2: 0, 61.157091150579696
This round: 65,12
72, 3: 0, 64.52948880063181
5.5812
5.304099999999999
This round: 118,2
73, 0: 6, 68.12497344722131
This round: 118,2
73, 1: 0, 64.77063237637383
This round: 118,11
73, 2: 0, 62.063870811596644
This round: 118,3
73, 3: 0, 65.50406507181825
5.3755
This round: 62,15
74, 0: 6, 68.88303796335035
This round: 62,15
74, 1: 0, 65.52869689250286
This round: 62,19
74, 2: 0, 62.75741919869342
This round: 62,20
74, 3: 0, 66.18148442665695
5.411099999999999
This round: 63,0
75, 0: 7, 69.88303796335035
This round: 63,1
75, 1: 0, 66.51282387662985
This round: 63,3
75, 2: 0, 63.70980015107437
This round: 63,0
75, 3: 1, 67.18148442665695
5.357600000000001
This round: 31,0
76, 0: 8, 70.88303796335035
This round: 31,2
76, 1: 0, 67.4483077475976
This round: 31,3
76, 2: 0, 64.61302595752598
This round: 31,2
76, 3: 1, 68.1169682976247
5.429
This round: 259,51
77, 0: 8, 71.68612676643914
This round: 258,74
77, 1: 0, 68.16148604217123
This round: 258,20
77, 2: 0, 65.53550657768102
This round: 258,37
77, 3: 1, 68.97355744491152
5.2905
This round: 62,3
78, 0: 8, 72.63773966966495
This round: 62,2
78, 1: 0, 69.1292279776551
This round: 62,7
78, 2: 0, 66.42260335187457
This round: 62,1
78, 3: 1, 69.95742841265346
5.4292
This round: 73,1
79, 0: 8, 73.62404103952797
This round: 73,4
79, 1: 0, 70.07443345710716
This round: 73,20
79, 2: 0, 67.14863074913484
This round: 73,20
79, 3: 1, 70.68345580991372
5.3039000000000005
This round: 78,23
80, 0: 8, 74.32916924465617
This round: 78,23
80, 1: 0, 70.77956166223537
This round: 78,22
80, 2: 0, 67.86657946708355
This round: 78,22
80, 3: 1, 71.40140452786244
5.3575
This round: 303,158
81, 0: 8, 74.80771709944165
This round: 303,148
81, 1: 0, 71.29111281735088
This round: 303,144
81, 2: 0, 68.39133194233108
This round: 303,143
81, 3: 1, 71.92945733314296
5.5541
5.4114
This round: 93,1
82, 0: 8, 75.7969644112696
This round: 93,2
82, 1: 0, 72.2696074410068
This round: 93,3
82, 2: 0, 69.35907387781495
This round: 93,4
82, 3: 1, 72.88644658045479
5.3935
5.612300000000001
5.2861
This round: 102,6
83, 0: 8, 76.73814088185783
This round: 102,3
83, 1: 0, 73.24019567630091
This round: 102,7
83, 2: 0, 70.29044642683456
This round: 102,8
83, 3: 1, 73.80801520790577
5.6164
5.3396
This round: 39,6
84, 0: 8, 77.58429472801167
This round: 39,4
84, 1: 0, 74.13763157373681
This round: 39,6
84, 2: 0, 71.1366002729884
This round: 39,7
84, 3: 1, 74.62852802841859
5.232600000000001
This round: 78,2
85, 0: 8, 78.55865370237065
This round: 78,4
85, 1: 0, 75.08634952245475
This round: 78,4
85, 2: 0, 72.08531822170634
This round: 78,8
85, 3: 1, 75.52596392585448
5.3618999999999994
This round: 75,1
86, 0: 8, 79.54532036903731
This round: 75,5
86, 1: 0, 76.01968285578809
This round: 75,15
86, 2: 0, 72.88531822170634
This round: 75,5
86, 3: 1, 76.45929725918782
5.6076999999999995
5.268300000000001
This round: 53,3
87, 0: 8, 80.4887165954524
This round: 53,2
87, 1: 0, 76.98194700673149
This round: 53,3
87, 2: 0, 73.82871444812143
This round: 53,2
87, 3: 1, 77.42156141013122
5.5004
5.3441
This round: 63,3
88, 0: 8, 81.44109754783335
This round: 63,4
88, 1: 0, 77.91845494323942
This round: 63,13
88, 2: 0, 74.62236524177223
This round: 63,12
88, 3: 1, 78.23108521965503
5.339799999999999
5.5808
5.424500000000001
This round: 71,2
89, 0: 8, 82.41292853374884
This round: 71,4
89, 1: 0, 78.86211691507042
This round: 71,21
89, 2: 0, 75.3265905938849
This round: 71,10
89, 3: 1, 79.0902401492325
5.4112
This round: 46,1
90, 0: 8, 83.39118940331406
This round: 46,3
90, 1: 0, 79.79689952376607
This round: 46,16
90, 2: 0, 75.97876450692839
This round: 46,3
90, 3: 1, 80.02502275792816
5.661199999999999
5.3933
This round: 35,1
91, 0: 8, 84.36261797474263
This round: 35,6
91, 1: 0, 80.6254709523375
This round: 35,4
91, 2: 0, 76.86447879264267
This round: 35,7
91, 3: 1, 80.82502275792815
5.122
This round: 118,62
92, 0: 8, 84.83719424592907
This round: 118,53
92, 1: 0, 81.17631840996461
This round: 118,53
92, 2: 0, 77.41532625026979
This round: 118,62
92, 3: 1, 81.29959902911459
5.362
This round: 55,2
93, 0: 8, 85.80083060956544
This round: 55,6
93, 1: 0, 82.0672275008737
This round: 55,6
93, 2: 0, 78.30623534117888
This round: 55,6
93, 3: 1, 82.19050812002368
5.438
This round: 109,3
94, 0: 8, 86.77330767378562
This round: 109,34
94, 1: 0, 82.75530089536912
This round: 109,30
94, 2: 0, 79.03100598338071
This round: 109,6
94, 3: 1, 83.13546224846405
5.232700000000001
This round: 31,2
95, 0: 8, 87.70879154475337
This round: 31,3
95, 1: 0, 83.65852670182073
This round: 31,5
95, 2: 0, 79.86971566080007
This round: 31,3
95, 3: 1, 84.03868805491567
5.3932
5.2907
5.572000000000001
5.3218000000000005
This round: 45,7
96, 0: 8, 88.55323598919782
This round: 45,10
96, 1: 0, 84.4363044795985
This round: 45,8
96, 2: 0, 80.69193788302229
This round: 45,9
96, 3: 1, 84.83868805491566
5.3755
This round: 52,3
97, 0: 8, 89.49554368150551
This round: 52,6
97, 1: 0, 85.32091986421389
This round: 52,5
97, 2: 0, 81.59578403686845
This round: 52,4
97, 3: 1, 85.76176497799258
5.536099999999999
This round: 108,4
98, 0: 8, 90.45850664446847
This round: 108,4
98, 1: 0, 86.28388282717685
This round: 108,4
98, 2: 0, 82.55874699983141
This round: 108,3
98, 3: 1, 86.73398720021481
5.482400000000001
5.2861
This round: 56,5
99, 0: 8, 91.36922093018276
This round: 56,7
99, 1: 0, 87.15888282717685
This round: 56,11
99, 2: 0, 83.36231842840284
This round: 56,13
99, 3: 1, 87.50184434307195
5.286
This round: 45,1
100, 0: 8, 92.34699870796054
This round: 45,3
100, 1: 0, 88.09221616051019
This round: 45,2
100, 2: 0, 84.31787398395839
This round: 45,2
100, 3: 1, 88.4573998986275
5.4379
This round: 85,14
101, 0: 8, 93.18229282560759
This round: 85,18
101, 1: 0, 88.88045145462783
This round: 85,29
101, 2: 0, 84.97669751337015
This round: 85,14
101, 3: 1, 89.29269401627455
5.3844
This round: 59,5
102, 0: 8, 94.09754706289573
This round: 59,5
102, 1: 0, 89.79570569191597
This round: 59,7
102, 2: 0, 85.85805344557355
This round: 59,7
102, 3: 1, 90.17404994847794
5.652500000000001
This round: 52,5
103, 0: 8, 95.00139321674189
This round: 52,7
103, 1: 0, 90.66109030730058
This round: 52,10
103, 2: 0, 86.66574575326585
This round: 52,7
103, 3: 1, 91.03943456386256
5.3578
This round: 79,12
104, 0: 8, 95.84949448256468
This round: 79,13
104, 1: 0, 91.49653334527527
This round: 79,19
104, 2: 0, 87.42523942415193
This round: 79,20
104, 3: 1, 91.78627000690054
5.4212
5.264
5.103
This round: 48,1
105, 0: 8, 96.82866114923135
This round: 48,3
105, 1: 0, 92.43403334527527
This round: 48,3
105, 2: 0, 88.36273942415193
This round: 48,4
105, 3: 1, 92.70293667356721
5.2771
This round: 114,28
106, 0: 8, 97.58304711414362
This round: 114,48
106, 1: 0, 93.01298071369632
This round: 114,55
106, 2: 0, 88.88028328380105
This round: 114,27
106, 3: 1, 93.46609456830404
5.3218
This round: 70,0
107, 0: 9, 98.58304711414362
This round: 70,6
107, 1: 0, 93.92726642798203
This round: 70,6
107, 2: 0, 89.79456899808676
This round: 70,3
107, 3: 1, 94.4232374254469
5.4292
5.143199999999999
This round: 70,1
108, 0: 9, 99.5687613998579
This round: 70,3
108, 1: 0, 94.88440928512489
This round: 70,3
108, 2: 0, 90.75171185522962
This round: 70,1
108, 3: 1, 95.40895171116118
5.5718000000000005
5.574199999999999
5.2951
This round: 56,6
109, 0: 9, 100.46161854271504
This round: 56,12
109, 1: 0, 95.67012357083918
This round: 56,11
109, 2: 0, 91.55528328380105
This round: 56,10
109, 3: 1, 96.23038028258975
5.250499999999999
5.3933
This round: 87,22
110, 0: 9, 101.20874497949666
This round: 87,7
110, 1: 0, 96.58966380072424
This round: 87,23
110, 2: 0, 92.2909154677091
This round: 87,24
110, 3: 1, 96.95451821362423
5.518199999999999
This round: 52,10
111, 0: 9, 102.01643728718896
This round: 52,5
111, 1: 0, 97.4935099545704
This round: 52,13
111, 2: 0, 93.0409154677091
This round: 52,5
111, 3: 1, 97.85836436747039
5.4782
This round: 58,4
112, 0: 9, 102.94747176994758
This round: 58,2
112, 1: 0, 98.45902719594972
This round: 58,4
112, 2: 0, 93.97194995046772
This round: 58,3
112, 3: 1, 98.80664022953935
5.1812
This round: 84,1
113, 0: 9, 103.93556700804282
This round: 84,2
113, 1: 0, 99.4352176721402
This round: 84,14
113, 2: 0, 94.80528328380105
This round: 84,13
113, 3: 1, 99.65187832477746
5.7061
5.4303
This round: 122,2
114, 0: 9, 104.91917356541987
This round: 122,2
114, 1: 0, 100.41882422951724
This round: 122,6
114, 2: 0, 95.75610295593219
This round: 122,3
114, 3: 1, 100.62728816084304
5.2694
This round: 65,4
115, 0: 9, 105.8576351038814
This round: 65,8
115, 1: 0, 101.29574730644032
This round: 65,10
115, 2: 0, 96.60225680208603
This round: 65,4
115, 3: 1, 101.56574969930458
5.5184
This round: 69,8
116, 0: 9, 106.7416930748959
This round: 69,5
116, 1: 0, 102.22328353832438
This round: 69,11
116, 2: 0, 97.44283651223095
This round: 69,6
116, 3: 1, 102.47879317756545
5.4112
This round: 179,86
117, 0: 9, 107.2612461475216
This round: 179,107
117, 1: 0, 102.6255181751959
This round: 179,104
117, 2: 0, 97.86183092563877
This round: 179,93
117, 3: 1, 102.95924010493975
5.4469
5.3218
5.214700000000001
This round: 55,4
118, 0: 9, 108.18851887479433
This round: 55,15
118, 1: 0, 103.35279090246863
This round: 55,6
118, 2: 0, 98.75274001654786
This round: 55,4
118, 3: 1, 103.88651283221247
5.4112
This round: 88,25
119, 0: 9, 108.90442796570342
This round: 88,8
119, 1: 0, 104.26188181155953
This round: 88,26
119, 2: 0, 99.45728547109331
This round: 88,9
119, 3: 1, 104.78424010493974
5.2413
This round: 37,1
120, 0: 9, 109.87740093867639
This round: 37,2
120, 1: 0, 105.20782775750548
This round: 37,3
120, 2: 0, 100.37620439001223
This round: 37,3
120, 3: 1, 105.70315902385866
5.4826
5.670100000000001
This round: 63,24
121, 0: 9, 110.49644855772401
This round: 63,31
121, 1: 0, 105.71576426544199
This round: 63,31
121, 2: 0, 100.88414089794874
This round: 63,23
121, 3: 1, 106.3380796587793
5.2146
This round: 171,0
122, 0: 10, 111.49644855772401
This round: 171,38
122, 1: 0, 106.49354204321976
This round: 171,6
122, 2: 0, 101.8490531786505
This round: 171,16
122, 3: 1, 107.2445124073173
5.339700000000001
This round: 87,7
123, 0: 10, 112.41598878760907
This round: 87,4
123, 1: 0, 107.4475650317255
This round: 87,26
123, 2: 0, 102.55020260393785
This round: 87,13
123, 3: 1, 108.09508711996098
5.276999999999999
This round: 158,92
124, 0: 10, 112.8337103065964
This round: 158,105
124, 1: 0, 107.78300806970019
This round: 158,92
124, 2: 0, 102.96792412292518
This round: 158,92
124, 3: 1, 108.51280863894831
5.4826
This round: 22,2
125, 0: 10, 113.74280121568731
This round: 22,7
125, 1: 0, 108.46482625151837
This round: 22,10
125, 2: 0, 103.51337866837973
This round: 22,7
125, 3: 1, 109.1946268207665
5.3932
This round: 66,3
126, 0: 10, 114.69734667023276
This round: 66,13
126, 1: 0, 109.26785655454867
This round: 66,7
126, 2: 0, 104.40731806231912
This round: 66,11
126, 3: 1, 110.02796015409983
5.3754
5.3219
5.893300000000001
5.4648
5.3577
5.643400000000001
5.357600000000001
5.501600000000001
5.1122000000000005
This round: 51,0
127, 0: 11, 115.69734667023276
This round: 51,8
127, 1: 0, 110.11099380945063
This round: 51,3
127, 2: 0, 105.34849453290735
This round: 51,2
127, 3: 1, 110.98874446782531
5.500400000000001
This round: 125,12
128, 0: 11, 116.60134667023276
This round: 125,2
128, 1: 0, 111.09499380945063
This round: 125,1
128, 2: 0, 106.34049453290736
This round: 125,3
128, 3: 1, 111.96474446782531
5.3666
5.321899999999999
5.5362
This round: 165,0
129, 0: 12, 117.60134667023276
This round: 165,16
129, 1: 0, 111.99802411248093
This round: 165,20
129, 2: 0, 107.21928241169523
This round: 165,20
129, 3: 1, 112.84353234661319
5.5363
5.1967
This round: 50,21
130, 0: 12, 118.18134667023276
This round: 50,22
130, 1: 0, 112.55802411248094
This round: 50,10
130, 2: 0, 108.01928241169523
This round: 50,19
130, 3: 1, 113.46353234661319
5.6076
5.3932
This round: 98,0
131, 0: 13, 119.18134667023276
This round: 98,17
131, 1: 0, 113.38455472472583
This round: 98,12
131, 2: 0, 108.89683343210339
This round: 98,2
131, 3: 1, 114.44312418334789
5.3219
5.2861
This round: 93,24
132, 0: 13, 119.92328215410372
This round: 93,21
132, 1: 0, 114.15874827311293
This round: 93,50
132, 2: 0, 109.35919902350125
This round: 93,6
132, 3: 1, 115.37860805431563
5.2684000000000015
This round: 62,9
133, 0: 13, 120.77812086378114
This round: 62,19
133, 1: 0, 114.8522966602097
This round: 62,21
133, 2: 0, 110.02048934608189
This round: 62,14
133, 3: 1, 116.15280160270274
5.482700000000001
This round: 34,1
134, 0: 13, 121.74870909907526
This round: 34,1
134, 1: 0, 115.82288489550382
This round: 34,4
134, 2: 0, 110.90284228725835
This round: 34,4
134, 3: 1, 117.0351545438792
5.5005999999999995
This round: 37,7
135, 0: 13, 122.55951990988606
This round: 37,14
135, 1: 0, 116.44450651712545
This round: 37,17
135, 2: 0, 111.4433828277989
This round: 37,7
135, 3: 1, 117.84596535469001
5.3218000000000005
This round: 39,3
136, 0: 13, 123.48259683296298
This round: 39,11
136, 1: 0, 117.16245523507416
This round: 39,10
136, 2: 0, 112.18697257138864
This round: 39,11
136, 3: 1, 118.56391407263872
5.6523
This round: 42,2
137, 0: 13, 124.43497778534393
This round: 42,3
137, 1: 0, 118.0910266636456
This round: 42,5
137, 2: 0, 113.06792495234102
This round: 42,4
137, 3: 1, 119.46867597740062
5.2325
This round: 43,2
138, 0: 13, 125.38846615743695
This round: 43,2
138, 1: 0, 119.04451503573861
This round: 43,4
138, 2: 0, 113.97490169652707
This round: 43,2
138, 3: 1, 120.42216434949364
5.2861
This round: 64,10
139, 0: 13, 126.23221615743695
This round: 64,4
139, 1: 0, 119.98201503573861
This round: 64,12
139, 2: 0, 114.78740169652707
This round: 64,7
139, 3: 1, 121.31278934949364
5.482499999999999
This round: 29,3
140, 0: 13, 127.12876788157489
This round: 29,2
140, 1: 0, 120.91304951849723
This round: 29,2
140, 2: 0, 115.71843617928569
This round: 29,3
140, 3: 1, 122.20934107363158
5.4962
This round: 76,11
141, 0: 13, 127.98403103946963
This round: 76,4
141, 1: 0, 121.86041793954986
This round: 76,33
141, 2: 0, 116.2842256529699
This round: 76,13
141, 3: 1, 123.03828844205263
5.5184999999999995
This round: 58,2
142, 0: 13, 128.94954828084894
This round: 58,4
142, 1: 0, 122.79145242230848
This round: 58,7
142, 2: 0, 117.16353599779748
This round: 58,3
142, 3: 1, 123.9865643041216
5.3219
This round: 29,0
143, 0: 14, 129.94954828084894
This round: 29,1
143, 1: 0, 123.7569696636878
This round: 29,5
143, 2: 0, 117.99112220469404
This round: 29,2
143, 3: 1, 124.91759878688022
5.4291
5.386700000000001
5.5898
This round: 92,2
144, 0: 14, 130.92780915041416
This round: 92,2
144, 1: 0, 124.73523053325302
This round: 92,2
144, 2: 0, 118.96938307425926
This round: 92,3
144, 3: 1, 125.88499009122805
5.3688
This round: 113,6
145, 0: 14, 131.8747118052814
This round: 113,16
145, 1: 0, 125.59363761289903
This round: 113,6
145, 2: 0, 119.91628572912651
This round: 113,9
145, 3: 1, 126.80534407352893
5.220700000000001
This round: 35,6
146, 0: 14, 132.70328323385283
This round: 35,8
146, 1: 0, 126.3650661843276
This round: 35,9
146, 2: 0, 120.65914287198366
This round: 35,3
146, 3: 1, 127.71962978781464
5.4291
This round: 208,116
147, 0: 14, 133.1455909261605
This round: 208,158
147, 1: 0, 126.60545079971222
This round: 208,161
147, 2: 0, 120.8851044104452
This round: 208,115
147, 3: 1, 128.16674517243
5.4827
5.1522
This round: 48,2
148, 0: 14, 134.10392425949385
This round: 48,3
148, 1: 0, 127.54295079971222
This round: 48,7
148, 2: 0, 121.73927107711187
This round: 48,4
148, 3: 1, 129.08341183909667
5.612
5.3039000000000005
This round: 130,1
149, 0: 14, 135.09623195180154
This round: 130,24
149, 1: 0, 128.35833541509683
This round: 130,31
149, 2: 0, 122.50080953865033
This round: 130,30
149, 3: 1, 129.85264260832744
5.286099999999999
This round: 180,5
150, 0: 14, 136.06845417402377
This round: 180,24
150, 1: 0, 129.2250020817635
This round: 180,27
150, 2: 0, 123.35080953865032
This round: 180,27
150, 3: 1, 130.70264260832744
5.1432
This round: 38,4
151, 0: 14, 136.96319101612903
This round: 38,3
151, 1: 0, 130.14605471334247
This round: 38,6
151, 2: 0, 124.19291480180821
This round: 38,2
151, 3: 1, 131.65001102938007
5.2862
This round: 108,5
152, 0: 14, 137.91689471983273
This round: 108,16
152, 1: 0, 130.9979065651943
This round: 108,17
152, 2: 0, 125.03550739440081
This round: 108,17
152, 3: 1, 132.49260362197265
5.644399999999999
This round: 62,2
153, 0: 14, 138.8846366553166
This round: 62,10
153, 1: 0, 131.83661624261367
This round: 62,7
153, 2: 0, 125.92260416859436
This round: 62,6
153, 3: 1, 133.39582942842426
5.3622000000000005
5.5361
5.5809
This round: 106,2
154, 0: 14, 139.8657687307883
This round: 106,26
154, 1: 0, 132.59133322374575
This round: 106,24
154, 2: 0, 126.69618907425473
This round: 106,18
154, 3: 1, 134.22601810766955
5.1343
This round: 44,0
155, 0: 15, 140.8657687307883
This round: 44,1
155, 1: 0, 133.56860595101847
This round: 44,2
155, 2: 0, 127.65073452880019
This round: 44,2
155, 3: 1, 135.180563562215
5.598800000000001
5.571899999999999
5.237
This round: 113,29
156, 0: 15, 141.6091315626467
This round: 113,13
156, 1: 0, 134.45356170323086
This round: 113,27
156, 2: 0, 128.41179647570283
This round: 113,31
156, 3: 1, 135.90622727902917
5.6167
5.2501999999999995
This round: 41,2
157, 0: 15, 142.5603510748418
This round: 41,3
157, 1: 0, 135.38039097152355
This round: 41,6
157, 2: 0, 129.2654550122882
This round: 41,3
157, 3: 1, 136.83305654732186
5.4647
5.2688
This round: 74,4
158, 0: 15, 143.50629702078774
This round: 74,4
158, 1: 0, 136.3263369174695
This round: 74,7
158, 2: 0, 130.1708604176936
This round: 74,5
158, 3: 1, 137.76548897975428
5.3129
This round: 108,5
159, 0: 15, 144.46000072449144
This round: 108,7
159, 1: 0, 137.26152210265468
This round: 108,28
159, 2: 0, 130.91160115843434
This round: 108,26
159, 3: 1, 138.52474823901355
5.1208
This round: 113,9
160, 0: 15, 145.38035470679233
This round: 113,10
160, 1: 0, 138.17302652743345
This round: 113,66
160, 2: 0, 131.32753036197417
This round: 113,62
160, 3: 1, 138.97607567264185
5.2682
This round: 65,2
161, 0: 15, 146.3495854760231
This round: 65,6
161, 1: 0, 139.08071883512577
This round: 65,5
161, 2: 0, 132.2506072850511
This round: 65,3
161, 3: 1, 139.929921826488
5.411
This round: 375,36
162, 0: 15, 147.2535854760231
This round: 375,38
162, 1: 0, 139.97938550179242
This round: 375,71
162, 2: 0, 133.06127395171777
This round: 375,72
162, 3: 1, 140.737921826488
5.3665
This round: 80,2
163, 0: 15, 148.22858547602308
This round: 80,1
163, 1: 0, 140.96688550179243
This round: 80,15
163, 2: 0, 133.87377395171777
This round: 80,15
163, 3: 1, 141.550421826488
5.4938
5.3753
5.518400000000001
5.2871999999999995
This round: 80,3
164, 0: 15, 149.1910854760231
This round: 80,6
164, 1: 0, 141.89188550179244
This round: 80,4
164, 2: 0, 134.82377395171775
This round: 80,4
164, 3: 1, 142.50042182648798
5.648
This round: 45,3
165, 0: 15, 150.12441880935643
This round: 45,5
165, 1: 0, 142.78077439068133
This round: 45,4
165, 2: 0, 135.73488506282885
This round: 45,3
165, 3: 1, 143.43375515982132
5.3289
This round: 36,9
166, 0: 15, 150.87441880935643
This round: 36,8
166, 1: 0, 143.5585521684591
This round: 36,8
166, 2: 0, 136.51266284060662
This round: 36,9
166, 3: 1, 144.18375515982132
5.4825
5.143199999999999
This round: 144,72
167, 0: 15, 151.37441880935643
This round: 144,13
167, 1: 0, 144.46827439068133
This round: 144,75
167, 2: 0, 136.99182950727328
This round: 144,4
167, 3: 1, 145.15597738204355
5.572
This round: 102,3
168, 0: 15, 152.34500704465054
This round: 102,12
168, 1: 0, 145.3506273318578
This round: 102,26
168, 2: 0, 137.73692754648897
This round: 102,7
168, 3: 1, 146.08734993106316
5.3575
This round: 28,1
169, 0: 15, 153.30929275893627
This round: 28,3
169, 1: 0, 146.24348447471493
This round: 28,1
169, 2: 0, 138.7012132607747
This round: 28,2
169, 3: 1, 147.01592135963458
5.402200000000001
5.4915
This round: 75,28
170, 0: 15, 153.93595942560293
This round: 75,26
170, 1: 0, 146.89681780804827
This round: 75,29
170, 2: 0, 139.31454659410804
This round: 75,2
170, 3: 1, 147.9892546929679
5.157699999999999
This round: 34,1
171, 0: 15, 154.90654766089705
This round: 34,6
171, 1: 0, 147.72034721981296
This round: 34,8
171, 2: 0, 140.07925247646097
This round: 34,7
171, 3: 1, 148.78337234002672
5.8486
5.2415
This round: 42,4
172, 0: 15, 155.81130956565895
This round: 42,2
172, 1: 0, 148.67272817219393
This round: 42,4
172, 2: 0, 140.98401438122286
This round: 42,3
172, 3: 1, 149.71194376859813
5.719199999999999
This round: 97,1
173, 0: 15, 156.80100028730843
This round: 97,5
173, 1: 0, 149.62118178044136
This round: 97,2
173, 2: 0, 141.96339582452183
This round: 97,3
173, 3: 1, 150.68101593354658
5.5006
This round: 193,23
174, 0: 15, 157.68182930285246
This round: 193,49
174, 1: 0, 150.36729577007867
This round: 193,11
174, 2: 0, 142.906401005869
This round: 193,8
174, 3: 1, 151.6395651563445
5.324000000000001
This round: 107,28
175, 0: 15, 158.42014705986182
This round: 107,33
175, 1: 0, 151.0588845551254
This round: 107,46
175, 2: 0, 143.4764944638129
This round: 107,18
175, 3: 1, 152.47134085727907
5.2772
This round: 69,11
176, 0: 15, 159.26072677000676
This round: 69,4
176, 1: 0, 152.00091354063264
This round: 69,15
176, 2: 0, 144.2591031594651
This round: 69,14
176, 3: 1, 153.26844230655445
5.2739
This round: 92,3
177, 0: 15, 160.22811807435457
This round: 92,6
177, 1: 0, 152.9356961493283
This round: 92,7
177, 2: 0, 145.18301620294335
This round: 92,3
177, 3: 1, 154.23583361090226
5.4469
5.3487
5.4312000000000005
This round: 48,3
178, 0: 15, 161.16561807435457
This round: 48,3
178, 1: 0, 153.8731961493283
This round: 48,3
178, 2: 0, 146.12051620294335
This round: 48,3
178, 3: 1, 155.17333361090226
5.7148
5.4161
5.429
5.518300000000001
This round: 114,23
179, 0: 15, 161.96386368838967
This round: 114,40
179, 1: 0, 154.52231895634583
This round: 114,10
179, 2: 0, 147.03279690469773
This round: 114,26
179, 3: 1, 155.94526343546366
5.3395
This round: 33,2
180, 0: 15, 162.9032576277836
This round: 33,0
180, 1: 1, 155.52231895634583
This round: 33,4
180, 2: 0, 147.9115847834856
This round: 33,3
180, 3: 1, 156.85435434455457
5.679
This round: 43,3
181, 0: 15, 163.83349018592313
This round: 43,4
181, 1: 1, 156.42929570053187
This round: 43,3
181, 2: 0, 148.84181734162513
This round: 43,3
181, 3: 1, 157.7845869026941
5.5541
5.216
This round: 54,2
182, 0: 15, 164.7964531488861
This round: 54,1
182, 1: 1, 157.41077718201336
This round: 54,14
182, 2: 0, 149.58255808236586
This round: 54,1
182, 3: 1, 158.76606838417558
5.295
This round: 67,2
183, 0: 15, 165.76660240261742
This round: 67,2
183, 1: 1, 158.3809264357447
This round: 67,5
183, 2: 0, 150.50793121669423
This round: 67,4
183, 3: 1, 159.70636689163828
5.4468000000000005
5.3575
This round: 77,4
184, 0: 15, 166.71465435066938
This round: 77,3
184, 1: 1, 159.34196539678365
This round: 77,10
184, 2: 0, 151.3780610868241
This round: 77,7
184, 3: 1, 160.6154578007292
5.5898
5.4828
5.442400000000001
5.2951
This round: 124,14
185, 0: 15, 167.60175112486291
This round: 124,15
185, 1: 1, 160.22099765484816
This round: 124,10
185, 2: 0, 152.29741592553376
This round: 124,17
185, 3: 1, 161.47836102653565
5.4110000000000005
This round: 380,48
186, 0: 15, 168.47543533538922
This round: 380,13
186, 1: 1, 161.18678712853236
This round: 380,28
186, 2: 0, 153.22373171500743
This round: 380,5
186, 3: 1, 162.4652031317988
5.5786999999999995
This round: 60,6
187, 0: 15, 169.37543533538923
This round: 60,9
187, 1: 1, 162.03678712853235
This round: 60,12
187, 2: 0, 154.02373171500744
This round: 60,8
187, 3: 1, 163.33186979846548
5.2415
This round: 40,4
188, 0: 15, 170.27543533538923
This round: 40,5
188, 1: 1, 162.91178712853235
This round: 40,3
188, 2: 0, 154.94873171500745
This round: 40,2
188, 3: 1, 164.28186979846546
5.2146
5.6255
5.1343
This round: 39,2
189, 0: 15, 171.2241532841072
This round: 39,4
189, 1: 1, 163.80922302596824
This round: 39,4
189, 2: 0, 155.84616761244334
This round: 39,3
189, 3: 1, 165.2049467215424
5.6173
This round: 44,4
190, 0: 15, 172.1332441931981
This round: 44,2
190, 1: 1, 164.7637684805137
This round: 44,4
190, 2: 0, 156.75525852153424
This round: 44,5
190, 3: 1, 166.09131035790602
5.286500000000001
This round: 301,9
191, 0: 15, 173.1033438609722
This round: 301,182
191, 1: 1, 165.159117317723
This round: 301,7
191, 2: 0, 157.73200270758076
This round: 301,50
191, 3: 1, 166.9251974010954
5.366500000000001
This round: 106,2
192, 0: 15, 174.08447593644388
This round: 106,2
192, 1: 1, 166.1402493931947
This round: 106,8
192, 2: 0, 158.65653100946756
This round: 106,9
192, 3: 1, 167.84029174071804
5.572
5.5538
5.438000000000001
5.5629
5.572100000000001
5.5809000000000015
5.464700000000001
This round: 59,2
193, 0: 15, 175.05057763135915
This round: 59,4
193, 1: 1, 167.0724527830252
This round: 59,14
193, 2: 0, 159.41924287387434
This round: 59,13
193, 3: 1, 168.6199527576672
5.3845
5.4111
This round: 55,0
194, 0: 16, 176.05057763135915
This round: 55,3
194, 1: 1, 168.01790732847974
This round: 55,7
194, 2: 0, 160.2919701466016
This round: 55,1
194, 3: 1, 169.60177093948536
5.299600000000001
This round: 39,6
195, 0: 16, 176.896731477513
This round: 39,5
195, 1: 1, 168.8897022002746
This round: 39,8
195, 2: 0, 161.0868419414734
This round: 39,9
195, 3: 1, 170.37100170871614
5.536300000000001
5.4469
5.1791
This round: 141,18
196, 0: 16, 177.7690719030449
This round: 141,50
196, 1: 1, 169.5350922711966
This round: 141,61
196, 2: 0, 161.65421782799822
This round: 141,26
196, 3: 1, 171.18660454559557
5.4292
5.6123
5.2057
This round: 54,7
197, 0: 16, 178.63944227341528
This round: 54,10
197, 1: 1, 170.3499070860114
This round: 54,13
197, 2: 0, 162.4134770872575
This round: 54,10
197, 3: 1, 172.00141936041038
5.3576
5.179100000000001
This round: 55,3
198, 0: 16, 179.58489681886982
This round: 55,2
198, 1: 1, 171.31354344964777
This round: 55,3
198, 2: 0, 163.35893163271203
This round: 55,3
198, 3: 1, 172.94687390586492
5.6613
5.3576
This round: 32,4
199, 0: 16, 180.45989681886982
This round: 32,3
199, 1: 1, 172.21979344964777
This round: 32,4
199, 2: 0, 164.23393163271203
This round: 32,2
199, 3: 1, 173.88437390586492
