5.4291
This round: 69,20
0, 0: 0, 0.7101449275362319
This round: 69,22
0, 1: 0, 0.6811594202898551
This round: 69,24
0, 2: 0, 0.6521739130434783
This round: 69,23
0, 3: 0, 0.6666666666666666
5.839899999999999
5.500500000000001
5.4826
5.2504
This round: 460,5
1, 0: 0, 1.6992753623188406
This round: 460,67
1, 1: 0, 1.5355072463768116
This round: 460,67
1, 2: 0, 1.5065217391304349
This round: 460,85
1, 3: 0, 1.4818840579710144
5.5006
5.322
5.2727
This round: 99,29
2, 0: 0, 2.4063460693895475
This round: 99,33
2, 1: 0, 2.2021739130434783
This round: 99,34
2, 2: 0, 2.1630873956960914
This round: 99,34
2, 3: 0, 2.138449714536671
5.313
This round: 42,8
3, 0: 0, 3.215869878913357
This round: 42,7
3, 1: 0, 3.035507246376812
This round: 42,9
3, 2: 0, 2.948801681410377
This round: 42,13
3, 3: 0, 2.828925905012862
5.4135
This round: 75,7
4, 0: 0, 4.122536545580023
This round: 75,12
4, 1: 0, 3.8755072463768117
This round: 75,19
4, 2: 0, 3.6954683480770436
This round: 75,9
4, 3: 0, 3.708925905012862
5.259300000000001
This round: 49,8
5, 0: 0, 4.959271239457574
This round: 49,12
5, 1: 0, 4.630609287193138
This round: 49,11
5, 2: 0, 4.470978552158677
This round: 49,10
5, 3: 0, 4.504844272359801
5.3687000000000005
This round: 67,2
6, 0: 0, 5.929420493188918
This round: 67,3
6, 1: 0, 5.585833167790153
This round: 67,6
6, 2: 0, 5.381426313352707
This round: 67,5
6, 3: 0, 5.430217406688159
5.6789
5.2459999999999996
This round: 65,21
7, 0: 0, 6.606343570111995
This round: 65,14
7, 1: 0, 6.370448552405538
This round: 65,13
7, 2: 0, 6.1814263133527065
This round: 65,9
7, 3: 0, 6.2917558682266215
5.563000000000001
5.178800000000001
This round: 65,4
8, 0: 0, 7.5448051085735335
This round: 65,10
8, 1: 0, 7.216602398559384
This round: 65,6
8, 2: 0, 7.089118621045015
This round: 65,7
8, 3: 0, 7.184063560534314
5.250399999999999
This round: 70,38
9, 0: 0, 8.00194796571639
This round: 70,23
9, 1: 0, 7.888030969987955
This round: 70,40
9, 2: 0, 7.517690049616443
This round: 70,21
9, 3: 0, 7.884063560534314
5.4826999999999995
This round: 44,5
10, 0: 0, 8.888311602080027
This round: 44,5
10, 1: 0, 8.774394606351592
This round: 44,9
10, 2: 0, 8.31314459507099
This round: 44,6
10, 3: 0, 8.747699924170679
5.366600000000001
This round: 153,9
11, 0: 0, 9.829488072668262
This round: 153,24
11, 1: 0, 9.617531861253553
This round: 153,20
11, 2: 0, 9.182425640822624
This round: 153,9
11, 3: 0, 9.688876394758914
5.2860000000000005
5.3575
This round: 48,3
12, 0: 0, 10.766988072668262
This round: 48,5
12, 1: 0, 10.513365194586887
This round: 48,6
12, 2: 0, 10.057425640822624
This round: 47,6
12, 3: 0, 10.561216820290829
5.1878
This round: 104,3
13, 0: 0, 11.738141918822109
This round: 104,21
13, 1: 0, 11.31144211766381
This round: 104,21
13, 2: 0, 10.855502563899547
This round: 104,21
13, 3: 0, 11.359293743367752
5.2324
This round: 55,2
14, 0: 0, 12.701778282458472
This round: 55,2
14, 1: 0, 12.275078481300174
This round: 55,4
14, 2: 0, 11.782775291172275
This round: 55,4
14, 3: 0, 12.28656647064048
5.715
5.446899999999999
5.5362
This round: 60,3
15, 0: 0, 13.651778282458471
This round: 60,3
15, 1: 0, 13.225078481300173
This round: 60,8
15, 2: 0, 12.649441957838942
This round: 60,5
15, 3: 0, 13.203233137307146
5.413400000000001
This round: 31,4
16, 0: 0, 14.522746024393955
This round: 31,7
16, 1: 0, 13.999272029687269
This round: 31,8
16, 2: 0, 13.39137744170991
This round: 31,5
16, 3: 0, 14.0419428147265
5.5004
5.393300000000001
This round: 90,7
17, 0: 0, 15.444968246616178
This round: 90,7
17, 1: 0, 14.921494251909492
This round: 90,11
17, 2: 0, 14.269155219487688
This round: 90,10
17, 3: 0, 14.93083170361539
5.4289000000000005
This round: 97,33
18, 0: 0, 16.10476206104917
This round: 97,6
18, 1: 0, 15.859638581806399
This round: 97,21
18, 2: 0, 15.052660374126864
This round: 97,18
18, 3: 0, 15.745264693306112
5.4334999999999996
This round: 105,6
19, 0: 0, 17.04761920390631
This round: 105,7
19, 1: 0, 16.79297191513973
This round: 105,17
19, 2: 0, 15.890755612222103
This round: 105,7
19, 3: 0, 16.678598026639445
5.6834
5.4291
This round: 95,6
20, 0: 0, 17.98446130916947
This round: 95,17
20, 1: 0, 17.614024546718678
This round: 95,21
20, 2: 0, 16.669702980643155
This round: 95,21
20, 3: 0, 17.4575453950605
5.3666
This round: 53,5
21, 0: 0, 18.89012168652796
This round: 53,7
21, 1: 0, 18.481949075020566
This round: 53,7
21, 2: 0, 17.537627508945043
This round: 53,8
21, 3: 0, 18.306601998834083
5.134199999999999
This round: 46,2
22, 0: 0, 19.846643425658392
This round: 46,15
22, 1: 0, 19.155862118498828
This round: 46,17
22, 2: 0, 18.16806229155374
This round: 46,3
22, 3: 0, 19.241384607529735
5.411
This round: 50,2
23, 0: 0, 20.806643425658393
This round: 50,14
23, 1: 0, 19.875862118498826
This round: 50,13
23, 2: 0, 18.908062291553737
This round: 50,12
23, 3: 0, 20.001384607529737
5.3845
5.2681
This round: 29,2
24, 0: 0, 21.737677908417012
This round: 29,4
24, 1: 0, 20.73793108401607
This round: 29,4
24, 2: 0, 19.77013125707098
This round: 29,2
24, 3: 0, 20.932419090288356
5.3933
5.111
This round: 45,9
25, 0: 0, 22.537677908417013
This round: 45,10
25, 1: 0, 21.515708861793847
This round: 45,11
25, 2: 0, 20.525686812626535
This round: 45,10
25, 3: 0, 21.710196868066134
5.3041
This round: 54,14
26, 0: 0, 23.278418649157754
This round: 54,17
26, 1: 0, 22.200894046979034
This round: 54,15
26, 2: 0, 21.247909034848757
This round: 54,14
26, 3: 0, 22.450937608806875
5.4827
5.4649
5.3263
This round: 77,14
27, 0: 0, 24.09660046733957
This round: 77,6
27, 1: 0, 23.122971969056955
This round: 77,13
27, 2: 0, 22.079077866017588
This round: 77,13
27, 3: 0, 23.282106439975706
5.5409
This round: 37,12
28, 0: 0, 24.772276143015247
This round: 37,8
28, 1: 0, 23.906755752840738
This round: 37,8
28, 2: 0, 22.86286164980137
This round: 37,8
28, 3: 0, 24.06589022375949
5.2549
5.3667
5.5363
5.1966
This round: 124,10
29, 0: 0, 25.691630981724924
This round: 124,9
29, 1: 0, 24.834175107679446
This round: 124,10
29, 2: 0, 23.782216488511047
This round: 124,10
29, 3: 0, 24.985245062469165
5.5361
5.1878
This round: 50,1
30, 0: 0, 26.671630981724924
This round: 50,1
30, 1: 0, 25.814175107679446
This round: 50,6
30, 2: 0, 24.662216488511046
This round: 50,6
30, 3: 0, 25.865245062469164
5.2883000000000004
5.321700000000001
This round: 58,4
31, 0: 0, 27.602665464483543
This round: 58,12
31, 1: 0, 26.607278555955308
This round: 58,12
31, 2: 0, 25.455319936786907
This round: 58,11
31, 3: 0, 26.67558989005537
5.465000000000001
5.464700000000001
This round: 79,5
32, 0: 0, 28.53937432524304
This round: 79,11
32, 1: 0, 27.468038049626195
This round: 79,22
32, 2: 0, 26.176838924128678
This round: 79,9
32, 3: 0, 27.56166583942246
5.1432
This round: 35,9
33, 0: 0, 29.282231468100182
This round: 35,9
33, 1: 0, 28.21089519248334
This round: 35,8
33, 2: 0, 26.94826749555725
This round: 35,10
33, 3: 0, 28.275951553708175
5.3933
This round: 89,30
34, 0: 0, 29.94515281641479
This round: 89,63
34, 1: 0, 28.503030023944014
This round: 89,64
34, 2: 0, 27.229166371961746
This round: 89,35
34, 3: 0, 28.882693126741884
5.5539
This round: 60,11
35, 0: 0, 30.761819483081457
This round: 60,11
35, 1: 0, 29.31969669061068
This round: 60,22
35, 2: 0, 27.86249970529508
This round: 60,12
35, 3: 0, 29.682693126741885
5.2605
5.429
5.3575
5.3577
This round: 118,8
36, 0: 0, 31.694022872911965
This round: 118,20
36, 1: 0, 30.15020516518695
This round: 118,25
36, 2: 0, 28.650635298515418
This round: 118,15
36, 3: 0, 30.55557448267409
5.4647
5.429100000000001
This round: 129,18
37, 0: 0, 32.55448798919104
This round: 129,2
37, 1: 0, 31.134701289217958
This round: 129,34
37, 2: 0, 29.38706940704255
This round: 129,9
37, 3: 0, 31.485807040813626
5.330800000000001
This round: 349,211
38, 0: 0, 32.94990346197041
This round: 349,190
38, 1: 0, 31.5902886817681
This round: 349,188
38, 2: 0, 29.84838745861848
This round: 349,202
38, 3: 0, 31.907010479209042
5.4545
5.3218
This round: 47,8
39, 0: 0, 33.77969069601296
This round: 47,9
39, 1: 0, 32.398799320065976
This round: 47,15
39, 2: 0, 30.529238522448267
This round: 47,9
39, 3: 0, 32.71552111750692
5.313000000000001
This round: 47,14
40, 0: 0, 34.48181835558743
This round: 47,17
40, 1: 0, 33.0370971924064
This round: 47,19
40, 2: 0, 31.12498320329933
This round: 47,7
40, 3: 0, 33.56658494729415
5.1879
This round: 114,9
41, 0: 0, 35.402870987166374
This round: 114,16
41, 1: 0, 33.89674631521342
This round: 114,14
41, 2: 0, 32.00217618575547
This round: 114,16
41, 3: 0, 34.426234070101174
5.428999999999999
This round: 47,5
42, 0: 0, 36.29648800844297
This round: 47,4
42, 1: 0, 34.8116399322347
This round: 47,6
42, 2: 0, 32.87451661128738
This round: 47,6
42, 3: 0, 35.29857449563309
5.500400000000001
5.4155999999999995
This round: 204,91
43, 0: 0, 36.85040957707042
This round: 204,129
43, 1: 0, 35.17928699105823
This round: 204,132
43, 2: 0, 33.22745778775797
This round: 204,110
43, 3: 0, 35.75935880935858
5.446899999999999
This round: 76,1
44, 0: 0, 37.83725168233358
This round: 76,1
44, 1: 0, 36.166129096321384
This round: 76,4
44, 2: 0, 34.1748262088106
This round: 76,5
44, 3: 0, 36.69356933567437
5.5183
5.3486
This round: 182,11
45, 0: 0, 38.77681212189402
This round: 182,52
45, 1: 0, 36.8804148106071
This round: 182,6
45, 2: 0, 35.141859175843564
This round: 182,10
45, 3: 0, 37.63862428072931
5.4515
5.393199999999999
This round: 76,21
46, 0: 0, 39.50049633242033
This round: 76,15
46, 1: 0, 37.68304638955447
This round: 76,24
46, 2: 0, 35.82606970215935
This round: 76,23
46, 3: 0, 38.33599270178194
5.7147
This round: 60,0
47, 0: 1, 40.50049633242033
This round: 60,2
47, 1: 0, 38.64971305622114
This round: 60,13
47, 2: 0, 36.60940303549268
This round: 60,4
47, 3: 0, 39.26932603511527
5.4111
This round: 49,5
48, 0: 1, 41.398455516093804
This round: 49,6
48, 1: 0, 39.5272640766293
This round: 49,7
48, 2: 0, 37.46654589263554
This round: 49,6
48, 3: 0, 40.14687705552343
5.321900000000001
5.429
5.491499999999999
5.5539
This round: 75,6
49, 0: 1, 42.318455516093806
This round: 75,6
49, 1: 0, 40.4472640766293
This round: 75,15
49, 2: 0, 38.266545892635534
This round: 75,14
49, 3: 0, 40.960210388856765
5.2102
This round: 55,9
50, 0: 1, 43.15481915245744
This round: 55,6
50, 1: 0, 41.33817316753839
This round: 55,12
50, 2: 0, 39.048364074453715
This round: 55,12
50, 3: 0, 41.74202857067495
5.5719
5.4736
This round: 65,13
51, 0: 1, 43.95481915245744
This round: 65,15
51, 1: 0, 42.10740393676916
This round: 65,10
51, 2: 0, 39.89451792060756
This round: 65,9
51, 3: 0, 42.603567032213405
5.1967
This round: 72,7
52, 0: 1, 44.85759693023522
This round: 72,6
52, 1: 0, 43.024070603435824
This round: 72,7
52, 2: 0, 40.79729569838534
This round: 72,7
52, 3: 0, 43.506344809991184
5.581000000000001
5.3308
This round: 61,6
53, 0: 1, 45.75923627449751
This round: 61,7
53, 1: 0, 43.90931650507517
This round: 61,5
53, 2: 0, 41.71532848527059
This round: 61,4
53, 3: 0, 44.44077103949938
5.500500000000001
5.3574
This round: 337,54
54, 0: 1, 46.598998885773476
This round: 337,88
54, 1: 0, 44.648188908636
This round: 337,61
54, 2: 0, 42.53431958319344
This round: 337,59
54, 3: 0, 45.26569685552312
5.3931000000000004
This round: 60,5
55, 0: 1, 47.51566555244014
This round: 60,9
55, 1: 0, 45.498188908636
This round: 60,12
55, 2: 0, 43.334319583193434
This round: 60,6
55, 3: 0, 46.165696855523116
5.3576
5.6075
5.3218000000000005
This round: 48,6
56, 0: 1, 48.39066555244014
This round: 48,1
56, 1: 0, 46.47735557530267
This round: 48,5
56, 2: 0, 44.23015291652677
This round: 48,4
56, 3: 0, 47.08236352218978
5.230800000000001
5.2861
5.429
5.7864
5.312900000000001
5.0986
This round: 74,3
57, 0: 1, 49.3501250118996
This round: 74,6
57, 1: 0, 47.396274494221586
This round: 74,7
57, 2: 0, 45.13555832193217
This round: 74,6
57, 3: 0, 48.0012824411087
5.215800000000001
This round: 91,8
58, 0: 1, 50.26221292398751
This round: 91,7
58, 1: 0, 48.319351417298506
This round: 91,13
58, 2: 0, 45.99270117907503
This round: 91,13
58, 3: 0, 48.858425298251554
5.3309
This round: 51,5
59, 0: 1, 51.164173708301234
This round: 51,5
59, 1: 0, 49.22131220161223
This round: 51,5
59, 2: 0, 46.89466196338875
This round: 51,5
59, 3: 0, 49.760386082565276
5.8243
5.2861
This round: 85,13
60, 0: 1, 52.01123253183064
This round: 85,17
60, 1: 0, 50.021312201612226
This round: 85,18
60, 2: 0, 47.6828972575064
This round: 85,18
60, 3: 0, 50.548621376682924
5.261500000000001
This round: 144,3
61, 0: 1, 52.99039919849731
This round: 144,5
61, 1: 0, 50.986589979390004
This round: 144,4
61, 2: 0, 48.65511947972862
This round: 144,2
61, 3: 0, 51.53473248779404
5.5049
This round: 79,12
62, 0: 1, 53.83850046432009
This round: 79,11
62, 1: 0, 51.84734947306089
This round: 79,21
62, 2: 0, 49.38929669491849
This round: 79,15
62, 3: 0, 52.344859070072516
5.397900000000001
5.321899999999999
This round: 75,21
63, 0: 1, 54.55850046432009
This round: 75,9
63, 1: 0, 52.72734947306089
This round: 75,27
63, 2: 0, 50.02929669491849
This round: 75,6
63, 3: 0, 53.26485907007252
5.152
This round: 56,3
64, 0: 1, 55.50492903574866
This round: 56,6
64, 1: 0, 53.620206615918036
This round: 56,12
64, 2: 0, 50.81501098063278
This round: 56,8
64, 3: 0, 54.12200192721537
5.2726999999999995
This round: 54,5
65, 0: 1, 56.412336443156065
This round: 54,7
65, 1: 0, 54.49057698628841
This round: 54,15
65, 2: 0, 51.537233202855
This round: 54,10
65, 3: 0, 54.93681674203019
5.375400000000001
5.7149
5.3847000000000005
5.250400000000001
This round: 52,3
66, 0: 1, 57.35464413546376
This round: 52,4
66, 1: 0, 55.41365390936533
This round: 52,4
66, 2: 0, 52.46031012593192
This round: 52,5
66, 3: 0, 55.84066289587634
5.3667
This round: 51,21
67, 0: 1, 57.9428794295814
This round: 51,21
67, 1: 0, 56.001889203482975
This round: 51,23
67, 2: 0, 53.009329733775054
This round: 51,23
67, 3: 0, 56.38968250371948
5.6164000000000005
5.473700000000001
5.4468
5.3664
This round: 58,10
68, 0: 1, 58.77046563647796
This round: 58,9
68, 1: 0, 56.84671678968987
This round: 58,8
68, 2: 0, 53.87139869929229
This round: 58,9
68, 3: 0, 57.234510089926374
5.4646
5.2860000000000005
This round: 98,24
69, 0: 1, 59.52556767729428
This round: 98,24
69, 1: 0, 57.6018188305062
This round: 98,38
69, 2: 0, 54.48364359725148
This round: 98,9
69, 3: 0, 58.142673355232496
5.304200000000001
This round: 27,4
70, 0: 1, 60.37741952914614
This round: 27,6
70, 1: 0, 58.379596608283975
This round: 27,6
70, 2: 0, 55.26142137502926
This round: 27,6
70, 3: 0, 58.920451133010275
5.212400000000001
This round: 45,16
71, 0: 1, 61.021863973590584
This round: 45,12
71, 1: 0, 59.11292994161731
This round: 45,19
71, 2: 0, 55.83919915280703
This round: 45,17
71, 3: 0, 59.542673355232495
5.3184000000000005
This round: 74,6
72, 0: 1, 61.9407828925095
This round: 74,8
72, 1: 0, 60.004821833509205
This round: 74,10
72, 2: 0, 56.7040640176719
This round: 74,8
72, 3: 0, 60.43456524712439
5.572299999999999
5.446899999999999
This round: 118,9
73, 0: 1, 62.864511706068825
This round: 118,9
73, 1: 0, 60.928550647068526
This round: 118,13
73, 2: 0, 57.59389452614647
This round: 118,10
73, 3: 0, 61.34981948441253
5.429
This round: 200,2
74, 0: 1, 63.85451170606883
This round: 200,46
74, 1: 0, 61.69855064706853
This round: 200,18
74, 2: 0, 58.50389452614647
This round: 200,5
74, 3: 0, 62.32481948441253
5.304899999999999
This round: 44,3
75, 0: 1, 64.786329887887
This round: 44,2
75, 1: 0, 62.65309610161398
This round: 44,6
75, 2: 0, 59.367530889782834
This round: 44,6
75, 3: 0, 63.188455848048896
5.3711
5.1433
This round: 42,1
76, 0: 1, 65.76252036407749
This round: 42,2
76, 1: 0, 63.60547705399493
This round: 42,9
76, 2: 0, 60.15324517549712
This round: 42,8
76, 3: 0, 63.99797965757271
5.500299999999999
This round: 94,5
77, 0: 1, 66.70932887471578
This round: 94,7
77, 1: 0, 64.53100896888854
This round: 94,4
77, 2: 0, 61.11069198400776
This round: 94,4
77, 3: 0, 64.95542646608334
5.214900000000001
5.3756
5.4291
This round: 42,4
78, 0: 1, 67.61409077947768
This round: 42,6
78, 1: 0, 65.3881518260314
This round: 42,8
78, 2: 0, 61.92021579353157
This round: 42,5
78, 3: 0, 65.83637884703572
5.545200000000001
This round: 183,1
79, 0: 1, 68.60862629860335
This round: 183,3
79, 1: 0, 66.37175838340845
This round: 183,18
79, 2: 0, 62.82185513779386
This round: 183,4
79, 3: 0, 66.81452092353845
5.5364
5.5629
This round: 153,72
80, 0: 1, 69.13803806330924
This round: 153,113
80, 1: 0, 66.63319629190518
This round: 153,114
80, 2: 0, 63.07675709857818
This round: 153,72
80, 3: 0, 67.34393268824434
5.295
This round: 51,11
81, 0: 1, 69.92235178879943
This round: 51,11
81, 1: 0, 67.41751001739537
This round: 51,12
81, 2: 0, 63.84146298093112
This round: 51,12
81, 3: 0, 68.10863857059728
5.446900000000001
This round: 76,4
82, 0: 1, 70.86972020985206
This round: 76,17
82, 1: 0, 68.19382580686906
This round: 76,18
82, 2: 0, 64.60462087566796
This round: 76,13
82, 3: 0, 68.93758593901833
5.1523
This round: 92,18
83, 0: 1, 71.67406803593902
This round: 92,19
83, 1: 0, 68.98730406773862
This round: 92,18
83, 2: 0, 65.40896870175492
This round: 92,17
83, 3: 0, 69.75280333032268
5.3666
5.357600000000001
This round: 52,5
84, 0: 1, 72.57791418978518
This round: 52,4
84, 1: 0, 69.91038099081554
This round: 52,14
84, 2: 0, 66.13973793252414
This round: 52,11
84, 3: 0, 70.54126486878421
5.643300000000001
This round: 90,15
85, 0: 1, 73.4112475231185
This round: 90,20
85, 1: 0, 70.68815876859331
This round: 90,18
85, 2: 0, 66.93973793252414
This round: 90,17
85, 3: 0, 71.35237597989533
5.732600000000001
5.1008
This round: 49,6
86, 0: 1, 74.28879854352667
This round: 49,6
86, 1: 0, 71.56570978900147
This round: 49,7
86, 2: 0, 67.796880789667
This round: 49,4
86, 3: 0, 72.27074332683411
5.4648
5.3934
This round: 41,14
87, 0: 1, 74.94733512889252
This round: 41,14
87, 1: 0, 72.22424637436733
This round: 41,14
87, 2: 0, 68.45541737503285
This round: 41,7
87, 3: 0, 73.10001161951703
5.250500000000001
This round: 207,79
88, 0: 1, 75.56569261681523
This round: 207,48
88, 1: 0, 72.99236231639631
This round: 207,46
88, 2: 0, 69.23319515281062
This round: 207,79
88, 3: 0, 73.71836910743974
5.697000000000001
5.438
This round: 57,4
89, 0: 1, 76.49551717821873
This round: 57,5
89, 1: 0, 73.9046430181507
This round: 57,5
89, 2: 0, 70.145475854565
This round: 57,5
89, 3: 0, 74.63064980919413
5.5049
This round: 142,3
90, 0: 1, 77.47439041765536
This round: 142,7
90, 1: 0, 74.8553472435028
This round: 142,7
90, 2: 0, 71.09618007991712
This round: 142,13
90, 3: 0, 75.53910051341948
5.3932
This round: 122,2
91, 0: 1, 78.4579969750324
This round: 122,28
91, 1: 0, 75.6258390467815
This round: 122,41
91, 2: 0, 71.76011450614662
This round: 122,8
91, 3: 0, 76.47352674292767
5.429
This round: 91,35
92, 0: 1, 79.07338159041701
This round: 91,35
92, 1: 0, 76.2412236621661
This round: 91,38
92, 2: 0, 72.3425320885642
This round: 91,26
92, 3: 0, 77.18781245721338
5.4826
5.714599999999999
This round: 47,7
93, 0: 1, 79.92444542020425
This round: 47,7
93, 1: 0, 77.09228749195334
This round: 47,10
93, 2: 0, 73.12976613111739
This round: 47,6
93, 3: 0, 78.0601528827453
5.750400000000001
5.538499999999999
5.522899999999999
5.3575
This round: 88,12
94, 0: 1, 80.78808178384061
This round: 88,26
94, 1: 0, 77.7968329464988
This round: 88,25
94, 2: 0, 73.84567522202649
This round: 88,14
94, 3: 0, 78.9010619736544
5.6168000000000005
5.393299999999999
This round: 48,3
95, 0: 1, 81.72558178384061
This round: 48,12
95, 1: 0, 78.5468329464988
This round: 48,10
95, 2: 0, 74.63734188869316
This round: 48,4
95, 3: 0, 79.81772864032106
5.4647
This round: 40,6
96, 0: 1, 82.5755817838406
This round: 40,5
96, 1: 0, 79.4218329464988
This round: 40,10
96, 2: 0, 75.38734188869316
This round: 40,5
96, 3: 0, 80.69272864032106
5.3218000000000005
This round: 182,2
97, 0: 1, 83.5645927728516
This round: 182,54
97, 1: 0, 80.1251296497955
This round: 182,40
97, 2: 0, 76.16756166891294
This round: 182,59
97, 3: 0, 81.36855281614524
5.6254
This round: 51,14
98, 0: 1, 84.29008296893002
This round: 51,17
98, 1: 0, 80.79179631646217
This round: 51,17
98, 2: 0, 76.83422833557961
This round: 51,13
98, 3: 0, 82.11365085536093
5.2861
5.573000000000001
5.2551
This round: 134,2
99, 0: 1, 85.27515759579569
This round: 134,2
99, 1: 0, 81.77687094332784
This round: 134,12
99, 2: 0, 77.74467609677365
This round: 134,9
99, 3: 0, 83.04648667625645
5.4117999999999995
This round: 42,12
100, 0: 1, 85.9894433100814
This round: 42,13
100, 1: 0, 82.46734713380403
This round: 42,15
100, 2: 0, 78.38753323963078
This round: 42,15
100, 3: 0, 83.68934381911359
5.200100000000001
This round: 47,2
101, 0: 1, 86.94689011859204
This round: 47,1
101, 1: 0, 83.44607053805935
This round: 47,10
101, 2: 0, 79.17476728218398
This round: 47,1
101, 3: 0, 84.66806722336891
5.303999999999999
This round: 51,2
102, 0: 1, 87.90767443231752
This round: 51,5
102, 1: 0, 84.34803132237307
This round: 51,4
102, 2: 0, 80.09633590963496
This round: 51,7
102, 3: 0, 85.53081232140812
5.5005
5.429200000000001
This round: 135,3
103, 0: 1, 88.8854522100953
This round: 135,9
103, 1: 0, 85.28136465570641
This round: 135,25
103, 2: 0, 80.91115072444977
This round: 135,10
103, 3: 0, 86.45673824733404
5.1523
This round: 80,5
104, 0: 1, 89.8229522100953
This round: 80,5
104, 1: 0, 86.21886465570641
This round: 80,15
104, 2: 0, 81.72365072444977
This round: 80,6
104, 3: 0, 87.38173824733404
5.580899999999999
5.5543
5.5719
5.822300000000001
5.4201
This round: 91,7
105, 0: 1, 90.74602913317221
This round: 91,21
105, 1: 0, 86.98809542493719
This round: 91,28
105, 2: 0, 82.41595841675746
This round: 91,11
105, 3: 0, 88.26085912645492
5.5094
This round: 50,5
106, 0: 1, 91.64602913317222
This round: 50,4
106, 1: 0, 87.90809542493719
This round: 50,6
106, 2: 0, 83.29595841675746
This round: 50,7
106, 3: 0, 89.12085912645492
5.1343
This round: 54,3
107, 0: 1, 92.59047357761666
This round: 54,18
107, 1: 0, 88.57476209160386
This round: 54,3
107, 2: 0, 84.2404028612019
This round: 54,8
107, 3: 0, 89.97271097830676
5.688
5.384400000000001
5.2951
This round: 74,32
108, 0: 1, 93.15804114518423
This round: 74,36
108, 1: 0, 89.08827560511737
This round: 74,41
108, 2: 0, 84.68634880714785
This round: 74,22
108, 3: 0, 90.67541368100947
5.339799999999999
This round: 88,18
109, 0: 1, 93.95349569063877
This round: 88,4
109, 1: 0, 90.04282105966283
This round: 88,4
109, 2: 0, 85.6408942616933
This round: 88,5
109, 3: 0, 91.61859549919129
5.2505
5.5183
5.3465
This round: 35,10
110, 0: 1, 94.66778140492448
This round: 35,12
110, 1: 0, 90.69996391680569
This round: 35,13
110, 2: 0, 86.26946569026474
This round: 35,15
110, 3: 0, 92.19002407061986
5.095199999999999
This round: 82,15
111, 0: 1, 95.48485457565619
This round: 82,20
111, 1: 0, 91.45606147778129
This round: 82,25
111, 2: 0, 86.96458764148424
This round: 82,18
111, 3: 0, 92.9705118754979
5.134500000000001
This round: 433,9
112, 0: 1, 96.46406935625664
This round: 433,109
112, 1: 0, 92.20432937616467
This round: 433,122
112, 2: 0, 87.6828324451794
This round: 433,99
112, 3: 0, 93.74187446210298
5.3177
This round: 284,52
113, 0: 1, 97.28097076470735
This round: 284,83
113, 1: 0, 92.9120758550379
This round: 284,57
113, 2: 0, 88.48212821982729
This round: 284,16
113, 3: 0, 94.68553643393398
5.4825
This round: 65,3
114, 0: 1, 98.2348169185535
This round: 65,5
114, 1: 0, 93.83515277811482
This round: 65,5
114, 2: 0, 89.40520514290421
This round: 65,3
114, 3: 0, 95.63938258778013
5.179
This round: 68,5
115, 0: 1, 99.1612875067888
This round: 68,11
115, 1: 0, 94.67338807223247
This round: 68,12
115, 2: 0, 90.22873455466892
This round: 68,6
115, 3: 0, 96.55114729366248
5.572
This round: 44,10
116, 0: 1, 99.93401477951606
This round: 44,8
116, 1: 0, 95.49156989041428
This round: 44,10
116, 2: 0, 91.00146182739618
This round: 44,6
116, 3: 0, 97.41478365729884
5.3845
5.2415
This round: 95,2
117, 0: 1, 100.91296214793711
This round: 95,18
117, 1: 0, 96.30209620620376
This round: 95,7
117, 2: 0, 91.92777761686988
This round: 95,6
117, 3: 0, 98.351625762562
5.4646
5.4021
5.714700000000001
5.5539
5.3039
This round: 59,5
118, 0: 1, 101.82821638522525
This round: 59,8
118, 1: 0, 97.16650298586477
This round: 59,3
118, 2: 0, 92.87693015924276
This round: 59,3
118, 3: 0, 99.30077830493488
5.438
5.321899999999999
This round: 67,10
119, 0: 1, 102.67896265388197
This round: 67,10
119, 1: 0, 98.01724925452149
This round: 67,31
119, 2: 0, 93.41424359207858
This round: 67,31
119, 3: 0, 99.8380917377707
5.4292
This round: 70,7
120, 0: 1, 103.57896265388197
This round: 70,7
120, 1: 0, 98.9172492545215
This round: 70,8
120, 2: 0, 94.29995787779286
This round: 70,8
120, 3: 0, 100.72380602348498
5.2593
This round: 55,11
121, 0: 1, 104.37896265388197
This round: 55,4
121, 1: 0, 99.84452198179422
This round: 55,9
121, 2: 0, 95.1363215141565
This round: 55,10
121, 3: 0, 101.5419878416668
5.482499999999999
This round: 73,3
122, 0: 1, 105.33786676347101
This round: 73,12
122, 1: 0, 100.68013842015039
This round: 73,14
122, 2: 0, 95.9445406922387
This round: 73,13
122, 3: 0, 102.36390564988598
5.2504
This round: 78,0
123, 0: 2, 106.33786676347101
This round: 78,8
123, 1: 0, 101.57757431758628
This round: 78,6
123, 2: 0, 96.86761761531562
This round: 78,9
123, 3: 0, 103.24852103450137
5.3038
This round: 183,17
124, 0: 2, 107.24497058860763
This round: 183,34
124, 1: 0, 102.3917819678595
This round: 183,33
124, 2: 0, 97.68728974646316
This round: 183,22
124, 3: 0, 104.1283024552664
5.3218999999999985
This round: 61,3
125, 0: 2, 108.19579026073878
This round: 60,6
125, 1: 0, 103.2917819678595
This round: 60,2
125, 2: 0, 98.65395641312983
This round: 60,2
125, 3: 0, 105.09496912193306
5.4291
This round: 85,3
126, 0: 2, 109.16049614309172
This round: 85,5
126, 1: 0, 104.23295843844774
This round: 85,5
126, 2: 0, 99.59513288371807
This round: 85,4
126, 3: 0, 106.04791029840365
5.304
This round: 212,6
127, 0: 2, 110.13219425629927
This round: 212,71
127, 1: 0, 104.89805277807038
This round: 212,12
127, 2: 0, 100.53852911013315
This round: 212,101
127, 3: 0, 106.57149520406402
5.3664
This round: 70,8
128, 0: 2, 111.01790854201356
This round: 70,9
128, 1: 0, 105.76948134949895
This round: 70,9
128, 2: 0, 101.40995768156172
This round: 70,10
128, 3: 0, 107.42863806120688
5.3889000000000005
This round: 41,10
129, 0: 2, 111.77400610298916
This round: 41,13
129, 1: 0, 106.45240817876724
This round: 41,14
129, 2: 0, 102.06849426692757
This round: 41,10
129, 3: 0, 108.18473562218249
5.412400000000001
5.5026
5.402300000000001
5.562900000000001
5.3668000000000005
This round: 60,5
130, 0: 2, 112.69067276965583
This round: 60,5
130, 1: 0, 107.36907484543391
This round: 60,16
130, 2: 0, 102.8018276002609
This round: 60,8
130, 3: 0, 109.05140228884915
5.5005999999999995
5.6433
This round: 79,4
131, 0: 2, 113.64003985826344
This round: 79,5
131, 1: 0, 108.30578370619341
This round: 79,15
131, 2: 0, 103.61195418253939
This round: 79,13
131, 3: 0, 109.88684532682383
5.696900000000001
This round: 64,2
132, 0: 2, 114.60878985826344
This round: 64,7
132, 1: 0, 109.19640870619341
This round: 64,10
132, 2: 0, 104.45570418253939
This round: 64,7
132, 3: 0, 110.77747032682383
5.2861
This round: 144,9
133, 0: 2, 115.54628985826344
This round: 144,19
133, 1: 0, 110.06446426174897
This round: 144,34
133, 2: 0, 105.21959307142828
This round: 144,27
133, 3: 0, 111.58997032682383
5.1922999999999995
This round: 29,10
134, 0: 2, 116.20146227205655
This round: 29,11
134, 1: 0, 110.68515391692138
This round: 29,12
134, 2: 0, 105.80579996798001
This round: 29,10
134, 3: 0, 112.24514274061694
5.465800000000001
This round: 148,13
135, 0: 2, 117.1136244342187
This round: 148,15
135, 1: 0, 111.58380256557002
This round: 148,16
135, 2: 0, 106.6976918598719
This round: 148,13
135, 3: 0, 113.1573049027791
5.357600000000001
5.8578
5.5195
5.321699999999999
This round: 101,10
136, 0: 2, 118.01461453322861
This round: 101,3
136, 1: 0, 112.554099595273
This round: 101,18
136, 2: 0, 107.51947403808971
This round: 101,12
136, 3: 0, 114.03849302159098
5.5764000000000005
5.5362
5.6254
5.375499999999999
This round: 82,3
137, 0: 2, 118.97802916737496
This round: 82,7
137, 1: 0, 113.46873374161447
This round: 82,8
137, 2: 0, 108.42191306247996
This round: 82,8
137, 3: 0, 114.94093204598123
5.3399
5.3219
This round: 168,8
138, 0: 2, 119.9304101197559
This round: 168,58
138, 1: 0, 114.12349564637637
This round: 168,10
138, 2: 0, 109.36238925295615
This round: 168,9
138, 3: 0, 115.8873606174098
5.3197
This round: 106,34
139, 0: 2, 120.60965540277478
This round: 106,42
139, 1: 0, 114.72726923128204
This round: 106,36
139, 2: 0, 110.02276661144671
This round: 106,28
139, 3: 0, 116.62320967401357
5.393400000000001
This round: 53,5
140, 0: 2, 121.51531578013326
This round: 53,5
140, 1: 0, 115.63292960864052
This round: 53,9
140, 2: 0, 110.852955290692
This round: 53,7
140, 3: 0, 117.49113420231545
5.598700000000001
5.303999999999999
This round: 53,6
141, 0: 2, 122.40210823296346
This round: 53,8
141, 1: 0, 116.48198621241411
This round: 53,11
141, 2: 0, 111.64540812088067
This round: 53,8
141, 3: 0, 118.34019080608904
5.411800000000001
This round: 56,2
142, 0: 2, 123.36639394724916
This round: 56,3
142, 1: 0, 117.42841478384268
This round: 56,3
142, 2: 0, 112.59183669230924
This round: 56,3
142, 3: 0, 119.28661937751761
5.2057
This round: 48,9
143, 0: 2, 124.17889394724916
This round: 48,10
143, 1: 0, 118.22008145050935
This round: 48,14
143, 2: 0, 113.30017002564257
This round: 48,3
143, 3: 0, 120.22411937751761
5.3933
This round: 127,6
144, 0: 2, 125.13164985276097
This round: 127,19
144, 1: 0, 119.07047515129676
This round: 127,21
144, 2: 0, 114.1348156949339
This round: 127,8
144, 3: 0, 121.16112725153336
5.250400000000001
5.2235000000000005
5.3777
This round: 63,4
145, 0: 2, 126.06815778926891
This round: 63,2
145, 1: 0, 120.03872911955072
This round: 63,24
145, 2: 0, 114.75386331398153
This round: 63,13
145, 3: 0, 121.95477804518416
5.429100000000001
5.4336
5.2147
This round: 389,79
146, 0: 2, 126.86507295636403
This round: 389,49
146, 1: 0, 120.91276510926795
This round: 389,70
146, 2: 0, 115.57391472786327
This round: 389,44
146, 3: 0, 122.84166750533839
5.429100000000001
This round: 450,208
147, 0: 2, 127.40285073414181
This round: 450,3
147, 1: 0, 121.90609844260129
This round: 450,13
147, 2: 0, 116.54502583897438
This round: 450,6
147, 3: 0, 123.82833417200506
5.2682
This round: 89,3
148, 0: 2, 128.36914286897326
This round: 89,10
148, 1: 0, 122.7937388920395
This round: 89,4
148, 2: 0, 117.50008201874967
This round: 89,2
148, 3: 0, 124.8058622618927
5.3219
5.2014000000000005
5.4112
This round: 59,6
149, 0: 2, 129.26744795371903
This round: 59,6
149, 1: 0, 123.69204397678526
This round: 59,24
149, 2: 0, 118.09330235773271
This round: 59,14
149, 3: 0, 125.56857412629948
5.3086
This round: 67,3
150, 0: 2, 130.22267183431603
This round: 67,18
150, 1: 0, 124.42338726036735
This round: 67,30
150, 2: 0, 118.64554116370286
This round: 67,11
150, 3: 0, 126.40439502182187
5.42
This round: 98,6
151, 0: 2, 131.16144734452013
This round: 98,27
151, 1: 0, 125.14787705628572
This round: 98,18
151, 2: 0, 119.4618676943151
This round: 98,4
151, 3: 0, 127.36357869529125
5.393199999999999
This round: 174,3
152, 0: 2, 132.14420596520978
This round: 174,11
152, 1: 0, 126.08465866548113
This round: 174,19
152, 2: 0, 120.35267229201625
This round: 174,10
152, 3: 0, 128.30610743092345
5.4826
5.2898
This round: 36,5
153, 0: 2, 133.0053170763209
This round: 36,6
153, 1: 0, 126.91799199881446
This round: 36,8
153, 2: 0, 121.13045006979402
This round: 36,7
153, 3: 0, 129.111662986479
5.3218
This round: 40,2
154, 0: 2, 133.95531707632088
This round: 40,2
154, 1: 0, 127.86799199881446
This round: 40,2
154, 2: 0, 122.08045006979403
This round: 40,2
154, 3: 0, 130.06166298647898
5.447
This round: 36,2
155, 0: 2, 134.89976152076534
This round: 36,2
155, 1: 0, 128.81243644325892
This round: 36,6
155, 2: 0, 122.91378340312735
This round: 36,2
155, 3: 0, 131.00610743092344
5.2505
This round: 101,16
156, 0: 2, 135.7413456791812
This round: 101,19
156, 1: 0, 129.62431763137772
This round: 101,24
156, 2: 0, 123.67615964075112
This round: 101,24
156, 3: 0, 131.7684836685472
5.2136
5.4737
5.428999999999999
This round: 45,1
157, 0: 2, 136.71912345695898
This round: 45,3
157, 1: 0, 130.55765096471106
This round: 45,3
157, 2: 0, 124.60949297408446
This round: 45,4
157, 3: 0, 132.6795947796583
5.5003
5.270500000000001
This round: 33,3
158, 0: 2, 137.6282143660499
This round: 33,6
158, 1: 0, 131.37583278289287
This round: 33,6
158, 2: 0, 125.42767479226627
This round: 33,6
158, 3: 0, 133.4977765978401
5.643400000000001
5.1968
This round: 88,5
159, 0: 2, 138.5713961842317
This round: 88,8
159, 1: 0, 132.28492369198378
This round: 88,11
159, 2: 0, 126.30267479226627
This round: 88,10
159, 3: 0, 134.38414023420373
5.3576
This round: 59,7
160, 0: 2, 139.45275211643508
This round: 59,8
160, 1: 0, 133.1493304716448
This round: 59,21
160, 2: 0, 126.94674258887645
This round: 59,18
160, 3: 0, 135.079055488441
5.500400000000001
5.5006
5.304200000000001
5.2593
This round: 67,15
161, 0: 2, 140.22887151942015
This round: 67,15
161, 1: 0, 133.92544987462986
This round: 67,25
161, 2: 0, 127.57360826051824
This round: 67,15
161, 3: 0, 135.8551748914261
5.482600000000001
This round: 181,70
162, 0: 2, 140.84213118792843
This round: 181,75
162, 1: 0, 134.5110852337459
This round: 181,46
162, 2: 0, 128.3194646141094
This round: 181,84
162, 3: 0, 136.39108649363604
5.5004
5.591
This round: 53,9
163, 0: 2, 141.6723198671737
This round: 53,10
163, 1: 0, 135.32240598846286
This round: 53,10
163, 2: 0, 129.13078536882637
This round: 53,10
163, 3: 0, 137.202407248353
5.170100000000001
This round: 96,5
164, 0: 2, 142.62023653384037
This round: 96,22
164, 1: 0, 136.0932393217962
This round: 96,7
164, 2: 0, 130.0578687021597
This round: 96,5
164, 3: 0, 138.15032391501967
5.268300000000001
This round: 87,28
165, 0: 2, 143.2983974533806
This round: 87,23
165, 1: 0, 136.82887150570426
This round: 87,40
165, 2: 0, 130.59809858721718
This round: 87,28
165, 3: 0, 138.8284848345599
5.625500000000001
5.2949
5.522800000000001
5.397900000000001
This round: 88,3
166, 0: 2, 144.2643065442897
This round: 88,7
166, 1: 0, 137.7493260511588
This round: 88,10
166, 2: 0, 131.4844622235808
This round: 88,7
166, 3: 0, 139.74893938001443
5.8222000000000005
5.2636
This round: 99,33
167, 0: 2, 144.93097321095635
This round: 99,33
167, 1: 0, 138.41599271782545
This round: 99,74
167, 2: 0, 131.73698747610607
This round: 99,35
167, 3: 0, 140.39540402647907
5.4289
This round: 51,1
168, 0: 2, 145.9113653678191
This round: 51,1
168, 1: 0, 139.39638487468818
This round: 51,7
168, 2: 0, 132.5997325741453
This round: 51,2
168, 3: 0, 141.35618834020457
5.2281
This round: 65,10
169, 0: 2, 146.75751921397293
This round: 65,17
169, 1: 0, 140.13484641314972
This round: 65,21
169, 2: 0, 133.27665565106838
This round: 65,14
169, 3: 0, 142.14080372481996
5.3564
This round: 72,3
170, 0: 2, 147.71585254730627
This round: 72,9
170, 1: 0, 141.00984641314972
This round: 72,15
170, 2: 0, 134.06832231773504
This round: 72,8
170, 3: 0, 143.02969261370885
5.2349
This round: 42,4
171, 0: 2, 148.62061445206817
This round: 42,6
171, 1: 0, 141.86698927029258
This round: 42,4
171, 2: 0, 134.97308422249694
This round: 42,2
171, 3: 0, 143.9820735660898
5.3217
This round: 143,4
172, 0: 2, 149.59264242409614
This round: 143,13
172, 1: 0, 142.77608017938348
This round: 143,16
172, 2: 0, 135.86119611060883
This round: 143,9
172, 3: 0, 144.91913650315274
5.125400000000001
5.4291
5.1792
This round: 170,15
173, 0: 2, 150.5044071299785
This round: 170,36
173, 1: 0, 143.56431547350113
This round: 170,13
173, 2: 0, 136.78472552237355
This round: 170,10
173, 3: 0, 145.86031297374097
5.3062000000000005
This round: 48,5
174, 0: 2, 151.40024046331183
This round: 48,8
174, 1: 0, 144.39764880683447
This round: 48,10
174, 2: 0, 137.5763921890402
This round: 48,11
174, 3: 0, 146.63114630707432
5.342
5.2683
This round: 38,4
175, 0: 2, 152.2949773054171
This round: 38,5
175, 1: 0, 145.26606985946606
This round: 38,3
175, 2: 0, 138.49744482061917
This round: 38,4
175, 3: 0, 147.52588314917958
5.3934
5.4288
This round: 88,4
176, 0: 2, 153.24952275996256
This round: 88,6
176, 1: 0, 146.19788804128424
This round: 88,6
176, 2: 0, 139.42926300243735
This round: 88,23
176, 3: 0, 148.26451951281595
5.3266
This round: 38,15
177, 0: 2, 153.8547859178573
This round: 38,20
177, 1: 0, 146.67157225181057
This round: 38,23
177, 2: 0, 139.8239998445426
This round: 38,16
177, 3: 0, 148.843466881237
5.634500000000001
5.3576
This round: 60,7
178, 0: 2, 154.73811925119062
This round: 60,4
178, 1: 0, 147.6049055851439
This round: 60,11
178, 2: 0, 140.64066651120928
This round: 60,7
178, 3: 0, 149.72680021457032
5.178999999999999
This round: 27,7
179, 0: 2, 155.47885999193136
This round: 27,5
179, 1: 0, 148.41972039995872
This round: 27,7
179, 2: 0, 141.38140725195
This round: 27,7
179, 3: 0, 150.46754095531105
5.3847000000000005
This round: 118,49
180, 0: 2, 156.06360575464322
This round: 118,25
180, 1: 0, 149.20785599317907
This round: 118,48
180, 2: 0, 141.97462759093307
This round: 118,47
180, 3: 0, 151.06923587056528
5.263800000000001
This round: 75,19
181, 0: 2, 156.8102724213099
This round: 75,12
181, 1: 0, 150.04785599317907
This round: 75,22
181, 2: 0, 142.68129425759975
This round: 75,14
181, 3: 0, 151.8825692038986
5.411300000000001
This round: 161,3
182, 0: 2, 157.79163888093723
This round: 161,62
182, 1: 0, 150.66276282547722
This round: 161,33
182, 2: 0, 143.47632531350035
This round: 161,3
182, 3: 0, 152.86393566352595
5.393400000000001
This round: 44,3
183, 0: 2, 158.72345706275541
This round: 44,8
183, 1: 0, 151.48094464365903
This round: 44,12
183, 2: 0, 144.20359804077307
This round: 44,8
183, 3: 0, 153.68211748170776
5.4201
This round: 57,5
184, 0: 2, 159.6357377645098
This round: 57,7
184, 1: 0, 152.35813762611517
This round: 57,7
184, 2: 0, 145.0807910232292
This round: 57,7
184, 3: 0, 154.5593104641639
5.5001999999999995
5.678999999999999
5.4469
5.3218000000000005
This round: 38,11
185, 0: 2, 160.34626408029928
This round: 38,18
185, 1: 0, 152.88445341558884
This round: 38,12
185, 2: 0, 145.765001549545
This round: 38,11
185, 3: 0, 155.26983677995338
5.2683
This round: 68,5
186, 0: 2, 161.27273466853458
This round: 68,9
186, 1: 0, 153.75210047441237
This round: 68,6
186, 2: 0, 146.67676625542734
This round: 68,8
186, 3: 0, 156.15218972112984
5.625800000000001
This round: 35,5
187, 0: 2, 162.12987752567744
This round: 35,6
187, 1: 0, 154.5806719029838
This round: 35,8
187, 2: 0, 147.4481948268559
This round: 35,7
187, 3: 0, 156.95218972112986
5.339700000000001
This round: 65,3
188, 0: 2, 163.0837236795236
This round: 65,10
188, 1: 0, 155.42682574913763
This round: 65,11
188, 2: 0, 148.27896405762513
This round: 65,9
188, 3: 0, 157.8137281826683
5.5006
5.6792
5.393300000000001
This round: 218,100
189, 0: 2, 163.6250080831933
This round: 218,10
189, 1: 0, 156.38095418950462
This round: 218,14
189, 2: 0, 149.2147438741389
This round: 218,132
189, 3: 0, 158.20822359551235
5.6276
5.446999999999999
5.179099999999999
This round: 368,4
190, 0: 2, 164.6141385179759
This round: 368,53
190, 1: 0, 157.23693245037418
This round: 368,3
190, 2: 0, 150.20659170022586
This round: 368,30
190, 3: 0, 159.1267018563819
5.5271
This round: 244,3
191, 0: 2, 165.6018434360087
This round: 244,6
191, 1: 0, 158.21234228643976
This round: 244,16
191, 2: 0, 151.14101792973406
This round: 244,4
191, 3: 0, 160.11030841375896
5.4295
This round: 42,3
192, 0: 2, 166.5304148645801
This round: 42,7
192, 1: 0, 159.0456756197731
This round: 42,10
192, 2: 0, 151.90292269163882
This round: 42,7
192, 3: 0, 160.9436417470923
5.411
This round: 63,2
193, 0: 2, 167.49866883283408
This round: 63,8
193, 1: 0, 159.91869149278898
This round: 63,6
193, 2: 0, 152.80768459640072
This round: 63,4
193, 3: 0, 161.88014968360022
5.330699999999999
This round: 51,3
194, 0: 2, 168.43984530342232
This round: 51,5
194, 1: 0, 160.8206522771027
This round: 51,8
194, 2: 0, 153.65082185130268
This round: 51,5
194, 3: 0, 162.78211046791395
5.4289
This round: 216,5
195, 0: 2, 169.41669715527416
This round: 216,3
195, 1: 0, 161.80676338821382
This round: 216,7
195, 2: 0, 154.61841444389526
This round: 216,6
195, 3: 0, 163.75433269013618
5.3574
This round: 39,6
196, 0: 2, 170.262851001428
This round: 39,2
196, 1: 0, 162.75548133693178
This round: 39,6
196, 2: 0, 155.4645682900491
This round: 39,6
196, 3: 0, 164.60048653629002
5.3802
This round: 207,2
197, 0: 2, 171.2531891656792
This round: 207,47
197, 1: 0, 163.52842819683516
This round: 207,66
197, 2: 0, 156.14572771033895
This round: 207,47
197, 3: 0, 165.3734333961934
5.3397
5.2593
This round: 38,6
198, 0: 2, 172.0952944288371
This round: 38,8
198, 1: 0, 164.31790188104569
This round: 38,12
198, 2: 0, 156.82993823665473
This round: 38,7
198, 3: 0, 166.18922286987763
5.2777
This round: 73,4
199, 0: 2, 173.04049990828915
This round: 73,4
199, 1: 0, 165.26310736049774
This round: 73,13
199, 2: 0, 157.6518560448739
This round: 73,9
199, 3: 0, 167.06593519864475
