5.6255999999999995
5.324000000000001
This round: 83,19
0, 0: 0, 0.7710843373493976
This round: 82,12
0, 1: 0, 0.8536585365853658
This round: 82,14
0, 2: 0, 0.8292682926829268
This round: 82,25
0, 3: 0, 0.6951219512195121
5.4245
This round: 57,5
1, 0: 0, 1.6833650391037835
This round: 57,4
1, 1: 0, 1.7834830979888747
This round: 57,5
1, 2: 0, 1.7415489944373128
This round: 57,6
1, 3: 0, 1.5898587933247752
5.536300000000001
5.7863999999999995
This round: 64,12
2, 0: 0, 2.4958650391037835
This round: 64,14
2, 1: 0, 2.5647330979888747
This round: 64,16
2, 2: 0, 2.491548994437313
This round: 64,14
2, 3: 0, 2.371108793324775
5.2951
This round: 55,2
3, 0: 0, 3.4595014027401474
This round: 55,3
3, 1: 0, 3.51018764344342
This round: 55,5
3, 2: 0, 3.400639903528222
This round: 55,4
3, 3: 0, 3.2983815205975024
5.250400000000001
This round: 48,1
4, 0: 0, 4.438668069406814
This round: 48,7
4, 1: 0, 4.364354310110087
This round: 48,7
4, 2: 0, 4.254806570194889
This round: 48,4
4, 3: 0, 4.215048187264169
5.223700000000001
This round: 208,40
5, 0: 0, 5.246360377099122
This round: 208,92
5, 1: 0, 4.922046617802394
This round: 208,35
5, 2: 0, 5.086537339425658
This round: 208,40
5, 3: 0, 5.0227404949564765
5.393400000000001
This round: 75,1
6, 0: 0, 6.233027043765788
This round: 75,4
6, 1: 0, 5.86871328446906
This round: 75,7
6, 2: 0, 5.993204006092324
This round: 75,3
6, 3: 0, 5.982740494956476
5.6793000000000005
5.5049
This round: 70,5
7, 0: 0, 7.161598472337217
This round: 70,5
7, 1: 0, 6.797284713040489
This round: 70,12
7, 2: 0, 6.821775434663753
This round: 70,2
7, 3: 0, 6.954169066385048
5.214700000000001
This round: 70,16
8, 0: 0, 7.933027043765788
This round: 70,21
8, 1: 0, 7.497284713040489
This round: 70,14
8, 2: 0, 7.6217754346637525
This round: 70,10
8, 3: 0, 7.811311923527905
5.523000000000001
5.2438
This round: 182,69
9, 0: 0, 8.553906164644909
This round: 182,52
9, 1: 0, 8.211570427326203
This round: 182,75
9, 2: 0, 8.209687522575841
This round: 182,69
9, 3: 0, 8.432191044407025
5.2146
This round: 73,12
10, 0: 0, 9.389522603001073
This round: 73,6
10, 1: 0, 9.129378646504286
This round: 73,5
10, 2: 0, 9.14119437189091
This round: 73,5
10, 3: 0, 9.363697893722094
5.5183
5.537399999999999
This round: 55,2
11, 0: 0, 10.353158966637436
This round: 55,14
11, 1: 0, 9.874833191958832
This round: 55,20
11, 2: 0, 9.777558008254546
This round: 55,2
11, 3: 0, 10.327334257358457
5.4112
5.5719
5.2777
This round: 43,10
12, 0: 0, 11.120600827102551
This round: 43,10
12, 1: 0, 10.642275052423948
This round: 43,12
12, 2: 0, 10.498488240812685
This round: 43,6
12, 3: 0, 11.187799373637526
5.1746
This round: 71,10
13, 0: 0, 11.979755756680015
This round: 71,13
13, 1: 0, 11.459176460874652
This round: 71,13
13, 2: 0, 11.31538964926339
This round: 71,9
13, 3: 0, 12.061038810257244
5.3665
This round: 48,2
14, 0: 0, 12.93808909001335
This round: 48,4
14, 1: 0, 12.375843127541318
This round: 48,10
14, 2: 0, 12.107056315930055
This round: 48,6
14, 3: 0, 12.936038810257244
5.589700000000001
5.2146
This round: 61,3
15, 0: 0, 13.888908762144498
This round: 61,3
15, 1: 0, 13.326662799672466
This round: 61,8
15, 2: 0, 12.975908774946449
This round: 61,5
15, 3: 0, 13.85407159714249
5.3443000000000005
This round: 64,13
16, 0: 0, 14.685783762144498
This round: 64,14
16, 1: 0, 14.107912799672466
This round: 64,15
16, 2: 0, 13.741533774946449
This round: 64,13
16, 3: 0, 14.65094659714249
5.4647
5.1699
This round: 124,22
17, 0: 0, 15.508364407305788
This round: 124,5
17, 1: 0, 15.067590219027304
This round: 124,31
17, 2: 0, 14.491533774946449
This round: 124,13
17, 3: 0, 15.54610788746507
5.4715
This round: 46,9
18, 0: 0, 16.312712233392745
This round: 46,8
18, 1: 0, 15.893677175549042
This round: 46,10
18, 2: 0, 15.274142470598623
This round: 46,8
18, 3: 0, 16.372194843986808
5.445700000000001
This round: 65,8
19, 0: 0, 17.189635310315822
This round: 65,22
19, 1: 0, 16.555215637087503
This round: 65,17
19, 2: 0, 16.012604009060162
This round: 65,9
19, 3: 0, 17.23373330552527
5.3531
5.0516
This round: 53,6
20, 0: 0, 18.07642776314601
This round: 53,7
20, 1: 0, 17.42314016538939
This round: 53,7
20, 2: 0, 16.88052853736205
This round: 53,6
20, 3: 0, 18.12052575835546
5.402200000000001
This round: 107,7
21, 0: 0, 19.011007202398346
This round: 107,6
21, 1: 0, 18.36706539903425
This round: 107,7
21, 2: 0, 17.815107976614385
This round: 107,7
21, 3: 0, 19.055105197607794
5.1521
This round: 159,18
22, 0: 0, 19.897799655228535
This round: 159,19
22, 1: 0, 19.247568543688338
This round: 159,8
22, 2: 0, 18.764793511205582
This round: 159,5
22, 3: 0, 20.023658656727292
5.7329
5.6434999999999995
This round: 90,16
23, 0: 0, 20.72002187745076
This round: 90,22
23, 1: 0, 20.003124099243895
This round: 90,21
23, 2: 0, 19.531460177872248
This round: 90,18
23, 3: 0, 20.823658656727293
5.3225
This round: 318,96
24, 0: 0, 21.418135084997928
This round: 318,98
24, 1: 0, 20.694947998614964
This round: 318,137
24, 2: 0, 20.100642567809356
This round: 318,96
24, 3: 0, 21.521771864274463
5.607600000000001
5.7506
5.6077
5.4781
This round: 63,5
25, 0: 0, 22.33877000563285
This round: 63,13
25, 1: 0, 21.48859879226576
This round: 63,7
25, 2: 0, 20.989531456698245
This round: 63,6
25, 3: 0, 22.426533769036368
5.2145
This round: 72,7
26, 0: 0, 23.241547783410628
This round: 72,13
26, 1: 0, 22.3080432367102
This round: 72,15
26, 2: 0, 21.781198123364913
This round: 72,15
26, 3: 0, 23.218200435703036
5.500400000000001
This round: 102,10
27, 0: 0, 24.143508567724353
This round: 102,11
27, 1: 0, 23.200200099455298
This round: 102,15
27, 2: 0, 22.6341392998355
This round: 102,15
27, 3: 0, 24.071141612173623
5.3933
This round: 43,6
28, 0: 0, 25.003973684003423
This round: 43,8
28, 1: 0, 24.01415358782739
This round: 43,11
28, 2: 0, 23.37832534634713
This round: 43,9
28, 3: 0, 24.86183928659223
5.2414000000000005
This round: 42,8
29, 0: 0, 25.813497493527233
This round: 42,9
29, 1: 0, 24.799867873541675
This round: 42,9
29, 2: 0, 24.164039632061414
This round: 42,8
29, 3: 0, 25.67136309611604
5.0807
This round: 74,19
30, 0: 0, 26.556740736770475
This round: 74,26
30, 1: 0, 25.448516522190324
This round: 74,28
30, 2: 0, 24.785661253683035
This round: 74,25
30, 3: 0, 26.3335252582782
5.3041
5.2236
This round: 56,8
31, 0: 0, 27.413883593913333
This round: 56,11
31, 1: 0, 26.25208795076175
This round: 56,13
31, 2: 0, 25.553518396540177
This round: 56,11
31, 3: 0, 27.137096686849628
5.464899999999999
5.4827
5.372000000000001
This round: 203,105
32, 0: 0, 27.896642214602988
This round: 203,130
32, 1: 0, 26.6116938620918
This round: 203,104
32, 2: 0, 26.041203125604216
This round: 203,104
32, 3: 0, 27.624781415913667
5.4109
5.572000000000001
5.6433
5.2861
This round: 67,4
33, 0: 0, 28.836940722065673
This round: 67,14
33, 1: 0, 27.402738638211204
This round: 67,6
33, 2: 0, 26.951650886798244
This round: 67,7
33, 3: 0, 28.52030380397337
5.4335
This round: 191,76
34, 0: 0, 29.43903496290337
This round: 191,89
34, 1: 0, 27.93677005182377
This round: 191,142
34, 2: 0, 27.208195389416044
This round: 191,84
34, 3: 0, 29.08051322805714
5.6434
5.5452
5.2415
5.4111
This round: 72,6
35, 0: 0, 30.35570162957004
This round: 72,4
35, 1: 0, 28.881214496268214
This round: 72,10
35, 2: 0, 28.069306500527155
This round: 72,5
35, 3: 0, 30.011068783612696
5.268199999999999
This round: 62,2
36, 0: 0, 31.32344356505391
This round: 62,13
36, 1: 0, 29.671537076913374
This round: 62,17
36, 2: 0, 28.79511295214006
This round: 62,3
36, 3: 0, 30.962681686838504
5.3084
This round: 41,5
37, 0: 0, 32.201492345541716
This round: 41,6
37, 1: 0, 30.52519561349874
This round: 41,11
37, 2: 0, 29.52682026921323
This round: 41,10
37, 3: 0, 31.718779247814116
5.3574
This round: 100,15
38, 0: 0, 33.05149234554172
This round: 100,35
38, 1: 0, 31.17519561349874
This round: 100,32
38, 2: 0, 30.206820269213228
This round: 100,15
38, 3: 0, 32.56877924781411
5.295
This round: 63,4
39, 0: 0, 33.988000282049654
This round: 63,12
39, 1: 0, 31.98471942302255
This round: 63,21
39, 2: 0, 30.873486935879896
This round: 63,10
39, 3: 0, 33.410049089083955
5.2458
This round: 52,11
40, 0: 0, 34.776461820511194
This round: 52,14
40, 1: 0, 32.71548865379178
This round: 52,14
40, 2: 0, 31.604256166649126
This round: 52,13
40, 3: 0, 34.160049089083955
5.3575
This round: 58,3
41, 0: 0, 35.72473768258016
This round: 58,5
41, 1: 0, 33.62928175724006
This round: 58,14
41, 2: 0, 32.3628768563043
This round: 58,13
41, 3: 0, 34.93591115804947
5.6433
This round: 74,4
42, 0: 0, 36.670683628526106
This round: 74,16
42, 1: 0, 34.41306554102384
This round: 74,14
42, 2: 0, 33.17368766711511
This round: 74,8
42, 3: 0, 35.827803049941366
5.449199999999999
This round: 57,7
43, 0: 0, 37.54787661098224
This round: 57,8
43, 1: 0, 35.27271466383086
This round: 57,14
43, 2: 0, 33.92807363202739
This round: 57,11
43, 3: 0, 36.63482059380102
5.397799999999999
5.3621
This round: 40,9
44, 0: 0, 38.32287661098224
This round: 40,9
44, 1: 0, 36.04771466383086
This round: 40,10
44, 2: 0, 34.67807363202739
This round: 40,10
44, 3: 0, 37.38482059380102
5.313
This round: 33,7
45, 0: 0, 39.11075539886103
This round: 33,7
45, 1: 0, 36.83559345170965
This round: 33,8
45, 2: 0, 35.43564938960315
This round: 33,9
45, 3: 0, 38.11209332107374
5.4649
5.322
This round: 264,111
46, 0: 0, 39.690300853406484
This round: 264,55
46, 1: 0, 37.62726011837631
This round: 264,41
46, 2: 0, 36.28034635930012
This round: 264,10
46, 3: 0, 39.074214533194954
5.2974
This round: 84,3
47, 0: 0, 40.6545865676922
This round: 84,24
47, 1: 0, 38.34154583266203
This round: 84,8
47, 2: 0, 37.18510826406202
This round: 84,10
47, 3: 0, 39.955166914147334
5.321899999999999
5.5004
5.1788
This round: 30,4
48, 0: 0, 41.521253234358866
This round: 30,3
48, 1: 0, 39.24154583266203
This round: 30,7
48, 2: 0, 37.95177493072869
This round: 30,8
48, 3: 0, 40.68850024748067
5.2145
This round: 41,11
49, 0: 0, 42.25296055143204
This round: 41,13
49, 1: 0, 39.92447266193032
This round: 41,12
49, 2: 0, 38.659092003899424
This round: 41,11
49, 3: 0, 41.42020756455384
5.527399999999999
This round: 132,35
50, 0: 0, 42.987809036280524
This round: 132,31
50, 1: 0, 40.68962417708183
This round: 132,27
50, 2: 0, 39.45454654935397
This round: 132,37
50, 3: 0, 42.13990453425081
5.567500000000001
5.3934
5.696999999999999
This round: 314,237
51, 0: 0, 43.23303196621683
This round: 314,48
51, 1: 0, 41.53675793504362
This round: 314,49
51, 2: 0, 40.29849559393996
This round: 314,40
51, 3: 0, 43.01251599921896
5.306
This round: 87,18
52, 0: 0, 44.02613541449269
This round: 87,20
52, 1: 0, 42.30687287757235
This round: 87,26
52, 2: 0, 40.999645019227316
This round: 87,23
52, 3: 0, 43.74814818312701
5.5361
5.448
5.5006
5.4113
This round: 137,11
53, 0: 0, 44.945843443689775
This round: 137,42
53, 1: 0, 43.000303534506656
This round: 137,22
53, 2: 0, 41.83906107762148
This round: 137,15
53, 3: 0, 44.63865913203212
5.3933
5.295
This round: 66,11
54, 0: 0, 45.77917677702311
This round: 66,6
54, 1: 0, 43.90939444359756
This round: 66,10
54, 2: 0, 42.68754592610633
This round: 66,15
54, 3: 0, 45.41138640475939
5.3576
This round: 66,8
55, 0: 0, 46.657964655810986
This round: 66,7
55, 1: 0, 44.803333837536954
This round: 66,6
55, 2: 0, 43.59663683519724
This round: 66,8
55, 3: 0, 46.290174283547266
5.5808
This round: 85,4
56, 0: 0, 47.610905832281574
This round: 85,8
56, 1: 0, 45.70921619047813
This round: 85,5
56, 2: 0, 44.53781330578547
This round: 85,4
56, 3: 0, 47.243115460017854
5.4358
5.5675
5.339900000000001
This round: 57,5
57, 0: 0, 48.52318653403596
This round: 57,10
57, 1: 0, 46.533777593986905
This round: 57,19
57, 2: 0, 45.204479972452134
This round: 57,8
57, 3: 0, 48.102764582824875
5.5722
This round: 99,14
58, 0: 0, 49.38177239262182
This round: 99,10
58, 1: 0, 47.4327674929768
This round: 99,16
58, 2: 0, 46.042863810835975
This round: 99,12
58, 3: 0, 48.98155246161275
5.402299999999999
This round: 74,5
59, 0: 0, 50.314204825054254
This round: 74,18
59, 1: 0, 48.18952424973356
This round: 74,11
59, 2: 0, 46.89421516218733
This round: 74,13
59, 3: 0, 49.80587678593707
5.268299999999999
This round: 176,109
60, 0: 0, 50.694886643236075
This round: 176,14
60, 1: 0, 49.109978795188105
This round: 176,61
60, 2: 0, 47.54762425309642
This round: 176,24
60, 3: 0, 50.66951314957344
5.482600000000001
5.357600000000001
This round: 113,3
61, 0: 0, 51.668337970669704
This round: 113,5
61, 1: 0, 50.06573100757748
This round: 113,6
61, 2: 0, 48.49452690796368
This round: 113,5
61, 3: 0, 51.62526536196282
5.5363
5.277299999999999
This round: 72,4
62, 0: 0, 52.61278241511415
This round: 72,15
62, 1: 0, 50.85739767424415
This round: 72,13
62, 2: 0, 49.313971352408124
This round: 72,13
62, 3: 0, 52.44470980640726
5.518300000000001
5.5005999999999995
This round: 47,7
63, 0: 0, 53.46384624490138
This round: 47,8
63, 1: 0, 51.6871849082867
This round: 47,8
63, 2: 0, 50.14375858645068
This round: 47,6
63, 3: 0, 53.31705023193918
5.5184000000000015
This round: 133,27
64, 0: 0, 54.26083872610439
This round: 133,21
64, 1: 0, 52.5292901714446
This round: 133,36
64, 2: 0, 50.87308189472136
This round: 133,29
64, 3: 0, 54.09900511915722
5.3575
This round: 55,4
65, 0: 0, 55.18811145337712
This round: 55,8
65, 1: 0, 53.38383562599005
This round: 55,10
65, 2: 0, 51.69126371290318
This round: 55,8
65, 3: 0, 54.95355057370267
5.5363
This round: 206,9
66, 0: 0, 56.144422132988765
This round: 206,25
66, 1: 0, 54.26247640268908
This round: 206,50
66, 2: 0, 52.44854526630124
This round: 206,50
66, 3: 0, 55.71083212710073
5.304
This round: 125,6
67, 0: 0, 57.096422132988764
This round: 125,11
67, 1: 0, 55.17447640268908
This round: 125,24
67, 2: 0, 53.25654526630124
This round: 125,7
67, 3: 0, 56.65483212710073
5.1297999999999995
This round: 123,8
68, 0: 0, 58.03138148258226
This round: 123,5
68, 1: 0, 56.13382599618502
This round: 123,8
68, 2: 0, 54.191504615894736
This round: 123,8
68, 3: 0, 57.58979147669423
5.326400000000001
This round: 103,2
69, 0: 0, 59.01196400685411
This round: 103,5
69, 1: 0, 57.08528230686463
This round: 103,43
69, 2: 0, 54.7740288877394
This round: 103,5
69, 3: 0, 58.54124778737384
5.3933
This round: 40,2
70, 0: 0, 59.96196400685411
This round: 40,3
70, 1: 0, 58.010282306864625
This round: 40,6
70, 2: 0, 55.6240288877394
This round: 40,3
70, 3: 0, 59.46624778737384
5.572000000000001
5.1788
5.5183
5.3575
This round: 115,25
71, 0: 0, 60.74457270250628
This round: 115,26
71, 1: 0, 58.784195350342884
This round: 115,29
71, 2: 0, 56.37185497469592
This round: 115,28
71, 3: 0, 60.22276952650427
5.232600000000001
5.3084
This round: 79,3
72, 0: 0, 61.70659801896198
This round: 79,4
72, 1: 0, 59.73356243895048
This round: 79,9
72, 2: 0, 57.25793092406301
This round: 79,3
72, 3: 0, 61.18479484295997
5.3889
This round: 220,42
73, 0: 0, 62.51568892805289
This round: 220,89
73, 1: 0, 60.32901698440502
This round: 220,92
73, 2: 0, 57.83974910588119
This round: 220,59
73, 3: 0, 61.91661302477815
5.2596
5.6077
5.4457
This round: 183,13
74, 0: 0, 63.44465067668677
This round: 183,30
74, 1: 0, 61.16508255817551
This round: 183,29
74, 2: 0, 58.681279160525996
This round: 183,15
74, 3: 0, 62.8346458116634
5.3664000000000005
This round: 82,2
75, 0: 0, 64.42026043278433
This round: 82,3
75, 1: 0, 62.12849719232185
This round: 82,6
75, 2: 0, 59.60810842881868
This round: 82,10
75, 3: 0, 63.7126945921512
5.464900000000001
This round: 44,5
76, 0: 0, 65.30662406914797
This round: 44,11
76, 1: 0, 62.87849719232185
This round: 44,7
76, 2: 0, 60.449017519727775
This round: 44,10
76, 3: 0, 64.48542186487848
5.2287
5.2683
This round: 69,8
77, 0: 0, 66.19068204016247
This round: 69,5
77, 1: 0, 63.80603342420591
This round: 69,9
77, 2: 0, 61.31858273711908
This round: 69,7
77, 3: 0, 65.38397258951616
5.295
5.3931000000000004
This round: 60,1
78, 0: 0, 67.1740153734958
This round: 60,3
78, 1: 0, 64.75603342420591
This round: 60,5
78, 2: 0, 62.235249403785744
This round: 60,3
78, 3: 0, 66.33397258951616
5.3576
This round: 148,49
79, 0: 0, 67.84293429241472
This round: 148,64
79, 1: 0, 65.32360099177347
This round: 148,70
79, 2: 0, 62.76227643081277
This round: 148,53
79, 3: 0, 66.97586448140805
5.572
5.3486
This round: 76,2
80, 0: 0, 68.81661850294104
This round: 76,6
80, 1: 0, 66.24465362335242
This round: 76,7
80, 2: 0, 63.67017116765487
This round: 76,5
80, 3: 0, 67.91007500772385
5.4492
5.3934
5.214700000000001
This round: 69,3
81, 0: 0, 69.77314024207148
This round: 69,4
81, 1: 0, 67.18668260885967
This round: 69,6
81, 2: 0, 64.58321464591575
This round: 69,5
81, 3: 0, 68.83761123960791
5.4288
This round: 79,7
82, 0: 0, 70.68453264713477
This round: 79,8
82, 1: 0, 68.08541678607486
This round: 79,9
82, 2: 0, 65.46929059528283
This round: 79,8
82, 3: 0, 69.7363454168231
5.3041
This round: 128,5
83, 0: 0, 71.64547014713477
This round: 128,6
83, 1: 0, 69.03854178607486
This round: 128,12
83, 2: 0, 66.37554059528283
This round: 128,8
83, 3: 0, 70.6738454168231
5.3664000000000005
This round: 107,34
84, 0: 0, 72.32771313778898
This round: 107,45
84, 1: 0, 69.6179810384113
This round: 107,12
84, 2: 0, 67.26339106257255
This round: 107,9
84, 3: 0, 71.58973326729038
5.1610000000000005
This round: 44,2
85, 0: 0, 73.28225859233443
This round: 44,5
85, 1: 0, 70.50434467477494
This round: 44,5
85, 2: 0, 68.14975469893619
This round: 44,6
85, 3: 0, 72.45336963092674
5.714799999999999
5.3575
This round: 39,2
86, 0: 0, 74.23097654105237
This round: 39,6
86, 1: 0, 71.35049852092878
This round: 39,5
86, 2: 0, 69.02154957073107
This round: 39,6
86, 3: 0, 73.29952347708058
5.3398
5.438000000000001
This round: 161,9
87, 0: 0, 75.17507591993436
This round: 161,6
87, 1: 0, 72.31323144018344
This round: 161,80
87, 2: 0, 69.52465516079317
This round: 161,65
87, 3: 0, 73.89579676900605
5.321800000000001
5.3687000000000005
This round: 62,33
88, 0: 0, 75.64281785541823
This round: 62,29
88, 1: 0, 72.84548950469957
This round: 62,35
88, 2: 0, 69.96013903176092
This round: 62,35
88, 3: 0, 74.3312806399738
5.3577
This round: 197,5
89, 0: 0, 76.61743714475833
This round: 197,14
89, 1: 0, 73.77442351485186
This round: 197,12
89, 2: 0, 70.89922532617716
This round: 197,10
89, 3: 0, 75.280519218654
5.3486
5.143300000000001
This round: 197,4
90, 0: 0, 77.59713257623041
This round: 197,5
90, 1: 0, 74.74904280419196
This round: 197,9
90, 2: 0, 71.85354004698934
This round: 197,7
90, 3: 0, 76.24498622373015
5.2973
5.1432
This round: 55,7
91, 0: 0, 78.46985984895768
This round: 55,9
91, 1: 0, 75.5854064405556
This round: 55,7
91, 2: 0, 72.72626731971661
This round: 55,5
91, 3: 0, 77.15407713282106
5.5005999999999995
5.339700000000001
This round: 225,4
92, 0: 0, 79.4520820711799
This round: 225,58
92, 1: 0, 76.32762866277783
This round: 225,25
92, 2: 0, 73.6151562086055
This round: 225,26
92, 3: 0, 78.0385215772655
5.375499999999999
This round: 51,6
93, 0: 0, 80.33443501235637
This round: 51,7
93, 1: 0, 77.19037376081704
This round: 51,6
93, 2: 0, 74.49750914978196
This round: 51,5
93, 3: 0, 78.94048236157923
5.5718
5.2682
This round: 63,5
94, 0: 0, 81.25506993299129
This round: 63,4
94, 1: 0, 78.12688169732498
This round: 63,13
94, 2: 0, 75.29115994343276
This round: 63,7
94, 3: 0, 79.82937125046811
5.3754
This round: 210,23
95, 0: 0, 82.14554612346748
This round: 210,65
95, 1: 0, 78.81735788780117
This round: 210,51
95, 2: 0, 76.04830280057561
This round: 210,22
95, 3: 0, 80.72460934570621
5.202400000000001
5.232499999999999
This round: 99,2
96, 0: 0, 83.12534410326546
This round: 99,14
96, 1: 0, 79.67594374638702
This round: 99,17
96, 2: 0, 76.87658562885844
This round: 99,9
96, 3: 0, 81.63370025479712
5.589999999999999
5.3933
This round: 82,4
97, 0: 0, 84.07656361546059
This round: 82,14
97, 1: 0, 80.50521203906995
This round: 82,3
97, 2: 0, 77.84000026300478
This round: 82,3
97, 3: 0, 82.59711488894347
5.3838
This round: 61,12
98, 0: 0, 84.87984230398517
This round: 61,19
98, 1: 0, 81.19373662923388
This round: 61,13
98, 2: 0, 78.62688550890643
This round: 61,20
98, 3: 0, 83.26924603648445
5.5006
5.464700000000001
5.286
This round: 73,16
99, 0: 0, 85.6606642217934
This round: 73,14
99, 1: 0, 82.00195580731608
This round: 73,16
99, 2: 0, 79.40770742671465
This round: 73,16
99, 3: 0, 84.05006795429267
5.6969
5.5005
This round: 136,4
100, 0: 0, 86.63125245708751
This round: 136,6
100, 1: 0, 82.95783816025725
This round: 136,11
100, 2: 0, 80.32682507377348
This round: 136,13
100, 3: 0, 84.95447971899856
5.4648
This round: 52,6
101, 0: 0, 87.5158678417029
This round: 52,13
101, 1: 0, 83.70783816025725
This round: 52,17
101, 2: 0, 80.9999019968504
This round: 52,12
101, 3: 0, 85.72371048822933
5.312400000000001
This round: 82,22
102, 0: 0, 88.24757515877607
This round: 82,23
102, 1: 0, 84.4273503553792
This round: 82,28
102, 2: 0, 81.65843858221625
This round: 82,10
102, 3: 0, 86.60175926871713
5.428800000000001
This round: 59,4
103, 0: 0, 89.17977854860658
This round: 59,4
103, 1: 0, 85.35955374520971
This round: 59,7
103, 2: 0, 82.53979451441964
This round: 59,4
103, 3: 0, 87.53396265854764
5.375500000000001
This round: 61,7
104, 0: 0, 90.06502445024593
This round: 61,10
104, 1: 0, 86.1956193189802
This round: 61,11
104, 2: 0, 83.35946664556718
This round: 61,11
104, 3: 0, 88.35363478969518
5.214699999999999
This round: 60,8
105, 0: 0, 90.93169111691259
This round: 60,13
105, 1: 0, 86.97895265231354
This round: 60,18
105, 2: 0, 84.05946664556718
This round: 60,9
105, 3: 0, 89.20363478969517
5.393300000000001
5.2883
This round: 86,7
106, 0: 0, 91.85029576807538
This round: 86,8
106, 1: 0, 87.88592939649959
This round: 86,32
106, 2: 0, 84.68737362231137
This round: 86,8
106, 3: 0, 90.11061153388123
5.473599999999999
This round: 37,5
107, 0: 0, 92.71516063294025
This round: 37,6
107, 1: 0, 88.72376723433743
This round: 37,6
107, 2: 0, 85.52521146014921
This round: 37,6
107, 3: 0, 90.94844937171906
5.5005
This round: 54,7
108, 0: 0, 93.58553100331062
This round: 54,16
108, 1: 0, 89.42747093804114
This round: 54,27
108, 2: 0, 86.02521146014921
This round: 54,10
108, 3: 0, 91.76326418653387
5.2505
This round: 99,3
109, 0: 0, 94.55522797300759
This round: 99,23
109, 1: 0, 90.1951477057179
This round: 99,21
109, 2: 0, 86.81309024802799
This round: 99,21
109, 3: 0, 92.55114297441266
5.4646
5.3397
This round: 75,8
110, 0: 0, 95.44856130634092
This round: 75,16
110, 1: 0, 90.98181437238456
This round: 75,11
110, 2: 0, 87.66642358136133
This round: 75,12
110, 3: 0, 93.39114297441266
5.607700000000001
This round: 82,7
111, 0: 0, 96.36319545268239
This round: 82,9
111, 1: 0, 91.87205827482359
This round: 82,9
111, 2: 0, 88.55666748380035
This round: 82,14
111, 3: 0, 94.22041126709559
5.429
This round: 46,5
112, 0: 0, 97.25449980050848
This round: 46,9
112, 1: 0, 92.67640610091054
This round: 46,10
112, 2: 0, 89.33927617945253
This round: 46,5
112, 3: 0, 95.11171561492168
5.5004
This round: 99,3
113, 0: 0, 98.22419677020545
This round: 99,4
113, 1: 0, 93.6360020605065
This round: 99,14
113, 2: 0, 90.19786203803838
This round: 99,20
113, 3: 0, 95.90969541290147
5.6435
5.4022
This round: 59,6
114, 0: 0, 99.12250185495121
This round: 59,5
114, 1: 0, 94.55125629779464
This round: 59,19
114, 2: 0, 90.8758281397333
This round: 59,8
114, 3: 0, 96.77410219256248
5.3487
This round: 59,13
115, 0: 0, 99.90216287190036
This round: 59,20
115, 1: 0, 95.21227324694718
This round: 59,33
115, 2: 0, 91.31650610583499
This round: 59,21
115, 3: 0, 97.41816998917265
5.1611
This round: 70,10
116, 0: 0, 100.75930572904322
This round: 70,24
116, 1: 0, 95.86941610409004
This round: 70,34
116, 2: 0, 91.83079182012071
This round: 70,15
116, 3: 0, 98.20388427488695
5.6434999999999995
5.4023
5.303999999999999
5.3443000000000005
This round: 61,18
117, 0: 0, 101.4642237618301
This round: 61,9
117, 1: 0, 96.72187512048347
This round: 61,24
117, 2: 0, 92.4373491971699
This round: 61,15
117, 3: 0, 98.95798263554268
5.3931
This round: 49,9
118, 0: 0, 102.28055029244234
This round: 49,12
118, 1: 0, 97.4769771612998
This round: 49,13
118, 2: 0, 93.17204307472092
This round: 49,9
118, 3: 0, 99.77430916615492
5.2860000000000005
This round: 65,6
119, 0: 0, 103.18824260013464
This round: 65,7
119, 1: 0, 98.3692848536075
This round: 65,16
119, 2: 0, 93.92588922856707
This round: 65,8
119, 3: 0, 100.651232243078
5.393400000000001
5.3576000000000015
This round: 74,3
120, 0: 0, 104.1477020595941
This round: 74,19
120, 1: 0, 99.11252809685074
This round: 74,6
120, 2: 0, 94.84480814748599
This round: 74,5
120, 3: 0, 101.58366467551043
5.714900000000001
5.1969
This round: 238,11
121, 0: 0, 105.10148357219914
This round: 238,112
121, 1: 0, 99.64193986155662
This round: 238,48
121, 2: 0, 95.64312747521709
This round: 238,43
121, 3: 0, 102.40299240660288
5.3039000000000005
This round: 96,3
122, 0: 0, 106.07023357219914
This round: 96,8
122, 1: 0, 100.5586065282233
This round: 96,6
122, 2: 0, 96.58062747521709
This round: 96,4
122, 3: 0, 103.3613257399362
5.286000000000001
5.3622
5.3686
This round: 44,2
123, 0: 0, 107.0247790267446
This round: 44,9
123, 1: 0, 101.35406107367784
This round: 44,12
123, 2: 0, 97.30790020248982
This round: 44,9
123, 3: 0, 104.15678028539075
5.232500000000001
This round: 86,6
124, 0: 0, 107.95501158488413
This round: 86,42
124, 1: 0, 101.86568898065458
This round: 86,20
124, 2: 0, 98.07534206295493
This round: 86,8
124, 3: 0, 105.0637570295768
5.2951
5.2952
This round: 50,9
125, 0: 0, 108.77501158488413
This round: 50,7
125, 1: 0, 102.72568898065458
This round: 50,14
125, 2: 0, 98.79534206295493
This round: 50,11
125, 3: 0, 105.8437570295768
5.5631
5.3218000000000005
5.627800000000001
This round: 153,33
126, 0: 0, 109.55932531037432
This round: 153,73
126, 1: 0, 103.24856479764804
This round: 153,92
126, 2: 0, 99.19403487341245
This round: 153,94
126, 3: 0, 106.22937794460948
5.572100000000001
5.3039
This round: 74,3
127, 0: 0, 110.51878476983377
This round: 74,8
127, 1: 0, 104.14045668953993
This round: 74,19
127, 2: 0, 99.93727811665569
This round: 74,17
127, 3: 0, 106.99964821487976
5.7148
5.4023
This round: 49,15
128, 0: 0, 111.21266232085418
This round: 49,8
128, 1: 0, 104.97719138341748
This round: 49,11
128, 2: 0, 100.71278832073732
This round: 49,15
128, 3: 0, 107.69352576590016
5.3933
This round: 83,3
129, 0: 0, 112.17651774254092
This round: 83,3
129, 1: 0, 105.94104680510422
This round: 83,23
129, 2: 0, 101.43567988700238
This round: 83,18
129, 3: 0, 108.47665829602064
5.482600000000001
5.4224000000000006
5.491700000000001
5.2593
This round: 47,8
130, 0: 0, 113.00630497658348
This round: 47,4
130, 1: 0, 106.8559404221255
This round: 47,5
130, 2: 0, 102.32929690827898
This round: 47,7
130, 3: 0, 109.32772212580788
5.4067
This round: 42,5
131, 0: 0, 113.88725735753586
This round: 42,6
131, 1: 0, 107.71308327926836
This round: 42,6
131, 2: 0, 103.18643976542184
This round: 42,7
131, 3: 0, 110.16105545914121
5.536299999999999
5.4559
This round: 52,17
132, 0: 0, 114.56033428061278
This round: 52,17
132, 1: 0, 108.38616020234528
This round: 52,31
132, 2: 0, 103.590285919268
This round: 52,13
132, 3: 0, 110.91105545914121
5.5718000000000005
This round: 52,4
133, 0: 0, 115.4834112036897
This round: 52,6
133, 1: 0, 109.27077558696067
This round: 52,7
133, 2: 0, 104.45567053465261
This round: 52,4
133, 3: 0, 111.83413238221813
5.4293000000000005
5.5721
5.3944
This round: 89,2
134, 0: 0, 116.46093929357734
This round: 89,4
134, 1: 0, 110.22583176673595
This round: 89,4
134, 2: 0, 105.4107267144279
This round: 89,7
134, 3: 0, 112.75548069682488
5.429
This round: 72,6
135, 0: 0, 117.37760596024401
This round: 72,8
135, 1: 0, 111.11472065562484
This round: 72,22
135, 2: 0, 106.10517115887234
This round: 72,8
135, 3: 0, 113.64436958571376
5.214799999999999
This round: 211,66
136, 0: 0, 118.0648097517132
This round: 211,14
136, 1: 0, 112.04836994472436
This round: 211,15
136, 2: 0, 107.03408111147897
This round: 211,13
136, 3: 0, 114.58275821130619
5.3932
5.1792
This round: 65,3
137, 0: 0, 119.01865590555936
This round: 65,8
137, 1: 0, 112.92529302164743
This round: 65,11
137, 2: 0, 107.8648503422482
This round: 65,7
137, 3: 0, 115.47506590361388
5.3756
This round: 103,22
138, 0: 0, 119.80506367254965
This round: 103,11
138, 1: 0, 113.81849690514258
This round: 103,20
138, 2: 0, 108.67067558496665
This round: 103,23
138, 3: 0, 116.2517649327401
5.214700000000001
This round: 52,12
139, 0: 0, 120.57429444178042
This round: 52,8
139, 1: 0, 114.66465075129642
This round: 52,8
139, 2: 0, 109.51682943112048
This round: 52,12
139, 3: 0, 117.02099570197088
5.549500000000001
This round: 62,5
140, 0: 0, 121.4936492804901
This round: 62,18
140, 1: 0, 115.37432817065125
This round: 62,18
140, 2: 0, 110.22650685047532
This round: 62,15
140, 3: 0, 117.77906021809991
5.321700000000001
This round: 55,5
141, 0: 0, 122.40274018958101
This round: 55,8
141, 1: 0, 116.22887362519671
This round: 55,6
141, 2: 0, 111.11741594138441
This round: 55,7
141, 3: 0, 118.65178749082719
5.121
This round: 84,6
142, 0: 0, 123.33131161815244
This round: 84,4
142, 1: 0, 117.18125457757766
This round: 84,8
142, 2: 0, 112.0221778461463
This round: 84,6
142, 3: 0, 119.58035891939862
5.3933
This round: 154,9
143, 0: 0, 124.27287005971088
This round: 154,11
143, 1: 0, 118.10982600614909
This round: 154,18
143, 2: 0, 112.90529472926319
This round: 154,16
143, 3: 0, 120.47646281550252
5.2861
This round: 77,2
144, 0: 0, 125.24689603373686
This round: 77,7
144, 1: 0, 119.01891691524
This round: 77,9
144, 2: 0, 113.78841161238007
This round: 77,8
144, 3: 0, 121.37256671160641
5.429100000000001
5.3933
This round: 87,3
145, 0: 0, 126.21241327511618
This round: 87,4
145, 1: 0, 119.97293990374574
This round: 87,4
145, 2: 0, 114.74243460088582
This round: 87,8
145, 3: 0, 122.28061268861791
5.527200000000001
This round: 488,7
146, 0: 0, 127.1980690128211
This round: 488,5
146, 1: 0, 120.96269400210639
This round: 488,158
146, 2: 0, 115.41866410908254
This round: 488,83
146, 3: 0, 123.11053072140479
5.1968000000000005
This round: 281,10
147, 0: 0, 128.16248182420898
This round: 281,28
147, 1: 0, 121.86304987399251
This round: 281,74
147, 2: 0, 116.155318913353
This round: 281,69
147, 3: 0, 123.8649791199813
5.1431000000000004
This round: 50,7
148, 0: 0, 129.022481824209
This round: 50,12
148, 1: 0, 122.62304987399251
This round: 50,12
148, 2: 0, 116.915318913353
This round: 50,9
148, 3: 0, 124.68497911998129
5.3575
This round: 117,1
149, 0: 0, 130.013934815662
This round: 117,3
149, 1: 0, 123.59740884835149
This round: 117,5
149, 2: 0, 117.87258387061796
This round: 117,3
149, 3: 0, 125.65933809434027
5.5897
5.3039000000000005
This round: 87,2
150, 0: 0, 130.99094630991488
This round: 87,10
150, 1: 0, 124.48246631961587
This round: 87,17
150, 2: 0, 118.67718157176738
This round: 87,9
150, 3: 0, 126.5558898184782
5.2058
This round: 56,9
151, 0: 0, 131.8302320242006
This round: 56,7
151, 1: 0, 125.35746631961587
This round: 56,13
151, 2: 0, 119.44503871462452
This round: 56,10
151, 3: 0, 127.37731838990678
5.214699999999999
This round: 80,5
152, 0: 0, 132.7677320242006
This round: 80,10
152, 1: 0, 126.23246631961587
This round: 80,14
152, 2: 0, 120.27003871462452
This round: 80,11
152, 3: 0, 128.2398183899068
5.4289
This round: 84,7
153, 0: 0, 133.68439869086725
This round: 84,6
153, 1: 0, 127.1610377481873
This round: 84,3
153, 2: 0, 121.23432442891023
This round: 84,5
153, 3: 0, 129.180294580383
5.1747000000000005
This round: 58,3
154, 0: 0, 134.6326745529362
This round: 58,2
154, 1: 0, 128.1265549895666
This round: 58,4
154, 2: 0, 122.16535891166885
This round: 58,5
154, 3: 0, 130.09408768383128
5.5362
5.5765
This round: 51,4
155, 0: 0, 135.55424318038718
This round: 51,7
155, 1: 0, 128.98930008760584
This round: 51,12
155, 2: 0, 122.93006479402179
This round: 51,8
155, 3: 0, 130.93722493873324
5.419900000000001
5.429
This round: 66,10
156, 0: 0, 136.40272802887202
This round: 66,5
156, 1: 0, 129.91354251184828
This round: 66,5
156, 2: 0, 123.85430721826421
This round: 66,5
156, 3: 0, 131.86146736297567
5.1655999999999995
This round: 56,1
157, 0: 0, 137.38487088601488
This round: 56,3
157, 1: 0, 130.85997108327686
This round: 56,5
157, 2: 0, 124.7650215039785
This round: 56,3
157, 3: 0, 132.80789593440426
5.4918000000000005
This round: 99,7
158, 0: 0, 138.3141638153078
This round: 99,7
158, 1: 0, 131.7892640125698
This round: 99,40
158, 2: 0, 125.3609810999381
This round: 99,9
158, 3: 0, 133.71698684349516
5.433600000000001
5.7328
5.159800000000001
This round: 111,27
159, 0: 0, 139.07092057206455
This round: 111,53
159, 1: 0, 132.31178653509232
This round: 111,27
159, 2: 0, 126.11773785669486
This round: 111,27
159, 3: 0, 134.4737436002519
5.2593
This round: 207,4
160, 0: 0, 140.05159690056698
This round: 207,5
160, 1: 0, 133.28763194572034
This round: 207,28
160, 2: 0, 126.98247215621177
This round: 207,7
160, 3: 0, 135.43992717513115
5.277100000000001
This round: 70,6
161, 0: 0, 140.9658826148527
This round: 70,5
161, 1: 0, 134.21620337429175
This round: 70,9
161, 2: 0, 127.85390072764034
This round: 70,11
161, 3: 0, 136.2827843179883
5.5374
5.232500000000001
This round: 49,2
162, 0: 0, 141.92506628832209
This round: 49,3
162, 1: 0, 135.15497888449585
This round: 49,7
162, 2: 0, 128.7110435847832
This round: 49,4
162, 3: 0, 137.20115166492707
5.1072999999999995
This round: 84,4
163, 0: 0, 142.87744724070305
This round: 84,6
163, 1: 0, 136.08355031306726
This round: 84,23
163, 2: 0, 129.43723406097368
This round: 84,21
163, 3: 0, 137.95115166492707
5.2862
This round: 156,11
164, 0: 0, 143.80693442019023
This round: 156,28
164, 1: 0, 136.90406313358008
This round: 156,41
164, 2: 0, 130.17441354815315
This round: 156,50
164, 3: 0, 138.63063884441425
5.5541
5.1789
This round: 71,3
165, 0: 0, 144.76468089906348
This round: 71,16
165, 1: 0, 137.67871102090402
This round: 71,20
165, 2: 0, 130.8927234073081
This round: 71,18
165, 3: 0, 139.37711771765368
5.6076
This round: 119,14
166, 0: 0, 145.64703384023994
This round: 119,9
166, 1: 0, 138.60308076880318
This round: 119,20
166, 2: 0, 131.72465618041733
This round: 119,5
166, 3: 0, 140.33510091093098
5.1834
This round: 159,4
167, 0: 0, 146.62187660753554
This round: 159,5
167, 1: 0, 139.5716342279227
This round: 159,7
167, 2: 0, 132.68063102318462
This round: 159,4
167, 3: 0, 141.30994367822657
5.500500000000001
5.393199999999999
5.679099999999999
5.214600000000001
This round: 243,7
168, 0: 0, 147.5930700231734
This round: 243,35
168, 1: 0, 140.427601306112
This round: 243,12
168, 2: 0, 133.63124830713522
This round: 243,14
168, 3: 0, 142.2523305095023
5.500400000000001
This round: 42,3
169, 0: 0, 148.5216414517448
This round: 42,4
169, 1: 0, 141.3323632108739
This round: 42,5
169, 2: 0, 134.5122006880876
This round: 42,6
169, 3: 0, 143.10947336664515
5.4648
5.420100000000001
5.428999999999999
This round: 101,7
170, 0: 0, 149.45233452105174
This round: 101,9
170, 1: 0, 142.2432542999828
This round: 101,9
170, 2: 0, 135.4230917771965
This round: 101,8
170, 3: 0, 144.03026544585308
5.3264
5.2026
This round: 118,8
171, 0: 0, 150.38453791088224
This round: 118,25
171, 1: 0, 143.03138989320314
This round: 118,37
171, 2: 0, 136.1095324551626
This round: 118,33
171, 3: 0, 144.75060442890393
5.61
5.5809
5.3308
5.3039000000000005
This round: 185,8
172, 0: 0, 151.341294667639
This round: 185,40
172, 1: 0, 143.81517367698692
This round: 185,7
172, 2: 0, 137.07169461732477
This round: 185,8
172, 3: 0, 145.7073611856607
5.3754
This round: 34,8
173, 0: 0, 152.10600054999193
This round: 34,8
173, 1: 0, 144.57987955933984
This round: 34,5
173, 2: 0, 137.92463579379535
This round: 34,12
173, 3: 0, 146.3544200091901
5.3499
5.647899999999999
5.411099999999999
This round: 246,168
174, 0: 0, 152.42307372072364
This round: 246,172
174, 1: 0, 144.88069256746994
This round: 246,184
174, 2: 0, 138.17666831412055
This round: 246,185
174, 3: 0, 146.6023874888649
5.789400000000001
5.3084999999999996
This round: 77,6
175, 0: 0, 153.34515164280157
This round: 77,16
175, 1: 0, 145.67290035967773
This round: 77,9
175, 2: 0, 139.05978519723743
This round: 77,9
175, 3: 0, 147.4855043719818
5.5004
This round: 102,9
176, 0: 0, 154.25691634868392
This round: 102,14
176, 1: 0, 146.53564545771695
This round: 102,22
176, 2: 0, 139.84409892272762
This round: 102,12
176, 3: 0, 148.36785731315825
5.3308
This round: 114,33
177, 0: 0, 154.9674426644734
This round: 114,33
177, 1: 0, 147.24617177350643
This round: 114,33
177, 2: 0, 140.5546252385171
This round: 114,35
177, 3: 0, 149.0608397692986
5.572
5.5809
5.3575
This round: 51,10
178, 0: 0, 155.77136423310085
This round: 51,9
178, 1: 0, 148.06970118527113
This round: 51,14
178, 2: 0, 141.28011543459553
This round: 51,14
178, 3: 0, 149.78632996537704
5.612100000000001
5.2595
This round: 103,5
179, 0: 0, 156.72282054378047
This round: 103,22
179, 1: 0, 148.85610895226142
This round: 103,24
179, 2: 0, 142.04710572585768
This round: 103,7
179, 3: 0, 150.7183688003285
5.3755
This round: 306,10
180, 0: 0, 157.6901408052184
This round: 306,52
180, 1: 0, 149.68617431173854
This round: 306,15
180, 2: 0, 142.99808611801453
This round: 306,13
180, 3: 0, 151.67588514019778
5.3957
This round: 125,9
181, 0: 0, 158.6181408052184
This round: 125,29
181, 1: 0, 150.45417431173854
This round: 125,35
181, 2: 0, 143.71808611801453
This round: 125,16
181, 3: 0, 152.5478851401978
5.5943000000000005
5.5183
This round: 65,4
182, 0: 0, 159.5566023436799
This round: 65,7
182, 1: 0, 151.34648200404624
This round: 65,13
182, 2: 0, 144.51808611801454
This round: 65,9
182, 3: 0, 153.40942360173625
5.2683
5.786400000000001
5.572
5.714899999999999
5.5361
5.357600000000001
This round: 60,21
183, 0: 0, 160.20660234367992
This round: 60,12
183, 1: 0, 152.14648200404625
This round: 60,14
183, 2: 0, 145.28475278468122
This round: 60,16
183, 3: 0, 154.14275693506957
5.5719
This round: 73,3
184, 0: 0, 161.16550645326896
This round: 73,10
184, 1: 0, 153.0094957026764
This round: 73,6
184, 2: 0, 146.2025610038593
This round: 73,4
184, 3: 0, 155.08796241452163
5.216799999999999
This round: 53,8
185, 0: 0, 162.01456305704255
This round: 53,9
185, 1: 0, 153.83968438192167
This round: 53,6
185, 2: 0, 147.08935345668948
This round: 53,9
185, 3: 0, 155.9181510937669
5.223599999999999
This round: 136,4
186, 0: 0, 162.98515129233667
This round: 136,23
186, 1: 0, 154.67056673486286
This round: 136,25
186, 2: 0, 147.9055299272777
This round: 136,5
186, 3: 0, 156.88138638788456
5.3487
This round: 81,9
187, 0: 0, 163.87404018122555
This round: 81,22
187, 1: 0, 155.39896179659127
This round: 81,24
187, 2: 0, 148.6092336309814
This round: 81,8
187, 3: 0, 157.7826209557858
5.4289
This round: 78,5
188, 0: 0, 164.80993761712298
This round: 78,8
188, 1: 0, 156.29639769402715
This round: 78,19
188, 2: 0, 149.36564388739166
This round: 78,9
188, 3: 0, 158.6672363404012
5.576400000000001
5.5004
This round: 123,5
189, 0: 0, 165.76928721061893
This round: 123,17
189, 1: 0, 157.15818631191334
This round: 123,7
189, 2: 0, 150.30873331828596
This round: 123,7
189, 3: 0, 159.6103257712955
5.5721
5.4291
This round: 68,11
190, 0: 0, 166.60752250473658
This round: 68,12
190, 1: 0, 157.98171572367804
This round: 68,22
190, 2: 0, 150.98520390652126
This round: 68,11
190, 3: 0, 160.44856106541314
5.4021
This round: 55,8
191, 0: 0, 167.46206795928202
This round: 55,6
191, 1: 0, 158.87262481458714
This round: 55,9
191, 2: 0, 151.8215675428849
This round: 55,7
191, 3: 0, 161.32128833814042
5.572100000000001
5.3622000000000005
This round: 51,3
192, 0: 0, 168.40324442987026
This round: 51,9
192, 1: 0, 159.69615422635184
This round: 51,8
192, 2: 0, 152.66470479778687
This round: 51,7
192, 3: 0, 162.18403343617965
5.647899999999999
5.322000000000001
This round: 147,13
193, 0: 0, 169.3148090557206
This round: 147,42
193, 1: 0, 160.41043994063756
This round: 147,45
193, 2: 0, 153.3585823488073
This round: 147,45
193, 3: 0, 162.87791098720007
5.5005
5.4291
5.4289000000000005
5.402500000000001
5.504899999999999
5.4292
5.286
This round: 66,2
194, 0: 0, 170.28450602541756
This round: 66,4
194, 1: 0, 161.3498338800315
This round: 66,8
194, 2: 0, 154.23737022759516
This round: 66,5
194, 3: 0, 163.8021534114425
5.536700000000001
5.375399999999999
This round: 57,9
195, 0: 0, 171.12661128857545
This round: 57,10
195, 1: 0, 162.17439528354026
This round: 57,12
195, 2: 0, 155.02684391180568
This round: 57,11
195, 3: 0, 164.60917095530215
5.357599999999999
This round: 134,12
196, 0: 0, 172.03705904976948
This round: 134,23
196, 1: 0, 163.0027534924955
This round: 134,30
196, 2: 0, 155.80296331479076
This round: 134,23
196, 3: 0, 165.43752916425737
5.357600000000001
This round: 36,1
197, 0: 0, 173.0092812719917
This round: 36,3
197, 1: 0, 163.91942015916214
This round: 36,5
197, 2: 0, 156.66407442590187
This round: 36,2
197, 3: 0, 166.38197360870183
5.3039000000000005
5.1789
This round: 303,71
198, 0: 0, 173.77495783964847
This round: 303,76
198, 1: 0, 164.6685950766539
This round: 303,61
198, 2: 0, 157.46275429388868
This round: 303,58
198, 3: 0, 167.19055446678763
5.4469
This round: 130,7
199, 0: 0, 174.7211116858023
This round: 130,11
199, 1: 0, 165.58397969203853
This round: 130,24
199, 2: 0, 158.27813890927328
This round: 130,10
199, 3: 0, 168.11363138986457
