5.3575
This round: 26,0
0, 0: 1, 1.0
This round: 26,0
0, 1: 1, 1.0
This round: 26,2
0, 2: 0, 0.9230769230769231
This round: 26,2
0, 3: 0, 0.9230769230769231
5.290900000000001
This round: 10,0
1, 0: 2, 2.0
This round: 10,0
1, 1: 2, 2.0
This round: 10,0
1, 2: 1, 1.9230769230769231
This round: 10,0
1, 3: 1, 1.9230769230769231
5.572
This round: 9,0
2, 0: 3, 3.0
This round: 9,0
2, 1: 3, 3.0
This round: 9,0
2, 2: 2, 2.9230769230769234
This round: 9,0
2, 3: 2, 2.9230769230769234
5.3711
This round: 41,0
3, 0: 4, 4.0
This round: 41,0
3, 1: 4, 4.0
This round: 41,2
3, 2: 2, 3.8742964352720453
This round: 41,0
3, 3: 3, 3.9230769230769234
5.3530999999999995
This round: 32,0
4, 0: 5, 5.0
This round: 32,0
4, 1: 5, 5.0
This round: 32,0
4, 2: 3, 4.874296435272045
This round: 32,0
4, 3: 4, 4.923076923076923
5.319599999999999
This round: 15,0
5, 0: 6, 6.0
This round: 15,6
5, 1: 5, 5.6
This round: 15,6
5, 2: 3, 5.474296435272045
This round: 15,6
5, 3: 4, 5.523076923076923
5.2683
This round: 5,0
6, 0: 7, 7.0
This round: 5,0
6, 1: 6, 6.6
This round: 5,1
6, 2: 3, 6.274296435272045
This round: 5,0
6, 3: 5, 6.523076923076923
5.447000000000001
This round: 8,0
7, 0: 8, 8.0
This round: 8,0
7, 1: 7, 7.6
This round: 8,1
7, 2: 3, 7.149296435272045
This round: 8,0
7, 3: 6, 7.523076923076923
5.2682
This round: 9,0
8, 0: 9, 9.0
This round: 9,0
8, 1: 8, 8.6
This round: 9,0
8, 2: 4, 8.149296435272046
This round: 9,0
8, 3: 7, 8.523076923076923
5.366600000000001
5.5187
5.571800000000001
5.2492
This round: 9,0
9, 0: 10, 10.0
This round: 9,0
9, 1: 9, 9.6
This round: 9,0
9, 2: 5, 9.149296435272046
This round: 9,0
9, 3: 8, 9.523076923076923
5.3932
5.580900000000001
5.4469
5.3977
This round: 7,0
10, 0: 11, 11.0
This round: 7,0
10, 1: 10, 10.6
This round: 7,0
10, 2: 6, 10.149296435272046
This round: 7,0
10, 3: 9, 10.523076923076923
5.4649
5.2143
This round: 21,0
11, 0: 12, 12.0
This round: 21,0
11, 1: 11, 11.6
This round: 21,0
11, 2: 7, 11.149296435272046
This round: 21,0
11, 3: 10, 11.523076923076923
5.4112
5.3754
This round: 8,0
12, 0: 13, 13.0
This round: 8,0
12, 1: 12, 12.6
This round: 8,0
12, 2: 8, 12.149296435272046
This round: 8,0
12, 3: 11, 12.523076923076923
5.732499999999999
5.1342
This round: 5,1
13, 0: 13, 13.8
This round: 5,1
13, 1: 12, 13.4
This round: 5,1
13, 2: 8, 12.949296435272046
This round: 5,1
13, 3: 11, 13.323076923076924
5.392
This round: 341,6
14, 0: 13, 14.782404692082112
This round: 341,0
14, 1: 13, 14.4
This round: 341,22
14, 2: 8, 13.884780306239788
This round: 341,1
14, 3: 11, 14.320144371757277
5.3129
This round: 18,0
15, 0: 14, 15.782404692082112
This round: 18,0
15, 1: 14, 15.4
This round: 18,0
15, 2: 9, 14.884780306239788
This round: 18,0
15, 3: 12, 15.320144371757277
5.241499999999999
This round: 15,0
16, 0: 15, 16.78240469208211
This round: 15,0
16, 1: 15, 16.4
This round: 15,0
16, 2: 10, 15.884780306239788
This round: 15,0
16, 3: 13, 16.320144371757277
5.2684
This round: 10,0
17, 0: 16, 17.78240469208211
This round: 10,0
17, 1: 16, 17.4
This round: 10,0
17, 2: 11, 16.88478030623979
This round: 10,0
17, 3: 14, 17.320144371757277
5.286099999999999
This round: 15,0
18, 0: 17, 18.78240469208211
This round: 15,0
18, 1: 17, 18.4
This round: 15,0
18, 2: 12, 17.88478030623979
This round: 15,0
18, 3: 15, 18.320144371757277
5.1789
This round: 12,0
19, 0: 18, 19.78240469208211
This round: 12,0
19, 1: 18, 19.4
This round: 12,0
19, 2: 13, 18.88478030623979
This round: 12,0
19, 3: 16, 19.320144371757277
5.5007
5.464700000000001
5.6837
5.3264
This round: 4,0
20, 0: 19, 20.78240469208211
This round: 4,0
20, 1: 19, 20.4
This round: 4,0
20, 2: 14, 19.88478030623979
This round: 4,0
20, 3: 17, 20.320144371757277
5.4468
5.5004
This round: 17,0
21, 0: 20, 21.78240469208211
This round: 17,0
21, 1: 20, 21.4
This round: 17,0
21, 2: 15, 20.88478030623979
This round: 17,0
21, 3: 18, 21.320144371757277
5.3307
This round: 27,0
22, 0: 21, 22.78240469208211
This round: 27,0
22, 1: 21, 22.4
This round: 27,0
22, 2: 16, 21.88478030623979
This round: 27,0
22, 3: 19, 22.320144371757277
5.446999999999999
This round: 6,0
23, 0: 22, 23.78240469208211
This round: 6,0
23, 1: 22, 23.4
This round: 6,0
23, 2: 17, 22.88478030623979
This round: 6,0
23, 3: 20, 23.320144371757277
5.3175
This round: 16,0
24, 0: 23, 24.78240469208211
This round: 16,0
24, 1: 23, 24.4
This round: 16,9
24, 2: 17, 23.32228030623979
This round: 16,0
24, 3: 21, 24.320144371757277
5.6079
This round: 36,0
25, 0: 24, 25.78240469208211
This round: 36,0
25, 1: 24, 25.4
This round: 36,0
25, 2: 18, 24.32228030623979
This round: 36,0
25, 3: 22, 25.320144371757277
5.2191
This round: 11,0
26, 0: 25, 26.78240469208211
This round: 11,0
26, 1: 25, 26.4
This round: 11,0
26, 2: 19, 25.32228030623979
This round: 11,0
26, 3: 23, 26.320144371757277
5.4289000000000005
This round: 16,0
27, 0: 26, 27.78240469208211
This round: 16,0
27, 1: 26, 27.4
This round: 16,0
27, 2: 20, 26.32228030623979
This round: 16,0
27, 3: 24, 27.320144371757277
5.3219
This round: 11,0
28, 0: 27, 28.78240469208211
This round: 11,0
28, 1: 27, 28.4
This round: 11,0
28, 2: 21, 27.32228030623979
This round: 11,0
28, 3: 25, 28.320144371757277
5.366300000000001
5.2951
This round: 9,0
29, 0: 28, 29.78240469208211
This round: 9,0
29, 1: 28, 29.4
This round: 9,0
29, 2: 22, 28.32228030623979
This round: 9,0
29, 3: 26, 29.320144371757277
5.3219
This round: 53,0
30, 0: 29, 30.78240469208211
This round: 53,1
30, 1: 28, 30.381132075471697
This round: 53,0
30, 2: 23, 29.32228030623979
This round: 53,0
30, 3: 27, 30.320144371757277
5.8221
5.395599999999999
This round: 35,0
31, 0: 30, 31.78240469208211
This round: 35,0
31, 1: 29, 31.381132075471697
This round: 35,0
31, 2: 24, 30.32228030623979
This round: 35,0
31, 3: 28, 31.320144371757277
5.4602
This round: 11,0
32, 0: 31, 32.78240469208211
This round: 11,0
32, 1: 30, 32.3811320754717
This round: 11,0
32, 2: 25, 31.32228030623979
This round: 11,0
32, 3: 29, 32.32014437175728
5.5093
This round: 30,0
33, 0: 32, 33.78240469208211
This round: 29,0
33, 1: 31, 33.3811320754717
This round: 30,0
33, 2: 26, 32.32228030623979
This round: 30,0
33, 3: 30, 33.32014437175728
5.518400000000001
This round: 18,0
34, 0: 33, 34.78240469208211
This round: 18,0
34, 1: 32, 34.3811320754717
This round: 18,0
34, 2: 27, 33.32228030623979
This round: 18,0
34, 3: 31, 34.32014437175728
5.362
This round: 3,0
35, 0: 34, 35.78240469208211
This round: 3,0
35, 1: 33, 35.3811320754717
This round: 3,0
35, 2: 28, 34.32228030623979
This round: 3,0
35, 3: 32, 35.32014437175728
5.4155
This round: 22,0
36, 0: 35, 36.78240469208211
This round: 22,0
36, 1: 34, 36.3811320754717
This round: 22,0
36, 2: 29, 35.32228030623979
This round: 22,0
36, 3: 33, 36.32014437175728
5.583200000000001
5.4336
This round: 44,0
37, 0: 36, 37.78240469208211
This round: 44,0
37, 1: 35, 37.3811320754717
This round: 44,0
37, 2: 30, 36.32228030623979
This round: 44,0
37, 3: 34, 37.32014437175728
5.402200000000001
This round: 20,0
38, 0: 37, 38.78240469208211
This round: 20,0
38, 1: 36, 38.3811320754717
This round: 20,0
38, 2: 31, 37.32228030623979
This round: 20,0
38, 3: 35, 38.32014437175728
5.4022
This round: 9,0
39, 0: 38, 39.78240469208211
This round: 9,0
39, 1: 37, 39.3811320754717
This round: 9,1
39, 2: 31, 38.211169195128676
This round: 9,0
39, 3: 36, 39.32014437175728
5.42
This round: 82,0
40, 0: 39, 40.78240469208211
This round: 82,0
40, 1: 38, 40.3811320754717
This round: 82,0
40, 2: 32, 39.211169195128676
This round: 82,0
40, 3: 37, 40.32014437175728
5.3575
This round: 14,0
41, 0: 40, 41.78240469208211
This round: 14,0
41, 1: 39, 41.3811320754717
This round: 14,0
41, 2: 33, 40.211169195128676
This round: 14,0
41, 3: 38, 41.32014437175728
5.393199999999999
This round: 49,0
42, 0: 41, 42.78240469208211
This round: 49,24
42, 1: 39, 41.89133615710435
This round: 49,23
42, 2: 33, 40.741781440026635
This round: 49,23
42, 3: 38, 41.85075661665524
5.572
This round: 69,0
43, 0: 42, 43.78240469208211
This round: 69,6
43, 1: 39, 42.804379635365216
This round: 69,0
43, 2: 34, 41.741781440026635
This round: 69,0
43, 3: 39, 42.85075661665524
5.500500000000001
This round: 53,9
44, 0: 42, 44.61259337132739
This round: 53,0
44, 1: 40, 43.804379635365216
This round: 53,0
44, 2: 35, 42.741781440026635
This round: 53,0
44, 3: 40, 43.85075661665524
5.411300000000001
5.4155999999999995
This round: 11,0
45, 0: 43, 45.61259337132739
This round: 11,0
45, 1: 41, 44.804379635365216
This round: 11,0
45, 2: 36, 43.741781440026635
This round: 11,0
45, 3: 41, 44.85075661665524
5.3754
This round: 10,0
46, 0: 44, 46.61259337132739
This round: 10,0
46, 1: 42, 45.804379635365216
This round: 10,0
46, 2: 37, 44.741781440026635
This round: 10,0
46, 3: 42, 45.85075661665524
5.375500000000001
This round: 14,0
47, 0: 45, 47.61259337132739
This round: 14,1
47, 1: 42, 46.732951063936646
This round: 14,0
47, 2: 38, 45.741781440026635
This round: 14,0
47, 3: 43, 46.85075661665524
5.391
This round: 5,0
48, 0: 46, 48.61259337132739
This round: 5,0
48, 1: 43, 47.732951063936646
This round: 5,1
48, 2: 38, 46.54178144002663
This round: 5,0
48, 3: 44, 47.85075661665524
5.1789000000000005
This round: 17,0
49, 0: 47, 49.61259337132739
This round: 17,0
49, 1: 44, 48.732951063936646
This round: 17,0
49, 2: 39, 47.54178144002663
This round: 17,0
49, 3: 45, 48.85075661665524
5.2193
This round: 9,0
50, 0: 48, 50.61259337132739
This round: 9,0
50, 1: 45, 49.732951063936646
This round: 9,1
50, 2: 39, 48.43067032891552
This round: 9,1
50, 3: 45, 49.739645505544125
5.214700000000001
This round: 36,0
51, 0: 49, 51.61259337132739
This round: 36,0
51, 1: 46, 50.732951063936646
This round: 36,2
51, 2: 39, 49.37511477335996
This round: 36,0
51, 3: 46, 50.739645505544125
5.246
This round: 18,0
52, 0: 50, 52.61259337132739
This round: 18,0
52, 1: 47, 51.732951063936646
This round: 18,0
52, 2: 40, 50.37511477335996
This round: 18,0
52, 3: 47, 51.739645505544125
5.446999999999999
5.3753
This round: 20,0
53, 0: 51, 53.61259337132739
This round: 20,0
53, 1: 48, 52.732951063936646
This round: 20,0
53, 2: 41, 51.37511477335996
This round: 20,0
53, 3: 48, 52.739645505544125
5.3575
This round: 20,0
54, 0: 52, 54.61259337132739
This round: 20,0
54, 1: 49, 53.732951063936646
This round: 20,0
54, 2: 42, 52.37511477335996
This round: 20,0
54, 3: 49, 53.739645505544125
5.428999999999999
This round: 12,0
55, 0: 53, 55.61259337132739
This round: 12,0
55, 1: 50, 54.732951063936646
This round: 12,0
55, 2: 43, 53.37511477335996
This round: 12,0
55, 3: 50, 54.739645505544125
5.3932
This round: 31,0
56, 0: 54, 56.61259337132739
This round: 31,2
56, 1: 50, 55.66843493490439
This round: 31,11
56, 2: 43, 54.020276063682545
This round: 31,0
56, 3: 51, 55.739645505544125
5.2013
This round: 8,0
57, 0: 55, 57.61259337132739
This round: 8,3
57, 1: 50, 56.29343493490439
This round: 8,3
57, 2: 43, 54.645276063682545
This round: 8,0
57, 3: 52, 56.739645505544125
5.4468000000000005
This round: 38,0
58, 0: 56, 58.61259337132739
This round: 38,0
58, 1: 51, 57.29343493490439
This round: 38,0
58, 2: 44, 55.645276063682545
This round: 38,0
58, 3: 53, 57.739645505544125
5.4694
5.4112
5.3803
5.591099999999999
5.594199999999999
5.3218
5.2682
This round: 11,0
59, 0: 57, 59.61259337132739
This round: 11,0
59, 1: 52, 58.29343493490439
This round: 11,0
59, 2: 45, 56.645276063682545
This round: 11,0
59, 3: 54, 58.739645505544125
5.3665
This round: 13,0
60, 0: 58, 60.61259337132739
This round: 13,0
60, 1: 53, 59.29343493490439
This round: 13,0
60, 2: 46, 57.645276063682545
This round: 13,0
60, 3: 55, 59.739645505544125
5.294899999999999
This round: 12,0
61, 0: 59, 61.61259337132739
This round: 12,0
61, 1: 54, 60.29343493490439
This round: 12,1
61, 2: 46, 58.56194273034921
This round: 12,0
61, 3: 56, 60.739645505544125
5.3397
This round: 21,0
62, 0: 60, 62.61259337132739
This round: 21,0
62, 1: 55, 61.29343493490439
This round: 21,0
62, 2: 47, 59.56194273034921
This round: 21,0
62, 3: 57, 61.739645505544125
5.362000000000001
This round: 10,0
63, 0: 61, 63.61259337132739
This round: 10,0
63, 1: 56, 62.29343493490439
This round: 10,0
63, 2: 48, 60.56194273034921
This round: 10,0
63, 3: 58, 62.739645505544125
5.3854
This round: 11,0
64, 0: 62, 64.61259337132739
This round: 11,0
64, 1: 57, 63.29343493490439
This round: 11,0
64, 2: 49, 61.56194273034921
This round: 11,0
64, 3: 59, 63.739645505544125
5.228
This round: 18,0
65, 0: 63, 65.61259337132739
This round: 18,0
65, 1: 58, 64.29343493490438
This round: 18,0
65, 2: 50, 62.56194273034921
This round: 18,0
65, 3: 60, 64.73964550554413
5.3933
5.3934
5.2325
This round: 5,0
66, 0: 64, 66.61259337132739
This round: 5,0
66, 1: 59, 65.29343493490438
This round: 5,0
66, 2: 51, 63.56194273034921
This round: 5,0
66, 3: 61, 65.73964550554413
5.438000000000001
This round: 13,0
67, 0: 65, 67.61259337132739
This round: 13,0
67, 1: 60, 66.29343493490438
This round: 13,0
67, 2: 52, 64.56194273034922
This round: 13,0
67, 3: 62, 66.73964550554413
5.518400000000001
This round: 23,0
68, 0: 66, 68.61259337132739
This round: 23,0
68, 1: 61, 67.29343493490438
This round: 23,0
68, 2: 53, 65.56194273034922
This round: 23,0
68, 3: 63, 67.73964550554413
5.3577
This round: 11,0
69, 0: 67, 69.61259337132739
This round: 11,0
69, 1: 62, 68.29343493490438
This round: 11,0
69, 2: 54, 66.56194273034922
This round: 11,0
69, 3: 64, 68.73964550554413
5.3933
This round: 5,0
70, 0: 68, 70.61259337132739
This round: 5,0
70, 1: 63, 69.29343493490438
This round: 5,0
70, 2: 55, 67.56194273034922
This round: 5,0
70, 3: 65, 69.73964550554413
5.1788
This round: 15,0
71, 0: 69, 71.61259337132739
This round: 15,0
71, 1: 64, 70.29343493490438
This round: 15,0
71, 2: 56, 68.56194273034922
This round: 15,0
71, 3: 66, 70.73964550554413
5.433600000000001
This round: 31,0
72, 0: 70, 72.61259337132739
This round: 31,0
72, 1: 65, 71.29343493490438
This round: 31,0
72, 2: 57, 69.56194273034922
This round: 31,0
72, 3: 67, 71.73964550554413
5.252600000000001
This round: 11,0
73, 0: 71, 73.61259337132739
This round: 11,1
73, 1: 65, 72.20252584399529
This round: 11,1
73, 2: 57, 70.47103363944012
This round: 11,0
73, 3: 68, 72.73964550554413
5.473900000000001
5.429
This round: 26,0
74, 0: 72, 74.61259337132739
This round: 26,0
74, 1: 66, 73.20252584399529
This round: 26,0
74, 2: 58, 71.47103363944012
This round: 26,0
74, 3: 69, 73.73964550554413
5.4971000000000005
This round: 27,0
75, 0: 73, 75.61259337132739
This round: 27,0
75, 1: 67, 74.20252584399529
This round: 27,0
75, 2: 59, 72.47103363944012
This round: 27,0
75, 3: 70, 74.73964550554413
5.429
5.4647
5.277299999999999
This round: 9,0
76, 0: 74, 76.61259337132739
This round: 9,0
76, 1: 68, 75.20252584399529
This round: 9,1
76, 2: 59, 73.35992252832901
This round: 9,0
76, 3: 71, 75.73964550554413
5.446
This round: 32,0
77, 0: 75, 77.61259337132739
This round: 32,6
77, 1: 68, 76.01502584399529
This round: 32,11
77, 2: 59, 74.01617252832901
This round: 32,0
77, 3: 72, 76.73964550554413
5.1009
This round: 13,0
78, 0: 76, 78.61259337132739
This round: 13,0
78, 1: 69, 77.01502584399529
This round: 13,0
78, 2: 60, 75.01617252832901
This round: 13,0
78, 3: 73, 77.73964550554413
5.286200000000001
This round: 24,1
79, 0: 76, 79.57092670466072
This round: 24,0
79, 1: 70, 78.01502584399529
This round: 24,1
79, 2: 60, 75.97450586166234
This round: 24,0
79, 3: 74, 78.73964550554413
5.5007
5.6075
This round: 40,0
80, 0: 77, 80.57092670466072
This round: 40,9
80, 1: 70, 78.7900258439953
This round: 40,9
80, 2: 60, 76.74950586166234
This round: 40,0
80, 3: 75, 79.73964550554413
5.3666
This round: 69,0
81, 0: 78, 81.57092670466072
This round: 69,9
81, 1: 70, 79.65959106138659
This round: 69,1
81, 2: 60, 77.73501310803915
This round: 69,0
81, 3: 76, 80.73964550554413
5.411199999999999
This round: 65,0
82, 0: 79, 82.57092670466072
This round: 65,0
82, 1: 71, 80.65959106138659
This round: 65,0
82, 2: 61, 78.73501310803915
This round: 65,0
82, 3: 77, 81.73964550554413
5.536300000000001
5.3218
This round: 30,7
83, 0: 79, 83.33759337132739
This round: 30,8
83, 1: 71, 81.39292439471993
This round: 30,6
83, 2: 61, 79.53501310803915
This round: 30,9
83, 3: 77, 82.43964550554414
5.250500000000001
5.288500000000001
5.3398
This round: 19,0
84, 0: 80, 84.33759337132739
This round: 19,0
84, 1: 72, 82.39292439471993
This round: 19,0
84, 2: 62, 80.53501310803915
This round: 19,0
84, 3: 78, 83.43964550554414
5.3755
This round: 13,0
85, 0: 81, 85.33759337132739
This round: 13,0
85, 1: 73, 83.39292439471993
This round: 13,0
85, 2: 63, 81.53501310803915
This round: 13,0
85, 3: 79, 84.43964550554414
5.5006
5.5362
5.339700000000001
This round: 18,0
86, 0: 82, 86.33759337132739
This round: 18,0
86, 1: 74, 84.39292439471993
This round: 18,0
86, 2: 64, 82.53501310803915
This round: 18,0
86, 3: 80, 85.43964550554414
5.1479
This round: 6,0
87, 0: 83, 87.33759337132739
This round: 6,0
87, 1: 75, 85.39292439471993
This round: 6,0
87, 2: 65, 83.53501310803915
This round: 6,0
87, 3: 81, 86.43964550554414
5.393300000000001
5.2861
This round: 9,0
88, 0: 84, 88.33759337132739
This round: 9,0
88, 1: 76, 86.39292439471993
This round: 9,0
88, 2: 66, 84.53501310803915
This round: 9,0
88, 3: 82, 87.43964550554414
5.464700000000001
This round: 15,0
89, 0: 85, 89.33759337132739
This round: 15,0
89, 1: 77, 87.39292439471993
This round: 15,0
89, 2: 67, 85.53501310803915
This round: 15,0
89, 3: 83, 88.43964550554414
5.322
This round: 21,0
90, 0: 86, 90.33759337132739
This round: 21,0
90, 1: 78, 88.39292439471993
This round: 21,2
90, 2: 67, 86.43977501280105
This round: 21,0
90, 3: 84, 89.43964550554414
5.822000000000001
5.437
5.2147
This round: 10,0
91, 0: 87, 91.33759337132739
This round: 10,0
91, 1: 79, 89.39292439471993
This round: 10,0
91, 2: 68, 87.43977501280105
This round: 10,0
91, 3: 85, 90.43964550554414
5.3219
This round: 7,0
92, 0: 88, 92.33759337132739
This round: 7,0
92, 1: 80, 90.39292439471993
This round: 7,0
92, 2: 69, 88.43977501280105
This round: 7,0
92, 3: 86, 91.43964550554414
5.3934
5.2593000000000005
This round: 51,0
93, 0: 89, 93.33759337132739
This round: 51,6
93, 1: 80, 91.27527733589639
This round: 51,13
93, 2: 69, 89.18487305201674
This round: 51,13
93, 3: 86, 92.18474354475983
5.3575
This round: 34,0
94, 0: 90, 94.33759337132739
This round: 34,4
94, 1: 80, 92.15763027707285
This round: 34,2
94, 2: 69, 90.12604952260497
This round: 34,6
94, 3: 86, 93.00827295652454
5.4559
This round: 39,0
95, 0: 91, 95.33759337132739
This round: 39,1
95, 1: 80, 93.13198925143183
This round: 39,3
95, 2: 69, 91.04912644568189
This round: 39,0
95, 3: 87, 94.00827295652454
5.661500000000001
5.3218
This round: 5,0
96, 0: 92, 96.33759337132739
This round: 5,0
96, 1: 81, 94.13198925143183
This round: 5,0
96, 2: 70, 92.04912644568189
This round: 5,0
96, 3: 88, 95.00827295652454
5.5049
This round: 220,1
97, 0: 92, 97.33304791678194
This round: 220,0
97, 1: 82, 95.13198925143183
This round: 220,2
97, 2: 70, 93.04003553659098
This round: 220,0
97, 3: 89, 96.00827295652454
5.4112
5.282800000000001
This round: 55,0
98, 0: 93, 98.33304791678194
This round: 55,0
98, 1: 83, 96.13198925143183
This round: 55,0
98, 2: 71, 94.04003553659098
This round: 55,0
98, 3: 90, 97.00827295652454
5.375900000000001
This round: 17,1
99, 0: 93, 99.27422438737017
This round: 17,1
99, 1: 83, 97.07316572202006
This round: 17,1
99, 2: 71, 94.98121200717921
This round: 17,1
99, 3: 90, 97.94944942711277
5.245900000000001
5.268400000000001
This round: 10,0
100, 0: 94, 100.27422438737017
This round: 10,0
100, 1: 84, 98.07316572202006
This round: 10,0
100, 2: 72, 95.98121200717921
This round: 10,0
100, 3: 91, 98.94944942711277
5.1974
This round: 18,0
101, 0: 95, 101.27422438737017
This round: 18,0
101, 1: 85, 99.07316572202006
This round: 18,1
101, 2: 72, 96.92565645162365
This round: 18,0
101, 3: 92, 99.94944942711277
5.504899999999999
This round: 10,0
102, 0: 96, 102.27422438737017
This round: 10,0
102, 1: 86, 100.07316572202006
This round: 10,0
102, 2: 73, 97.92565645162365
This round: 10,0
102, 3: 93, 100.94944942711277
5.4168
This round: 8,0
103, 0: 97, 103.27422438737017
This round: 8,0
103, 1: 87, 101.07316572202006
This round: 8,0
103, 2: 74, 98.92565645162365
This round: 8,0
103, 3: 94, 101.94944942711277
5.295
This round: 19,0
104, 0: 98, 104.27422438737017
This round: 19,2
104, 1: 87, 101.96790256412532
This round: 19,2
104, 2: 74, 99.82039329372891
This round: 19,2
104, 3: 94, 102.84418626921803
5.3753
This round: 12,0
105, 0: 99, 105.27422438737017
This round: 12,0
105, 1: 88, 102.96790256412532
This round: 12,0
105, 2: 75, 100.82039329372891
This round: 12,0
105, 3: 95, 103.84418626921803
5.3843
This round: 16,0
106, 0: 100, 106.27422438737017
This round: 16,0
106, 1: 89, 103.96790256412532
This round: 16,0
106, 2: 76, 101.82039329372891
This round: 16,0
106, 3: 96, 104.84418626921803
5.5899
5.2838
This round: 7,0
107, 0: 101, 107.27422438737017
This round: 7,0
107, 1: 90, 104.96790256412532
This round: 7,0
107, 2: 77, 102.82039329372891
This round: 7,0
107, 3: 97, 105.84418626921803
5.1164000000000005
This round: 10,0
108, 0: 102, 108.27422438737017
This round: 10,0
108, 1: 91, 105.96790256412532
This round: 10,1
108, 2: 77, 103.72039329372892
This round: 10,1
108, 3: 97, 106.74418626921803
5.661200000000001
This round: 30,6
109, 0: 102, 109.07422438737017
This round: 30,12
109, 1: 91, 106.56790256412532
This round: 30,12
109, 2: 77, 104.32039329372891
This round: 30,12
109, 3: 97, 107.34418626921803
5.498500000000001
This round: 11,0
110, 0: 103, 110.07422438737017
This round: 11,0
110, 1: 92, 107.56790256412532
This round: 11,0
110, 2: 78, 105.32039329372891
This round: 11,0
110, 3: 98, 108.34418626921803
5.5451
This round: 21,0
111, 0: 104, 111.07422438737017
This round: 21,0
111, 1: 93, 108.56790256412532
This round: 21,0
111, 2: 79, 106.32039329372891
This round: 21,0
111, 3: 99, 109.34418626921803
5.4289000000000005
5.1834
This round: 37,0
112, 0: 105, 112.07422438737017
This round: 37,0
112, 1: 94, 109.56790256412532
This round: 37,0
112, 2: 80, 107.32039329372891
This round: 37,0
112, 3: 100, 110.34418626921803
5.5539000000000005
This round: 605,6
113, 0: 105, 113.06430703199827
This round: 605,7
113, 1: 94, 110.55633231619143
This round: 605,5
113, 2: 80, 108.312128830919
This round: 605,10
113, 3: 100, 111.32765734359819
5.3219
This round: 19,0
114, 0: 106, 114.06430703199827
This round: 19,0
114, 1: 95, 111.55633231619143
This round: 19,0
114, 2: 81, 109.312128830919
This round: 19,0
114, 3: 101, 112.32765734359819
5.3443
This round: 56,0
115, 0: 107, 115.06430703199827
This round: 56,0
115, 1: 96, 112.55633231619143
This round: 56,13
115, 2: 81, 110.07998597377613
This round: 56,0
115, 3: 102, 113.32765734359819
5.1255
This round: 28,0
116, 0: 108, 116.06430703199827
This round: 28,0
116, 1: 97, 113.55633231619143
This round: 28,0
116, 2: 82, 111.07998597377613
This round: 28,0
116, 3: 103, 114.32765734359819
5.607499999999999
This round: 6,0
117, 0: 109, 117.06430703199827
This round: 6,0
117, 1: 98, 114.55633231619143
This round: 6,0
117, 2: 83, 112.07998597377613
This round: 6,0
117, 3: 104, 115.32765734359819
5.6611
5.545100000000001
5.232600000000001
This round: 20,0
118, 0: 110, 118.06430703199827
This round: 20,0
118, 1: 99, 115.55633231619143
This round: 20,0
118, 2: 84, 113.07998597377613
This round: 20,0
118, 3: 105, 116.32765734359819
5.304
This round: 7,0
119, 0: 111, 119.06430703199827
This round: 7,0
119, 1: 100, 116.55633231619143
This round: 7,0
119, 2: 85, 114.07998597377613
This round: 7,0
119, 3: 106, 117.32765734359819
5.5743
5.3933
This round: 7,0
120, 0: 112, 120.06430703199827
This round: 7,0
120, 1: 101, 117.55633231619143
This round: 7,0
120, 2: 86, 115.07998597377613
This round: 7,0
120, 3: 107, 118.32765734359819
5.5007
5.6075
This round: 18,0
121, 0: 113, 121.06430703199827
This round: 18,0
121, 1: 102, 118.55633231619143
This round: 18,0
121, 2: 87, 116.07998597377613
This round: 18,0
121, 3: 108, 119.32765734359819
5.3933
This round: 35,0
122, 0: 114, 122.06430703199827
This round: 35,0
122, 1: 103, 119.55633231619143
This round: 35,0
122, 2: 88, 117.07998597377613
This round: 35,0
122, 3: 109, 120.32765734359819
5.4135
This round: 51,0
123, 0: 115, 123.06430703199827
This round: 51,25
123, 1: 103, 120.06613623776006
This round: 51,1
123, 2: 88, 118.06037813063888
This round: 51,0
123, 3: 110, 121.32765734359819
5.2515
This round: 16,0
124, 0: 116, 124.06430703199827
This round: 16,0
124, 1: 104, 121.06613623776006
This round: 16,0
124, 2: 89, 119.06037813063888
This round: 16,0
124, 3: 111, 122.32765734359819
5.5007
5.3933
This round: 24,0
125, 0: 117, 125.06430703199827
This round: 24,0
125, 1: 105, 122.06613623776006
This round: 24,0
125, 2: 90, 120.06037813063888
This round: 24,0
125, 3: 112, 123.32765734359819
5.446900000000001
This round: 6,0
126, 0: 118, 126.06430703199827
This round: 6,1
126, 1: 105, 122.89946957109339
This round: 6,1
126, 2: 90, 120.89371146397221
This round: 6,0
126, 3: 113, 124.32765734359819
5.4424
5.357600000000001
This round: 5,1
127, 0: 118, 126.86430703199827
This round: 5,1
127, 1: 105, 123.69946957109339
This round: 5,1
127, 2: 90, 121.6937114639722
This round: 5,1
127, 3: 113, 125.12765734359819
5.1432
This round: 93,0
128, 0: 119, 127.86430703199827
This round: 93,0
128, 1: 106, 124.69946957109339
This round: 93,0
128, 2: 91, 122.6937114639722
This round: 93,0
128, 3: 114, 126.12765734359819
5.322
5.3129
This round: 43,0
129, 0: 120, 128.86430703199827
This round: 43,0
129, 1: 107, 125.69946957109339
This round: 43,0
129, 2: 92, 123.6937114639722
This round: 43,0
129, 3: 115, 127.12765734359819
5.2154
This round: 132,0
130, 0: 121, 129.86430703199827
This round: 132,0
130, 1: 108, 126.69946957109339
This round: 132,0
130, 2: 93, 124.6937114639722
This round: 132,0
130, 3: 116, 128.12765734359817
5.6434
5.429
This round: 6,0
131, 0: 122, 130.86430703199827
This round: 6,0
131, 1: 109, 127.69946957109339
This round: 6,0
131, 2: 94, 125.6937114639722
This round: 6,0
131, 3: 117, 129.12765734359817
5.2639
This round: 34,0
132, 0: 123, 131.86430703199827
This round: 34,0
132, 1: 110, 128.6994695710934
This round: 34,0
132, 2: 95, 126.6937114639722
This round: 34,0
132, 3: 118, 130.12765734359817
5.2324
This round: 13,0
133, 0: 124, 132.86430703199827
This round: 13,0
133, 1: 111, 129.6994695710934
This round: 13,0
133, 2: 96, 127.6937114639722
This round: 13,0
133, 3: 119, 131.12765734359817
5.3052
This round: 15,0
134, 0: 125, 133.86430703199827
This round: 15,0
134, 1: 112, 130.6994695710934
This round: 15,0
134, 2: 97, 128.6937114639722
This round: 15,0
134, 3: 120, 132.12765734359817
5.485
5.3132
This round: 11,0
135, 0: 126, 134.86430703199827
This round: 11,0
135, 1: 113, 131.6994695710934
This round: 11,0
135, 2: 98, 129.6937114639722
This round: 11,0
135, 3: 121, 133.12765734359817
5.571899999999999
5.5004
5.375500000000001
5.339600000000001
This round: 9,0
136, 0: 127, 135.86430703199827
This round: 9,0
136, 1: 114, 132.6994695710934
This round: 9,2
136, 2: 98, 130.47148924174996
This round: 9,0
136, 3: 122, 134.12765734359817
5.286
This round: 10,0
137, 0: 128, 136.86430703199827
This round: 10,0
137, 1: 115, 133.6994695710934
This round: 10,0
137, 2: 99, 131.47148924174996
This round: 10,0
137, 3: 123, 135.12765734359817
5.277200000000001
This round: 12,0
138, 0: 129, 137.86430703199827
This round: 12,0
138, 1: 116, 134.6994695710934
This round: 12,0
138, 2: 100, 132.47148924174996
This round: 12,0
138, 3: 124, 136.12765734359817
5.4737
5.2058
This round: 11,0
139, 0: 130, 138.86430703199827
This round: 11,1
139, 1: 116, 135.6085604801843
This round: 11,3
139, 2: 100, 133.19876196902268
This round: 11,2
139, 3: 124, 136.94583916178
5.393300000000001
This round: 10,0
140, 0: 131, 139.86430703199827
This round: 10,0
140, 1: 117, 136.6085604801843
This round: 10,0
140, 2: 101, 134.19876196902268
This round: 10,0
140, 3: 125, 137.94583916178
5.2951
This round: 18,0
141, 0: 132, 140.86430703199827
This round: 18,0
141, 1: 118, 137.6085604801843
This round: 18,0
141, 2: 102, 135.19876196902268
This round: 18,0
141, 3: 126, 138.94583916178
5.5373
5.236
5.3755
This round: 11,2
142, 0: 132, 141.68248885018008
This round: 11,2
142, 1: 118, 138.42674229836612
This round: 11,2
142, 2: 102, 136.0169437872045
This round: 11,2
142, 3: 126, 139.7640209799618
5.223700000000001
This round: 13,0
143, 0: 133, 142.68248885018008
This round: 13,0
143, 1: 119, 139.42674229836612
This round: 13,0
143, 2: 103, 137.0169437872045
This round: 13,0
143, 3: 127, 140.7640209799618
5.7147
This round: 20,0
144, 0: 134, 143.68248885018008
This round: 20,0
144, 1: 120, 140.42674229836612
This round: 20,0
144, 2: 104, 138.0169437872045
This round: 20,0
144, 3: 128, 141.7640209799618
5.464700000000001
This round: 39,3
145, 0: 134, 144.605565773257
This round: 39,3
145, 1: 120, 141.34981922144306
This round: 39,0
145, 2: 105, 139.0169437872045
This round: 39,0
145, 3: 129, 142.7640209799618
5.357600000000001
This round: 8,0
146, 0: 135, 145.605565773257
This round: 8,0
146, 1: 121, 142.34981922144306
This round: 8,0
146, 2: 106, 140.0169437872045
This round: 8,0
146, 3: 130, 143.7640209799618
5.250400000000001
This round: 14,0
147, 0: 136, 146.605565773257
This round: 14,0
147, 1: 122, 143.34981922144306
This round: 14,0
147, 2: 107, 141.0169437872045
This round: 14,0
147, 3: 131, 144.7640209799618
5.1164
This round: 8,0
148, 0: 137, 147.605565773257
This round: 8,0
148, 1: 123, 144.34981922144306
This round: 8,0
148, 2: 108, 142.0169437872045
This round: 8,0
148, 3: 132, 145.7640209799618
5.5365
5.3932
5.500299999999999
5.3664000000000005
5.398000000000001
This round: 124,0
149, 0: 138, 148.605565773257
This round: 124,64
149, 1: 123, 144.83369018918498
This round: 124,0
149, 2: 109, 143.0169437872045
This round: 124,0
149, 3: 133, 146.7640209799618
5.1612
This round: 63,0
150, 0: 139, 149.605565773257
This round: 63,0
150, 1: 124, 145.83369018918498
This round: 63,0
150, 2: 110, 144.0169437872045
This round: 63,0
150, 3: 134, 147.7640209799618
5.608900000000001
This round: 10,0
151, 0: 140, 150.605565773257
This round: 10,0
151, 1: 125, 146.83369018918498
This round: 10,0
151, 2: 111, 145.0169437872045
This round: 10,0
151, 3: 135, 148.7640209799618
5.2884
This round: 6,0
152, 0: 141, 151.605565773257
This round: 6,0
152, 1: 126, 147.83369018918498
This round: 6,0
152, 2: 112, 146.0169437872045
This round: 6,0
152, 3: 136, 149.7640209799618
5.214700000000001
This round: 35,0
153, 0: 142, 152.605565773257
This round: 35,0
153, 1: 127, 148.83369018918498
This round: 35,5
153, 2: 112, 146.87408664434736
This round: 35,5
153, 3: 136, 150.62116383710466
5.3933
This round: 10,0
154, 0: 143, 153.605565773257
This round: 10,0
154, 1: 128, 149.83369018918498
This round: 10,0
154, 2: 113, 147.87408664434736
This round: 10,0
154, 3: 137, 151.62116383710466
5.643500000000001
5.554100000000001
5.3575
This round: 6,0
155, 0: 144, 154.605565773257
This round: 6,0
155, 1: 129, 150.83369018918498
This round: 6,0
155, 2: 114, 148.87408664434736
This round: 6,0
155, 3: 138, 152.62116383710466
5.5183
This round: 16,0
156, 0: 145, 155.605565773257
This round: 16,0
156, 1: 130, 151.83369018918498
This round: 16,0
156, 2: 115, 149.87408664434736
This round: 16,0
156, 3: 139, 153.62116383710466
5.5006
5.2771
This round: 8,0
157, 0: 146, 156.605565773257
This round: 8,0
157, 1: 131, 152.83369018918498
This round: 8,0
157, 2: 116, 150.87408664434736
This round: 8,0
157, 3: 140, 154.62116383710466
5.4738
This round: 15,0
158, 0: 147, 157.605565773257
This round: 15,0
158, 1: 132, 153.83369018918498
This round: 15,0
158, 2: 117, 151.87408664434736
This round: 15,0
158, 3: 141, 155.62116383710466
5.339600000000001
This round: 10,0
159, 0: 148, 158.605565773257
This round: 10,0
159, 1: 133, 154.83369018918498
This round: 10,2
159, 2: 117, 152.67408664434737
This round: 10,0
159, 3: 142, 156.62116383710466
5.5079
This round: 18,0
160, 0: 149, 159.605565773257
This round: 18,4
160, 1: 133, 155.61146796696275
This round: 18,4
160, 2: 117, 153.45186442212514
This round: 18,4
160, 3: 142, 157.39894161488243
5.3576
This round: 8,0
161, 0: 150, 160.605565773257
This round: 8,0
161, 1: 134, 156.61146796696275
This round: 8,0
161, 2: 118, 154.45186442212514
This round: 8,0
161, 3: 143, 158.39894161488243
5.4101
5.2325
5.2504
This round: 8,0
162, 0: 151, 161.605565773257
This round: 8,0
162, 1: 135, 157.61146796696275
This round: 8,0
162, 2: 119, 155.45186442212514
This round: 8,0
162, 3: 144, 159.39894161488243
5.572
5.469399999999999
This round: 7,0
163, 0: 152, 162.605565773257
This round: 7,0
163, 1: 136, 158.61146796696275
This round: 7,0
163, 2: 120, 156.45186442212514
This round: 7,0
163, 3: 145, 160.39894161488243
5.152200000000001
This round: 17,0
164, 0: 153, 163.605565773257
This round: 17,0
164, 1: 137, 159.61146796696275
This round: 17,0
164, 2: 121, 157.45186442212514
This round: 17,0
164, 3: 146, 161.39894161488243
5.2816
5.3041
This round: 21,0
165, 0: 154, 164.605565773257
This round: 21,0
165, 1: 138, 160.61146796696275
This round: 21,0
165, 2: 122, 158.45186442212514
This round: 21,0
165, 3: 147, 162.39894161488243
5.1796
This round: 19,10
166, 0: 154, 165.07924998378334
This round: 19,3
166, 1: 138, 161.45357323012064
This round: 19,10
166, 2: 122, 158.92554863265147
This round: 19,10
166, 3: 147, 162.87262582540876
5.3039000000000005
This round: 11,0
167, 0: 155, 166.07924998378334
This round: 11,0
167, 1: 139, 162.45357323012064
This round: 11,0
167, 2: 123, 159.92554863265147
This round: 11,0
167, 3: 148, 163.87262582540876
5.319700000000001
This round: 5,0
168, 0: 156, 167.07924998378334
This round: 5,0
168, 1: 140, 163.45357323012064
This round: 5,0
168, 2: 124, 160.92554863265147
This round: 5,0
168, 3: 149, 164.87262582540876
5.5183
This round: 6,0
169, 0: 157, 168.07924998378334
This round: 6,0
169, 1: 141, 164.45357323012064
This round: 6,0
169, 2: 125, 161.92554863265147
This round: 6,0
169, 3: 150, 165.87262582540876
5.313
This round: 27,0
170, 0: 158, 169.07924998378334
This round: 27,0
170, 1: 142, 165.45357323012064
This round: 27,0
170, 2: 126, 162.92554863265147
This round: 27,0
170, 3: 151, 166.87262582540876
5.554400000000001
5.321899999999999
This round: 189,0
171, 0: 159, 170.07924998378334
This round: 189,29
171, 1: 142, 166.30013407668147
This round: 189,29
171, 2: 126, 163.7721094792123
This round: 189,29
171, 3: 151, 167.7191866719696
5.4111
5.4738999999999995
5.4515
5.190199999999999
This round: 4,0
172, 0: 160, 171.07924998378334
This round: 4,0
172, 1: 143, 167.30013407668147
This round: 4,0
172, 2: 127, 164.7721094792123
This round: 4,0
172, 3: 152, 168.7191866719696
5.3932
This round: 17,0
173, 0: 161, 172.07924998378334
This round: 17,0
173, 1: 144, 168.30013407668147
This round: 17,0
173, 2: 128, 165.7721094792123
This round: 17,0
173, 3: 153, 169.7191866719696
5.3754
This round: 17,0
174, 0: 162, 173.07924998378334
This round: 17,0
174, 1: 145, 169.30013407668147
This round: 17,0
174, 2: 129, 166.7721094792123
This round: 17,0
174, 3: 154, 170.7191866719696
5.1789
This round: 45,0
175, 0: 163, 174.07924998378334
This round: 45,0
175, 1: 146, 170.30013407668147
This round: 45,0
175, 2: 130, 167.7721094792123
This round: 45,0
175, 3: 155, 171.7191866719696
5.679200000000001
This round: 26,0
176, 0: 164, 175.07924998378334
This round: 26,0
176, 1: 147, 171.30013407668147
This round: 26,0
176, 2: 131, 168.7721094792123
This round: 26,0
176, 3: 156, 172.7191866719696
5.6802
5.3129
5.3575
This round: 12,0
177, 0: 165, 176.07924998378334
This round: 12,0
177, 1: 148, 172.30013407668147
This round: 12,0
177, 2: 132, 169.7721094792123
This round: 12,0
177, 3: 157, 173.7191866719696
5.3408
5.3755
This round: 106,0
178, 0: 166, 177.07924998378334
This round: 106,0
178, 1: 149, 173.30013407668147
This round: 106,29
178, 2: 132, 170.49852457355192
This round: 106,29
178, 3: 157, 174.4456017663092
5.393300000000001
This round: 20,0
179, 0: 167, 178.07924998378334
This round: 20,0
179, 1: 150, 174.30013407668147
This round: 20,0
179, 2: 133, 171.49852457355192
This round: 20,0
179, 3: 158, 175.4456017663092
5.4647000000000014
5.6053
This round: 10,0
180, 0: 168, 179.07924998378334
This round: 10,0
180, 1: 151, 175.30013407668147
This round: 10,0
180, 2: 134, 172.49852457355192
This round: 10,0
180, 3: 159, 176.4456017663092
5.2146
This round: 17,0
181, 0: 169, 180.07924998378334
This round: 17,0
181, 1: 152, 176.30013407668147
This round: 17,0
181, 2: 135, 173.49852457355192
This round: 17,0
181, 3: 160, 177.4456017663092
5.285
This round: 9,0
182, 0: 170, 181.07924998378334
This round: 9,0
182, 1: 153, 177.30013407668147
This round: 9,1
182, 2: 135, 174.3874134624408
This round: 9,0
182, 3: 161, 178.4456017663092
5.6255
5.3218000000000005
This round: 6,0
183, 0: 171, 182.07924998378334
This round: 6,0
183, 1: 154, 178.30013407668147
This round: 6,0
183, 2: 136, 175.3874134624408
This round: 6,0
183, 3: 162, 179.4456017663092
5.5362
5.527699999999999
5.3401
This round: 6,0
184, 0: 172, 183.07924998378334
This round: 6,0
184, 1: 155, 179.30013407668147
This round: 6,1
184, 2: 136, 176.22074679577415
This round: 6,0
184, 3: 163, 180.4456017663092
5.750600000000001
5.2168
This round: 32,0
185, 0: 173, 184.07924998378334
This round: 32,8
185, 1: 155, 180.05013407668147
This round: 32,8
185, 2: 136, 176.97074679577415
This round: 32,8
185, 3: 163, 181.1956017663092
5.3933
This round: 65,0
186, 0: 174, 185.07924998378334
This round: 65,0
186, 1: 156, 181.05013407668147
This round: 65,0
186, 2: 137, 177.97074679577415
This round: 65,0
186, 3: 164, 182.1956017663092
5.3396
This round: 5,0
187, 0: 175, 186.07924998378334
This round: 5,0
187, 1: 157, 182.05013407668147
This round: 5,0
187, 2: 138, 178.97074679577415
This round: 5,0
187, 3: 165, 183.1956017663092
5.478299999999999
This round: 14,0
188, 0: 176, 187.07924998378334
This round: 14,0
188, 1: 158, 183.05013407668147
This round: 14,0
188, 2: 139, 179.97074679577415
This round: 14,0
188, 3: 166, 184.1956017663092
5.3221
5.4201999999999995
This round: 14,0
189, 0: 177, 188.07924998378334
This round: 14,0
189, 1: 159, 184.05013407668147
This round: 14,0
189, 2: 140, 180.97074679577415
This round: 14,0
189, 3: 167, 185.1956017663092
5.3218
This round: 7,0
190, 0: 178, 189.07924998378334
This round: 7,0
190, 1: 160, 185.05013407668147
This round: 7,0
190, 2: 141, 181.97074679577415
This round: 7,0
190, 3: 168, 186.1956017663092
5.2103
This round: 11,0
191, 0: 179, 190.07924998378334
This round: 11,0
191, 1: 161, 186.05013407668147
This round: 11,0
191, 2: 142, 182.97074679577415
This round: 11,0
191, 3: 169, 187.1956017663092
5.304100000000001
5.607800000000001
5.8134
5.3219
This round: 13,0
192, 0: 180, 191.07924998378334
This round: 13,0
192, 1: 162, 187.05013407668147
This round: 13,0
192, 2: 143, 183.97074679577415
This round: 13,0
192, 3: 170, 188.1956017663092
5.3276
5.339700000000001
5.2848999999999995
This round: 26,0
193, 0: 181, 192.07924998378334
This round: 26,0
193, 1: 163, 188.05013407668147
This round: 26,0
193, 2: 144, 184.97074679577415
This round: 26,0
193, 3: 171, 189.1956017663092
5.2057
This round: 48,0
194, 0: 182, 193.07924998378334
This round: 48,0
194, 1: 164, 189.05013407668147
This round: 48,2
194, 2: 144, 185.9290801291075
This round: 48,2
194, 3: 171, 190.15393509964255
5.429200000000001
5.2863
This round: 16,0
195, 0: 183, 194.07924998378334
This round: 16,0
195, 1: 165, 190.05013407668147
This round: 16,1
195, 2: 144, 186.8665801291075
This round: 16,0
195, 3: 172, 191.15393509964255
5.3843000000000005
This round: 43,0
196, 0: 184, 195.07924998378334
This round: 43,0
196, 1: 166, 191.05013407668147
This round: 43,0
196, 2: 145, 187.8665801291075
This round: 43,0
196, 3: 173, 192.15393509964255
5.3712
This round: 24,0
197, 0: 185, 196.07924998378334
This round: 24,0
197, 1: 167, 192.05013407668147
This round: 24,0
197, 2: 146, 188.8665801291075
This round: 24,0
197, 3: 174, 193.15393509964255
5.2326
This round: 8,0
198, 0: 186, 197.07924998378334
This round: 8,0
198, 1: 168, 193.05013407668147
This round: 8,0
198, 2: 147, 189.8665801291075
This round: 8,0
198, 3: 175, 194.15393509964255
5.929000000000001
5.322
This round: 19,0
199, 0: 187, 198.07924998378334
This round: 19,0
199, 1: 169, 194.05013407668147
This round: 19,0
199, 2: 148, 190.8665801291075
This round: 19,0
199, 3: 176, 195.15393509964255
