5.391
This round: 86,3
0, 0: 0, 0.9651162790697675
This round: 86,2
0, 1: 0, 0.9767441860465116
This round: 86,3
0, 2: 0, 0.9651162790697675
This round: 86,2
0, 3: 0, 0.9767441860465116
5.5005
5.1968
This round: 125,2
1, 0: 0, 1.9491162790697674
This round: 125,3
1, 1: 0, 1.9527441860465116
This round: 125,3
1, 2: 0, 1.9411162790697674
This round: 125,5
1, 3: 0, 1.9367441860465116
5.5542
This round: 24,1
2, 0: 0, 2.907449612403101
This round: 24,2
2, 1: 0, 2.869410852713178
This round: 24,2
2, 2: 0, 2.857782945736434
This round: 24,2
2, 3: 0, 2.853410852713178
5.3799
5.5363
This round: 33,0
3, 0: 1, 3.907449612403101
This round: 33,0
3, 1: 1, 3.869410852713178
This round: 33,0
3, 2: 1, 3.857782945736434
This round: 33,0
3, 3: 1, 3.853410852713178
5.5361
This round: 54,0
4, 0: 2, 4.9074496124031
This round: 54,1
4, 1: 1, 4.8508923341946595
This round: 54,2
4, 2: 1, 4.820745908699397
This round: 54,2
4, 3: 1, 4.816373815676141
5.1945
5.7149
5.572100000000001
5.3664000000000005
5.5719
5.1476999999999995
This round: 52,0
5, 0: 3, 5.9074496124031
This round: 52,3
5, 1: 1, 5.793200026502352
This round: 52,13
5, 2: 1, 5.570745908699397
This round: 52,3
5, 3: 1, 5.758681507983834
5.5004
5.3581
This round: 62,1
6, 0: 3, 6.891320580145036
This round: 62,2
6, 1: 1, 6.760941961986223
This round: 62,2
6, 2: 1, 6.538487844183268
This round: 62,2
6, 3: 1, 6.726423443467705
5.466
5.5093
5.5899
5.3418
This round: 40,0
7, 0: 4, 7.891320580145036
This round: 40,0
7, 1: 2, 7.760941961986223
This round: 40,1
7, 2: 1, 7.513487844183268
This round: 40,1
7, 3: 1, 7.7014234434677045
5.3887
This round: 35,2
8, 0: 4, 8.83417772300218
This round: 35,2
8, 1: 2, 8.703799104843366
This round: 35,12
8, 2: 1, 8.170630701326125
This round: 35,12
8, 3: 1, 8.358566300610562
5.5048
This round: 34,0
9, 0: 5, 9.83417772300218
This round: 34,0
9, 1: 3, 9.703799104843366
This round: 34,3
9, 2: 1, 9.082395407208478
This round: 34,0
9, 3: 2, 9.358566300610562
5.438
5.545000000000001
This round: 15,2
10, 0: 5, 10.700844389668847
This round: 15,1
10, 1: 3, 10.6371324381767
This round: 15,4
10, 2: 1, 9.815728740541811
This round: 15,4
10, 3: 2, 10.091899633943894
5.509499999999999
5.464900000000001
5.3988000000000005
5.6432
5.5363999999999995
5.4649
This round: 77,1
11, 0: 5, 11.687857376681833
This round: 77,1
11, 1: 3, 11.624145425189687
This round: 77,2
11, 2: 1, 10.789754714567785
This round: 77,1
11, 3: 2, 11.078912620956881
5.5718000000000005
This round: 119,50
12, 0: 5, 12.267689309454942
This round: 119,2
12, 1: 3, 12.607338702500611
This round: 119,32
12, 2: 1, 11.520847151542574
This round: 119,32
12, 3: 2, 11.81000505793167
5.2505
This round: 17,1
13, 0: 5, 13.208865780043178
This round: 17,1
13, 1: 3, 13.548515173088846
This round: 17,3
13, 2: 1, 12.34437656330728
This round: 17,1
13, 3: 2, 12.751181528519906
5.214700000000001
This round: 33,0
14, 0: 6, 14.208865780043178
This round: 33,0
14, 1: 4, 14.548515173088846
This round: 33,3
14, 2: 1, 13.253467472398189
This round: 33,1
14, 3: 2, 13.720878498216877
5.2414000000000005
This round: 89,1
15, 0: 6, 15.197629824986999
This round: 89,11
15, 1: 4, 15.424919667470869
This round: 89,1
15, 2: 1, 14.24223151734201
This round: 89,1
15, 3: 2, 14.709642543160697
5.482599999999999
5.3933
This round: 82,30
16, 0: 6, 15.831776166450414
This round: 82,66
16, 1: 4, 15.620041618690381
This round: 82,30
16, 2: 1, 14.876377858805425
This round: 82,30
16, 3: 2, 15.343788884624113
5.259500000000001
This round: 27,1
17, 0: 6, 16.794739129413376
This round: 27,4
17, 1: 4, 16.471893470542234
This round: 27,4
17, 2: 1, 15.728229710657276
This round: 27,3
17, 3: 2, 16.232677773513
5.3218000000000005
This round: 45,0
18, 0: 7, 17.794739129413376
This round: 45,4
18, 1: 4, 17.383004581653346
This round: 45,4
18, 2: 1, 16.639340821768386
This round: 45,4
18, 3: 2, 17.14378888462411
5.5094
5.5812
This round: 35,2
19, 0: 7, 18.73759627227052
This round: 35,2
19, 1: 4, 18.32586172451049
This round: 35,3
19, 2: 1, 17.5536265360541
This round: 35,3
19, 3: 2, 18.058074598909826
5.4291
5.393700000000001
This round: 78,0
20, 0: 8, 19.73759627227052
This round: 79,14
20, 1: 4, 19.14864653463707
This round: 79,5
20, 2: 1, 18.490335396813595
This round: 79,1
20, 3: 2, 19.045416371061727
5.1981
This round: 50,1
21, 0: 8, 20.71759627227052
This round: 50,2
21, 1: 4, 20.10864653463707
This round: 50,2
21, 2: 1, 19.450335396813596
This round: 50,2
21, 3: 2, 20.005416371061727
5.527099999999999
This round: 43,3
22, 0: 8, 21.647828830410056
This round: 43,5
22, 1: 4, 20.99236746486963
This round: 43,6
22, 2: 1, 20.310800513092666
This round: 43,6
22, 3: 2, 20.865881487340797
5.1281
This round: 29,1
23, 0: 8, 22.613346071789366
This round: 29,1
23, 1: 4, 21.95788470624894
This round: 29,3
23, 2: 1, 21.207352237230598
This round: 29,1
23, 3: 2, 21.831398728720107
5.125399999999999
This round: 71,0
24, 0: 9, 23.613346071789366
This round: 71,0
24, 1: 5, 22.95788470624894
This round: 71,9
24, 2: 1, 22.080591673850318
This round: 71,0
24, 3: 3, 22.831398728720107
5.4648
This round: 48,0
25, 0: 10, 24.613346071789366
This round: 48,0
25, 1: 6, 23.95788470624894
This round: 48,1
25, 2: 1, 23.059758340516986
This round: 48,1
25, 3: 3, 23.810565395386774
5.4827
This round: 69,0
26, 0: 11, 25.613346071789366
This round: 69,6
26, 1: 6, 24.87092818450981
This round: 69,32
26, 2: 1, 23.595990224574958
This round: 69,13
26, 3: 3, 24.622159598285325
5.375500000000001
This round: 53,7
27, 0: 11, 26.481270600091253
This round: 53,8
27, 1: 6, 25.719984788283398
This round: 53,12
27, 2: 1, 24.369575130235337
This round: 53,10
27, 3: 3, 25.433480353002306
5.3535
5.321700000000001
This round: 20,1
28, 0: 11, 27.431270600091253
This round: 20,1
28, 1: 6, 26.669984788283397
This round: 20,2
28, 2: 1, 25.269575130235335
This round: 20,2
28, 3: 3, 26.333480353002304
5.394399999999999
This round: 71,0
29, 0: 12, 28.431270600091253
This round: 71,0
29, 1: 7, 27.669984788283397
This round: 71,1
29, 2: 1, 26.255490623193083
This round: 71,0
29, 3: 4, 27.333480353002304
5.3486
This round: 33,0
30, 0: 13, 29.431270600091253
This round: 33,2
30, 1: 7, 28.60937872767734
This round: 33,3
30, 2: 1, 27.164581532283993
This round: 33,2
30, 3: 4, 28.272874292396246
5.4291
This round: 56,5
31, 0: 13, 30.341984885805537
This round: 56,6
31, 1: 7, 29.50223587053448
This round: 56,2
31, 2: 1, 28.12886724656971
This round: 56,2
31, 3: 4, 29.23716000668196
5.5364
This round: 19,3
32, 0: 13, 31.18409014896343
This round: 19,4
32, 1: 7, 30.291709554745008
This round: 19,4
32, 2: 1, 28.918340930780236
This round: 19,4
32, 3: 4, 30.02663369089249
5.233099999999999
This round: 33,0
33, 0: 14, 32.184090148963435
This round: 33,0
33, 1: 8, 31.291709554745008
This round: 33,2
33, 2: 1, 29.857734870174177
This round: 33,7
33, 3: 4, 30.814512478771277
5.4112
This round: 25,2
34, 0: 14, 33.10409014896344
This round: 25,2
34, 1: 8, 32.211709554745006
This round: 25,2
34, 2: 1, 30.77773487017418
This round: 25,2
34, 3: 4, 31.73451247877128
5.625399999999999
5.360100000000001
5.5719
5.1801
This round: 35,1
35, 0: 14, 34.075518720392004
This round: 35,1
35, 1: 8, 33.183138126173574
This round: 35,1
35, 2: 1, 31.74916344160275
This round: 35,1
35, 3: 4, 32.70594105019985
5.3576
This round: 90,0
36, 0: 15, 35.075518720392004
This round: 90,0
36, 1: 9, 34.183138126173574
This round: 90,14
36, 2: 1, 32.593607886047195
This round: 90,1
36, 3: 4, 33.694829939088734
5.3308
This round: 26,0
37, 0: 16, 36.075518720392004
This round: 26,1
37, 1: 9, 35.144676587712034
This round: 26,1
37, 2: 1, 33.555146347585655
This round: 26,0
37, 3: 5, 34.694829939088734
5.4289
This round: 28,0
38, 0: 17, 37.075518720392004
This round: 28,0
38, 1: 10, 36.144676587712034
This round: 28,2
38, 2: 1, 34.483717776157086
This round: 28,1
38, 3: 5, 35.65911565337445
5.679099999999999
This round: 21,0
39, 0: 18, 38.075518720392004
This round: 21,0
39, 1: 11, 37.144676587712034
This round: 21,1
39, 2: 1, 35.436098728538035
This round: 21,0
39, 3: 6, 36.65911565337445
5.3931
This round: 23,2
40, 0: 18, 38.98856219865287
This round: 23,2
40, 1: 11, 38.0577200659729
This round: 23,3
40, 2: 1, 36.30566394592934
This round: 23,3
40, 3: 6, 37.528680870765754
5.2962
This round: 35,0
41, 0: 19, 39.98856219865287
This round: 35,0
41, 1: 12, 39.0577200659729
This round: 35,1
41, 2: 1, 37.27709251735791
This round: 35,0
41, 3: 7, 38.528680870765754
5.5005000000000015
5.518700000000001
5.3856
This round: 79,1
42, 0: 19, 40.97590397080477
This round: 79,30
42, 1: 12, 39.677973230529865
This round: 79,40
42, 2: 1, 37.770763403433854
This round: 79,7
42, 3: 7, 39.44007327582904
5.330900000000001
This round: 75,28
43, 0: 19, 41.60257063747144
This round: 75,28
43, 1: 12, 40.30463989719653
This round: 75,28
43, 2: 1, 38.39743007010052
This round: 75,28
43, 3: 7, 40.06673994249571
5.6076
This round: 24,0
44, 0: 20, 42.60257063747144
This round: 24,3
44, 1: 12, 41.17963989719653
This round: 24,5
44, 2: 1, 39.18909673676718
This round: 24,5
44, 3: 7, 40.85840660916237
5.426800000000001
This round: 39,1
45, 0: 20, 43.57692961183041
This round: 39,1
45, 1: 12, 42.1539988715555
This round: 39,15
45, 2: 1, 39.8044813521518
This round: 39,3
45, 3: 7, 41.78148353223929
5.2503
This round: 50,0
46, 0: 21, 44.57692961183041
This round: 50,5
46, 1: 12, 43.0539988715555
This round: 50,10
46, 2: 1, 40.604481352151794
This round: 50,1
46, 3: 7, 42.76148353223929
5.42
This round: 27,0
47, 0: 22, 45.57692961183041
This round: 27,1
47, 1: 12, 44.01696183451846
This round: 27,1
47, 2: 1, 41.567444315114756
This round: 27,0
47, 3: 8, 43.76148353223929
5.4649
5.2148
This round: 36,0
48, 0: 23, 46.57692961183041
This round: 36,4
48, 1: 12, 44.90585072340735
This round: 36,8
48, 2: 1, 42.345222092892534
This round: 36,4
48, 3: 8, 44.650372421128175
5.2871999999999995
This round: 49,2
49, 0: 23, 47.5361132852998
This round: 49,6
49, 1: 12, 45.78340174381551
This round: 49,6
49, 2: 1, 43.2227731133007
This round: 49,6
49, 3: 8, 45.52792344153634
5.4513
This round: 307,4
50, 0: 23, 48.523083969338884
This round: 307,6
50, 1: 12, 46.76385776987414
This round: 307,115
50, 2: 1, 43.848180279424476
This round: 307,100
50, 3: 8, 46.202190542513534
5.2414
This round: 29,3
51, 0: 23, 49.41963569347681
This round: 29,4
51, 1: 12, 47.62592673539138
This round: 29,6
51, 2: 1, 44.64128372770034
This round: 29,0
51, 3: 9, 47.202190542513534
5.357499999999999
This round: 122,0
52, 0: 24, 50.41963569347681
This round: 122,3
52, 1: 12, 48.601336571456955
This round: 122,2
52, 2: 1, 45.62489028507739
This round: 122,1
52, 3: 9, 48.193993821202056
5.5383
This round: 53,1
53, 0: 24, 51.40076776894851
This round: 53,1
53, 1: 12, 49.58246864692865
This round: 53,8
53, 2: 1, 46.473946888850975
This round: 53,6
53, 3: 9, 49.08078627403224
5.3666
5.5719
5.3576
5.5094
5.5005999999999995
This round: 39,0
54, 0: 25, 52.40076776894851
This round: 39,0
54, 1: 13, 50.58246864692865
This round: 39,1
54, 2: 1, 47.448305863209946
This round: 39,0
54, 3: 10, 50.08078627403224
5.6076999999999995
This round: 246,14
55, 0: 25, 53.34385719984282
This round: 245,13
55, 1: 13, 51.52940742243886
This round: 246,59
55, 2: 1, 48.20846846483596
This round: 246,13
55, 3: 10, 51.027940745576956
5.4468000000000005
5.4994
5.134200000000001
This round: 65,5
56, 0: 25, 54.26693412291974
This round: 65,14
56, 1: 13, 52.31402280705424
This round: 65,1
56, 2: 1, 49.19308384945134
This round: 65,1
56, 3: 10, 52.01255613019234
5.607600000000001
5.268199999999999
This round: 159,1
57, 0: 25, 55.26064481474364
This round: 159,19
57, 1: 13, 53.19452595170833
This round: 159,16
57, 2: 1, 50.092454918633734
This round: 159,16
57, 3: 10, 52.91192719937473
5.295
This round: 23,0
58, 0: 26, 56.26064481474364
This round: 23,0
58, 1: 14, 54.19452595170833
This round: 23,0
58, 2: 2, 51.092454918633734
This round: 23,0
58, 3: 11, 53.91192719937473
5.5185
5.3755
This round: 20,0
59, 0: 27, 57.26064481474364
This round: 20,0
59, 1: 15, 55.19452595170833
This round: 20,1
59, 2: 2, 52.04245491863374
This round: 20,1
59, 3: 11, 54.86192719937473
5.3307
This round: 84,0
60, 0: 28, 58.26064481474364
This round: 84,0
60, 1: 16, 56.19452595170833
This round: 84,1
60, 2: 2, 53.03055015672898
This round: 84,3
60, 3: 11, 55.82621291366045
5.4112
5.4737
5.518500000000001
This round: 31,1
61, 0: 28, 59.228386750227514
This round: 31,2
61, 1: 16, 57.13000982267607
This round: 31,3
61, 2: 2, 53.933775963180594
This round: 31,2
61, 3: 11, 56.76169678462819
5.3307
This round: 33,0
62, 0: 29, 60.228386750227514
This round: 33,1
62, 1: 16, 58.09970679237304
This round: 33,1
62, 2: 2, 54.90347293287756
This round: 33,0
62, 3: 12, 57.76169678462819
5.572
This round: 33,1
63, 0: 29, 61.19808371992448
This round: 33,7
63, 1: 16, 58.88758558025183
This round: 33,15
63, 2: 2, 55.44892747833211
This round: 33,4
63, 3: 12, 58.64048466341607
5.581100000000001
This round: 22,2
64, 0: 29, 62.10717462901539
This round: 22,1
64, 1: 16, 59.84213103479728
This round: 22,5
64, 2: 2, 56.22165475105938
This round: 22,3
64, 3: 12, 59.504121027052435
5.3306
This round: 25,0
65, 0: 30, 63.10717462901539
This round: 25,0
65, 1: 17, 60.84213103479728
This round: 25,2
65, 2: 2, 57.141654751059384
This round: 25,0
65, 3: 13, 60.504121027052435
5.3508
This round: 25,0
66, 0: 31, 64.10717462901539
This round: 25,0
66, 1: 18, 61.84213103479728
This round: 25,1
66, 2: 2, 58.101654751059385
This round: 25,0
66, 3: 14, 61.504121027052435
5.1389
This round: 58,0
67, 0: 32, 65.10717462901539
This round: 58,1
67, 1: 18, 62.82488965548694
This round: 58,1
67, 2: 2, 59.084413371749044
This round: 58,1
67, 3: 14, 62.48687964774209
5.1969
This round: 107,0
68, 0: 33, 66.10717462901539
This round: 107,0
68, 1: 19, 63.82488965548694
This round: 107,0
68, 2: 3, 60.084413371749044
This round: 107,0
68, 3: 15, 63.48687964774209
5.505
5.3219
This round: 98,0
69, 0: 34, 67.10717462901539
This round: 98,1
69, 1: 19, 64.81468557385429
This round: 98,13
69, 2: 3, 60.951760310524556
This round: 98,12
69, 3: 15, 64.36443066815026
5.5317
This round: 32,0
70, 0: 35, 68.10717462901539
This round: 32,2
70, 1: 19, 65.75218557385429
This round: 32,2
70, 2: 3, 61.889260310524556
This round: 32,0
70, 3: 16, 65.36443066815026
5.1924
This round: 27,1
71, 0: 35, 69.07013759197835
This round: 27,1
71, 1: 19, 66.71514853681725
This round: 27,3
71, 2: 3, 62.77814919941344
This round: 27,1
71, 3: 16, 66.32739363111322
5.339799999999999
This round: 28,1
72, 0: 35, 70.03442330626406
This round: 28,6
72, 1: 19, 67.50086282253154
This round: 28,6
72, 2: 3, 63.563863485127726
This round: 28,1
72, 3: 16, 67.29167934539893
5.4647
This round: 38,0
73, 0: 36, 71.03442330626406
This round: 38,1
73, 1: 19, 68.47454703305786
This round: 38,0
73, 2: 4, 64.56386348512773
This round: 38,0
73, 3: 17, 68.29167934539893
5.839900000000001
5.538500000000001
This round: 60,10
74, 0: 36, 71.86775663959739
This round: 60,8
74, 1: 19, 69.34121369972452
This round: 60,17
74, 2: 4, 65.2805301517944
This round: 60,7
74, 3: 17, 69.17501267873227
5.429200000000001
This round: 23,0
75, 0: 37, 72.86775663959739
This round: 23,0
75, 1: 20, 70.34121369972452
This round: 23,0
75, 2: 5, 66.2805301517944
This round: 23,0
75, 3: 18, 70.17501267873227
5.536299999999999
This round: 16,0
76, 0: 38, 73.86775663959739
This round: 16,0
76, 1: 21, 71.34121369972452
This round: 16,2
76, 2: 5, 67.1555301517944
This round: 16,0
76, 3: 19, 71.17501267873227
5.5005
This round: 24,0
77, 0: 39, 74.86775663959739
This round: 24,0
77, 1: 22, 72.34121369972452
This round: 24,2
77, 2: 5, 68.07219681846107
This round: 24,2
77, 3: 19, 72.09167934539894
5.0718
This round: 22,1
78, 0: 39, 75.82230209414284
This round: 22,3
78, 1: 22, 73.20485006336088
This round: 22,2
78, 2: 5, 68.98128772755197
This round: 22,1
78, 3: 19, 73.0462247999444
5.500400000000001
This round: 71,32
79, 0: 39, 76.37159786879073
This round: 71,18
79, 1: 22, 73.95132893660032
This round: 71,34
79, 2: 5, 69.50241448811535
This round: 71,34
79, 3: 19, 73.56735156050777
5.665799999999999
5.270500000000001
This round: 73,0
80, 0: 40, 77.37159786879073
This round: 73,10
80, 1: 22, 74.81434263523046
This round: 73,0
80, 2: 6, 70.50241448811535
This round: 73,0
80, 3: 20, 74.56735156050777
5.3576
This round: 51,9
81, 0: 40, 78.19512728055544
This round: 51,9
81, 1: 22, 75.63787204699517
This round: 51,11
81, 2: 6, 71.28672821360554
This round: 51,5
81, 3: 20, 75.4693123448215
5.723800000000001
5.3039000000000005
This round: 41,2
82, 0: 40, 79.14634679275056
This round: 41,2
82, 1: 22, 76.5890915591903
This round: 41,6
82, 2: 6, 72.14038675019091
This round: 41,3
82, 3: 20, 76.39614161311418
5.2862
This round: 19,2
83, 0: 40, 80.04108363485582
This round: 19,1
83, 1: 22, 77.53645998024292
This round: 19,2
83, 2: 6, 73.03512359229617
This round: 19,2
83, 3: 20, 77.29087845521944
5.4692
This round: 36,0
84, 0: 41, 81.04108363485582
This round: 36,1
84, 1: 22, 78.50868220246515
This round: 36,1
84, 2: 6, 74.0073458145184
This round: 36,0
84, 3: 21, 78.29087845521944
5.395700000000001
This round: 26,4
85, 0: 41, 81.88723748100966
This round: 26,5
85, 1: 22, 79.31637451015746
This round: 26,5
85, 2: 6, 74.81503812221071
This round: 26,4
85, 3: 21, 79.13703230137328
5.394399999999999
This round: 21,2
86, 0: 41, 82.79199938577156
This round: 21,2
86, 1: 22, 80.22113641491936
This round: 21,2
86, 2: 6, 75.7198000269726
This round: 21,2
86, 3: 21, 80.04179420613518
5.246
5.3575
This round: 44,0
87, 0: 42, 83.79199938577156
This round: 44,10
87, 1: 22, 80.99386368764662
This round: 44,3
87, 2: 6, 76.6516182087908
This round: 44,1
87, 3: 21, 81.01906693340791
5.6794
5.2593
This round: 61,0
88, 0: 43, 84.79199938577156
This round: 61,0
88, 1: 23, 81.99386368764662
This round: 61,1
88, 2: 6, 77.63522476616784
This round: 61,1
88, 3: 21, 82.00267349078496
5.7048000000000005
5.3307
This round: 83,0
89, 0: 44, 85.79199938577156
This round: 83,7
89, 1: 23, 82.90952633824904
This round: 83,7
89, 2: 6, 78.55088741677025
This round: 83,1
89, 3: 21, 82.99062529801387
5.5367999999999995
5.4826
This round: 33,4
90, 0: 44, 86.67078726455944
This round: 33,4
90, 1: 23, 83.78831421703691
This round: 33,1
90, 2: 6, 79.52058438646722
This round: 33,1
90, 3: 21, 83.96032226771084
5.7504
5.371100000000001
This round: 101,0
91, 0: 45, 87.67078726455944
This round: 101,5
91, 1: 23, 84.73880926654186
This round: 101,13
91, 2: 6, 80.39187151518009
This round: 101,12
91, 3: 21, 84.84151038652271
5.429
This round: 42,0
92, 0: 46, 88.67078726455944
This round: 42,3
92, 1: 23, 85.6673806951133
This round: 42,3
92, 2: 6, 81.32044294375152
This round: 42,3
92, 3: 21, 85.77008181509414
5.5719
5.3767000000000005
5.469
5.438000000000001
5.4825
This round: 15,0
93, 0: 47, 89.67078726455944
This round: 15,0
93, 1: 24, 86.6673806951133
This round: 15,0
93, 2: 7, 82.32044294375152
This round: 15,0
93, 3: 22, 86.77008181509414
5.607600000000001
5.482799999999999
5.321899999999999
This round: 34,0
94, 0: 48, 90.67078726455944
This round: 34,0
94, 1: 25, 87.6673806951133
This round: 34,3
94, 2: 7, 83.23220764963386
This round: 34,1
94, 3: 22, 87.74067005038826
5.536199999999999
5.214599999999999
This round: 32,0
95, 0: 49, 91.67078726455944
This round: 32,0
95, 1: 26, 88.6673806951133
This round: 32,0
95, 2: 8, 84.23220764963386
This round: 32,0
95, 3: 23, 88.74067005038826
5.4829
This round: 26,2
96, 0: 49, 92.59386418763636
This round: 26,2
96, 1: 26, 89.59045761819021
This round: 26,4
96, 2: 8, 85.0783614957877
This round: 26,2
96, 3: 23, 89.66374697346518
5.4113
5.4245
This round: 18,0
97, 0: 50, 93.59386418763636
This round: 18,4
97, 1: 26, 90.36823539596799
This round: 18,2
97, 2: 8, 85.96725038467659
This round: 18,5
97, 3: 23, 90.38596919568741
5.2504
This round: 26,0
98, 0: 51, 94.59386418763636
This round: 26,2
98, 1: 26, 91.2913123190449
This round: 26,3
98, 2: 8, 86.85186576929198
This round: 26,2
98, 3: 23, 91.30904611876433
5.3509
This round: 64,22
99, 0: 51, 95.25011418763636
This round: 64,16
99, 1: 26, 92.0413123190449
This round: 64,29
99, 2: 8, 87.39874076929198
This round: 64,8
99, 3: 23, 92.18404611876433
5.429
This round: 70,26
100, 0: 51, 95.87868561620779
This round: 70,32
100, 1: 26, 92.58416946190205
This round: 70,14
100, 2: 8, 88.19874076929197
This round: 70,26
100, 3: 23, 92.81261754733576
5.357600000000001
5.3217
This round: 103,1
101, 0: 51, 96.86897687834372
This round: 103,40
101, 1: 26, 93.19581994733895
This round: 103,1
101, 2: 8, 89.1890320314279
This round: 103,1
101, 3: 23, 93.80290880947169
5.6078
5.4514000000000005
5.393399999999999
This round: 58,0
102, 0: 52, 97.86897687834372
This round: 58,8
102, 1: 26, 94.05788891285619
This round: 58,12
102, 2: 8, 89.98213547970376
This round: 58,0
102, 3: 24, 94.80290880947169
5.2414000000000005
This round: 35,0
103, 0: 53, 98.86897687834372
This round: 35,1
103, 1: 26, 95.02931748428476
This round: 35,2
103, 2: 8, 90.9249926225609
This round: 35,2
103, 3: 24, 95.74576595232882
5.3264000000000005
5.4425
5.428999999999999
This round: 48,1
104, 0: 53, 99.84814354501039
This round: 48,1
104, 1: 26, 96.00848415095143
This round: 48,2
104, 2: 8, 91.88332595589422
This round: 48,0
104, 3: 25, 96.74576595232882
5.5006
5.2928999999999995
This round: 145,6
105, 0: 53, 100.80676423466556
This round: 145,1
105, 1: 26, 97.00158759922729
This round: 145,1
105, 2: 8, 92.87642940417008
This round: 145,1
105, 3: 25, 97.73886940060468
5.3039000000000005
This round: 38,0
106, 0: 54, 101.80676423466556
This round: 38,0
106, 1: 27, 98.00158759922729
This round: 38,2
106, 2: 8, 93.82379782522271
This round: 38,1
106, 3: 25, 98.712553611131
5.2861
This round: 27,4
107, 0: 54, 102.65861608651741
This round: 27,4
107, 1: 27, 98.85343945107914
This round: 27,4
107, 2: 8, 94.67564967707456
This round: 27,4
107, 3: 25, 99.56440546298285
5.4826
This round: 40,1
108, 0: 54, 103.6336160865174
This round: 40,0
108, 1: 28, 99.85343945107914
This round: 40,0
108, 2: 9, 95.67564967707456
This round: 40,0
108, 3: 26, 100.56440546298285
5.304
This round: 63,0
109, 0: 55, 104.6336160865174
This round: 63,1
109, 1: 28, 100.83756643520613
This round: 63,1
109, 2: 9, 96.65977666120155
This round: 63,0
109, 3: 27, 101.56440546298285
5.464700000000001
This round: 37,0
110, 0: 56, 105.6336160865174
This round: 37,0
110, 1: 29, 101.83756643520613
This round: 37,0
110, 2: 10, 97.65977666120155
This round: 37,0
110, 3: 28, 102.56440546298285
5.3039000000000005
This round: 74,0
111, 0: 57, 106.6336160865174
This round: 74,0
111, 1: 30, 102.83756643520613
This round: 74,5
111, 2: 10, 98.59220909363398
This round: 74,0
111, 3: 29, 103.56440546298285
5.464900000000001
This round: 26,1
112, 0: 57, 107.59515454805587
This round: 26,1
112, 1: 30, 103.7991048967446
This round: 26,3
112, 2: 10, 99.47682447824937
This round: 26,1
112, 3: 29, 104.52594392452131
5.3576999999999995
5.4247000000000005
This round: 44,1
113, 0: 57, 108.57242727532861
This round: 44,2
113, 1: 30, 104.75365035129005
This round: 44,1
113, 2: 10, 100.4540972055221
This round: 44,1
113, 3: 29, 105.50321665179405
5.5005
This round: 44,0
114, 0: 58, 109.57242727532861
This round: 44,0
114, 1: 31, 105.75365035129005
This round: 44,1
114, 2: 10, 101.43136993279484
This round: 44,0
114, 3: 30, 106.50321665179405
5.4201999999999995
This round: 218,65
115, 0: 58, 110.27426213771393
This round: 218,80
115, 1: 31, 106.38667787422582
This round: 218,0
115, 2: 11, 102.43136993279484
This round: 218,0
115, 3: 31, 107.50321665179405
5.3218000000000005
5.3946000000000005
5.339799999999999
This round: 37,1
116, 0: 58, 111.2472351106869
This round: 37,3
116, 1: 31, 107.30559679314474
This round: 37,0
116, 2: 12, 103.43136993279484
This round: 37,0
116, 3: 32, 108.50321665179405
5.357600000000001
This round: 138,8
117, 0: 58, 112.18926409619415
This round: 138,1
117, 1: 31, 108.29835041633315
This round: 138,6
117, 2: 12, 104.38789167192527
This round: 138,1
117, 3: 32, 109.49597027498245
5.3219
This round: 36,1
118, 0: 58, 113.16148631841638
This round: 36,10
118, 1: 31, 109.02057263855538
This round: 36,2
118, 2: 12, 105.33233611636972
This round: 36,2
118, 3: 32, 110.4404147194269
5.437799999999999
This round: 177,6
119, 0: 58, 114.12758801333163
This round: 177,6
119, 1: 31, 109.98667433347063
This round: 177,6
119, 2: 12, 106.29843781128497
This round: 177,6
119, 3: 32, 111.40651641434215
5.4915
5.4381
5.5811
5.4379
5.5003
5.5184
5.4278
This round: 55,0
120, 0: 59, 115.12758801333163
This round: 55,0
120, 1: 32, 110.98667433347063
This round: 55,15
120, 2: 12, 107.0257105385577
This round: 55,0
120, 3: 33, 112.40651641434215
5.2860000000000005
This round: 18,3
121, 0: 59, 115.96092134666496
This round: 18,3
121, 1: 32, 111.82000766680396
This round: 18,4
121, 2: 12, 107.80348831633547
This round: 18,3
121, 3: 33, 113.23984974767548
5.357499999999999
5.715100000000001
5.424800000000001
This round: 19,4
122, 0: 59, 116.75039503087548
This round: 19,4
122, 1: 32, 112.60948135101448
This round: 19,3
122, 2: 12, 108.64559357949337
This round: 19,4
122, 3: 33, 114.029323431886
5.505
5.4625
This round: 159,1
123, 0: 59, 117.74410572269937
This round: 159,0
123, 1: 33, 113.60948135101448
This round: 159,3
123, 2: 12, 109.62672565496506
This round: 159,2
123, 3: 33, 115.0167448155338
5.201199999999999
This round: 60,0
124, 0: 60, 118.74410572269937
This round: 60,3
124, 1: 33, 114.55948135101448
This round: 60,1
124, 2: 12, 110.61005898829839
This round: 60,0
124, 3: 34, 116.0167448155338
5.3675999999999995
This round: 28,0
125, 0: 61, 119.74410572269937
This round: 28,0
125, 1: 34, 115.55948135101448
This round: 28,3
125, 2: 12, 111.50291613115553
This round: 28,3
125, 3: 34, 116.90960195839094
5.2504
5.208
This round: 36,5
126, 0: 61, 120.60521683381049
This round: 36,2
126, 1: 34, 116.50392579545893
This round: 36,5
126, 2: 12, 112.36402724226664
This round: 36,5
126, 3: 34, 117.77071306950205
5.2684
This round: 26,1
127, 0: 61, 121.56675529534895
This round: 26,4
127, 1: 34, 117.35007964161277
This round: 26,4
127, 2: 12, 113.21018108842048
This round: 26,1
127, 3: 34, 118.73225153104052
5.2860000000000005
This round: 32,0
128, 0: 62, 122.56675529534895
This round: 32,2
128, 1: 34, 118.28757964161277
This round: 32,6
128, 2: 12, 114.02268108842048
This round: 32,1
128, 3: 34, 119.70100153104052
5.500300000000001
5.3664000000000005
This round: 28,0
129, 0: 63, 123.56675529534895
This round: 28,1
129, 1: 34, 119.25186535589847
This round: 28,1
129, 2: 12, 114.98696680270619
This round: 28,2
129, 3: 34, 120.62957295961195
5.4648
This round: 78,0
130, 0: 64, 124.56675529534895
This round: 78,11
130, 1: 34, 120.11083971487284
This round: 78,16
130, 2: 12, 115.78183859757799
This round: 78,16
130, 3: 34, 121.42444475448374
5.4827
5.4571
5.393300000000001
This round: 72,2
131, 0: 64, 125.53897751757118
This round: 72,28
131, 1: 34, 120.72195082598395
This round: 72,1
131, 2: 12, 116.7679497086891
This round: 72,4
131, 3: 34, 122.36888919892819
5.714799999999999
5.257200000000001
This round: 55,1
132, 0: 64, 126.52079569938937
This round: 55,2
132, 1: 34, 121.68558718962032
This round: 55,6
132, 2: 12, 117.65885879959819
This round: 55,3
132, 3: 34, 123.31434374438274
5.447099999999999
5.205699999999999
This round: 28,0
133, 0: 65, 127.52079569938937
This round: 28,0
133, 1: 35, 122.68558718962032
This round: 28,1
133, 2: 12, 118.6231445138839
This round: 28,0
133, 3: 35, 124.31434374438274
5.4023
This round: 60,7
134, 0: 65, 128.4041290327227
This round: 60,8
134, 1: 35, 123.55225385628698
This round: 60,14
134, 2: 12, 119.38981118055057
This round: 60,7
134, 3: 35, 125.19767707771608
5.500400000000001
This round: 47,0
135, 0: 66, 129.4041290327227
This round: 47,2
135, 1: 35, 124.50970066479762
This round: 47,0
135, 2: 13, 120.38981118055057
This round: 47,0
135, 3: 36, 126.19767707771608
5.306399999999999
5.2594
This round: 108,3
136, 0: 66, 130.37635125494492
This round: 108,3
136, 1: 35, 125.48192288701985
This round: 108,9
136, 2: 13, 121.30647784721724
This round: 108,7
136, 3: 36, 127.13286226290127
5.4251000000000005
This round: 59,2
137, 0: 66, 131.3424529498602
This round: 59,4
137, 1: 35, 126.41412627685035
This round: 59,3
137, 2: 13, 122.25563038959012
This round: 59,2
137, 3: 36, 128.09896395781652
5.6478
5.491599999999999
5.1521
This round: 53,0
138, 0: 67, 132.3424529498602
This round: 53,4
138, 1: 35, 127.33865457873715
This round: 53,4
138, 2: 13, 123.18015869147692
This round: 53,3
138, 3: 36, 129.04236018423163
5.340400000000001
5.393300000000001
5.429
This round: 18,0
139, 0: 68, 133.3424529498602
This round: 18,0
139, 1: 36, 128.33865457873713
This round: 18,3
139, 2: 13, 124.01349202481025
This round: 18,2
139, 3: 36, 129.9312490731205
5.464700000000001
5.3799
This round: 64,1
140, 0: 68, 134.3268279498602
This round: 64,11
140, 1: 36, 129.16677957873713
This round: 64,6
140, 2: 13, 124.91974202481025
This round: 64,1
140, 3: 36, 130.9156240731205
5.4469
5.286099999999999
5.304100000000001
This round: 55,3
141, 0: 68, 135.27228249531473
This round: 55,15
141, 1: 36, 129.89405230600985
This round: 55,3
141, 2: 13, 125.8651965702648
This round: 55,3
141, 3: 36, 131.86107861857505
5.6434
5.2817
This round: 24,0
142, 0: 69, 136.27228249531473
This round: 24,0
142, 1: 37, 130.89405230600985
This round: 24,0
142, 2: 14, 126.8651965702648
This round: 24,1
142, 3: 36, 132.8194119519084
5.5005
5.6254
This round: 34,0
143, 0: 70, 137.27228249531473
This round: 34,0
143, 1: 38, 131.89405230600985
This round: 34,2
143, 2: 14, 127.80637304085303
This round: 34,1
143, 3: 36, 133.7900001872025
5.395500000000001
This round: 47,0
144, 0: 71, 138.27228249531473
This round: 47,7
144, 1: 38, 132.74511613579708
This round: 47,1
144, 2: 14, 128.78509644510834
This round: 47,1
144, 3: 36, 134.7687235914578
5.1609
This round: 18,0
145, 0: 72, 139.27228249531473
This round: 18,0
145, 1: 39, 133.74511613579708
This round: 18,2
145, 2: 14, 129.67398533399722
This round: 18,2
145, 3: 36, 135.6576124803467
5.2684
5.5004
5.4111
This round: 27,1
146, 0: 72, 140.2352454582777
This round: 27,1
146, 1: 39, 134.70807909876004
This round: 27,3
146, 2: 14, 130.5628742228861
This round: 27,0
146, 3: 37, 136.6576124803467
5.1056
This round: 15,2
147, 0: 72, 141.10191212494436
This round: 15,2
147, 1: 39, 135.5747457654267
This round: 15,2
147, 2: 14, 131.42954088955278
This round: 15,2
147, 3: 37, 137.52427914701337
5.2682
This round: 57,0
148, 0: 73, 142.10191212494436
This round: 57,11
148, 1: 39, 136.38176330928636
This round: 57,2
148, 2: 14, 132.39445317025454
This round: 57,3
148, 3: 37, 138.471647568066
5.607699999999999
This round: 110,0
149, 0: 74, 143.10191212494436
This round: 110,13
149, 1: 39, 137.26358149110453
This round: 110,0
149, 2: 15, 133.39445317025454
This round: 110,2
149, 3: 37, 139.45346574988417
5.4693
5.2146
This round: 28,0
150, 0: 75, 144.10191212494436
This round: 28,1
150, 1: 39, 138.22786720539025
This round: 28,3
150, 2: 15, 134.28731031311167
This round: 28,1
150, 3: 37, 140.4177514641699
5.313000000000001
5.4469
5.1431
This round: 27,0
151, 0: 76, 145.10191212494436
This round: 27,1
151, 1: 39, 139.19083016835322
This round: 27,2
151, 2: 15, 135.2132362390376
This round: 27,1
151, 3: 37, 141.38071442713286
5.312799999999999
This round: 89,0
152, 0: 77, 146.10191212494436
This round: 89,1
152, 1: 39, 140.17959421329704
This round: 89,7
152, 2: 15, 136.13458455364434
This round: 89,6
152, 3: 37, 142.31329869679578
5.0851
This round: 143,0
153, 0: 78, 147.10191212494436
This round: 143,1
153, 1: 39, 141.17260120630402
This round: 143,1
153, 2: 15, 137.12759154665133
This round: 143,0
153, 3: 38, 143.31329869679578
5.286200000000001
This round: 18,0
154, 0: 79, 148.10191212494436
This round: 18,0
154, 1: 40, 142.17260120630402
This round: 18,1
154, 2: 15, 138.0720359910958
This round: 18,0
154, 3: 39, 144.31329869679578
5.639200000000001
5.5361
This round: 77,0
155, 0: 80, 149.10191212494436
This round: 77,0
155, 1: 41, 143.17260120630402
This round: 77,0
155, 2: 16, 139.0720359910958
This round: 77,1
155, 3: 39, 145.30031168380876
5.643400000000001
5.420100000000001
This round: 24,3
156, 0: 80, 149.97691212494436
This round: 24,3
156, 1: 41, 144.04760120630402
This round: 24,4
156, 2: 16, 139.90536932442913
This round: 24,3
156, 3: 39, 146.17531168380876
5.254899999999999
This round: 16,2
157, 0: 80, 150.85191212494436
This round: 16,2
157, 1: 41, 144.92260120630402
This round: 16,3
157, 2: 16, 140.71786932442913
This round: 16,2
157, 3: 39, 147.05031168380876
5.3733
This round: 48,1
158, 0: 80, 151.83107879161102
This round: 48,2
158, 1: 41, 145.88093453963737
This round: 48,2
158, 2: 16, 141.67620265776247
This round: 48,2
158, 3: 39, 148.0086450171421
5.464700000000001
5.464799999999999
5.482600000000001
5.3129
This round: 54,0
159, 0: 81, 152.83107879161102
This round: 54,1
159, 1: 41, 146.86241602111886
This round: 54,5
159, 2: 16, 142.5836100651699
This round: 54,5
159, 3: 39, 148.91605242454952
5.4829
5.536300000000001
5.357600000000001
This round: 13,2
160, 0: 81, 153.67723263776486
This round: 13,1
160, 1: 41, 147.7854929441958
This round: 13,2
160, 2: 16, 143.42976391132373
This round: 13,2
160, 3: 39, 149.76220627070336
5.661300000000001
5.3219
5.3664
This round: 54,2
161, 0: 81, 154.64019560072782
This round: 54,2
161, 1: 41, 148.74845590715876
This round: 54,13
161, 2: 16, 144.189023170583
This round: 54,2
161, 3: 39, 150.72516923366632
5.2861
5.5093000000000005
This round: 51,0
162, 0: 82, 155.64019560072782
This round: 51,0
162, 1: 42, 149.74845590715876
This round: 51,3
162, 2: 16, 145.13019964117123
This round: 51,2
162, 3: 39, 151.68595354739182
5.3553999999999995
This round: 63,2
163, 0: 82, 156.6084495689818
This round: 63,6
163, 1: 42, 150.65321781192065
This round: 63,4
163, 2: 16, 146.06670757767915
This round: 63,2
163, 3: 39, 152.6542075156458
5.2146
5.5005
5.232399999999999
This round: 27,0
164, 0: 83, 157.6084495689818
This round: 27,0
164, 1: 43, 151.65321781192065
This round: 27,1
164, 2: 16, 147.02967054064212
This round: 27,1
164, 3: 39, 153.61717047860876
5.4314
5.3756
5.536200000000001
This round: 47,15
165, 0: 83, 158.28930063281157
This round: 47,15
165, 1: 43, 152.33406887575043
This round: 47,0
165, 2: 17, 148.02967054064212
This round: 47,15
165, 3: 39, 154.29802154243853
5.464700000000001
5.500500000000001
This round: 38,0
166, 0: 84, 159.28930063281157
This round: 38,0
166, 1: 44, 153.33406887575043
This round: 38,2
166, 2: 17, 148.97703896169475
This round: 38,0
166, 3: 40, 155.29802154243853
5.353
5.2415
5.428999999999999
This round: 12,1
167, 0: 84, 160.20596729947823
This round: 12,1
167, 1: 44, 154.2507355424171
This round: 12,2
167, 2: 17, 149.8103722950281
This round: 12,1
167, 3: 40, 156.2146882091052
5.446899999999999
5.589900000000001
5.357400000000001
This round: 40,1
168, 0: 84, 161.18096729947823
This round: 40,0
168, 1: 45, 155.2507355424171
This round: 40,2
168, 2: 17, 150.76037229502808
This round: 40,1
168, 3: 40, 157.18968820910519
5.4292
5.4648
This round: 30,4
169, 0: 84, 162.0476339661449
This round: 30,3
169, 1: 45, 156.1507355424171
This round: 30,2
169, 2: 17, 151.6937056283614
This round: 30,3
169, 3: 40, 158.0896882091052
5.0984
This round: 20,0
170, 0: 85, 163.0476339661449
This round: 20,0
170, 1: 46, 157.1507355424171
This round: 20,3
170, 2: 17, 152.5437056283614
This round: 20,0
170, 3: 41, 159.0896882091052
5.286200000000001
This round: 42,0
171, 0: 86, 164.0476339661449
This round: 42,5
171, 1: 46, 158.03168792336947
This round: 42,2
171, 2: 17, 153.49608658074237
This round: 42,0
171, 3: 42, 160.0896882091052
5.3576
This round: 31,1
172, 0: 86, 165.01537590162877
This round: 31,2
172, 1: 46, 158.96717179433722
This round: 31,2
172, 2: 17, 154.43157045171012
This round: 31,1
172, 3: 42, 161.05743014458906
5.549599999999999
5.362
This round: 34,0
173, 0: 87, 166.01537590162877
This round: 34,0
173, 1: 47, 159.96717179433722
This round: 34,0
173, 2: 18, 155.43157045171012
This round: 34,0
173, 3: 43, 162.05743014458906
5.2860000000000005
This round: 81,1
174, 0: 87, 167.00303022261642
This round: 81,1
174, 1: 47, 160.95482611532486
This round: 81,2
174, 2: 18, 156.40687909368543
This round: 81,2
174, 3: 43, 163.03273878656438
5.6758000000000015
This round: 19,2
175, 0: 87, 167.89776706472168
This round: 19,2
175, 1: 47, 161.84956295743012
This round: 19,2
175, 2: 18, 157.3016159357907
This round: 19,3
175, 3: 43, 163.87484404972227
5.9293000000000005
5.2999
This round: 33,0
176, 0: 88, 168.89776706472168
This round: 33,2
176, 1: 47, 162.78895689682406
This round: 33,5
176, 2: 18, 158.15010078427554
This round: 33,3
176, 3: 43, 164.78393495881318
5.7506
5.353300000000001
5.303999999999999
This round: 36,0
177, 0: 89, 169.89776706472168
This round: 36,0
177, 1: 48, 163.78895689682406
This round: 36,1
177, 2: 18, 159.12232300649777
This round: 36,1
177, 3: 43, 165.7561571810354
5.4603
5.5718
This round: 33,0
178, 0: 90, 170.89776706472168
This round: 33,0
178, 1: 49, 164.78895689682406
This round: 33,1
178, 2: 18, 160.09201997619473
This round: 33,0
178, 3: 44, 166.7561571810354
5.3218
5.4202
5.5765
5.3576
This round: 38,1
179, 0: 90, 171.871451275248
This round: 38,1
179, 1: 49, 165.7626411073504
This round: 38,0
179, 2: 19, 161.09201997619473
This round: 38,0
179, 3: 45, 167.7561571810354
5.3216
This round: 19,0
180, 0: 91, 172.871451275248
This round: 19,0
180, 1: 50, 166.7626411073504
This round: 19,0
180, 2: 20, 162.09201997619473
This round: 19,0
180, 3: 46, 168.7561571810354
5.413399999999999
This round: 32,1
181, 0: 91, 173.840201275248
This round: 32,1
181, 1: 50, 167.7313911073504
This round: 32,5
181, 2: 20, 162.93576997619473
This round: 32,3
181, 3: 46, 169.6624071810354
5.5361
This round: 28,2
182, 0: 91, 174.76877270381942
This round: 28,1
182, 1: 50, 168.6956768216361
This round: 28,2
182, 2: 20, 163.86434140476615
This round: 28,1
182, 3: 46, 170.62669289532113
5.268199999999999
This round: 28,0
183, 0: 92, 175.76877270381942
This round: 28,0
183, 1: 51, 169.6956768216361
This round: 28,4
183, 2: 20, 164.721484261909
This round: 28,0
183, 3: 47, 171.62669289532113
5.214799999999999
This round: 46,12
184, 0: 92, 176.50790313860202
This round: 46,10
184, 1: 51, 170.4782855172883
This round: 46,14
184, 2: 20, 165.41713643582204
This round: 46,13
184, 3: 47, 172.34408419966894
5.2593
This round: 46,0
185, 0: 93, 177.50790313860202
This round: 46,2
185, 1: 51, 171.43480725641874
This round: 46,2
185, 2: 20, 166.37365817495248
This round: 46,0
185, 3: 48, 173.34408419966894
5.4289000000000005
This round: 39,4
186, 0: 93, 178.4053390360379
This round: 39,3
186, 1: 51, 172.35788417949567
This round: 39,3
186, 2: 20, 167.29673509802942
This round: 39,1
186, 3: 48, 174.31844317402792
5.2861
5.563
5.4646
This round: 316,0
187, 0: 94, 179.4053390360379
This round: 316,103
187, 1: 51, 173.03193481240706
This round: 316,57
187, 2: 20, 168.11635535119396
This round: 316,74
187, 3: 48, 175.08426595883805
5.393199999999999
This round: 69,0
188, 0: 95, 180.4053390360379
This round: 69,19
188, 1: 51, 173.75657249356647
This round: 69,19
188, 2: 20, 168.84099303235337
This round: 69,19
188, 3: 48, 175.80890363999745
5.4312
5.4783
5.5452
5.464700000000001
5.554099999999999
This round: 40,0
189, 0: 96, 181.4053390360379
This round: 40,0
189, 1: 52, 174.75657249356647
This round: 40,1
189, 2: 20, 169.81599303235336
This round: 40,4
189, 3: 48, 176.70890363999746
5.2238
This round: 16,3
190, 0: 96, 182.2178390360379
This round: 16,3
190, 1: 52, 175.56907249356647
This round: 16,4
190, 2: 20, 170.56599303235336
This round: 16,3
190, 3: 48, 177.52140363999746
5.3756
This round: 21,0
191, 0: 97, 183.2178390360379
This round: 21,2
191, 1: 52, 176.47383439832836
This round: 21,3
191, 2: 20, 171.42313588949622
This round: 21,0
191, 3: 49, 178.52140363999746
5.4915
5.245900000000001
This round: 51,0
192, 0: 98, 184.2178390360379
This round: 51,8
192, 1: 52, 177.31697165323033
This round: 51,1
192, 2: 20, 172.40352804635896
This round: 51,1
192, 3: 49, 179.5017957968602
5.3576
5.3845
This round: 125,9
193, 0: 98, 185.1458390360379
This round: 125,0
193, 1: 53, 178.31697165323033
This round: 125,1
193, 2: 20, 173.39552804635895
This round: 125,1
193, 3: 49, 180.49379579686018
5.2862
5.269300000000001
This round: 25,2
194, 0: 98, 186.0658390360379
This round: 25,3
194, 1: 53, 179.19697165323032
This round: 25,3
194, 2: 20, 174.27552804635894
This round: 25,2
194, 3: 49, 181.41379579686017
5.4423
This round: 47,2
195, 0: 98, 187.02328584454852
This round: 47,4
195, 1: 53, 180.1118652702516
This round: 47,3
195, 2: 20, 175.2116982591249
This round: 47,2
195, 3: 49, 182.3712426053708
5.7821
5.4648
5.2860000000000005
This round: 22,0
196, 0: 99, 188.02328584454852
This round: 22,2
196, 1: 53, 181.0209561793425
This round: 22,2
196, 2: 20, 176.1207891682158
This round: 22,1
196, 3: 49, 183.32578805991628
5.4468
5.3575
This round: 22,2
197, 0: 99, 188.93237675363943
This round: 22,4
197, 1: 53, 181.83913799752432
This round: 22,4
197, 2: 20, 176.9389709863976
This round: 22,2
197, 3: 49, 184.23487896900718
5.433700000000001
5.607600000000001
This round: 30,0
198, 0: 100, 189.93237675363943
This round: 30,1
198, 1: 53, 182.805804664191
This round: 30,2
198, 2: 20, 177.87230431973094
This round: 30,2
198, 3: 49, 185.16821230234052
5.3305
This round: 66,2
199, 0: 100, 190.9020737233364
This round: 65,0
199, 1: 54, 183.805804664191
This round: 66,2
199, 2: 20, 178.8420012894279
This round: 66,2
199, 3: 49, 186.1379092720375
